[2024-12-05T07:56:38.466+0000] {local_task_job_runner.py:120} INFO - ::group::Pre task execution logs
[2024-12-05T07:56:38.511+0000] {taskinstance.py:2076} INFO - Dependencies all met for dep_context=non-requeueable deps ti=<TaskInstance: complete-dag.dbt_run_2 manual__2024-12-05T07:50:46.857852+00:00 [queued]>
[2024-12-05T07:56:38.527+0000] {taskinstance.py:2076} INFO - Dependencies all met for dep_context=requeueable deps ti=<TaskInstance: complete-dag.dbt_run_2 manual__2024-12-05T07:50:46.857852+00:00 [queued]>
[2024-12-05T07:56:38.529+0000] {taskinstance.py:2306} INFO - Starting attempt 1 of 1
[2024-12-05T07:56:38.549+0000] {taskinstance.py:2330} INFO - Executing <Task(BashOperator): dbt_run_2> on 2024-12-05 07:50:46.857852+00:00
[2024-12-05T07:56:38.564+0000] {standard_task_runner.py:90} INFO - Running: ['***', 'tasks', 'run', 'complete-dag', 'dbt_run_2', 'manual__2024-12-05T07:50:46.857852+00:00', '--job-id', '548', '--raw', '--subdir', 'DAGS_FOLDER/complete_dag.py', '--cfg-path', '/tmp/tmpkeabqg7x']
[2024-12-05T07:56:38.566+0000] {logging_mixin.py:188} WARNING - /home/***/.local/lib/python3.12/site-packages/***/task/task_runner/standard_task_runner.py:61 DeprecationWarning: This process (pid=2503) is multi-threaded, use of fork() may lead to deadlocks in the child.
[2024-12-05T07:56:38.567+0000] {standard_task_runner.py:91} INFO - Job 548: Subtask dbt_run_2
[2024-12-05T07:56:38.568+0000] {standard_task_runner.py:63} INFO - Started process 2506 to run task
[2024-12-05T07:56:38.643+0000] {task_command.py:426} INFO - Running <TaskInstance: complete-dag.dbt_run_2 manual__2024-12-05T07:50:46.857852+00:00 [running]> on host e060654747dc
[2024-12-05T07:56:38.848+0000] {taskinstance.py:2648} INFO - Exporting env vars: AIRFLOW_CTX_DAG_OWNER='***' AIRFLOW_CTX_DAG_ID='complete-dag' AIRFLOW_CTX_TASK_ID='dbt_run_2' AIRFLOW_CTX_EXECUTION_DATE='2024-12-05T07:50:46.857852+00:00' AIRFLOW_CTX_TRY_NUMBER='1' AIRFLOW_CTX_DAG_RUN_ID='manual__2024-12-05T07:50:46.857852+00:00'
[2024-12-05T07:56:38.850+0000] {taskinstance.py:430} INFO - ::endgroup::
[2024-12-05T07:56:38.851+0000] {subprocess.py:63} INFO - Tmp dir root location: /tmp
[2024-12-05T07:56:38.856+0000] {subprocess.py:75} INFO - Running command: ['/usr/bin/bash', '-c', '/home/***/.local/bin/dbt run --profiles-dir /opt/***/dbt_viz --project-dir /opt/***/dbt_viz']
[2024-12-05T07:56:38.876+0000] {subprocess.py:86} INFO - Output:
[2024-12-05T07:56:42.713+0000] {subprocess.py:93} INFO - [0m07:56:42  Running with dbt=1.8.7
[2024-12-05T07:56:44.777+0000] {subprocess.py:93} INFO - [0m07:56:44  Registered adapter: snowflake=1.8.4
[2024-12-05T07:56:45.804+0000] {subprocess.py:93} INFO - [0m07:56:45  Found 4 models, 1 snapshot, 1 test, 3 sources, 459 macros
[2024-12-05T07:56:45.810+0000] {subprocess.py:93} INFO - [0m07:56:45
[2024-12-05T07:56:47.697+0000] {subprocess.py:93} INFO - [0m07:56:47  Concurrency: 1 threads (target='dev')
[2024-12-05T07:56:47.699+0000] {subprocess.py:93} INFO - [0m07:56:47
[2024-12-05T07:56:47.817+0000] {subprocess.py:93} INFO - [0m07:56:47  1 of 2 START sql table model analytics.energy_historical_forecast_data ......... [RUN]
[2024-12-05T07:56:49.498+0000] {subprocess.py:93} INFO - [0m07:56:49  1 of 2 OK created sql table model analytics.energy_historical_forecast_data .... [[32mSUCCESS 1[0m in 1.67s]
[2024-12-05T07:56:49.505+0000] {subprocess.py:93} INFO - [0m07:56:49  2 of 2 START sql table model analytics.energy_demand_final_data ................ [RUN]
[2024-12-05T07:56:50.736+0000] {subprocess.py:93} INFO - [0m07:56:50  2 of 2 OK created sql table model analytics.energy_demand_final_data ........... [[32mSUCCESS 1[0m in 1.23s]
[2024-12-05T07:56:50.746+0000] {subprocess.py:93} INFO - [0m07:56:50
[2024-12-05T07:56:50.748+0000] {subprocess.py:93} INFO - [0m07:56:50  Finished running 2 table models in 0 hours 0 minutes and 4.93 seconds (4.93s).
[2024-12-05T07:56:50.864+0000] {subprocess.py:93} INFO - [0m07:56:50
[2024-12-05T07:56:50.866+0000] {subprocess.py:93} INFO - [0m07:56:50  [32mCompleted successfully[0m
[2024-12-05T07:56:50.868+0000] {subprocess.py:93} INFO - [0m07:56:50
[2024-12-05T07:56:50.869+0000] {subprocess.py:93} INFO - [0m07:56:50  Done. PASS=2 WARN=0 ERROR=0 SKIP=0 TOTAL=2
[2024-12-05T07:56:51.814+0000] {subprocess.py:97} INFO - Command exited with return code 0
[2024-12-05T07:56:51.816+0000] {taskinstance.py:441} INFO - ::group::Post task execution logs
[2024-12-05T07:56:51.860+0000] {taskinstance.py:1206} INFO - Marking task as SUCCESS. dag_id=complete-dag, task_id=dbt_run_2, run_id=manual__2024-12-05T07:50:46.857852+00:00, execution_date=20241205T075046, start_date=20241205T075638, end_date=20241205T075651
[2024-12-05T07:56:51.915+0000] {local_task_job_runner.py:240} INFO - Task exited with return code 0
[2024-12-05T07:56:51.948+0000] {taskinstance.py:3498} INFO - 1 downstream tasks scheduled from follow-on schedule check
[2024-12-05T07:56:51.953+0000] {local_task_job_runner.py:222} INFO - ::endgroup::
