[2024-11-30T08:29:07.754+0000] {local_task_job_runner.py:120} INFO - ::group::Pre task execution logs
[2024-11-30T08:29:07.894+0000] {taskinstance.py:2076} INFO - Dependencies all met for dep_context=non-requeueable deps ti=<TaskInstance: dbt-viz-dag.dbt_run manual__2024-11-30T08:29:05.231539+00:00 [queued]>
[2024-11-30T08:29:07.917+0000] {taskinstance.py:2076} INFO - Dependencies all met for dep_context=requeueable deps ti=<TaskInstance: dbt-viz-dag.dbt_run manual__2024-11-30T08:29:05.231539+00:00 [queued]>
[2024-11-30T08:29:07.919+0000] {taskinstance.py:2306} INFO - Starting attempt 1 of 1
[2024-11-30T08:29:07.963+0000] {taskinstance.py:2330} INFO - Executing <Task(BashOperator): dbt_run> on 2024-11-30 08:29:05.231539+00:00
[2024-11-30T08:29:07.981+0000] {standard_task_runner.py:90} INFO - Running: ['***', 'tasks', 'run', 'dbt-viz-dag', 'dbt_run', 'manual__2024-11-30T08:29:05.231539+00:00', '--job-id', '407', '--raw', '--subdir', 'DAGS_FOLDER/dbt-viz-dag.py', '--cfg-path', '/tmp/tmpqc86rtgu']
[2024-11-30T08:29:07.985+0000] {standard_task_runner.py:91} INFO - Job 407: Subtask dbt_run
[2024-11-30T08:29:07.988+0000] {logging_mixin.py:188} WARNING - /home/***/.local/lib/python3.12/site-packages/***/task/task_runner/standard_task_runner.py:61 DeprecationWarning: This process (pid=1696) is multi-threaded, use of fork() may lead to deadlocks in the child.
[2024-11-30T08:29:07.990+0000] {standard_task_runner.py:63} INFO - Started process 1697 to run task
[2024-11-30T08:29:08.071+0000] {task_command.py:426} INFO - Running <TaskInstance: dbt-viz-dag.dbt_run manual__2024-11-30T08:29:05.231539+00:00 [running]> on host e060654747dc
[2024-11-30T08:29:08.395+0000] {taskinstance.py:2648} INFO - Exporting env vars: AIRFLOW_CTX_DAG_OWNER='***' AIRFLOW_CTX_DAG_ID='dbt-viz-dag' AIRFLOW_CTX_TASK_ID='dbt_run' AIRFLOW_CTX_EXECUTION_DATE='2024-11-30T08:29:05.231539+00:00' AIRFLOW_CTX_TRY_NUMBER='1' AIRFLOW_CTX_DAG_RUN_ID='manual__2024-11-30T08:29:05.231539+00:00'
[2024-11-30T08:29:08.397+0000] {taskinstance.py:430} INFO - ::endgroup::
[2024-11-30T08:29:08.464+0000] {subprocess.py:63} INFO - Tmp dir root location: /tmp
[2024-11-30T08:29:08.480+0000] {subprocess.py:75} INFO - Running command: ['/usr/bin/bash', '-c', '/home/***/.local/bin/dbt run --profiles-dir /opt/***/dbt_viz --project-dir /opt/***/dbt_viz']
[2024-11-30T08:29:08.497+0000] {subprocess.py:86} INFO - Output:
[2024-11-30T08:29:13.386+0000] {subprocess.py:93} INFO - [0m08:29:13  Running with dbt=1.8.7
[2024-11-30T08:29:15.537+0000] {subprocess.py:93} INFO - [0m08:29:15  Registered adapter: snowflake=1.8.4
[2024-11-30T08:29:17.011+0000] {subprocess.py:93} INFO - [0m08:29:17  Found 4 models, 1 test, 3 sources, 459 macros
[2024-11-30T08:29:17.016+0000] {subprocess.py:93} INFO - [0m08:29:17
[2024-11-30T08:29:19.958+0000] {subprocess.py:93} INFO - [0m08:29:19  Concurrency: 1 threads (target='dev')
[2024-11-30T08:29:19.960+0000] {subprocess.py:93} INFO - [0m08:29:19
[2024-11-30T08:29:20.108+0000] {subprocess.py:93} INFO - [0m08:29:20  1 of 2 START sql table model analytics.energy_historical_forecast_data ......... [RUN]
[2024-11-30T08:29:21.912+0000] {subprocess.py:93} INFO - [0m08:29:21  1 of 2 OK created sql table model analytics.energy_historical_forecast_data .... [[32mSUCCESS 1[0m in 1.80s]
[2024-11-30T08:29:21.920+0000] {subprocess.py:93} INFO - [0m08:29:21  2 of 2 START sql table model analytics.energy_demand_final_data ................ [RUN]
[2024-11-30T08:29:23.760+0000] {subprocess.py:93} INFO - [0m08:29:23  2 of 2 OK created sql table model analytics.energy_demand_final_data ........... [[32mSUCCESS 1[0m in 1.83s]
[2024-11-30T08:29:23.771+0000] {subprocess.py:93} INFO - [0m08:29:23
[2024-11-30T08:29:23.773+0000] {subprocess.py:93} INFO - [0m08:29:23  Finished running 2 table models in 0 hours 0 minutes and 6.75 seconds (6.75s).
[2024-11-30T08:29:23.907+0000] {subprocess.py:93} INFO - [0m08:29:23
[2024-11-30T08:29:23.909+0000] {subprocess.py:93} INFO - [0m08:29:23  [32mCompleted successfully[0m
[2024-11-30T08:29:23.911+0000] {subprocess.py:93} INFO - [0m08:29:23
[2024-11-30T08:29:23.912+0000] {subprocess.py:93} INFO - [0m08:29:23  Done. PASS=2 WARN=0 ERROR=0 SKIP=0 TOTAL=2
[2024-11-30T08:29:24.910+0000] {subprocess.py:97} INFO - Command exited with return code 0
[2024-11-30T08:29:24.912+0000] {taskinstance.py:441} INFO - ::group::Post task execution logs
[2024-11-30T08:29:24.979+0000] {taskinstance.py:1206} INFO - Marking task as SUCCESS. dag_id=dbt-viz-dag, task_id=dbt_run, run_id=manual__2024-11-30T08:29:05.231539+00:00, execution_date=20241130T082905, start_date=20241130T082907, end_date=20241130T082924
[2024-11-30T08:29:25.025+0000] {local_task_job_runner.py:240} INFO - Task exited with return code 0
[2024-11-30T08:29:25.081+0000] {taskinstance.py:3498} INFO - 1 downstream tasks scheduled from follow-on schedule check
[2024-11-30T08:29:25.086+0000] {local_task_job_runner.py:222} INFO - ::endgroup::
