[2024-12-04T02:42:53.489+0000] {local_task_job_runner.py:120} INFO - ::group::Pre task execution logs
[2024-12-04T02:42:53.531+0000] {taskinstance.py:2076} INFO - Dependencies all met for dep_context=non-requeueable deps ti=<TaskInstance: complete-dag.dbt_run scheduled__2024-12-02T20:40:00+00:00 [queued]>
[2024-12-04T02:42:53.544+0000] {taskinstance.py:2076} INFO - Dependencies all met for dep_context=requeueable deps ti=<TaskInstance: complete-dag.dbt_run scheduled__2024-12-02T20:40:00+00:00 [queued]>
[2024-12-04T02:42:53.546+0000] {taskinstance.py:2306} INFO - Starting attempt 1 of 1
[2024-12-04T02:42:53.572+0000] {taskinstance.py:2330} INFO - Executing <Task(BashOperator): dbt_run> on 2024-12-02 20:40:00+00:00
[2024-12-04T02:42:53.594+0000] {standard_task_runner.py:90} INFO - Running: ['***', 'tasks', 'run', 'complete-dag', 'dbt_run', 'scheduled__2024-12-02T20:40:00+00:00', '--job-id', '470', '--raw', '--subdir', 'DAGS_FOLDER/complete_dag.py', '--cfg-path', '/tmp/tmpfkugonsf']
[2024-12-04T02:42:53.596+0000] {logging_mixin.py:188} WARNING - /home/***/.local/lib/python3.12/site-packages/***/task/task_runner/standard_task_runner.py:61 DeprecationWarning: This process (pid=315) is multi-threaded, use of fork() may lead to deadlocks in the child.
[2024-12-04T02:42:53.596+0000] {standard_task_runner.py:91} INFO - Job 470: Subtask dbt_run
[2024-12-04T02:42:53.597+0000] {standard_task_runner.py:63} INFO - Started process 323 to run task
[2024-12-04T02:42:53.661+0000] {task_command.py:426} INFO - Running <TaskInstance: complete-dag.dbt_run scheduled__2024-12-02T20:40:00+00:00 [running]> on host e060654747dc
[2024-12-04T02:42:53.926+0000] {taskinstance.py:2648} INFO - Exporting env vars: AIRFLOW_CTX_DAG_OWNER='***' AIRFLOW_CTX_DAG_ID='complete-dag' AIRFLOW_CTX_TASK_ID='dbt_run' AIRFLOW_CTX_EXECUTION_DATE='2024-12-02T20:40:00+00:00' AIRFLOW_CTX_TRY_NUMBER='1' AIRFLOW_CTX_DAG_RUN_ID='scheduled__2024-12-02T20:40:00+00:00'
[2024-12-04T02:42:53.928+0000] {taskinstance.py:430} INFO - ::endgroup::
[2024-12-04T02:42:53.930+0000] {subprocess.py:63} INFO - Tmp dir root location: /tmp
[2024-12-04T02:42:53.952+0000] {subprocess.py:75} INFO - Running command: ['/usr/bin/bash', '-c', '/home/***/.local/bin/dbt run --profiles-dir /opt/***/dbt --project-dir /opt/***/dbt']
[2024-12-04T02:42:53.973+0000] {subprocess.py:86} INFO - Output:
[2024-12-04T02:43:02.323+0000] {subprocess.py:93} INFO - [0m02:43:02  Running with dbt=1.8.7
[2024-12-04T02:43:04.053+0000] {subprocess.py:93} INFO - [0m02:43:04  Registered adapter: snowflake=1.8.4
[2024-12-04T02:43:05.763+0000] {subprocess.py:93} INFO - [0m02:43:05  Found 5 models, 1 test, 4 sources, 459 macros
[2024-12-04T02:43:05.767+0000] {subprocess.py:93} INFO - [0m02:43:05
[2024-12-04T02:43:07.367+0000] {subprocess.py:93} INFO - [0m02:43:07  Concurrency: 1 threads (target='dev')
[2024-12-04T02:43:07.368+0000] {subprocess.py:93} INFO - [0m02:43:07
[2024-12-04T02:43:07.446+0000] {subprocess.py:93} INFO - [0m02:43:07  1 of 2 START sql table model analytics.weather_forecast_processed .............. [RUN]
[2024-12-04T02:43:09.087+0000] {subprocess.py:93} INFO - [0m02:43:09  1 of 2 OK created sql table model analytics.weather_forecast_processed ......... [[32mSUCCESS 1[0m in 1.63s]
[2024-12-04T02:43:09.093+0000] {subprocess.py:93} INFO - [0m02:43:09  2 of 2 START sql table model analytics.electricity_weather_historical .......... [RUN]
[2024-12-04T02:43:10.692+0000] {subprocess.py:93} INFO - [0m02:43:10  2 of 2 OK created sql table model analytics.electricity_weather_historical ..... [[32mSUCCESS 1[0m in 1.60s]
[2024-12-04T02:43:10.697+0000] {subprocess.py:93} INFO - [0m02:43:10
[2024-12-04T02:43:10.698+0000] {subprocess.py:93} INFO - [0m02:43:10  Finished running 2 table models in 0 hours 0 minutes and 4.93 seconds (4.93s).
[2024-12-04T02:43:10.764+0000] {subprocess.py:93} INFO - [0m02:43:10
[2024-12-04T02:43:10.765+0000] {subprocess.py:93} INFO - [0m02:43:10  [32mCompleted successfully[0m
[2024-12-04T02:43:10.766+0000] {subprocess.py:93} INFO - [0m02:43:10
[2024-12-04T02:43:10.767+0000] {subprocess.py:93} INFO - [0m02:43:10  Done. PASS=2 WARN=0 ERROR=0 SKIP=0 TOTAL=2
[2024-12-04T02:43:11.690+0000] {subprocess.py:97} INFO - Command exited with return code 0
[2024-12-04T02:43:11.692+0000] {taskinstance.py:441} INFO - ::group::Post task execution logs
[2024-12-04T02:43:11.721+0000] {taskinstance.py:1206} INFO - Marking task as SUCCESS. dag_id=complete-dag, task_id=dbt_run, run_id=scheduled__2024-12-02T20:40:00+00:00, execution_date=20241202T204000, start_date=20241204T024253, end_date=20241204T024311
[2024-12-04T02:43:11.762+0000] {local_task_job_runner.py:240} INFO - Task exited with return code 0
[2024-12-04T02:43:11.773+0000] {local_task_job_runner.py:222} INFO - ::endgroup::
