[2024-11-12T02:55:23.277+0000] {local_task_job_runner.py:120} INFO - ::group::Pre task execution logs
[2024-11-12T02:55:23.333+0000] {taskinstance.py:2076} INFO - Dependencies all met for dep_context=non-requeueable deps ti=<TaskInstance: BuildELT_dbt.dbt_run manual__2024-11-12T02:55:22.009200+00:00 [queued]>
[2024-11-12T02:55:23.353+0000] {taskinstance.py:2076} INFO - Dependencies all met for dep_context=requeueable deps ti=<TaskInstance: BuildELT_dbt.dbt_run manual__2024-11-12T02:55:22.009200+00:00 [queued]>
[2024-11-12T02:55:23.355+0000] {taskinstance.py:2306} INFO - Starting attempt 1 of 1
[2024-11-12T02:55:23.377+0000] {taskinstance.py:2330} INFO - Executing <Task(BashOperator): dbt_run> on 2024-11-12 02:55:22.009200+00:00
[2024-11-12T02:55:23.389+0000] {standard_task_runner.py:90} INFO - Running: ['***', 'tasks', 'run', 'BuildELT_dbt', 'dbt_run', 'manual__2024-11-12T02:55:22.009200+00:00', '--job-id', '132', '--raw', '--subdir', 'DAGS_FOLDER/build_elt_with_dbt.py', '--cfg-path', '/tmp/tmp_tfrxbnt']
[2024-11-12T02:55:23.392+0000] {standard_task_runner.py:91} INFO - Job 132: Subtask dbt_run
[2024-11-12T02:55:23.396+0000] {logging_mixin.py:188} WARNING - /home/***/.local/lib/python3.12/site-packages/***/task/task_runner/standard_task_runner.py:61 DeprecationWarning: This process (pid=618) is multi-threaded, use of fork() may lead to deadlocks in the child.
[2024-11-12T02:55:23.398+0000] {standard_task_runner.py:63} INFO - Started process 619 to run task
[2024-11-12T02:55:23.487+0000] {task_command.py:426} INFO - Running <TaskInstance: BuildELT_dbt.dbt_run manual__2024-11-12T02:55:22.009200+00:00 [running]> on host e9e87141c083
[2024-11-12T02:55:23.795+0000] {taskinstance.py:2648} INFO - Exporting env vars: AIRFLOW_CTX_DAG_OWNER='***' AIRFLOW_CTX_DAG_ID='BuildELT_dbt' AIRFLOW_CTX_TASK_ID='dbt_run' AIRFLOW_CTX_EXECUTION_DATE='2024-11-12T02:55:22.009200+00:00' AIRFLOW_CTX_TRY_NUMBER='1' AIRFLOW_CTX_DAG_RUN_ID='manual__2024-11-12T02:55:22.009200+00:00'
[2024-11-12T02:55:23.797+0000] {taskinstance.py:430} INFO - ::endgroup::
[2024-11-12T02:55:23.841+0000] {subprocess.py:63} INFO - Tmp dir root location: /tmp
[2024-11-12T02:55:23.846+0000] {subprocess.py:75} INFO - Running command: ['/usr/bin/bash', '-c', '/home/***/.local/bin/dbt run --profiles-dir /opt/***/dbt --project-dir /opt/***/dbt']
[2024-11-12T02:55:23.872+0000] {subprocess.py:86} INFO - Output:
[2024-11-12T02:55:27.480+0000] {subprocess.py:93} INFO - [0m02:55:27  Running with dbt=1.8.7
[2024-11-12T02:55:28.922+0000] {subprocess.py:93} INFO - [0m02:55:28  Registered adapter: snowflake=1.8.4
[2024-11-12T02:55:29.583+0000] {subprocess.py:93} INFO - [0m02:55:29  Found 2 models, 1 snapshot, 2 data tests, 2 sources, 459 macros
[2024-11-12T02:55:29.587+0000] {subprocess.py:93} INFO - [0m02:55:29
[2024-11-12T02:55:31.660+0000] {subprocess.py:93} INFO - [0m02:55:31  Concurrency: 1 threads (target='dev')
[2024-11-12T02:55:31.661+0000] {subprocess.py:93} INFO - [0m02:55:31
[2024-11-12T02:55:31.693+0000] {subprocess.py:93} INFO - [0m02:55:31  1 of 1 START sql table model analytics.moving_avg_5d ........................... [RUN]
[2024-11-12T02:55:33.362+0000] {subprocess.py:93} INFO - [0m02:55:33  1 of 1 OK created sql table model analytics.moving_avg_5d ...................... [[32mSUCCESS 1[0m in 1.66s]
[2024-11-12T02:55:33.370+0000] {subprocess.py:93} INFO - [0m02:55:33
[2024-11-12T02:55:33.371+0000] {subprocess.py:93} INFO - [0m02:55:33  Finished running 1 table model in 0 hours 0 minutes and 3.78 seconds (3.78s).
[2024-11-12T02:55:33.439+0000] {subprocess.py:93} INFO - [0m02:55:33
[2024-11-12T02:55:33.440+0000] {subprocess.py:93} INFO - [0m02:55:33  [32mCompleted successfully[0m
[2024-11-12T02:55:33.442+0000] {subprocess.py:93} INFO - [0m02:55:33
[2024-11-12T02:55:33.443+0000] {subprocess.py:93} INFO - [0m02:55:33  Done. PASS=1 WARN=0 ERROR=0 SKIP=0 TOTAL=1
[2024-11-12T02:55:34.316+0000] {subprocess.py:97} INFO - Command exited with return code 0
[2024-11-12T02:55:34.321+0000] {taskinstance.py:441} INFO - ::group::Post task execution logs
[2024-11-12T02:55:34.366+0000] {taskinstance.py:1206} INFO - Marking task as SUCCESS. dag_id=BuildELT_dbt, task_id=dbt_run, run_id=manual__2024-11-12T02:55:22.009200+00:00, execution_date=20241112T025522, start_date=20241112T025523, end_date=20241112T025534
[2024-11-12T02:55:34.422+0000] {local_task_job_runner.py:240} INFO - Task exited with return code 0
[2024-11-12T02:55:34.460+0000] {taskinstance.py:3498} INFO - 1 downstream tasks scheduled from follow-on schedule check
[2024-11-12T02:55:34.466+0000] {local_task_job_runner.py:222} INFO - ::endgroup::
