[2024-11-26T18:02:20.909+0000] {local_task_job_runner.py:120} INFO - ::group::Pre task execution logs
[2024-11-26T18:02:20.938+0000] {taskinstance.py:2076} INFO - Dependencies all met for dep_context=non-requeueable deps ti=<TaskInstance: Weather_Fetch_Load.fetch_historical_weather scheduled__2024-11-24T20:30:00+00:00 [queued]>
[2024-11-26T18:02:20.945+0000] {taskinstance.py:2076} INFO - Dependencies all met for dep_context=requeueable deps ti=<TaskInstance: Weather_Fetch_Load.fetch_historical_weather scheduled__2024-11-24T20:30:00+00:00 [queued]>
[2024-11-26T18:02:20.946+0000] {taskinstance.py:2306} INFO - Starting attempt 1 of 1
[2024-11-26T18:02:20.960+0000] {taskinstance.py:2330} INFO - Executing <Task(_PythonDecoratedOperator): fetch_historical_weather> on 2024-11-24 20:30:00+00:00
[2024-11-26T18:02:20.969+0000] {standard_task_runner.py:90} INFO - Running: ['***', 'tasks', 'run', 'Weather_Fetch_Load', 'fetch_historical_weather', 'scheduled__2024-11-24T20:30:00+00:00', '--job-id', '200', '--raw', '--subdir', 'DAGS_FOLDER/weather-dag.py', '--cfg-path', '/tmp/tmpdy9cswdu']
[2024-11-26T18:02:20.974+0000] {standard_task_runner.py:91} INFO - Job 200: Subtask fetch_historical_weather
[2024-11-26T18:02:20.976+0000] {logging_mixin.py:188} WARNING - /home/***/.local/lib/python3.12/site-packages/***/task/task_runner/standard_task_runner.py:61 DeprecationWarning: This process (pid=502) is multi-threaded, use of fork() may lead to deadlocks in the child.
[2024-11-26T18:02:20.977+0000] {standard_task_runner.py:63} INFO - Started process 505 to run task
[2024-11-26T18:02:21.038+0000] {task_command.py:426} INFO - Running <TaskInstance: Weather_Fetch_Load.fetch_historical_weather scheduled__2024-11-24T20:30:00+00:00 [running]> on host fd43cd87157f
[2024-11-26T18:02:21.134+0000] {taskinstance.py:2648} INFO - Exporting env vars: AIRFLOW_CTX_DAG_OWNER='***' AIRFLOW_CTX_DAG_ID='Weather_Fetch_Load' AIRFLOW_CTX_TASK_ID='fetch_historical_weather' AIRFLOW_CTX_EXECUTION_DATE='2024-11-24T20:30:00+00:00' AIRFLOW_CTX_TRY_NUMBER='1' AIRFLOW_CTX_DAG_RUN_ID='scheduled__2024-11-24T20:30:00+00:00'
[2024-11-26T18:02:21.136+0000] {taskinstance.py:430} INFO - ::endgroup::
[2024-11-26T18:02:21.867+0000] {python.py:237} INFO - Done. Returned value was:             Date  temperature_2m_max  ...  windspeed_10m_max  avg_temperature
0     2022-01-01                 8.0  ...               18.0             2.55
1     2022-01-02                 7.0  ...               11.8             1.35
2     2022-01-03                 5.5  ...               11.4             0.55
3     2022-01-04                 4.1  ...               11.7             1.30
4     2022-01-05                 4.8  ...               11.2             0.15
...          ...                 ...  ...                ...              ...
1056  2024-11-22                11.1  ...               11.2             6.50
1057  2024-11-23                12.9  ...               10.9             6.85
1058  2024-11-24                11.1  ...               13.5             9.10
1059  2024-11-25                 NaN  ...                NaN              NaN
1060  2024-11-26                 NaN  ...                NaN              NaN

[1061 rows x 7 columns]
[2024-11-26T18:02:21.889+0000] {taskinstance.py:441} INFO - ::group::Post task execution logs
[2024-11-26T18:02:21.958+0000] {taskinstance.py:1206} INFO - Marking task as SUCCESS. dag_id=Weather_Fetch_Load, task_id=fetch_historical_weather, run_id=scheduled__2024-11-24T20:30:00+00:00, execution_date=20241124T203000, start_date=20241126T180220, end_date=20241126T180221
[2024-11-26T18:02:21.995+0000] {local_task_job_runner.py:240} INFO - Task exited with return code 0
[2024-11-26T18:02:22.013+0000] {taskinstance.py:3498} INFO - 1 downstream tasks scheduled from follow-on schedule check
[2024-11-26T18:02:22.017+0000] {local_task_job_runner.py:222} INFO - ::endgroup::
