[2024-11-30T08:33:25.647+0000] {local_task_job_runner.py:120} INFO - ::group::Pre task execution logs
[2024-11-30T08:33:25.683+0000] {taskinstance.py:2076} INFO - Dependencies all met for dep_context=non-requeueable deps ti=<TaskInstance: dbt-viz-dag.dbt_snapshot manual__2024-11-30T08:33:04.207650+00:00 [queued]>
[2024-11-30T08:33:25.694+0000] {taskinstance.py:2076} INFO - Dependencies all met for dep_context=requeueable deps ti=<TaskInstance: dbt-viz-dag.dbt_snapshot manual__2024-11-30T08:33:04.207650+00:00 [queued]>
[2024-11-30T08:33:25.695+0000] {taskinstance.py:2306} INFO - Starting attempt 1 of 1
[2024-11-30T08:33:25.713+0000] {taskinstance.py:2330} INFO - Executing <Task(BashOperator): dbt_snapshot> on 2024-11-30 08:33:04.207650+00:00
[2024-11-30T08:33:25.721+0000] {standard_task_runner.py:90} INFO - Running: ['***', 'tasks', 'run', 'dbt-viz-dag', 'dbt_snapshot', 'manual__2024-11-30T08:33:04.207650+00:00', '--job-id', '413', '--raw', '--subdir', 'DAGS_FOLDER/dbt-viz-dag.py', '--cfg-path', '/tmp/tmpz6qvclfd']
[2024-11-30T08:33:25.723+0000] {standard_task_runner.py:91} INFO - Job 413: Subtask dbt_snapshot
[2024-11-30T08:33:25.725+0000] {logging_mixin.py:188} WARNING - /home/***/.local/lib/python3.12/site-packages/***/task/task_runner/standard_task_runner.py:61 DeprecationWarning: This process (pid=2190) is multi-threaded, use of fork() may lead to deadlocks in the child.
[2024-11-30T08:33:25.726+0000] {standard_task_runner.py:63} INFO - Started process 2191 to run task
[2024-11-30T08:33:25.772+0000] {task_command.py:426} INFO - Running <TaskInstance: dbt-viz-dag.dbt_snapshot manual__2024-11-30T08:33:04.207650+00:00 [running]> on host e060654747dc
[2024-11-30T08:33:25.948+0000] {taskinstance.py:2648} INFO - Exporting env vars: AIRFLOW_CTX_DAG_OWNER='***' AIRFLOW_CTX_DAG_ID='dbt-viz-dag' AIRFLOW_CTX_TASK_ID='dbt_snapshot' AIRFLOW_CTX_EXECUTION_DATE='2024-11-30T08:33:04.207650+00:00' AIRFLOW_CTX_TRY_NUMBER='1' AIRFLOW_CTX_DAG_RUN_ID='manual__2024-11-30T08:33:04.207650+00:00'
[2024-11-30T08:33:25.950+0000] {taskinstance.py:430} INFO - ::endgroup::
[2024-11-30T08:33:25.970+0000] {subprocess.py:63} INFO - Tmp dir root location: /tmp
[2024-11-30T08:33:25.972+0000] {subprocess.py:75} INFO - Running command: ['/usr/bin/bash', '-c', '/home/***/.local/bin/dbt snapshot --profiles-dir /opt/***/dbt_viz --project-dir /opt/***/dbt_viz']
[2024-11-30T08:33:25.989+0000] {subprocess.py:86} INFO - Output:
[2024-11-30T08:33:28.306+0000] {subprocess.py:93} INFO - [0m08:33:28  Running with dbt=1.8.7
[2024-11-30T08:33:29.519+0000] {subprocess.py:93} INFO - [0m08:33:29  Registered adapter: snowflake=1.8.4
[2024-11-30T08:33:30.103+0000] {subprocess.py:93} INFO - [0m08:33:30  Found 4 models, 1 test, 3 sources, 459 macros
[2024-11-30T08:33:30.107+0000] {subprocess.py:93} INFO - [0m08:33:30
[2024-11-30T08:33:30.109+0000] {subprocess.py:93} INFO - [0m08:33:30  Nothing to do. Try checking your model configs and model specification args
[2024-11-30T08:33:30.929+0000] {subprocess.py:97} INFO - Command exited with return code 0
[2024-11-30T08:33:30.930+0000] {taskinstance.py:441} INFO - ::group::Post task execution logs
[2024-11-30T08:33:30.958+0000] {taskinstance.py:1206} INFO - Marking task as SUCCESS. dag_id=dbt-viz-dag, task_id=dbt_snapshot, run_id=manual__2024-11-30T08:33:04.207650+00:00, execution_date=20241130T083304, start_date=20241130T083325, end_date=20241130T083330
[2024-11-30T08:33:30.999+0000] {local_task_job_runner.py:240} INFO - Task exited with return code 0
[2024-11-30T08:33:31.017+0000] {taskinstance.py:3498} INFO - 0 downstream tasks scheduled from follow-on schedule check
[2024-11-30T08:33:31.021+0000] {local_task_job_runner.py:222} INFO - ::endgroup::
