[2024-11-26T18:07:06.953+0000] {local_task_job_runner.py:120} INFO - ::group::Pre task execution logs
[2024-11-26T18:07:06.986+0000] {taskinstance.py:2076} INFO - Dependencies all met for dep_context=non-requeueable deps ti=<TaskInstance: Electricity-Fetch-Load.fetch_electricity_data manual__2024-11-26T18:07:03.163230+00:00 [queued]>
[2024-11-26T18:07:06.994+0000] {taskinstance.py:2076} INFO - Dependencies all met for dep_context=requeueable deps ti=<TaskInstance: Electricity-Fetch-Load.fetch_electricity_data manual__2024-11-26T18:07:03.163230+00:00 [queued]>
[2024-11-26T18:07:06.995+0000] {taskinstance.py:2306} INFO - Starting attempt 1 of 1
[2024-11-26T18:07:07.008+0000] {taskinstance.py:2330} INFO - Executing <Task(_PythonDecoratedOperator): fetch_electricity_data> on 2024-11-26 18:07:03.163230+00:00
[2024-11-26T18:07:07.021+0000] {standard_task_runner.py:90} INFO - Running: ['***', 'tasks', 'run', 'Electricity-Fetch-Load', 'fetch_electricity_data', 'manual__2024-11-26T18:07:03.163230+00:00', '--job-id', '206', '--raw', '--subdir', 'DAGS_FOLDER/electricity-dag.py', '--cfg-path', '/tmp/tmpofmvsj64']
[2024-11-26T18:07:07.026+0000] {standard_task_runner.py:91} INFO - Job 206: Subtask fetch_electricity_data
[2024-11-26T18:07:07.027+0000] {logging_mixin.py:188} WARNING - /home/***/.local/lib/python3.12/site-packages/***/task/task_runner/standard_task_runner.py:61 DeprecationWarning: This process (pid=722) is multi-threaded, use of fork() may lead to deadlocks in the child.
[2024-11-26T18:07:07.028+0000] {standard_task_runner.py:63} INFO - Started process 731 to run task
[2024-11-26T18:07:07.101+0000] {task_command.py:426} INFO - Running <TaskInstance: Electricity-Fetch-Load.fetch_electricity_data manual__2024-11-26T18:07:03.163230+00:00 [running]> on host fd43cd87157f
[2024-11-26T18:07:07.205+0000] {taskinstance.py:2648} INFO - Exporting env vars: AIRFLOW_CTX_DAG_OWNER='***' AIRFLOW_CTX_DAG_ID='Electricity-Fetch-Load' AIRFLOW_CTX_TASK_ID='fetch_electricity_data' AIRFLOW_CTX_EXECUTION_DATE='2024-11-26T18:07:03.163230+00:00' AIRFLOW_CTX_TRY_NUMBER='1' AIRFLOW_CTX_DAG_RUN_ID='manual__2024-11-26T18:07:03.163230+00:00'
[2024-11-26T18:07:07.206+0000] {taskinstance.py:430} INFO - ::endgroup::
[2024-11-26T18:07:10.963+0000] {logging_mixin.py:188} INFO -        period subba  ...   value    value-units
0  2024-11-25  PGAE  ...  274826  megawatthours
1  2024-11-25   SCE  ...  277857  megawatthours
2  2024-11-25  SDGE  ...   50358  megawatthours
3  2024-11-25   VEA  ...    2067  megawatthours
4  2024-11-24  PGAE  ...  239345  megawatthours

[5 rows x 8 columns]
[2024-11-26T18:07:10.966+0000] {python.py:237} INFO - Done. Returned value was:           period subba  ...   value    value-units
0     2024-11-25  PGAE  ...  274826  megawatthours
1     2024-11-25   SCE  ...  277857  megawatthours
2     2024-11-25  SDGE  ...   50358  megawatthours
3     2024-11-25   VEA  ...    2067  megawatthours
4     2024-11-24  PGAE  ...  239345  megawatthours
...          ...   ...  ...     ...            ...
4225  2022-01-02   VEA  ...    2332  megawatthours
4226  2022-01-01  PGAE  ...  249179  megawatthours
4227  2022-01-01   SCE  ...  234915  megawatthours
4228  2022-01-01  SDGE  ...   44717  megawatthours
4229  2022-01-01   VEA  ...    2228  megawatthours

[4230 rows x 8 columns]
[2024-11-26T18:07:10.974+0000] {taskinstance.py:441} INFO - ::group::Post task execution logs
[2024-11-26T18:07:11.028+0000] {taskinstance.py:1206} INFO - Marking task as SUCCESS. dag_id=Electricity-Fetch-Load, task_id=fetch_electricity_data, run_id=manual__2024-11-26T18:07:03.163230+00:00, execution_date=20241126T180703, start_date=20241126T180706, end_date=20241126T180711
[2024-11-26T18:07:11.062+0000] {local_task_job_runner.py:240} INFO - Task exited with return code 0
[2024-11-26T18:07:11.072+0000] {local_task_job_runner.py:222} INFO - ::endgroup::
