[2024-11-30T05:11:24.615+0000] {local_task_job_runner.py:120} INFO - ::group::Pre task execution logs
[2024-11-30T05:11:24.669+0000] {taskinstance.py:2076} INFO - Dependencies all met for dep_context=non-requeueable deps ti=<TaskInstance: complete-dag.dbt_run manual__2024-11-30T05:11:03.411452+00:00 [queued]>
[2024-11-30T05:11:24.679+0000] {taskinstance.py:2076} INFO - Dependencies all met for dep_context=requeueable deps ti=<TaskInstance: complete-dag.dbt_run manual__2024-11-30T05:11:03.411452+00:00 [queued]>
[2024-11-30T05:11:24.680+0000] {taskinstance.py:2306} INFO - Starting attempt 1 of 1
[2024-11-30T05:11:24.696+0000] {taskinstance.py:2330} INFO - Executing <Task(BashOperator): dbt_run> on 2024-11-30 05:11:03.411452+00:00
[2024-11-30T05:11:24.713+0000] {standard_task_runner.py:90} INFO - Running: ['***', 'tasks', 'run', 'complete-dag', 'dbt_run', 'manual__2024-11-30T05:11:03.411452+00:00', '--job-id', '319', '--raw', '--subdir', 'DAGS_FOLDER/complete_dag.py', '--cfg-path', '/tmp/tmp6m8eghpw']
[2024-11-30T05:11:24.720+0000] {standard_task_runner.py:91} INFO - Job 319: Subtask dbt_run
[2024-11-30T05:11:24.741+0000] {logging_mixin.py:188} WARNING - /home/***/.local/lib/python3.12/site-packages/***/task/task_runner/standard_task_runner.py:61 DeprecationWarning: This process (pid=2700) is multi-threaded, use of fork() may lead to deadlocks in the child.
[2024-11-30T05:11:24.743+0000] {standard_task_runner.py:63} INFO - Started process 2714 to run task
[2024-11-30T05:11:24.888+0000] {task_command.py:426} INFO - Running <TaskInstance: complete-dag.dbt_run manual__2024-11-30T05:11:03.411452+00:00 [running]> on host b09a94790db6
[2024-11-30T05:11:25.119+0000] {taskinstance.py:2648} INFO - Exporting env vars: AIRFLOW_CTX_DAG_OWNER='***' AIRFLOW_CTX_DAG_ID='complete-dag' AIRFLOW_CTX_TASK_ID='dbt_run' AIRFLOW_CTX_EXECUTION_DATE='2024-11-30T05:11:03.411452+00:00' AIRFLOW_CTX_TRY_NUMBER='1' AIRFLOW_CTX_DAG_RUN_ID='manual__2024-11-30T05:11:03.411452+00:00'
[2024-11-30T05:11:25.121+0000] {taskinstance.py:430} INFO - ::endgroup::
[2024-11-30T05:11:25.123+0000] {subprocess.py:63} INFO - Tmp dir root location: /tmp
[2024-11-30T05:11:25.126+0000] {subprocess.py:75} INFO - Running command: ['/usr/bin/bash', '-c', '/home/***/.local/bin/dbt run --profiles-dir /opt/***/dbt --project-dir /opt/***/dbt']
[2024-11-30T05:11:25.144+0000] {subprocess.py:86} INFO - Output:
[2024-11-30T05:11:29.090+0000] {subprocess.py:93} INFO - [0m05:11:29  Running with dbt=1.8.7
[2024-11-30T05:11:30.542+0000] {subprocess.py:93} INFO - [0m05:11:30  Registered adapter: snowflake=1.8.4
[2024-11-30T05:11:31.304+0000] {subprocess.py:93} INFO - [0m05:11:31  Found 7 models, 1 test, 4 sources, 459 macros
[2024-11-30T05:11:31.310+0000] {subprocess.py:93} INFO - [0m05:11:31
[2024-11-30T05:11:33.302+0000] {subprocess.py:93} INFO - [0m05:11:33  Concurrency: 1 threads (target='dev')
[2024-11-30T05:11:33.303+0000] {subprocess.py:93} INFO - [0m05:11:33
[2024-11-30T05:11:33.455+0000] {subprocess.py:93} INFO - [0m05:11:33  1 of 4 START sql table model analytics.electricity_weather_combined ............ [RUN]
[2024-11-30T05:11:35.571+0000] {subprocess.py:93} INFO - [0m05:11:35  1 of 4 OK created sql table model analytics.electricity_weather_combined ....... [[32mSUCCESS 1[0m in 2.11s]
[2024-11-30T05:11:35.574+0000] {subprocess.py:93} INFO - [0m05:11:35  2 of 4 START sql table model analytics.electricity_weather_combined_v2 ......... [RUN]
[2024-11-30T05:11:37.238+0000] {subprocess.py:93} INFO - [0m05:11:37  2 of 4 OK created sql table model analytics.electricity_weather_combined_v2 .... [[32mSUCCESS 1[0m in 1.66s]
[2024-11-30T05:11:37.241+0000] {subprocess.py:93} INFO - [0m05:11:37  3 of 4 START sql table model analytics.weather_forecast_predict_input .......... [RUN]
[2024-11-30T05:11:38.794+0000] {subprocess.py:93} INFO - [0m05:11:38  3 of 4 OK created sql table model analytics.weather_forecast_predict_input ..... [[32mSUCCESS 1[0m in 1.55s]
[2024-11-30T05:11:38.797+0000] {subprocess.py:93} INFO - [0m05:11:38  4 of 4 START sql table model analytics.electricity_weather_viz_ready ........... [RUN]
[2024-11-30T05:11:40.423+0000] {subprocess.py:93} INFO - [0m05:11:40  4 of 4 OK created sql table model analytics.electricity_weather_viz_ready ...... [[32mSUCCESS 1[0m in 1.62s]
[2024-11-30T05:11:40.427+0000] {subprocess.py:93} INFO - [0m05:11:40
[2024-11-30T05:11:40.428+0000] {subprocess.py:93} INFO - [0m05:11:40  Finished running 4 table models in 0 hours 0 minutes and 9.12 seconds (9.12s).
[2024-11-30T05:11:40.502+0000] {subprocess.py:93} INFO - [0m05:11:40
[2024-11-30T05:11:40.504+0000] {subprocess.py:93} INFO - [0m05:11:40  [32mCompleted successfully[0m
[2024-11-30T05:11:40.505+0000] {subprocess.py:93} INFO - [0m05:11:40
[2024-11-30T05:11:40.506+0000] {subprocess.py:93} INFO - [0m05:11:40  Done. PASS=4 WARN=0 ERROR=0 SKIP=0 TOTAL=4
[2024-11-30T05:11:41.272+0000] {subprocess.py:97} INFO - Command exited with return code 0
[2024-11-30T05:11:41.273+0000] {taskinstance.py:441} INFO - ::group::Post task execution logs
[2024-11-30T05:11:41.299+0000] {taskinstance.py:1206} INFO - Marking task as SUCCESS. dag_id=complete-dag, task_id=dbt_run, run_id=manual__2024-11-30T05:11:03.411452+00:00, execution_date=20241130T051103, start_date=20241130T051124, end_date=20241130T051141
[2024-11-30T05:11:41.332+0000] {local_task_job_runner.py:240} INFO - Task exited with return code 0
[2024-11-30T05:11:41.341+0000] {local_task_job_runner.py:222} INFO - ::endgroup::
