[2024-11-12T02:57:10.017+0000] {local_task_job_runner.py:120} INFO - ::group::Pre task execution logs
[2024-11-12T02:57:10.060+0000] {taskinstance.py:2076} INFO - Dependencies all met for dep_context=non-requeueable deps ti=<TaskInstance: BuildELT_dbt.dbt_run scheduled__2024-11-10T20:40:00+00:00 [queued]>
[2024-11-12T02:57:10.070+0000] {taskinstance.py:2076} INFO - Dependencies all met for dep_context=requeueable deps ti=<TaskInstance: BuildELT_dbt.dbt_run scheduled__2024-11-10T20:40:00+00:00 [queued]>
[2024-11-12T02:57:10.071+0000] {taskinstance.py:2306} INFO - Starting attempt 1 of 1
[2024-11-12T02:57:10.088+0000] {taskinstance.py:2330} INFO - Executing <Task(BashOperator): dbt_run> on 2024-11-10 20:40:00+00:00
[2024-11-12T02:57:10.098+0000] {standard_task_runner.py:90} INFO - Running: ['***', 'tasks', 'run', 'BuildELT_dbt', 'dbt_run', 'scheduled__2024-11-10T20:40:00+00:00', '--job-id', '135', '--raw', '--subdir', 'DAGS_FOLDER/build_elt_with_dbt.py', '--cfg-path', '/tmp/tmpree6f9va']
[2024-11-12T02:57:10.101+0000] {standard_task_runner.py:91} INFO - Job 135: Subtask dbt_run
[2024-11-12T02:57:10.105+0000] {logging_mixin.py:188} WARNING - /home/***/.local/lib/python3.12/site-packages/***/task/task_runner/standard_task_runner.py:61 DeprecationWarning: This process (pid=750) is multi-threaded, use of fork() may lead to deadlocks in the child.
[2024-11-12T02:57:10.106+0000] {standard_task_runner.py:63} INFO - Started process 751 to run task
[2024-11-12T02:57:10.150+0000] {task_command.py:426} INFO - Running <TaskInstance: BuildELT_dbt.dbt_run scheduled__2024-11-10T20:40:00+00:00 [running]> on host e9e87141c083
[2024-11-12T02:57:10.300+0000] {taskinstance.py:2648} INFO - Exporting env vars: AIRFLOW_CTX_DAG_OWNER='***' AIRFLOW_CTX_DAG_ID='BuildELT_dbt' AIRFLOW_CTX_TASK_ID='dbt_run' AIRFLOW_CTX_EXECUTION_DATE='2024-11-10T20:40:00+00:00' AIRFLOW_CTX_TRY_NUMBER='1' AIRFLOW_CTX_DAG_RUN_ID='scheduled__2024-11-10T20:40:00+00:00'
[2024-11-12T02:57:10.301+0000] {taskinstance.py:430} INFO - ::endgroup::
[2024-11-12T02:57:10.320+0000] {subprocess.py:63} INFO - Tmp dir root location: /tmp
[2024-11-12T02:57:10.323+0000] {subprocess.py:75} INFO - Running command: ['/usr/bin/bash', '-c', '/home/***/.local/bin/dbt run --profiles-dir /opt/***/dbt --project-dir /opt/***/dbt']
[2024-11-12T02:57:10.338+0000] {subprocess.py:86} INFO - Output:
[2024-11-12T02:57:13.199+0000] {subprocess.py:93} INFO - [0m02:57:13  Running with dbt=1.8.7
[2024-11-12T02:57:14.647+0000] {subprocess.py:93} INFO - [0m02:57:14  Registered adapter: snowflake=1.8.4
[2024-11-12T02:57:15.349+0000] {subprocess.py:93} INFO - [0m02:57:15  Found 2 models, 1 snapshot, 2 data tests, 2 sources, 459 macros
[2024-11-12T02:57:15.354+0000] {subprocess.py:93} INFO - [0m02:57:15
[2024-11-12T02:57:17.338+0000] {subprocess.py:93} INFO - [0m02:57:17  Concurrency: 1 threads (target='dev')
[2024-11-12T02:57:17.339+0000] {subprocess.py:93} INFO - [0m02:57:17
[2024-11-12T02:57:17.443+0000] {subprocess.py:93} INFO - [0m02:57:17  1 of 1 START sql table model analytics.moving_avg_5d ........................... [RUN]
[2024-11-12T02:57:19.293+0000] {subprocess.py:93} INFO - [0m02:57:19  1 of 1 OK created sql table model analytics.moving_avg_5d ...................... [[32mSUCCESS 1[0m in 1.85s]
[2024-11-12T02:57:19.298+0000] {subprocess.py:93} INFO - [0m02:57:19
[2024-11-12T02:57:19.300+0000] {subprocess.py:93} INFO - [0m02:57:19  Finished running 1 table model in 0 hours 0 minutes and 3.94 seconds (3.94s).
[2024-11-12T02:57:19.375+0000] {subprocess.py:93} INFO - [0m02:57:19
[2024-11-12T02:57:19.376+0000] {subprocess.py:93} INFO - [0m02:57:19  [32mCompleted successfully[0m
[2024-11-12T02:57:19.377+0000] {subprocess.py:93} INFO - [0m02:57:19
[2024-11-12T02:57:19.378+0000] {subprocess.py:93} INFO - [0m02:57:19  Done. PASS=1 WARN=0 ERROR=0 SKIP=0 TOTAL=1
[2024-11-12T02:57:20.294+0000] {subprocess.py:97} INFO - Command exited with return code 0
[2024-11-12T02:57:20.297+0000] {taskinstance.py:441} INFO - ::group::Post task execution logs
[2024-11-12T02:57:20.324+0000] {taskinstance.py:1206} INFO - Marking task as SUCCESS. dag_id=BuildELT_dbt, task_id=dbt_run, run_id=scheduled__2024-11-10T20:40:00+00:00, execution_date=20241110T204000, start_date=20241112T025710, end_date=20241112T025720
[2024-11-12T02:57:20.375+0000] {local_task_job_runner.py:240} INFO - Task exited with return code 0
[2024-11-12T02:57:20.407+0000] {taskinstance.py:3498} INFO - 1 downstream tasks scheduled from follow-on schedule check
[2024-11-12T02:57:20.411+0000] {local_task_job_runner.py:222} INFO - ::endgroup::
