[2024-12-05T07:40:33.093+0000] {local_task_job_runner.py:120} INFO - ::group::Pre task execution logs
[2024-12-05T07:40:33.145+0000] {taskinstance.py:2076} INFO - Dependencies all met for dep_context=non-requeueable deps ti=<TaskInstance: dbt-viz-dag.dbt_snapshot manual__2024-12-05T07:40:05.189154+00:00 [queued]>
[2024-12-05T07:40:33.160+0000] {taskinstance.py:2076} INFO - Dependencies all met for dep_context=requeueable deps ti=<TaskInstance: dbt-viz-dag.dbt_snapshot manual__2024-12-05T07:40:05.189154+00:00 [queued]>
[2024-12-05T07:40:33.161+0000] {taskinstance.py:2306} INFO - Starting attempt 1 of 1
[2024-12-05T07:40:33.184+0000] {taskinstance.py:2330} INFO - Executing <Task(BashOperator): dbt_snapshot> on 2024-12-05 07:40:05.189154+00:00
[2024-12-05T07:40:33.195+0000] {standard_task_runner.py:90} INFO - Running: ['***', 'tasks', 'run', 'dbt-viz-dag', 'dbt_snapshot', 'manual__2024-12-05T07:40:05.189154+00:00', '--job-id', '522', '--raw', '--subdir', 'DAGS_FOLDER/dbt-viz-dag.py', '--cfg-path', '/tmp/tmpp_ywajp8']
[2024-12-05T07:40:33.198+0000] {standard_task_runner.py:91} INFO - Job 522: Subtask dbt_snapshot
[2024-12-05T07:40:33.209+0000] {logging_mixin.py:188} WARNING - /home/***/.local/lib/python3.12/site-packages/***/task/task_runner/standard_task_runner.py:61 DeprecationWarning: This process (pid=1650) is multi-threaded, use of fork() may lead to deadlocks in the child.
[2024-12-05T07:40:33.211+0000] {standard_task_runner.py:63} INFO - Started process 1651 to run task
[2024-12-05T07:40:33.270+0000] {task_command.py:426} INFO - Running <TaskInstance: dbt-viz-dag.dbt_snapshot manual__2024-12-05T07:40:05.189154+00:00 [running]> on host e060654747dc
[2024-12-05T07:40:33.494+0000] {taskinstance.py:2648} INFO - Exporting env vars: AIRFLOW_CTX_DAG_OWNER='***' AIRFLOW_CTX_DAG_ID='dbt-viz-dag' AIRFLOW_CTX_TASK_ID='dbt_snapshot' AIRFLOW_CTX_EXECUTION_DATE='2024-12-05T07:40:05.189154+00:00' AIRFLOW_CTX_TRY_NUMBER='1' AIRFLOW_CTX_DAG_RUN_ID='manual__2024-12-05T07:40:05.189154+00:00'
[2024-12-05T07:40:33.496+0000] {taskinstance.py:430} INFO - ::endgroup::
[2024-12-05T07:40:33.517+0000] {subprocess.py:63} INFO - Tmp dir root location: /tmp
[2024-12-05T07:40:33.520+0000] {subprocess.py:75} INFO - Running command: ['/usr/bin/bash', '-c', '/home/***/.local/bin/dbt snapshot --profiles-dir /opt/***/dbt_viz --project-dir /opt/***/dbt_viz']
[2024-12-05T07:40:33.534+0000] {subprocess.py:86} INFO - Output:
[2024-12-05T07:40:37.000+0000] {subprocess.py:93} INFO - [0m07:40:36  Running with dbt=1.8.7
[2024-12-05T07:40:38.534+0000] {subprocess.py:93} INFO - [0m07:40:38  Registered adapter: snowflake=1.8.4
[2024-12-05T07:40:39.415+0000] {subprocess.py:93} INFO - [0m07:40:39  Found 4 models, 1 snapshot, 1 test, 3 sources, 459 macros
[2024-12-05T07:40:39.421+0000] {subprocess.py:93} INFO - [0m07:40:39
[2024-12-05T07:40:41.290+0000] {subprocess.py:93} INFO - [0m07:40:41  Concurrency: 1 threads (target='dev')
[2024-12-05T07:40:41.291+0000] {subprocess.py:93} INFO - [0m07:40:41
[2024-12-05T07:40:41.306+0000] {subprocess.py:93} INFO - [0m07:40:41  1 of 1 START snapshot snapshot.energy_demand_final_snapshot .................... [RUN]
[2024-12-05T07:40:43.031+0000] {subprocess.py:93} INFO - [0m07:40:43  1 of 1 OK snapshotted snapshot.energy_demand_final_snapshot .................... [[32mSUCCESS 1[0m in 1.72s]
[2024-12-05T07:40:43.041+0000] {subprocess.py:93} INFO - [0m07:40:43
[2024-12-05T07:40:43.043+0000] {subprocess.py:93} INFO - [0m07:40:43  Finished running 1 snapshot in 0 hours 0 minutes and 3.62 seconds (3.62s).
[2024-12-05T07:40:43.161+0000] {subprocess.py:93} INFO - [0m07:40:43
[2024-12-05T07:40:43.164+0000] {subprocess.py:93} INFO - [0m07:40:43  [32mCompleted successfully[0m
[2024-12-05T07:40:43.165+0000] {subprocess.py:93} INFO - [0m07:40:43
[2024-12-05T07:40:43.168+0000] {subprocess.py:93} INFO - [0m07:40:43  Done. PASS=1 WARN=0 ERROR=0 SKIP=0 TOTAL=1
[2024-12-05T07:40:44.319+0000] {subprocess.py:97} INFO - Command exited with return code 0
[2024-12-05T07:40:44.321+0000] {taskinstance.py:441} INFO - ::group::Post task execution logs
[2024-12-05T07:40:44.358+0000] {taskinstance.py:1206} INFO - Marking task as SUCCESS. dag_id=dbt-viz-dag, task_id=dbt_snapshot, run_id=manual__2024-12-05T07:40:05.189154+00:00, execution_date=20241205T074005, start_date=20241205T074033, end_date=20241205T074044
[2024-12-05T07:40:44.424+0000] {local_task_job_runner.py:240} INFO - Task exited with return code 0
[2024-12-05T07:40:44.448+0000] {taskinstance.py:3498} INFO - 0 downstream tasks scheduled from follow-on schedule check
[2024-12-05T07:40:44.452+0000] {local_task_job_runner.py:222} INFO - ::endgroup::
