[2024-12-05T20:25:18.975+0000] {local_task_job_runner.py:120} INFO - ::group::Pre task execution logs
[2024-12-05T20:25:19.014+0000] {taskinstance.py:2076} INFO - Dependencies all met for dep_context=non-requeueable deps ti=<TaskInstance: complete-dag.dbt_snapshot manual__2024-12-05T20:24:34.702673+00:00 [queued]>
[2024-12-05T20:25:19.026+0000] {taskinstance.py:2076} INFO - Dependencies all met for dep_context=requeueable deps ti=<TaskInstance: complete-dag.dbt_snapshot manual__2024-12-05T20:24:34.702673+00:00 [queued]>
[2024-12-05T20:25:19.027+0000] {taskinstance.py:2306} INFO - Starting attempt 1 of 1
[2024-12-05T20:25:19.060+0000] {taskinstance.py:2330} INFO - Executing <Task(BashOperator): dbt_snapshot> on 2024-12-05 20:24:34.702673+00:00
[2024-12-05T20:25:19.075+0000] {standard_task_runner.py:90} INFO - Running: ['***', 'tasks', 'run', 'complete-dag', 'dbt_snapshot', 'manual__2024-12-05T20:24:34.702673+00:00', '--job-id', '560', '--raw', '--subdir', 'DAGS_FOLDER/complete_dag.py', '--cfg-path', '/tmp/tmpceiqtx8p']
[2024-12-05T20:25:19.078+0000] {standard_task_runner.py:91} INFO - Job 560: Subtask dbt_snapshot
[2024-12-05T20:25:19.081+0000] {logging_mixin.py:188} WARNING - /home/***/.local/lib/python3.12/site-packages/***/task/task_runner/standard_task_runner.py:61 DeprecationWarning: This process (pid=430) is multi-threaded, use of fork() may lead to deadlocks in the child.
[2024-12-05T20:25:19.083+0000] {standard_task_runner.py:63} INFO - Started process 439 to run task
[2024-12-05T20:25:19.148+0000] {task_command.py:426} INFO - Running <TaskInstance: complete-dag.dbt_snapshot manual__2024-12-05T20:24:34.702673+00:00 [running]> on host e060654747dc
[2024-12-05T20:25:19.354+0000] {taskinstance.py:2648} INFO - Exporting env vars: AIRFLOW_CTX_DAG_OWNER='***' AIRFLOW_CTX_DAG_ID='complete-dag' AIRFLOW_CTX_TASK_ID='dbt_snapshot' AIRFLOW_CTX_EXECUTION_DATE='2024-12-05T20:24:34.702673+00:00' AIRFLOW_CTX_TRY_NUMBER='1' AIRFLOW_CTX_DAG_RUN_ID='manual__2024-12-05T20:24:34.702673+00:00'
[2024-12-05T20:25:19.355+0000] {taskinstance.py:430} INFO - ::endgroup::
[2024-12-05T20:25:19.357+0000] {subprocess.py:63} INFO - Tmp dir root location: /tmp
[2024-12-05T20:25:19.361+0000] {subprocess.py:75} INFO - Running command: ['/usr/bin/bash', '-c', '/home/***/.local/bin/dbt snapshot --profiles-dir /opt/***/dbt --project-dir /opt/***/dbt']
[2024-12-05T20:25:19.377+0000] {subprocess.py:86} INFO - Output:
[2024-12-05T20:25:22.125+0000] {subprocess.py:93} INFO - [0m20:25:22  Running with dbt=1.8.7
[2024-12-05T20:25:23.446+0000] {subprocess.py:93} INFO - [0m20:25:23  Registered adapter: snowflake=1.8.4
[2024-12-05T20:25:24.307+0000] {subprocess.py:93} INFO - [0m20:25:24  Found 5 models, 1 test, 2 snapshots, 4 sources, 459 macros
[2024-12-05T20:25:24.312+0000] {subprocess.py:93} INFO - [0m20:25:24
[2024-12-05T20:25:26.473+0000] {subprocess.py:93} INFO - [0m20:25:26  Concurrency: 1 threads (target='dev')
[2024-12-05T20:25:26.474+0000] {subprocess.py:93} INFO - [0m20:25:26
[2024-12-05T20:25:26.487+0000] {subprocess.py:93} INFO - [0m20:25:26  1 of 2 START snapshot snapshot.electricity_weather_historical_snapshot ......... [RUN]
[2024-12-05T20:25:31.413+0000] {subprocess.py:93} INFO - [0m20:25:31  1 of 2 OK snapshotted snapshot.electricity_weather_historical_snapshot ......... [[32mSUCCESS 4[0m in 4.92s]
[2024-12-05T20:25:31.416+0000] {subprocess.py:93} INFO - [0m20:25:31  2 of 2 START snapshot snapshot.weather_forecast_snapshot ....................... [RUN]
[2024-12-05T20:25:36.164+0000] {subprocess.py:93} INFO - [0m20:25:36  2 of 2 OK snapshotted snapshot.weather_forecast_snapshot ....................... [[32mSUCCESS 8[0m in 4.75s]
[2024-12-05T20:25:36.169+0000] {subprocess.py:93} INFO - [0m20:25:36
[2024-12-05T20:25:36.170+0000] {subprocess.py:93} INFO - [0m20:25:36  Finished running 2 snapshots in 0 hours 0 minutes and 11.86 seconds (11.86s).
[2024-12-05T20:25:36.245+0000] {subprocess.py:93} INFO - [0m20:25:36
[2024-12-05T20:25:36.246+0000] {subprocess.py:93} INFO - [0m20:25:36  [32mCompleted successfully[0m
[2024-12-05T20:25:36.247+0000] {subprocess.py:93} INFO - [0m20:25:36
[2024-12-05T20:25:36.248+0000] {subprocess.py:93} INFO - [0m20:25:36  Done. PASS=2 WARN=0 ERROR=0 SKIP=0 TOTAL=2
[2024-12-05T20:25:37.105+0000] {subprocess.py:97} INFO - Command exited with return code 0
[2024-12-05T20:25:37.107+0000] {taskinstance.py:441} INFO - ::group::Post task execution logs
[2024-12-05T20:25:37.135+0000] {taskinstance.py:1206} INFO - Marking task as SUCCESS. dag_id=complete-dag, task_id=dbt_snapshot, run_id=manual__2024-12-05T20:24:34.702673+00:00, execution_date=20241205T202434, start_date=20241205T202519, end_date=20241205T202537
[2024-12-05T20:25:37.158+0000] {local_task_job_runner.py:240} INFO - Task exited with return code 0
[2024-12-05T20:25:37.169+0000] {local_task_job_runner.py:222} INFO - ::endgroup::
