[2024-12-04T02:42:46.889+0000] {local_task_job_runner.py:120} INFO - ::group::Pre task execution logs
[2024-12-04T02:42:46.930+0000] {taskinstance.py:2076} INFO - Dependencies all met for dep_context=non-requeueable deps ti=<TaskInstance: complete-dag.load_weather_data_to_snowflake__1 scheduled__2024-12-02T20:40:00+00:00 [queued]>
[2024-12-04T02:42:46.941+0000] {taskinstance.py:2076} INFO - Dependencies all met for dep_context=requeueable deps ti=<TaskInstance: complete-dag.load_weather_data_to_snowflake__1 scheduled__2024-12-02T20:40:00+00:00 [queued]>
[2024-12-04T02:42:46.951+0000] {taskinstance.py:2306} INFO - Starting attempt 1 of 1
[2024-12-04T02:42:47.017+0000] {taskinstance.py:2330} INFO - Executing <Task(_PythonDecoratedOperator): load_weather_data_to_snowflake__1> on 2024-12-02 20:40:00+00:00
[2024-12-04T02:42:47.046+0000] {standard_task_runner.py:90} INFO - Running: ['***', 'tasks', 'run', 'complete-dag', 'load_weather_data_to_snowflake__1', 'scheduled__2024-12-02T20:40:00+00:00', '--job-id', '469', '--raw', '--subdir', 'DAGS_FOLDER/complete_dag.py', '--cfg-path', '/tmp/tmpo2yc2w3k']
[2024-12-04T02:42:47.049+0000] {standard_task_runner.py:91} INFO - Job 469: Subtask load_weather_data_to_snowflake__1
[2024-12-04T02:42:47.050+0000] {logging_mixin.py:188} WARNING - /home/***/.local/lib/python3.12/site-packages/***/task/task_runner/standard_task_runner.py:61 DeprecationWarning: This process (pid=272) is multi-threaded, use of fork() may lead to deadlocks in the child.
[2024-12-04T02:42:47.051+0000] {standard_task_runner.py:63} INFO - Started process 305 to run task
[2024-12-04T02:42:47.199+0000] {task_command.py:426} INFO - Running <TaskInstance: complete-dag.load_weather_data_to_snowflake__1 scheduled__2024-12-02T20:40:00+00:00 [running]> on host e060654747dc
[2024-12-04T02:42:47.607+0000] {taskinstance.py:2648} INFO - Exporting env vars: AIRFLOW_CTX_DAG_OWNER='***' AIRFLOW_CTX_DAG_ID='complete-dag' AIRFLOW_CTX_TASK_ID='load_weather_data_to_snowflake__1' AIRFLOW_CTX_EXECUTION_DATE='2024-12-02T20:40:00+00:00' AIRFLOW_CTX_TRY_NUMBER='1' AIRFLOW_CTX_DAG_RUN_ID='scheduled__2024-12-02T20:40:00+00:00'
[2024-12-04T02:42:47.611+0000] {taskinstance.py:430} INFO - ::endgroup::
[2024-12-04T02:42:47.837+0000] {cursor.py:1149} INFO - Number of results in first chunk: 1
[2024-12-04T02:42:48.215+0000] {cursor.py:1149} INFO - Number of results in first chunk: 1
[2024-12-04T02:42:48.227+0000] {logging_mixin.py:188} WARNING - /opt/***/dags/complete_dag.py:163 FutureWarning: DataFrame.applymap has been deprecated. Use DataFrame.map instead.
[2024-12-04T02:42:48.244+0000] {logging_mixin.py:188} INFO -          Date  temperature_2m_max  ...  windspeed_10m_max  avg_temperature
0  2024-12-03                 8.9  ...                3.7             3.00
1  2024-12-04                 8.5  ...               18.5             4.00
2  2024-12-05                 7.6  ...               14.4             2.85
3  2024-12-06                 5.8  ...               19.1             1.25
4  2024-12-07                 5.7  ...               15.9             0.55

[5 rows x 7 columns]
[2024-12-04T02:42:48.819+0000] {logging_mixin.py:188} INFO - Successfully inserted 7 rows.
[2024-12-04T02:42:48.885+0000] {cursor.py:1149} INFO - Number of results in first chunk: 1
[2024-12-04T02:42:48.888+0000] {python.py:237} INFO - Done. Returned value was: None
[2024-12-04T02:42:48.888+0000] {taskinstance.py:441} INFO - ::group::Post task execution logs
[2024-12-04T02:42:48.915+0000] {taskinstance.py:1206} INFO - Marking task as SUCCESS. dag_id=complete-dag, task_id=load_weather_data_to_snowflake__1, run_id=scheduled__2024-12-02T20:40:00+00:00, execution_date=20241202T204000, start_date=20241204T024246, end_date=20241204T024248
[2024-12-04T02:42:48.994+0000] {local_task_job_runner.py:240} INFO - Task exited with return code 0
[2024-12-04T02:42:49.012+0000] {local_task_job_runner.py:222} INFO - ::endgroup::
