[2024-11-30T06:22:46.736+0000] {local_task_job_runner.py:120} INFO - ::group::Pre task execution logs
[2024-11-30T06:22:46.768+0000] {taskinstance.py:2076} INFO - Dependencies all met for dep_context=non-requeueable deps ti=<TaskInstance: complete-dag.load_electricity_data manual__2024-11-30T06:22:33.196088+00:00 [queued]>
[2024-11-30T06:22:46.778+0000] {taskinstance.py:2076} INFO - Dependencies all met for dep_context=requeueable deps ti=<TaskInstance: complete-dag.load_electricity_data manual__2024-11-30T06:22:33.196088+00:00 [queued]>
[2024-11-30T06:22:46.780+0000] {taskinstance.py:2306} INFO - Starting attempt 1 of 1
[2024-11-30T06:22:46.795+0000] {taskinstance.py:2330} INFO - Executing <Task(_PythonDecoratedOperator): load_electricity_data> on 2024-11-30 06:22:33.196088+00:00
[2024-11-30T06:22:46.808+0000] {standard_task_runner.py:90} INFO - Running: ['***', 'tasks', 'run', 'complete-dag', 'load_electricity_data', 'manual__2024-11-30T06:22:33.196088+00:00', '--job-id', '344', '--raw', '--subdir', 'DAGS_FOLDER/complete_dag.py', '--cfg-path', '/tmp/tmpllxnj1x4']
[2024-11-30T06:22:46.810+0000] {logging_mixin.py:188} WARNING - /home/***/.local/lib/python3.12/site-packages/***/task/task_runner/standard_task_runner.py:61 DeprecationWarning: This process (pid=8905) is multi-threaded, use of fork() may lead to deadlocks in the child.
[2024-11-30T06:22:46.811+0000] {standard_task_runner.py:91} INFO - Job 344: Subtask load_electricity_data
[2024-11-30T06:22:46.811+0000] {standard_task_runner.py:63} INFO - Started process 8912 to run task
[2024-11-30T06:22:46.868+0000] {task_command.py:426} INFO - Running <TaskInstance: complete-dag.load_electricity_data manual__2024-11-30T06:22:33.196088+00:00 [running]> on host b09a94790db6
[2024-11-30T06:22:47.155+0000] {taskinstance.py:2648} INFO - Exporting env vars: AIRFLOW_CTX_DAG_OWNER='***' AIRFLOW_CTX_DAG_ID='complete-dag' AIRFLOW_CTX_TASK_ID='load_electricity_data' AIRFLOW_CTX_EXECUTION_DATE='2024-11-30T06:22:33.196088+00:00' AIRFLOW_CTX_TRY_NUMBER='1' AIRFLOW_CTX_DAG_RUN_ID='manual__2024-11-30T06:22:33.196088+00:00'
[2024-11-30T06:22:47.157+0000] {taskinstance.py:430} INFO - ::endgroup::
[2024-11-30T06:22:47.353+0000] {cursor.py:1149} INFO - Number of results in first chunk: 1
[2024-11-30T06:22:47.618+0000] {cursor.py:1149} INFO - Number of results in first chunk: 1
[2024-11-30T06:22:49.498+0000] {cursor.py:1149} INFO - Number of results in first chunk: 1
[2024-11-30T06:22:49.499+0000] {python.py:237} INFO - Done. Returned value was: None
[2024-11-30T06:22:49.499+0000] {taskinstance.py:441} INFO - ::group::Post task execution logs
[2024-11-30T06:22:49.508+0000] {taskinstance.py:1206} INFO - Marking task as SUCCESS. dag_id=complete-dag, task_id=load_electricity_data, run_id=manual__2024-11-30T06:22:33.196088+00:00, execution_date=20241130T062233, start_date=20241130T062246, end_date=20241130T062249
[2024-11-30T06:22:49.556+0000] {local_task_job_runner.py:240} INFO - Task exited with return code 0
[2024-11-30T06:22:49.568+0000] {local_task_job_runner.py:222} INFO - ::endgroup::
