[2024-12-05T07:22:47.251+0000] {local_task_job_runner.py:120} INFO - ::group::Pre task execution logs
[2024-12-05T07:22:47.299+0000] {taskinstance.py:2076} INFO - Dependencies all met for dep_context=non-requeueable deps ti=<TaskInstance: complete-dag.dbt_snapshot manual__2024-12-05T07:22:06.354169+00:00 [queued]>
[2024-12-05T07:22:47.314+0000] {taskinstance.py:2076} INFO - Dependencies all met for dep_context=requeueable deps ti=<TaskInstance: complete-dag.dbt_snapshot manual__2024-12-05T07:22:06.354169+00:00 [queued]>
[2024-12-05T07:22:47.315+0000] {taskinstance.py:2306} INFO - Starting attempt 1 of 1
[2024-12-05T07:22:47.335+0000] {taskinstance.py:2330} INFO - Executing <Task(BashOperator): dbt_snapshot> on 2024-12-05 07:22:06.354169+00:00
[2024-12-05T07:22:47.348+0000] {standard_task_runner.py:90} INFO - Running: ['***', 'tasks', 'run', 'complete-dag', 'dbt_snapshot', 'manual__2024-12-05T07:22:06.354169+00:00', '--job-id', '510', '--raw', '--subdir', 'DAGS_FOLDER/complete_dag.py', '--cfg-path', '/tmp/tmp8i9exd8s']
[2024-12-05T07:22:47.350+0000] {standard_task_runner.py:91} INFO - Job 510: Subtask dbt_snapshot
[2024-12-05T07:22:47.354+0000] {logging_mixin.py:188} WARNING - /home/***/.local/lib/python3.12/site-packages/***/task/task_runner/standard_task_runner.py:61 DeprecationWarning: This process (pid=935) is multi-threaded, use of fork() may lead to deadlocks in the child.
[2024-12-05T07:22:47.355+0000] {standard_task_runner.py:63} INFO - Started process 944 to run task
[2024-12-05T07:22:47.413+0000] {task_command.py:426} INFO - Running <TaskInstance: complete-dag.dbt_snapshot manual__2024-12-05T07:22:06.354169+00:00 [running]> on host e060654747dc
[2024-12-05T07:22:47.601+0000] {taskinstance.py:2648} INFO - Exporting env vars: AIRFLOW_CTX_DAG_OWNER='***' AIRFLOW_CTX_DAG_ID='complete-dag' AIRFLOW_CTX_TASK_ID='dbt_snapshot' AIRFLOW_CTX_EXECUTION_DATE='2024-12-05T07:22:06.354169+00:00' AIRFLOW_CTX_TRY_NUMBER='1' AIRFLOW_CTX_DAG_RUN_ID='manual__2024-12-05T07:22:06.354169+00:00'
[2024-12-05T07:22:47.603+0000] {taskinstance.py:430} INFO - ::endgroup::
[2024-12-05T07:22:47.604+0000] {subprocess.py:63} INFO - Tmp dir root location: /tmp
[2024-12-05T07:22:47.606+0000] {subprocess.py:75} INFO - Running command: ['/usr/bin/bash', '-c', '/home/***/.local/bin/dbt snapshot --profiles-dir /opt/***/dbt --project-dir /opt/***/dbt']
[2024-12-05T07:22:47.623+0000] {subprocess.py:86} INFO - Output:
[2024-12-05T07:22:51.376+0000] {subprocess.py:93} INFO - [0m07:22:51  Running with dbt=1.8.7
[2024-12-05T07:22:52.683+0000] {subprocess.py:93} INFO - [0m07:22:52  Registered adapter: snowflake=1.8.4
[2024-12-05T07:22:53.554+0000] {subprocess.py:93} INFO - [0m07:22:53  Found 5 models, 1 test, 2 snapshots, 4 sources, 459 macros
[2024-12-05T07:22:53.560+0000] {subprocess.py:93} INFO - [0m07:22:53
[2024-12-05T07:22:55.448+0000] {subprocess.py:93} INFO - [0m07:22:55  Concurrency: 1 threads (target='dev')
[2024-12-05T07:22:55.450+0000] {subprocess.py:93} INFO - [0m07:22:55
[2024-12-05T07:22:55.468+0000] {subprocess.py:93} INFO - [0m07:22:55  1 of 2 START snapshot snapshot.electricity_weather_historical_snapshot ......... [RUN]
[2024-12-05T07:22:57.690+0000] {subprocess.py:93} INFO - [0m07:22:57  1 of 2 OK snapshotted snapshot.electricity_weather_historical_snapshot ......... [[32mSUCCESS 1[0m in 2.21s]
[2024-12-05T07:22:57.697+0000] {subprocess.py:93} INFO - [0m07:22:57  2 of 2 START snapshot snapshot.weather_forecast_snapshot ....................... [RUN]
[2024-12-05T07:22:59.617+0000] {subprocess.py:93} INFO - [0m07:22:59  2 of 2 OK snapshotted snapshot.weather_forecast_snapshot ....................... [[32mSUCCESS 1[0m in 1.91s]
[2024-12-05T07:22:59.627+0000] {subprocess.py:93} INFO - [0m07:22:59
[2024-12-05T07:22:59.629+0000] {subprocess.py:93} INFO - [0m07:22:59  Finished running 2 snapshots in 0 hours 0 minutes and 6.07 seconds (6.07s).
[2024-12-05T07:22:59.737+0000] {subprocess.py:93} INFO - [0m07:22:59
[2024-12-05T07:22:59.739+0000] {subprocess.py:93} INFO - [0m07:22:59  [32mCompleted successfully[0m
[2024-12-05T07:22:59.741+0000] {subprocess.py:93} INFO - [0m07:22:59
[2024-12-05T07:22:59.743+0000] {subprocess.py:93} INFO - [0m07:22:59  Done. PASS=2 WARN=0 ERROR=0 SKIP=0 TOTAL=2
[2024-12-05T07:23:00.812+0000] {subprocess.py:97} INFO - Command exited with return code 0
[2024-12-05T07:23:00.814+0000] {taskinstance.py:441} INFO - ::group::Post task execution logs
[2024-12-05T07:23:00.864+0000] {taskinstance.py:1206} INFO - Marking task as SUCCESS. dag_id=complete-dag, task_id=dbt_snapshot, run_id=manual__2024-12-05T07:22:06.354169+00:00, execution_date=20241205T072206, start_date=20241205T072247, end_date=20241205T072300
[2024-12-05T07:23:00.924+0000] {local_task_job_runner.py:240} INFO - Task exited with return code 0
[2024-12-05T07:23:00.940+0000] {local_task_job_runner.py:222} INFO - ::endgroup::
