[2024-11-30T20:42:24.450+0000] {local_task_job_runner.py:120} INFO - ::group::Pre task execution logs
[2024-11-30T20:42:24.634+0000] {taskinstance.py:2076} INFO - Dependencies all met for dep_context=non-requeueable deps ti=<TaskInstance: dbt-viz-dag.dbt_run scheduled__2024-11-29T20:40:00+00:00 [queued]>
[2024-11-30T20:42:24.648+0000] {taskinstance.py:2076} INFO - Dependencies all met for dep_context=requeueable deps ti=<TaskInstance: dbt-viz-dag.dbt_run scheduled__2024-11-29T20:40:00+00:00 [queued]>
[2024-11-30T20:42:24.649+0000] {taskinstance.py:2306} INFO - Starting attempt 1 of 1
[2024-11-30T20:42:24.683+0000] {taskinstance.py:2330} INFO - Executing <Task(BashOperator): dbt_run> on 2024-11-29 20:40:00+00:00
[2024-11-30T20:42:24.706+0000] {standard_task_runner.py:90} INFO - Running: ['***', 'tasks', 'run', 'dbt-viz-dag', 'dbt_run', 'scheduled__2024-11-29T20:40:00+00:00', '--job-id', '428', '--raw', '--subdir', 'DAGS_FOLDER/dbt-viz-dag.py', '--cfg-path', '/tmp/tmpzwstisko']
[2024-11-30T20:42:24.709+0000] {standard_task_runner.py:91} INFO - Job 428: Subtask dbt_run
[2024-11-30T20:42:24.713+0000] {logging_mixin.py:188} WARNING - /home/***/.local/lib/python3.12/site-packages/***/task/task_runner/standard_task_runner.py:61 DeprecationWarning: This process (pid=3515) is multi-threaded, use of fork() may lead to deadlocks in the child.
[2024-11-30T20:42:24.714+0000] {standard_task_runner.py:63} INFO - Started process 3520 to run task
[2024-11-30T20:42:24.766+0000] {task_command.py:426} INFO - Running <TaskInstance: dbt-viz-dag.dbt_run scheduled__2024-11-29T20:40:00+00:00 [running]> on host e060654747dc
[2024-11-30T20:42:25.019+0000] {taskinstance.py:2648} INFO - Exporting env vars: AIRFLOW_CTX_DAG_OWNER='***' AIRFLOW_CTX_DAG_ID='dbt-viz-dag' AIRFLOW_CTX_TASK_ID='dbt_run' AIRFLOW_CTX_EXECUTION_DATE='2024-11-29T20:40:00+00:00' AIRFLOW_CTX_TRY_NUMBER='1' AIRFLOW_CTX_DAG_RUN_ID='scheduled__2024-11-29T20:40:00+00:00'
[2024-11-30T20:42:25.020+0000] {taskinstance.py:430} INFO - ::endgroup::
[2024-11-30T20:42:35.094+0000] {subprocess.py:63} INFO - Tmp dir root location: /tmp
[2024-11-30T20:42:35.109+0000] {subprocess.py:75} INFO - Running command: ['/usr/bin/bash', '-c', '/home/***/.local/bin/dbt run --profiles-dir /opt/***/dbt_viz --project-dir /opt/***/dbt_viz']
[2024-11-30T20:42:35.145+0000] {subprocess.py:86} INFO - Output:
[2024-11-30T20:42:50.229+0000] {subprocess.py:93} INFO - [0m20:42:50  Running with dbt=1.8.7
[2024-11-30T20:42:57.005+0000] {subprocess.py:93} INFO - [0m20:42:57  Registered adapter: snowflake=1.8.4
[2024-11-30T20:42:58.620+0000] {subprocess.py:93} INFO - [0m20:42:58  Found 4 models, 1 test, 3 sources, 459 macros
[2024-11-30T20:42:58.630+0000] {subprocess.py:93} INFO - [0m20:42:58
[2024-11-30T20:43:00.684+0000] {subprocess.py:93} INFO - [0m20:43:00  Concurrency: 1 threads (target='dev')
[2024-11-30T20:43:00.767+0000] {subprocess.py:93} INFO - [0m20:43:00
[2024-11-30T20:43:03.916+0000] {subprocess.py:93} INFO - [0m20:43:03  1 of 2 START sql table model analytics.energy_historical_forecast_data ......... [RUN]
[2024-11-30T20:43:06.576+0000] {subprocess.py:93} INFO - [0m20:43:06  1 of 2 OK created sql table model analytics.energy_historical_forecast_data .... [[32mSUCCESS 1[0m in 2.58s]
[2024-11-30T20:43:06.589+0000] {subprocess.py:93} INFO - [0m20:43:06  2 of 2 START sql table model analytics.energy_demand_final_data ................ [RUN]
[2024-11-30T20:43:08.288+0000] {subprocess.py:93} INFO - [0m20:43:08  2 of 2 OK created sql table model analytics.energy_demand_final_data ........... [[32mSUCCESS 1[0m in 1.70s]
[2024-11-30T20:43:08.295+0000] {subprocess.py:93} INFO - [0m20:43:08
[2024-11-30T20:43:08.296+0000] {subprocess.py:93} INFO - [0m20:43:08  Finished running 2 table models in 0 hours 0 minutes and 9.66 seconds (9.66s).
[2024-11-30T20:43:08.354+0000] {subprocess.py:93} INFO - [0m20:43:08
[2024-11-30T20:43:08.355+0000] {subprocess.py:93} INFO - [0m20:43:08  [32mCompleted successfully[0m
[2024-11-30T20:43:08.359+0000] {subprocess.py:93} INFO - [0m20:43:08
[2024-11-30T20:43:08.368+0000] {subprocess.py:93} INFO - [0m20:43:08  Done. PASS=2 WARN=0 ERROR=0 SKIP=0 TOTAL=2
[2024-11-30T20:43:09.165+0000] {subprocess.py:97} INFO - Command exited with return code 0
[2024-11-30T20:43:09.176+0000] {taskinstance.py:441} INFO - ::group::Post task execution logs
[2024-11-30T20:43:09.343+0000] {taskinstance.py:1206} INFO - Marking task as SUCCESS. dag_id=dbt-viz-dag, task_id=dbt_run, run_id=scheduled__2024-11-29T20:40:00+00:00, execution_date=20241129T204000, start_date=20241130T204224, end_date=20241130T204309
[2024-11-30T20:43:09.424+0000] {local_task_job_runner.py:240} INFO - Task exited with return code 0
[2024-11-30T20:43:09.495+0000] {taskinstance.py:3498} INFO - 1 downstream tasks scheduled from follow-on schedule check
[2024-11-30T20:43:09.498+0000] {local_task_job_runner.py:222} INFO - ::endgroup::
