[2024-12-05T07:17:19.482+0000] {local_task_job_runner.py:120} INFO - ::group::Pre task execution logs
[2024-12-05T07:17:19.559+0000] {taskinstance.py:2076} INFO - Dependencies all met for dep_context=non-requeueable deps ti=<TaskInstance: complete-dag.fetch_historical_weather manual__2024-12-05T07:17:11.444959+00:00 [queued]>
[2024-12-05T07:17:19.573+0000] {taskinstance.py:2076} INFO - Dependencies all met for dep_context=requeueable deps ti=<TaskInstance: complete-dag.fetch_historical_weather manual__2024-12-05T07:17:11.444959+00:00 [queued]>
[2024-12-05T07:17:19.574+0000] {taskinstance.py:2306} INFO - Starting attempt 1 of 1
[2024-12-05T07:17:19.596+0000] {taskinstance.py:2330} INFO - Executing <Task(_PythonDecoratedOperator): fetch_historical_weather> on 2024-12-05 07:17:11.444959+00:00
[2024-12-05T07:17:19.626+0000] {standard_task_runner.py:90} INFO - Running: ['***', 'tasks', 'run', 'complete-dag', 'fetch_historical_weather', 'manual__2024-12-05T07:17:11.444959+00:00', '--job-id', '486', '--raw', '--subdir', 'DAGS_FOLDER/complete_dag.py', '--cfg-path', '/tmp/tmpb53i3ilr']
[2024-12-05T07:17:19.640+0000] {standard_task_runner.py:91} INFO - Job 486: Subtask fetch_historical_weather
[2024-12-05T07:17:19.676+0000] {logging_mixin.py:188} WARNING - /home/***/.local/lib/python3.12/site-packages/***/task/task_runner/standard_task_runner.py:61 DeprecationWarning: This process (pid=465) is multi-threaded, use of fork() may lead to deadlocks in the child.
[2024-12-05T07:17:19.679+0000] {standard_task_runner.py:63} INFO - Started process 478 to run task
[2024-12-05T07:17:20.042+0000] {task_command.py:426} INFO - Running <TaskInstance: complete-dag.fetch_historical_weather manual__2024-12-05T07:17:11.444959+00:00 [running]> on host e060654747dc
[2024-12-05T07:17:20.993+0000] {taskinstance.py:2648} INFO - Exporting env vars: AIRFLOW_CTX_DAG_OWNER='***' AIRFLOW_CTX_DAG_ID='complete-dag' AIRFLOW_CTX_TASK_ID='fetch_historical_weather' AIRFLOW_CTX_EXECUTION_DATE='2024-12-05T07:17:11.444959+00:00' AIRFLOW_CTX_TRY_NUMBER='1' AIRFLOW_CTX_DAG_RUN_ID='manual__2024-12-05T07:17:11.444959+00:00'
[2024-12-05T07:17:20.996+0000] {taskinstance.py:430} INFO - ::endgroup::
[2024-12-05T07:17:21.899+0000] {python.py:237} INFO - Done. Returned value was:             Date  temperature_2m_max  ...  windspeed_10m_max  avg_temperature
0     2022-01-01                 8.0  ...               18.0             2.55
1     2022-01-02                 7.0  ...               11.8             1.35
2     2022-01-03                 5.5  ...               11.4             0.55
3     2022-01-04                 4.1  ...               11.7             1.30
4     2022-01-05                 4.8  ...               11.2             0.15
...          ...                 ...  ...                ...              ...
1065  2024-12-01                13.3  ...               25.6             9.00
1066  2024-12-02                 7.5  ...               19.6             2.70
1067  2024-12-03                 6.4  ...                9.3             2.15
1068  2024-12-04                 NaN  ...                NaN              NaN
1069  2024-12-05                 NaN  ...                NaN              NaN

[1070 rows x 7 columns]
[2024-12-05T07:17:21.980+0000] {taskinstance.py:441} INFO - ::group::Post task execution logs
[2024-12-05T07:17:22.313+0000] {taskinstance.py:1206} INFO - Marking task as SUCCESS. dag_id=complete-dag, task_id=fetch_historical_weather, run_id=manual__2024-12-05T07:17:11.444959+00:00, execution_date=20241205T071711, start_date=20241205T071719, end_date=20241205T071722
[2024-12-05T07:17:22.392+0000] {local_task_job_runner.py:240} INFO - Task exited with return code 0
[2024-12-05T07:17:22.417+0000] {local_task_job_runner.py:222} INFO - ::endgroup::
