[2024-11-26T18:07:12.950+0000] {local_task_job_runner.py:120} INFO - ::group::Pre task execution logs
[2024-11-26T18:07:12.977+0000] {taskinstance.py:2076} INFO - Dependencies all met for dep_context=non-requeueable deps ti=<TaskInstance: Electricity-Fetch-Load.load_electricity_data manual__2024-11-26T18:07:03.163230+00:00 [queued]>
[2024-11-26T18:07:12.984+0000] {taskinstance.py:2076} INFO - Dependencies all met for dep_context=requeueable deps ti=<TaskInstance: Electricity-Fetch-Load.load_electricity_data manual__2024-11-26T18:07:03.163230+00:00 [queued]>
[2024-11-26T18:07:12.984+0000] {taskinstance.py:2306} INFO - Starting attempt 1 of 1
[2024-11-26T18:07:12.995+0000] {taskinstance.py:2330} INFO - Executing <Task(_PythonDecoratedOperator): load_electricity_data> on 2024-11-26 18:07:03.163230+00:00
[2024-11-26T18:07:13.008+0000] {standard_task_runner.py:90} INFO - Running: ['***', 'tasks', 'run', 'Electricity-Fetch-Load', 'load_electricity_data', 'manual__2024-11-26T18:07:03.163230+00:00', '--job-id', '207', '--raw', '--subdir', 'DAGS_FOLDER/electricity-dag.py', '--cfg-path', '/tmp/tmpuzruoyo7']
[2024-11-26T18:07:13.010+0000] {standard_task_runner.py:91} INFO - Job 207: Subtask load_electricity_data
[2024-11-26T18:07:13.011+0000] {logging_mixin.py:188} WARNING - /home/***/.local/lib/python3.12/site-packages/***/task/task_runner/standard_task_runner.py:61 DeprecationWarning: This process (pid=736) is multi-threaded, use of fork() may lead to deadlocks in the child.
[2024-11-26T18:07:13.011+0000] {standard_task_runner.py:63} INFO - Started process 739 to run task
[2024-11-26T18:07:13.056+0000] {task_command.py:426} INFO - Running <TaskInstance: Electricity-Fetch-Load.load_electricity_data manual__2024-11-26T18:07:03.163230+00:00 [running]> on host fd43cd87157f
[2024-11-26T18:07:13.196+0000] {taskinstance.py:2648} INFO - Exporting env vars: AIRFLOW_CTX_DAG_OWNER='***' AIRFLOW_CTX_DAG_ID='Electricity-Fetch-Load' AIRFLOW_CTX_TASK_ID='load_electricity_data' AIRFLOW_CTX_EXECUTION_DATE='2024-11-26T18:07:03.163230+00:00' AIRFLOW_CTX_TRY_NUMBER='1' AIRFLOW_CTX_DAG_RUN_ID='manual__2024-11-26T18:07:03.163230+00:00'
[2024-11-26T18:07:13.197+0000] {taskinstance.py:430} INFO - ::endgroup::
[2024-11-26T18:07:13.470+0000] {cursor.py:1149} INFO - Number of results in first chunk: 1
[2024-11-26T18:07:13.958+0000] {cursor.py:1149} INFO - Number of results in first chunk: 1
[2024-11-26T18:07:14.902+0000] {logging_mixin.py:188} INFO - Error inserting electricity data: 002003 (42S02): 01b8a25f-0004-3863-0002-59530003163a: SQL compilation error:
Table 'ELECTRICITY_DATA' does not exist or not authorized.
[2024-11-26T18:07:15.017+0000] {cursor.py:1149} INFO - Number of results in first chunk: 1
[2024-11-26T18:07:15.018+0000] {python.py:237} INFO - Done. Returned value was: None
[2024-11-26T18:07:15.019+0000] {taskinstance.py:441} INFO - ::group::Post task execution logs
[2024-11-26T18:07:15.046+0000] {taskinstance.py:1206} INFO - Marking task as SUCCESS. dag_id=Electricity-Fetch-Load, task_id=load_electricity_data, run_id=manual__2024-11-26T18:07:03.163230+00:00, execution_date=20241126T180703, start_date=20241126T180712, end_date=20241126T180715
[2024-11-26T18:07:15.113+0000] {local_task_job_runner.py:240} INFO - Task exited with return code 0
[2024-11-26T18:07:15.136+0000] {taskinstance.py:3498} INFO - 0 downstream tasks scheduled from follow-on schedule check
[2024-11-26T18:07:15.141+0000] {local_task_job_runner.py:222} INFO - ::endgroup::
