[2024-11-29T21:04:17.948+0000] {local_task_job_runner.py:120} INFO - ::group::Pre task execution logs
[2024-11-29T21:04:17.989+0000] {taskinstance.py:2076} INFO - Dependencies all met for dep_context=non-requeueable deps ti=<TaskInstance: Electricity_predict.predict manual__2024-11-29T21:00:21.912677+00:00 [queued]>
[2024-11-29T21:04:17.996+0000] {taskinstance.py:2076} INFO - Dependencies all met for dep_context=requeueable deps ti=<TaskInstance: Electricity_predict.predict manual__2024-11-29T21:00:21.912677+00:00 [queued]>
[2024-11-29T21:04:17.997+0000] {taskinstance.py:2306} INFO - Starting attempt 1 of 1
[2024-11-29T21:04:18.012+0000] {taskinstance.py:2330} INFO - Executing <Task(_PythonDecoratedOperator): predict> on 2024-11-29 21:00:21.912677+00:00
[2024-11-29T21:04:18.024+0000] {standard_task_runner.py:90} INFO - Running: ['***', 'tasks', 'run', 'Electricity_predict', 'predict', 'manual__2024-11-29T21:00:21.912677+00:00', '--job-id', '290', '--raw', '--subdir', 'DAGS_FOLDER/energy_usage_prediction.py', '--cfg-path', '/tmp/tmp_x7mke5z']
[2024-11-29T21:04:18.024+0000] {logging_mixin.py:188} WARNING - /home/***/.local/lib/python3.12/site-packages/***/task/task_runner/standard_task_runner.py:61 DeprecationWarning: This process (pid=17502) is multi-threaded, use of fork() may lead to deadlocks in the child.
[2024-11-29T21:04:18.025+0000] {standard_task_runner.py:91} INFO - Job 290: Subtask predict
[2024-11-29T21:04:18.025+0000] {standard_task_runner.py:63} INFO - Started process 17515 to run task
[2024-11-29T21:04:18.068+0000] {task_command.py:426} INFO - Running <TaskInstance: Electricity_predict.predict manual__2024-11-29T21:00:21.912677+00:00 [running]> on host fd43cd87157f
[2024-11-29T21:04:18.156+0000] {taskinstance.py:2648} INFO - Exporting env vars: AIRFLOW_CTX_DAG_OWNER='***' AIRFLOW_CTX_DAG_ID='Electricity_predict' AIRFLOW_CTX_TASK_ID='predict' AIRFLOW_CTX_EXECUTION_DATE='2024-11-29T21:00:21.912677+00:00' AIRFLOW_CTX_TRY_NUMBER='1' AIRFLOW_CTX_DAG_RUN_ID='manual__2024-11-29T21:00:21.912677+00:00'
[2024-11-29T21:04:18.157+0000] {taskinstance.py:430} INFO - ::endgroup::
[2024-11-29T21:04:38.517+0000] {cursor.py:1149} INFO - Number of results in first chunk: 1
[2024-11-29T21:04:38.518+0000] {energy_usage_prediction.py:116} INFO - prediction created
[2024-11-29T21:04:39.230+0000] {cursor.py:1149} INFO - Number of results in first chunk: 1
[2024-11-29T21:04:39.231+0000] {energy_usage_prediction.py:118} INFO - Joined weather_forecast and electricity_forecast
[2024-11-29T21:04:40.049+0000] {cursor.py:1149} INFO - Number of results in first chunk: 1
[2024-11-29T21:04:40.050+0000] {energy_usage_prediction.py:120} INFO - Final table created
[2024-11-29T21:04:40.051+0000] {python.py:237} INFO - Done. Returned value was: None
[2024-11-29T21:04:40.054+0000] {taskinstance.py:441} INFO - ::group::Post task execution logs
[2024-11-29T21:04:40.070+0000] {taskinstance.py:1206} INFO - Marking task as SUCCESS. dag_id=Electricity_predict, task_id=predict, run_id=manual__2024-11-29T21:00:21.912677+00:00, execution_date=20241129T210021, start_date=20241129T210417, end_date=20241129T210440
[2024-11-29T21:04:40.121+0000] {local_task_job_runner.py:240} INFO - Task exited with return code 0
[2024-11-29T21:04:40.146+0000] {taskinstance.py:3498} INFO - 0 downstream tasks scheduled from follow-on schedule check
[2024-11-29T21:04:40.151+0000] {local_task_job_runner.py:222} INFO - ::endgroup::
