[2024-12-05T20:40:02.511+0000] {local_task_job_runner.py:120} INFO - ::group::Pre task execution logs
[2024-12-05T20:40:02.547+0000] {taskinstance.py:2076} INFO - Dependencies all met for dep_context=non-requeueable deps ti=<TaskInstance: complete-dag.fetch_electricity_data scheduled__2024-12-04T20:40:00+00:00 [queued]>
[2024-12-05T20:40:02.556+0000] {taskinstance.py:2076} INFO - Dependencies all met for dep_context=requeueable deps ti=<TaskInstance: complete-dag.fetch_electricity_data scheduled__2024-12-04T20:40:00+00:00 [queued]>
[2024-12-05T20:40:02.557+0000] {taskinstance.py:2306} INFO - Starting attempt 1 of 1
[2024-12-05T20:40:02.573+0000] {taskinstance.py:2330} INFO - Executing <Task(_PythonDecoratedOperator): fetch_electricity_data> on 2024-12-04 20:40:00+00:00
[2024-12-05T20:40:02.586+0000] {standard_task_runner.py:90} INFO - Running: ['***', 'tasks', 'run', 'complete-dag', 'fetch_electricity_data', 'scheduled__2024-12-04T20:40:00+00:00', '--job-id', '566', '--raw', '--subdir', 'DAGS_FOLDER/complete_dag.py', '--cfg-path', '/tmp/tmpz730scp9']
[2024-12-05T20:40:02.588+0000] {standard_task_runner.py:91} INFO - Job 566: Subtask fetch_electricity_data
[2024-12-05T20:40:02.591+0000] {logging_mixin.py:188} WARNING - /home/***/.local/lib/python3.12/site-packages/***/task/task_runner/standard_task_runner.py:61 DeprecationWarning: This process (pid=862) is multi-threaded, use of fork() may lead to deadlocks in the child.
[2024-12-05T20:40:02.592+0000] {standard_task_runner.py:63} INFO - Started process 871 to run task
[2024-12-05T20:40:02.643+0000] {task_command.py:426} INFO - Running <TaskInstance: complete-dag.fetch_electricity_data scheduled__2024-12-04T20:40:00+00:00 [running]> on host e060654747dc
[2024-12-05T20:40:02.769+0000] {taskinstance.py:2648} INFO - Exporting env vars: AIRFLOW_CTX_DAG_OWNER='***' AIRFLOW_CTX_DAG_ID='complete-dag' AIRFLOW_CTX_TASK_ID='fetch_electricity_data' AIRFLOW_CTX_EXECUTION_DATE='2024-12-04T20:40:00+00:00' AIRFLOW_CTX_TRY_NUMBER='1' AIRFLOW_CTX_DAG_RUN_ID='scheduled__2024-12-04T20:40:00+00:00'
[2024-12-05T20:40:02.770+0000] {taskinstance.py:430} INFO - ::endgroup::
[2024-12-05T20:40:06.050+0000] {logging_mixin.py:188} INFO -        period subba  ...   value    value-units
0  2024-12-04  PGAE  ...  264374  megawatthours
1  2024-12-04   SCE  ...  277085  megawatthours
2  2024-12-04  SDGE  ...   52519  megawatthours
3  2024-12-04   VEA  ...    2416  megawatthours
4  2024-12-03  PGAE  ...  264943  megawatthours

[5 rows x 8 columns]
[2024-12-05T20:40:06.053+0000] {python.py:237} INFO - Done. Returned value was:           period subba  ...   value    value-units
0     2024-12-04  PGAE  ...  264374  megawatthours
1     2024-12-04   SCE  ...  277085  megawatthours
2     2024-12-04  SDGE  ...   52519  megawatthours
3     2024-12-04   VEA  ...    2416  megawatthours
4     2024-12-03  PGAE  ...  264943  megawatthours
...          ...   ...  ...     ...            ...
4261  2022-01-02   VEA  ...    2332  megawatthours
4262  2022-01-01  PGAE  ...  249179  megawatthours
4263  2022-01-01   SCE  ...  234915  megawatthours
4264  2022-01-01  SDGE  ...   44717  megawatthours
4265  2022-01-01   VEA  ...    2228  megawatthours

[4266 rows x 8 columns]
[2024-12-05T20:40:06.093+0000] {taskinstance.py:441} INFO - ::group::Post task execution logs
[2024-12-05T20:40:06.154+0000] {taskinstance.py:1206} INFO - Marking task as SUCCESS. dag_id=complete-dag, task_id=fetch_electricity_data, run_id=scheduled__2024-12-04T20:40:00+00:00, execution_date=20241204T204000, start_date=20241205T204002, end_date=20241205T204006
[2024-12-05T20:40:06.225+0000] {local_task_job_runner.py:240} INFO - Task exited with return code 0
[2024-12-05T20:40:06.235+0000] {local_task_job_runner.py:222} INFO - ::endgroup::
