[2024-12-05T07:51:38.930+0000] {local_task_job_runner.py:120} INFO - ::group::Pre task execution logs
[2024-12-05T07:51:38.987+0000] {taskinstance.py:2076} INFO - Dependencies all met for dep_context=non-requeueable deps ti=<TaskInstance: complete-dag.train manual__2024-12-05T07:50:46.857852+00:00 [queued]>
[2024-12-05T07:51:39.003+0000] {taskinstance.py:2076} INFO - Dependencies all met for dep_context=requeueable deps ti=<TaskInstance: complete-dag.train manual__2024-12-05T07:50:46.857852+00:00 [queued]>
[2024-12-05T07:51:39.041+0000] {taskinstance.py:2306} INFO - Starting attempt 1 of 1
[2024-12-05T07:51:39.059+0000] {taskinstance.py:2330} INFO - Executing <Task(_PythonDecoratedOperator): train> on 2024-12-05 07:50:46.857852+00:00
[2024-12-05T07:51:39.073+0000] {logging_mixin.py:188} WARNING - /home/***/.local/lib/python3.12/site-packages/***/task/task_runner/standard_task_runner.py:61 DeprecationWarning: This process (pid=2373) is multi-threaded, use of fork() may lead to deadlocks in the child.
[2024-12-05T07:51:39.072+0000] {standard_task_runner.py:90} INFO - Running: ['***', 'tasks', 'run', 'complete-dag', 'train', 'manual__2024-12-05T07:50:46.857852+00:00', '--job-id', '546', '--raw', '--subdir', 'DAGS_FOLDER/complete_dag.py', '--cfg-path', '/tmp/tmp79fsplpe']
[2024-12-05T07:51:39.075+0000] {standard_task_runner.py:63} INFO - Started process 2376 to run task
[2024-12-05T07:51:39.075+0000] {standard_task_runner.py:91} INFO - Job 546: Subtask train
[2024-12-05T07:51:39.145+0000] {task_command.py:426} INFO - Running <TaskInstance: complete-dag.train manual__2024-12-05T07:50:46.857852+00:00 [running]> on host e060654747dc
[2024-12-05T07:51:39.278+0000] {taskinstance.py:2648} INFO - Exporting env vars: AIRFLOW_CTX_DAG_OWNER='***' AIRFLOW_CTX_DAG_ID='complete-dag' AIRFLOW_CTX_TASK_ID='train' AIRFLOW_CTX_EXECUTION_DATE='2024-12-05T07:50:46.857852+00:00' AIRFLOW_CTX_TRY_NUMBER='1' AIRFLOW_CTX_DAG_RUN_ID='manual__2024-12-05T07:50:46.857852+00:00'
[2024-12-05T07:51:39.280+0000] {taskinstance.py:430} INFO - ::endgroup::
[2024-12-05T07:51:39.675+0000] {cursor.py:1149} INFO - Number of results in first chunk: 1
[2024-12-05T07:51:39.677+0000] {complete_dag.py:260} INFO - View created
[2024-12-05T07:56:02.545+0000] {cursor.py:1149} INFO - Number of results in first chunk: 1
[2024-12-05T07:56:02.578+0000] {complete_dag.py:262} INFO - Model for training created
[2024-12-05T07:56:04.259+0000] {cursor.py:1149} INFO - Number of results in first chunk: 28
[2024-12-05T07:56:04.264+0000] {python.py:237} INFO - Done. Returned value was: True
[2024-12-05T07:56:04.269+0000] {taskinstance.py:441} INFO - ::group::Post task execution logs
[2024-12-05T07:56:04.402+0000] {taskinstance.py:1206} INFO - Marking task as SUCCESS. dag_id=complete-dag, task_id=train, run_id=manual__2024-12-05T07:50:46.857852+00:00, execution_date=20241205T075046, start_date=20241205T075138, end_date=20241205T075604
[2024-12-05T07:56:04.480+0000] {local_task_job_runner.py:240} INFO - Task exited with return code 0
[2024-12-05T07:56:04.531+0000] {local_task_job_runner.py:222} INFO - ::endgroup::
