[2024-11-30T05:28:52.510+0000] {local_task_job_runner.py:120} INFO - ::group::Pre task execution logs
[2024-11-30T05:28:52.543+0000] {taskinstance.py:2076} INFO - Dependencies all met for dep_context=non-requeueable deps ti=<TaskInstance: dbt-dag.dbt_snapshot manual__2024-11-30T05:28:27.483465+00:00 [queued]>
[2024-11-30T05:28:52.552+0000] {taskinstance.py:2076} INFO - Dependencies all met for dep_context=requeueable deps ti=<TaskInstance: dbt-dag.dbt_snapshot manual__2024-11-30T05:28:27.483465+00:00 [queued]>
[2024-11-30T05:28:52.553+0000] {taskinstance.py:2306} INFO - Starting attempt 1 of 1
[2024-11-30T05:28:52.571+0000] {taskinstance.py:2330} INFO - Executing <Task(BashOperator): dbt_snapshot> on 2024-11-30 05:28:27.483465+00:00
[2024-11-30T05:28:52.580+0000] {standard_task_runner.py:90} INFO - Running: ['***', 'tasks', 'run', 'dbt-dag', 'dbt_snapshot', 'manual__2024-11-30T05:28:27.483465+00:00', '--job-id', '332', '--raw', '--subdir', 'DAGS_FOLDER/dbt-dag.py', '--cfg-path', '/tmp/tmp5ggv6cff']
[2024-11-30T05:28:52.582+0000] {standard_task_runner.py:91} INFO - Job 332: Subtask dbt_snapshot
[2024-11-30T05:28:52.597+0000] {logging_mixin.py:188} WARNING - /home/***/.local/lib/python3.12/site-packages/***/task/task_runner/standard_task_runner.py:61 DeprecationWarning: This process (pid=4391) is multi-threaded, use of fork() may lead to deadlocks in the child.
[2024-11-30T05:28:52.598+0000] {standard_task_runner.py:63} INFO - Started process 4392 to run task
[2024-11-30T05:28:52.626+0000] {task_command.py:426} INFO - Running <TaskInstance: dbt-dag.dbt_snapshot manual__2024-11-30T05:28:27.483465+00:00 [running]> on host b09a94790db6
[2024-11-30T05:28:52.769+0000] {taskinstance.py:2648} INFO - Exporting env vars: AIRFLOW_CTX_DAG_OWNER='***' AIRFLOW_CTX_DAG_ID='dbt-dag' AIRFLOW_CTX_TASK_ID='dbt_snapshot' AIRFLOW_CTX_EXECUTION_DATE='2024-11-30T05:28:27.483465+00:00' AIRFLOW_CTX_TRY_NUMBER='1' AIRFLOW_CTX_DAG_RUN_ID='manual__2024-11-30T05:28:27.483465+00:00'
[2024-11-30T05:28:52.770+0000] {taskinstance.py:430} INFO - ::endgroup::
[2024-11-30T05:28:52.785+0000] {subprocess.py:63} INFO - Tmp dir root location: /tmp
[2024-11-30T05:28:52.788+0000] {subprocess.py:75} INFO - Running command: ['/usr/bin/bash', '-c', '/home/***/.local/bin/dbt snapshot --profiles-dir /opt/***/dbt --project-dir /opt/***/dbt']
[2024-11-30T05:28:52.805+0000] {subprocess.py:86} INFO - Output:
[2024-11-30T05:28:54.915+0000] {subprocess.py:93} INFO - [0m05:28:54  Running with dbt=1.8.7
[2024-11-30T05:28:56.068+0000] {subprocess.py:93} INFO - [0m05:28:56  Registered adapter: snowflake=1.8.4
[2024-11-30T05:28:56.732+0000] {subprocess.py:93} INFO - [0m05:28:56  Found 7 models, 1 test, 4 sources, 459 macros
[2024-11-30T05:28:56.736+0000] {subprocess.py:93} INFO - [0m05:28:56
[2024-11-30T05:28:56.737+0000] {subprocess.py:93} INFO - [0m05:28:56  Nothing to do. Try checking your model configs and model specification args
[2024-11-30T05:28:58.773+0000] {subprocess.py:97} INFO - Command exited with return code 0
[2024-11-30T05:28:58.774+0000] {taskinstance.py:441} INFO - ::group::Post task execution logs
[2024-11-30T05:28:58.801+0000] {taskinstance.py:1206} INFO - Marking task as SUCCESS. dag_id=dbt-dag, task_id=dbt_snapshot, run_id=manual__2024-11-30T05:28:27.483465+00:00, execution_date=20241130T052827, start_date=20241130T052852, end_date=20241130T052858
[2024-11-30T05:28:58.832+0000] {local_task_job_runner.py:240} INFO - Task exited with return code 0
[2024-11-30T05:28:58.850+0000] {taskinstance.py:3498} INFO - 0 downstream tasks scheduled from follow-on schedule check
[2024-11-30T05:28:58.853+0000] {local_task_job_runner.py:222} INFO - ::endgroup::
