[2024-12-03T01:29:45.384+0000] {local_task_job_runner.py:120} INFO - ::group::Pre task execution logs
[2024-12-03T01:29:45.441+0000] {taskinstance.py:2076} INFO - Dependencies all met for dep_context=non-requeueable deps ti=<TaskInstance: complete-dag.fetch_forecast_weather scheduled__2024-12-01T20:40:00+00:00 [queued]>
[2024-12-03T01:29:45.454+0000] {taskinstance.py:2076} INFO - Dependencies all met for dep_context=requeueable deps ti=<TaskInstance: complete-dag.fetch_forecast_weather scheduled__2024-12-01T20:40:00+00:00 [queued]>
[2024-12-03T01:29:45.456+0000] {taskinstance.py:2306} INFO - Starting attempt 1 of 1
[2024-12-03T01:29:45.479+0000] {taskinstance.py:2330} INFO - Executing <Task(_PythonDecoratedOperator): fetch_forecast_weather> on 2024-12-01 20:40:00+00:00
[2024-12-03T01:29:45.517+0000] {standard_task_runner.py:90} INFO - Running: ['***', 'tasks', 'run', 'complete-dag', 'fetch_forecast_weather', 'scheduled__2024-12-01T20:40:00+00:00', '--job-id', '449', '--raw', '--subdir', 'DAGS_FOLDER/complete_dag.py', '--cfg-path', '/tmp/tmp2ts790ax']
[2024-12-03T01:29:45.522+0000] {standard_task_runner.py:91} INFO - Job 449: Subtask fetch_forecast_weather
[2024-12-03T01:29:45.526+0000] {logging_mixin.py:188} WARNING - /home/***/.local/lib/python3.12/site-packages/***/task/task_runner/standard_task_runner.py:61 DeprecationWarning: This process (pid=243) is multi-threaded, use of fork() may lead to deadlocks in the child.
[2024-12-03T01:29:45.527+0000] {standard_task_runner.py:63} INFO - Started process 254 to run task
[2024-12-03T01:29:45.623+0000] {task_command.py:426} INFO - Running <TaskInstance: complete-dag.fetch_forecast_weather scheduled__2024-12-01T20:40:00+00:00 [running]> on host e060654747dc
[2024-12-03T01:29:45.802+0000] {taskinstance.py:2648} INFO - Exporting env vars: AIRFLOW_CTX_DAG_OWNER='***' AIRFLOW_CTX_DAG_ID='complete-dag' AIRFLOW_CTX_TASK_ID='fetch_forecast_weather' AIRFLOW_CTX_EXECUTION_DATE='2024-12-01T20:40:00+00:00' AIRFLOW_CTX_TRY_NUMBER='1' AIRFLOW_CTX_DAG_RUN_ID='scheduled__2024-12-01T20:40:00+00:00'
[2024-12-03T01:29:45.804+0000] {taskinstance.py:430} INFO - ::endgroup::
[2024-12-03T01:29:47.066+0000] {python.py:237} INFO - Done. Returned value was:          Date  temperature_2m_max  ...  windspeed_10m_max  avg_temperature
0  2024-12-02                 7.9  ...               18.2             3.00
1  2024-12-03                 7.9  ...                6.2             3.20
2  2024-12-04                 9.1  ...               16.9             4.10
3  2024-12-05                 8.0  ...               17.4             3.60
4  2024-12-06                 5.6  ...               14.4             1.15
5  2024-12-07                 5.2  ...               17.8             0.80
6  2024-12-08                 6.1  ...                9.3             0.75

[7 rows x 7 columns]
[2024-12-03T01:29:47.105+0000] {taskinstance.py:441} INFO - ::group::Post task execution logs
[2024-12-03T01:29:47.175+0000] {taskinstance.py:1206} INFO - Marking task as SUCCESS. dag_id=complete-dag, task_id=fetch_forecast_weather, run_id=scheduled__2024-12-01T20:40:00+00:00, execution_date=20241201T204000, start_date=20241203T012945, end_date=20241203T012947
[2024-12-03T01:29:47.230+0000] {local_task_job_runner.py:240} INFO - Task exited with return code 0
[2024-12-03T01:29:47.249+0000] {local_task_job_runner.py:222} INFO - ::endgroup::
