[2024-11-28T20:30:10.034+0000] {local_task_job_runner.py:120} INFO - ::group::Pre task execution logs
[2024-11-28T20:30:10.065+0000] {taskinstance.py:2076} INFO - Dependencies all met for dep_context=non-requeueable deps ti=<TaskInstance: Electricity-Fetch-Load.load_electricity_data scheduled__2024-11-27T20:30:00+00:00 [queued]>
[2024-11-28T20:30:10.073+0000] {taskinstance.py:2076} INFO - Dependencies all met for dep_context=requeueable deps ti=<TaskInstance: Electricity-Fetch-Load.load_electricity_data scheduled__2024-11-27T20:30:00+00:00 [queued]>
[2024-11-28T20:30:10.074+0000] {taskinstance.py:2306} INFO - Starting attempt 1 of 1
[2024-11-28T20:30:10.087+0000] {taskinstance.py:2330} INFO - Executing <Task(_PythonDecoratedOperator): load_electricity_data> on 2024-11-27 20:30:00+00:00
[2024-11-28T20:30:10.098+0000] {standard_task_runner.py:90} INFO - Running: ['***', 'tasks', 'run', 'Electricity-Fetch-Load', 'load_electricity_data', 'scheduled__2024-11-27T20:30:00+00:00', '--job-id', '246', '--raw', '--subdir', 'DAGS_FOLDER/electricity-dag.py', '--cfg-path', '/tmp/tmpt8_k7icp']
[2024-11-28T20:30:10.102+0000] {standard_task_runner.py:91} INFO - Job 246: Subtask load_electricity_data
[2024-11-28T20:30:10.103+0000] {logging_mixin.py:188} WARNING - /home/***/.local/lib/python3.12/site-packages/***/task/task_runner/standard_task_runner.py:61 DeprecationWarning: This process (pid=1287) is multi-threaded, use of fork() may lead to deadlocks in the child.
[2024-11-28T20:30:10.104+0000] {standard_task_runner.py:63} INFO - Started process 1312 to run task
[2024-11-28T20:30:10.166+0000] {task_command.py:426} INFO - Running <TaskInstance: Electricity-Fetch-Load.load_electricity_data scheduled__2024-11-27T20:30:00+00:00 [running]> on host fd43cd87157f
[2024-11-28T20:30:10.742+0000] {taskinstance.py:2648} INFO - Exporting env vars: AIRFLOW_CTX_DAG_OWNER='***' AIRFLOW_CTX_DAG_ID='Electricity-Fetch-Load' AIRFLOW_CTX_TASK_ID='load_electricity_data' AIRFLOW_CTX_EXECUTION_DATE='2024-11-27T20:30:00+00:00' AIRFLOW_CTX_TRY_NUMBER='1' AIRFLOW_CTX_DAG_RUN_ID='scheduled__2024-11-27T20:30:00+00:00'
[2024-11-28T20:30:10.747+0000] {taskinstance.py:430} INFO - ::endgroup::
[2024-11-28T20:30:11.118+0000] {cursor.py:1149} INFO - Number of results in first chunk: 1
[2024-11-28T20:30:11.527+0000] {cursor.py:1149} INFO - Number of results in first chunk: 1
[2024-11-28T20:30:13.607+0000] {cursor.py:1149} INFO - Number of results in first chunk: 1
[2024-11-28T20:30:13.608+0000] {python.py:237} INFO - Done. Returned value was: None
[2024-11-28T20:30:13.608+0000] {taskinstance.py:441} INFO - ::group::Post task execution logs
[2024-11-28T20:30:13.618+0000] {taskinstance.py:1206} INFO - Marking task as SUCCESS. dag_id=Electricity-Fetch-Load, task_id=load_electricity_data, run_id=scheduled__2024-11-27T20:30:00+00:00, execution_date=20241127T203000, start_date=20241128T203010, end_date=20241128T203013
[2024-11-28T20:30:13.658+0000] {local_task_job_runner.py:240} INFO - Task exited with return code 0
[2024-11-28T20:30:13.675+0000] {taskinstance.py:3498} INFO - 0 downstream tasks scheduled from follow-on schedule check
[2024-11-28T20:30:13.679+0000] {local_task_job_runner.py:222} INFO - ::endgroup::
