[2024-11-30T05:01:54.244+0000] {local_task_job_runner.py:120} INFO - ::group::Pre task execution logs
[2024-11-30T05:01:54.293+0000] {taskinstance.py:2076} INFO - Dependencies all met for dep_context=non-requeueable deps ti=<TaskInstance: complete-dag.fetch_forecast_weather manual__2024-11-30T05:01:46.054413+00:00 [queued]>
[2024-11-30T05:01:54.302+0000] {taskinstance.py:2076} INFO - Dependencies all met for dep_context=requeueable deps ti=<TaskInstance: complete-dag.fetch_forecast_weather manual__2024-11-30T05:01:46.054413+00:00 [queued]>
[2024-11-30T05:01:54.303+0000] {taskinstance.py:2306} INFO - Starting attempt 1 of 1
[2024-11-30T05:01:54.320+0000] {taskinstance.py:2330} INFO - Executing <Task(_PythonDecoratedOperator): fetch_forecast_weather> on 2024-11-30 05:01:46.054413+00:00
[2024-11-30T05:01:54.341+0000] {standard_task_runner.py:90} INFO - Running: ['***', 'tasks', 'run', 'complete-dag', 'fetch_forecast_weather', 'manual__2024-11-30T05:01:46.054413+00:00', '--job-id', '306', '--raw', '--subdir', 'DAGS_FOLDER/complete_dag.py', '--cfg-path', '/tmp/tmp62hyqnk4']
[2024-11-30T05:01:54.343+0000] {standard_task_runner.py:91} INFO - Job 306: Subtask fetch_forecast_weather
[2024-11-30T05:01:54.344+0000] {logging_mixin.py:188} WARNING - /home/***/.local/lib/python3.12/site-packages/***/task/task_runner/standard_task_runner.py:61 DeprecationWarning: This process (pid=1727) is multi-threaded, use of fork() may lead to deadlocks in the child.
[2024-11-30T05:01:54.344+0000] {standard_task_runner.py:63} INFO - Started process 1758 to run task
[2024-11-30T05:01:54.402+0000] {task_command.py:426} INFO - Running <TaskInstance: complete-dag.fetch_forecast_weather manual__2024-11-30T05:01:46.054413+00:00 [running]> on host b09a94790db6
[2024-11-30T05:01:54.478+0000] {taskinstance.py:2648} INFO - Exporting env vars: AIRFLOW_CTX_DAG_OWNER='***' AIRFLOW_CTX_DAG_ID='complete-dag' AIRFLOW_CTX_TASK_ID='fetch_forecast_weather' AIRFLOW_CTX_EXECUTION_DATE='2024-11-30T05:01:46.054413+00:00' AIRFLOW_CTX_TRY_NUMBER='1' AIRFLOW_CTX_DAG_RUN_ID='manual__2024-11-30T05:01:46.054413+00:00'
[2024-11-30T05:01:54.479+0000] {taskinstance.py:430} INFO - ::endgroup::
[2024-11-30T05:01:56.334+0000] {python.py:237} INFO - Done. Returned value was:          Date  temperature_2m_max  ...  windspeed_10m_max  avg_temperature
0  2024-11-29                16.0  ...               13.5             9.60
1  2024-11-30                15.6  ...               11.3            10.80
2  2024-12-01                15.1  ...               24.1             9.45
3  2024-12-02                 6.7  ...               20.3             2.85
4  2024-12-03                 8.3  ...                3.7             2.90
5  2024-12-04                 8.8  ...               13.0             4.40
6  2024-12-05                10.2  ...               14.3             4.30

[7 rows x 7 columns]
[2024-11-30T05:01:56.358+0000] {taskinstance.py:441} INFO - ::group::Post task execution logs
[2024-11-30T05:01:56.445+0000] {taskinstance.py:1206} INFO - Marking task as SUCCESS. dag_id=complete-dag, task_id=fetch_forecast_weather, run_id=manual__2024-11-30T05:01:46.054413+00:00, execution_date=20241130T050146, start_date=20241130T050154, end_date=20241130T050156
[2024-11-30T05:01:56.486+0000] {local_task_job_runner.py:240} INFO - Task exited with return code 0
[2024-11-30T05:01:56.497+0000] {local_task_job_runner.py:222} INFO - ::endgroup::
