[2024-12-05T20:40:35.327+0000] {local_task_job_runner.py:120} INFO - ::group::Pre task execution logs
[2024-12-05T20:40:35.354+0000] {taskinstance.py:2076} INFO - Dependencies all met for dep_context=non-requeueable deps ti=<TaskInstance: complete-dag.dbt_snapshot scheduled__2024-12-04T20:40:00+00:00 [queued]>
[2024-12-05T20:40:35.361+0000] {taskinstance.py:2076} INFO - Dependencies all met for dep_context=requeueable deps ti=<TaskInstance: complete-dag.dbt_snapshot scheduled__2024-12-04T20:40:00+00:00 [queued]>
[2024-12-05T20:40:35.361+0000] {taskinstance.py:2306} INFO - Starting attempt 1 of 1
[2024-12-05T20:40:35.374+0000] {taskinstance.py:2330} INFO - Executing <Task(BashOperator): dbt_snapshot> on 2024-12-04 20:40:00+00:00
[2024-12-05T20:40:35.383+0000] {standard_task_runner.py:90} INFO - Running: ['***', 'tasks', 'run', 'complete-dag', 'dbt_snapshot', 'scheduled__2024-12-04T20:40:00+00:00', '--job-id', '574', '--raw', '--subdir', 'DAGS_FOLDER/complete_dag.py', '--cfg-path', '/tmp/tmpkpuu0p7l']
[2024-12-05T20:40:35.384+0000] {standard_task_runner.py:91} INFO - Job 574: Subtask dbt_snapshot
[2024-12-05T20:40:35.386+0000] {logging_mixin.py:188} WARNING - /home/***/.local/lib/python3.12/site-packages/***/task/task_runner/standard_task_runner.py:61 DeprecationWarning: This process (pid=981) is multi-threaded, use of fork() may lead to deadlocks in the child.
[2024-12-05T20:40:35.386+0000] {standard_task_runner.py:63} INFO - Started process 984 to run task
[2024-12-05T20:40:35.424+0000] {task_command.py:426} INFO - Running <TaskInstance: complete-dag.dbt_snapshot scheduled__2024-12-04T20:40:00+00:00 [running]> on host e060654747dc
[2024-12-05T20:40:35.541+0000] {taskinstance.py:2648} INFO - Exporting env vars: AIRFLOW_CTX_DAG_OWNER='***' AIRFLOW_CTX_DAG_ID='complete-dag' AIRFLOW_CTX_TASK_ID='dbt_snapshot' AIRFLOW_CTX_EXECUTION_DATE='2024-12-04T20:40:00+00:00' AIRFLOW_CTX_TRY_NUMBER='1' AIRFLOW_CTX_DAG_RUN_ID='scheduled__2024-12-04T20:40:00+00:00'
[2024-12-05T20:40:35.542+0000] {taskinstance.py:430} INFO - ::endgroup::
[2024-12-05T20:40:35.543+0000] {subprocess.py:63} INFO - Tmp dir root location: /tmp
[2024-12-05T20:40:35.545+0000] {subprocess.py:75} INFO - Running command: ['/usr/bin/bash', '-c', '/home/***/.local/bin/dbt snapshot --profiles-dir /opt/***/dbt --project-dir /opt/***/dbt']
[2024-12-05T20:40:35.557+0000] {subprocess.py:86} INFO - Output:
[2024-12-05T20:40:37.709+0000] {subprocess.py:93} INFO - [0m20:40:37  Running with dbt=1.8.7
[2024-12-05T20:40:38.726+0000] {subprocess.py:93} INFO - [0m20:40:38  Registered adapter: snowflake=1.8.4
[2024-12-05T20:40:39.333+0000] {subprocess.py:93} INFO - [0m20:40:39  Found 5 models, 1 test, 2 snapshots, 4 sources, 459 macros
[2024-12-05T20:40:39.338+0000] {subprocess.py:93} INFO - [0m20:40:39
[2024-12-05T20:40:41.207+0000] {subprocess.py:93} INFO - [0m20:40:41  Concurrency: 1 threads (target='dev')
[2024-12-05T20:40:41.208+0000] {subprocess.py:93} INFO - [0m20:40:41
[2024-12-05T20:40:41.219+0000] {subprocess.py:93} INFO - [0m20:40:41  1 of 2 START snapshot snapshot.electricity_weather_historical_snapshot ......... [RUN]
[2024-12-05T20:40:45.060+0000] {subprocess.py:93} INFO - [0m20:40:45  1 of 2 OK snapshotted snapshot.electricity_weather_historical_snapshot ......... [[32mSUCCESS 0[0m in 3.84s]
[2024-12-05T20:40:45.063+0000] {subprocess.py:93} INFO - [0m20:40:45  2 of 2 START snapshot snapshot.weather_forecast_snapshot ....................... [RUN]
[2024-12-05T20:40:48.859+0000] {subprocess.py:93} INFO - [0m20:40:48  2 of 2 OK snapshotted snapshot.weather_forecast_snapshot ....................... [[32mSUCCESS 0[0m in 3.79s]
[2024-12-05T20:40:48.865+0000] {subprocess.py:93} INFO - [0m20:40:48
[2024-12-05T20:40:48.866+0000] {subprocess.py:93} INFO - [0m20:40:48  Finished running 2 snapshots in 0 hours 0 minutes and 9.53 seconds (9.53s).
[2024-12-05T20:40:48.918+0000] {subprocess.py:93} INFO - [0m20:40:48
[2024-12-05T20:40:48.919+0000] {subprocess.py:93} INFO - [0m20:40:48  [32mCompleted successfully[0m
[2024-12-05T20:40:48.920+0000] {subprocess.py:93} INFO - [0m20:40:48
[2024-12-05T20:40:48.921+0000] {subprocess.py:93} INFO - [0m20:40:48  Done. PASS=2 WARN=0 ERROR=0 SKIP=0 TOTAL=2
[2024-12-05T20:40:49.678+0000] {subprocess.py:97} INFO - Command exited with return code 0
[2024-12-05T20:40:49.679+0000] {taskinstance.py:441} INFO - ::group::Post task execution logs
[2024-12-05T20:40:49.712+0000] {taskinstance.py:1206} INFO - Marking task as SUCCESS. dag_id=complete-dag, task_id=dbt_snapshot, run_id=scheduled__2024-12-04T20:40:00+00:00, execution_date=20241204T204000, start_date=20241205T204035, end_date=20241205T204049
[2024-12-05T20:40:49.750+0000] {local_task_job_runner.py:240} INFO - Task exited with return code 0
[2024-12-05T20:40:49.760+0000] {local_task_job_runner.py:222} INFO - ::endgroup::
