[2024-11-30T04:55:44.023+0000] {local_task_job_runner.py:120} INFO - ::group::Pre task execution logs
[2024-11-30T04:55:44.079+0000] {taskinstance.py:2076} INFO - Dependencies all met for dep_context=non-requeueable deps ti=<TaskInstance: complete-dag.load_electricity_data scheduled__2024-11-28T20:40:00+00:00 [queued]>
[2024-11-30T04:55:44.097+0000] {taskinstance.py:2076} INFO - Dependencies all met for dep_context=requeueable deps ti=<TaskInstance: complete-dag.load_electricity_data scheduled__2024-11-28T20:40:00+00:00 [queued]>
[2024-11-30T04:55:44.098+0000] {taskinstance.py:2306} INFO - Starting attempt 1 of 1
[2024-11-30T04:55:44.117+0000] {taskinstance.py:2330} INFO - Executing <Task(_PythonDecoratedOperator): load_electricity_data> on 2024-11-28 20:40:00+00:00
[2024-11-30T04:55:44.132+0000] {standard_task_runner.py:90} INFO - Running: ['***', 'tasks', 'run', 'complete-dag', 'load_electricity_data', 'scheduled__2024-11-28T20:40:00+00:00', '--job-id', '298', '--raw', '--subdir', 'DAGS_FOLDER/complete_dag.py', '--cfg-path', '/tmp/tmpwjjd9gn8']
[2024-11-30T04:55:44.136+0000] {standard_task_runner.py:91} INFO - Job 298: Subtask load_electricity_data
[2024-11-30T04:55:44.139+0000] {logging_mixin.py:188} WARNING - /home/***/.local/lib/python3.12/site-packages/***/task/task_runner/standard_task_runner.py:61 DeprecationWarning: This process (pid=1160) is multi-threaded, use of fork() may lead to deadlocks in the child.
[2024-11-30T04:55:44.140+0000] {standard_task_runner.py:63} INFO - Started process 1178 to run task
[2024-11-30T04:55:44.243+0000] {task_command.py:426} INFO - Running <TaskInstance: complete-dag.load_electricity_data scheduled__2024-11-28T20:40:00+00:00 [running]> on host b09a94790db6
[2024-11-30T04:55:45.314+0000] {taskinstance.py:2648} INFO - Exporting env vars: AIRFLOW_CTX_DAG_OWNER='***' AIRFLOW_CTX_DAG_ID='complete-dag' AIRFLOW_CTX_TASK_ID='load_electricity_data' AIRFLOW_CTX_EXECUTION_DATE='2024-11-28T20:40:00+00:00' AIRFLOW_CTX_TRY_NUMBER='1' AIRFLOW_CTX_DAG_RUN_ID='scheduled__2024-11-28T20:40:00+00:00'
[2024-11-30T04:55:45.316+0000] {taskinstance.py:430} INFO - ::endgroup::
[2024-11-30T04:55:45.526+0000] {cursor.py:1149} INFO - Number of results in first chunk: 1
[2024-11-30T04:55:45.890+0000] {cursor.py:1149} INFO - Number of results in first chunk: 1
[2024-11-30T04:55:49.869+0000] {cursor.py:1149} INFO - Number of results in first chunk: 1
[2024-11-30T04:55:49.870+0000] {python.py:237} INFO - Done. Returned value was: None
[2024-11-30T04:55:49.871+0000] {taskinstance.py:441} INFO - ::group::Post task execution logs
[2024-11-30T04:55:49.883+0000] {taskinstance.py:1206} INFO - Marking task as SUCCESS. dag_id=complete-dag, task_id=load_electricity_data, run_id=scheduled__2024-11-28T20:40:00+00:00, execution_date=20241128T204000, start_date=20241130T045544, end_date=20241130T045549
[2024-11-30T04:55:49.941+0000] {local_task_job_runner.py:240} INFO - Task exited with return code 0
[2024-11-30T04:55:49.953+0000] {local_task_job_runner.py:222} INFO - ::endgroup::
