[2024-11-30T07:59:31.661+0000] {local_task_job_runner.py:120} INFO - ::group::Pre task execution logs
[2024-11-30T07:59:31.994+0000] {taskinstance.py:2076} INFO - Dependencies all met for dep_context=non-requeueable deps ti=<TaskInstance: dbt-viz-dag.dbt_run manual__2024-11-30T07:59:26.251973+00:00 [queued]>
[2024-11-30T07:59:32.019+0000] {taskinstance.py:2076} INFO - Dependencies all met for dep_context=requeueable deps ti=<TaskInstance: dbt-viz-dag.dbt_run manual__2024-11-30T07:59:26.251973+00:00 [queued]>
[2024-11-30T07:59:32.021+0000] {taskinstance.py:2306} INFO - Starting attempt 1 of 1
[2024-11-30T07:59:32.068+0000] {taskinstance.py:2330} INFO - Executing <Task(BashOperator): dbt_run> on 2024-11-30 07:59:26.251973+00:00
[2024-11-30T07:59:32.088+0000] {standard_task_runner.py:90} INFO - Running: ['***', 'tasks', 'run', 'dbt-viz-dag', 'dbt_run', 'manual__2024-11-30T07:59:26.251973+00:00', '--job-id', '393', '--raw', '--subdir', 'DAGS_FOLDER/dbt-viz-dag.py', '--cfg-path', '/tmp/tmp8tb7l5s5']
[2024-11-30T07:59:32.092+0000] {standard_task_runner.py:91} INFO - Job 393: Subtask dbt_run
[2024-11-30T07:59:32.113+0000] {logging_mixin.py:188} WARNING - /home/***/.local/lib/python3.12/site-packages/***/task/task_runner/standard_task_runner.py:61 DeprecationWarning: This process (pid=15402) is multi-threaded, use of fork() may lead to deadlocks in the child.
[2024-11-30T07:59:32.115+0000] {standard_task_runner.py:63} INFO - Started process 15404 to run task
[2024-11-30T07:59:32.184+0000] {task_command.py:426} INFO - Running <TaskInstance: dbt-viz-dag.dbt_run manual__2024-11-30T07:59:26.251973+00:00 [running]> on host b09a94790db6
[2024-11-30T07:59:32.638+0000] {taskinstance.py:2648} INFO - Exporting env vars: AIRFLOW_CTX_DAG_OWNER='***' AIRFLOW_CTX_DAG_ID='dbt-viz-dag' AIRFLOW_CTX_TASK_ID='dbt_run' AIRFLOW_CTX_EXECUTION_DATE='2024-11-30T07:59:26.251973+00:00' AIRFLOW_CTX_TRY_NUMBER='1' AIRFLOW_CTX_DAG_RUN_ID='manual__2024-11-30T07:59:26.251973+00:00'
[2024-11-30T07:59:32.640+0000] {taskinstance.py:430} INFO - ::endgroup::
[2024-11-30T07:59:32.773+0000] {subprocess.py:63} INFO - Tmp dir root location: /tmp
[2024-11-30T07:59:32.784+0000] {subprocess.py:75} INFO - Running command: ['/usr/bin/bash', '-c', '/home/***/.local/bin/dbt run --profiles-dir /opt/***/dbt_viz --project-dir /opt/***/dbt_viz']
[2024-11-30T07:59:32.813+0000] {subprocess.py:86} INFO - Output:
[2024-11-30T07:59:38.546+0000] {subprocess.py:93} INFO - [0m07:59:38  Running with dbt=1.8.7
[2024-11-30T07:59:42.585+0000] {subprocess.py:93} INFO - [0m07:59:42  Registered adapter: snowflake=1.8.4
[2024-11-30T07:59:43.777+0000] {subprocess.py:93} INFO - [0m07:59:43  Found 5 models, 1 test, 4 sources, 459 macros
[2024-11-30T07:59:43.784+0000] {subprocess.py:93} INFO - [0m07:59:43
[2024-11-30T07:59:46.072+0000] {subprocess.py:93} INFO - [0m07:59:46  Concurrency: 1 threads (target='dev')
[2024-11-30T07:59:46.073+0000] {subprocess.py:93} INFO - [0m07:59:46
[2024-11-30T07:59:46.232+0000] {subprocess.py:93} INFO - [0m07:59:46  1 of 2 START sql table model analytics.weather_forecast_processed .............. [RUN]
[2024-11-30T07:59:48.359+0000] {subprocess.py:93} INFO - [0m07:59:48  1 of 2 OK created sql table model analytics.weather_forecast_processed ......... [[32mSUCCESS 1[0m in 2.12s]
[2024-11-30T07:59:48.365+0000] {subprocess.py:93} INFO - [0m07:59:48  2 of 2 START sql table model analytics.electricity_weather_historical .......... [RUN]
[2024-11-30T07:59:50.569+0000] {subprocess.py:93} INFO - [0m07:59:50  2 of 2 OK created sql table model analytics.electricity_weather_historical ..... [[32mSUCCESS 1[0m in 2.20s]
[2024-11-30T07:59:50.579+0000] {subprocess.py:93} INFO - [0m07:59:50
[2024-11-30T07:59:50.581+0000] {subprocess.py:93} INFO - [0m07:59:50  Finished running 2 table models in 0 hours 0 minutes and 6.79 seconds (6.79s).
[2024-11-30T07:59:50.696+0000] {subprocess.py:93} INFO - [0m07:59:50
[2024-11-30T07:59:50.701+0000] {subprocess.py:93} INFO - [0m07:59:50  [32mCompleted successfully[0m
[2024-11-30T07:59:50.704+0000] {subprocess.py:93} INFO - [0m07:59:50
[2024-11-30T07:59:50.706+0000] {subprocess.py:93} INFO - [0m07:59:50  Done. PASS=2 WARN=0 ERROR=0 SKIP=0 TOTAL=2
[2024-11-30T07:59:51.927+0000] {subprocess.py:97} INFO - Command exited with return code 0
[2024-11-30T07:59:51.937+0000] {taskinstance.py:441} INFO - ::group::Post task execution logs
[2024-11-30T07:59:52.073+0000] {taskinstance.py:1206} INFO - Marking task as SUCCESS. dag_id=dbt-viz-dag, task_id=dbt_run, run_id=manual__2024-11-30T07:59:26.251973+00:00, execution_date=20241130T075926, start_date=20241130T075931, end_date=20241130T075952
[2024-11-30T07:59:52.152+0000] {local_task_job_runner.py:240} INFO - Task exited with return code 0
[2024-11-30T07:59:52.256+0000] {taskinstance.py:3498} INFO - 1 downstream tasks scheduled from follow-on schedule check
[2024-11-30T07:59:52.263+0000] {local_task_job_runner.py:222} INFO - ::endgroup::
