[2024-12-05T07:50:58.425+0000] {local_task_job_runner.py:120} INFO - ::group::Pre task execution logs
[2024-12-05T07:50:58.470+0000] {taskinstance.py:2076} INFO - Dependencies all met for dep_context=non-requeueable deps ti=<TaskInstance: complete-dag.dbt_run manual__2024-12-05T07:50:46.857852+00:00 [queued]>
[2024-12-05T07:50:58.482+0000] {taskinstance.py:2076} INFO - Dependencies all met for dep_context=requeueable deps ti=<TaskInstance: complete-dag.dbt_run manual__2024-12-05T07:50:46.857852+00:00 [queued]>
[2024-12-05T07:50:58.484+0000] {taskinstance.py:2306} INFO - Starting attempt 1 of 1
[2024-12-05T07:50:58.503+0000] {taskinstance.py:2330} INFO - Executing <Task(BashOperator): dbt_run> on 2024-12-05 07:50:46.857852+00:00
[2024-12-05T07:50:58.516+0000] {logging_mixin.py:188} WARNING - /home/***/.local/lib/python3.12/site-packages/***/task/task_runner/standard_task_runner.py:61 DeprecationWarning: This process (pid=2283) is multi-threaded, use of fork() may lead to deadlocks in the child.
[2024-12-05T07:50:58.516+0000] {standard_task_runner.py:90} INFO - Running: ['***', 'tasks', 'run', 'complete-dag', 'dbt_run', 'manual__2024-12-05T07:50:46.857852+00:00', '--job-id', '543', '--raw', '--subdir', 'DAGS_FOLDER/complete_dag.py', '--cfg-path', '/tmp/tmpp_awkfzh']
[2024-12-05T07:50:58.518+0000] {standard_task_runner.py:63} INFO - Started process 2286 to run task
[2024-12-05T07:50:58.518+0000] {standard_task_runner.py:91} INFO - Job 543: Subtask dbt_run
[2024-12-05T07:50:58.579+0000] {task_command.py:426} INFO - Running <TaskInstance: complete-dag.dbt_run manual__2024-12-05T07:50:46.857852+00:00 [running]> on host e060654747dc
[2024-12-05T07:50:58.781+0000] {taskinstance.py:2648} INFO - Exporting env vars: AIRFLOW_CTX_DAG_OWNER='***' AIRFLOW_CTX_DAG_ID='complete-dag' AIRFLOW_CTX_TASK_ID='dbt_run' AIRFLOW_CTX_EXECUTION_DATE='2024-12-05T07:50:46.857852+00:00' AIRFLOW_CTX_TRY_NUMBER='1' AIRFLOW_CTX_DAG_RUN_ID='manual__2024-12-05T07:50:46.857852+00:00'
[2024-12-05T07:50:58.783+0000] {taskinstance.py:430} INFO - ::endgroup::
[2024-12-05T07:50:58.784+0000] {subprocess.py:63} INFO - Tmp dir root location: /tmp
[2024-12-05T07:50:58.787+0000] {subprocess.py:75} INFO - Running command: ['/usr/bin/bash', '-c', '/home/***/.local/bin/dbt run --profiles-dir /opt/***/dbt --project-dir /opt/***/dbt']
[2024-12-05T07:50:58.805+0000] {subprocess.py:86} INFO - Output:
[2024-12-05T07:51:01.808+0000] {subprocess.py:93} INFO - [0m07:51:01  Running with dbt=1.8.7
[2024-12-05T07:51:03.092+0000] {subprocess.py:93} INFO - [0m07:51:03  Registered adapter: snowflake=1.8.4
[2024-12-05T07:51:04.030+0000] {subprocess.py:93} INFO - [0m07:51:04  Found 5 models, 1 test, 2 snapshots, 4 sources, 459 macros
[2024-12-05T07:51:04.036+0000] {subprocess.py:93} INFO - [0m07:51:04
[2024-12-05T07:51:05.764+0000] {subprocess.py:93} INFO - [0m07:51:05  Concurrency: 1 threads (target='dev')
[2024-12-05T07:51:05.766+0000] {subprocess.py:93} INFO - [0m07:51:05
[2024-12-05T07:51:05.862+0000] {subprocess.py:93} INFO - [0m07:51:05  1 of 2 START sql table model analytics.weather_forecast_processed .............. [RUN]
[2024-12-05T07:51:07.206+0000] {subprocess.py:93} INFO - [0m07:51:07  1 of 2 OK created sql table model analytics.weather_forecast_processed ......... [[32mSUCCESS 1[0m in 1.34s]
[2024-12-05T07:51:07.211+0000] {subprocess.py:93} INFO - [0m07:51:07  2 of 2 START sql table model analytics.electricity_weather_historical .......... [RUN]
[2024-12-05T07:51:08.543+0000] {subprocess.py:93} INFO - [0m07:51:08  2 of 2 OK created sql table model analytics.electricity_weather_historical ..... [[32mSUCCESS 1[0m in 1.33s]
[2024-12-05T07:51:08.551+0000] {subprocess.py:93} INFO - [0m07:51:08
[2024-12-05T07:51:08.553+0000] {subprocess.py:93} INFO - [0m07:51:08  Finished running 2 table models in 0 hours 0 minutes and 4.51 seconds (4.51s).
[2024-12-05T07:51:08.652+0000] {subprocess.py:93} INFO - [0m07:51:08
[2024-12-05T07:51:08.655+0000] {subprocess.py:93} INFO - [0m07:51:08  [32mCompleted successfully[0m
[2024-12-05T07:51:08.657+0000] {subprocess.py:93} INFO - [0m07:51:08
[2024-12-05T07:51:08.659+0000] {subprocess.py:93} INFO - [0m07:51:08  Done. PASS=2 WARN=0 ERROR=0 SKIP=0 TOTAL=2
[2024-12-05T07:51:09.754+0000] {subprocess.py:97} INFO - Command exited with return code 0
[2024-12-05T07:51:09.756+0000] {taskinstance.py:441} INFO - ::group::Post task execution logs
[2024-12-05T07:51:09.786+0000] {taskinstance.py:1206} INFO - Marking task as SUCCESS. dag_id=complete-dag, task_id=dbt_run, run_id=manual__2024-12-05T07:50:46.857852+00:00, execution_date=20241205T075046, start_date=20241205T075058, end_date=20241205T075109
[2024-12-05T07:51:09.823+0000] {local_task_job_runner.py:240} INFO - Task exited with return code 0
[2024-12-05T07:51:09.838+0000] {local_task_job_runner.py:222} INFO - ::endgroup::
