[2024-12-05T07:36:41.171+0000] {processor.py:161} INFO - Started process (PID=1340) to work on /opt/airflow/dags/dbt-viz-dag.py
[2024-12-05T07:36:41.172+0000] {processor.py:830} INFO - Processing file /opt/airflow/dags/dbt-viz-dag.py for tasks to queue
[2024-12-05T07:36:41.175+0000] {logging_mixin.py:188} INFO - [2024-12-05T07:36:41.175+0000] {dagbag.py:545} INFO - Filling up the DagBag from /opt/airflow/dags/dbt-viz-dag.py
[2024-12-05T07:36:41.221+0000] {processor.py:840} INFO - DAG(s) 'dbt-viz-dag' retrieved from /opt/airflow/dags/dbt-viz-dag.py
[2024-12-05T07:36:41.435+0000] {logging_mixin.py:188} INFO - [2024-12-05T07:36:41.434+0000] {dag.py:3096} INFO - Sync 1 DAGs
[2024-12-05T07:36:41.478+0000] {logging_mixin.py:188} INFO - [2024-12-05T07:36:41.478+0000] {dag.py:3954} INFO - Setting next_dagrun for dbt-viz-dag to 2024-12-03 20:40:00+00:00, run_after=2024-12-04 20:40:00+00:00
[2024-12-05T07:36:41.536+0000] {processor.py:183} INFO - Processing /opt/airflow/dags/dbt-viz-dag.py took 0.386 seconds
[2024-12-05T07:37:12.742+0000] {processor.py:161} INFO - Started process (PID=1365) to work on /opt/airflow/dags/dbt-viz-dag.py
[2024-12-05T07:37:12.756+0000] {processor.py:830} INFO - Processing file /opt/airflow/dags/dbt-viz-dag.py for tasks to queue
[2024-12-05T07:37:12.798+0000] {logging_mixin.py:188} INFO - [2024-12-05T07:37:12.788+0000] {dagbag.py:545} INFO - Filling up the DagBag from /opt/airflow/dags/dbt-viz-dag.py
[2024-12-05T07:37:12.984+0000] {processor.py:840} INFO - DAG(s) 'dbt-viz-dag' retrieved from /opt/airflow/dags/dbt-viz-dag.py
[2024-12-05T07:37:13.216+0000] {logging_mixin.py:188} INFO - [2024-12-05T07:37:13.215+0000] {dag.py:3096} INFO - Sync 1 DAGs
[2024-12-05T07:37:13.524+0000] {logging_mixin.py:188} INFO - [2024-12-05T07:37:13.523+0000] {dag.py:3954} INFO - Setting next_dagrun for dbt-viz-dag to 2024-12-04 20:40:00+00:00, run_after=2024-12-05 20:40:00+00:00
[2024-12-05T07:37:14.114+0000] {processor.py:183} INFO - Processing /opt/airflow/dags/dbt-viz-dag.py took 1.473 seconds
[2024-12-05T07:37:44.374+0000] {processor.py:161} INFO - Started process (PID=1432) to work on /opt/airflow/dags/dbt-viz-dag.py
[2024-12-05T07:37:44.377+0000] {processor.py:830} INFO - Processing file /opt/airflow/dags/dbt-viz-dag.py for tasks to queue
[2024-12-05T07:37:44.380+0000] {logging_mixin.py:188} INFO - [2024-12-05T07:37:44.380+0000] {dagbag.py:545} INFO - Filling up the DagBag from /opt/airflow/dags/dbt-viz-dag.py
[2024-12-05T07:37:44.421+0000] {processor.py:840} INFO - DAG(s) 'dbt-viz-dag' retrieved from /opt/airflow/dags/dbt-viz-dag.py
[2024-12-05T07:37:44.490+0000] {logging_mixin.py:188} INFO - [2024-12-05T07:37:44.489+0000] {dag.py:3096} INFO - Sync 1 DAGs
[2024-12-05T07:37:44.545+0000] {logging_mixin.py:188} INFO - [2024-12-05T07:37:44.545+0000] {dag.py:3954} INFO - Setting next_dagrun for dbt-viz-dag to 2024-12-04 20:40:00+00:00, run_after=2024-12-05 20:40:00+00:00
[2024-12-05T07:37:44.577+0000] {processor.py:183} INFO - Processing /opt/airflow/dags/dbt-viz-dag.py took 0.214 seconds
[2024-12-05T07:38:14.685+0000] {processor.py:161} INFO - Started process (PID=1477) to work on /opt/airflow/dags/dbt-viz-dag.py
[2024-12-05T07:38:14.688+0000] {processor.py:830} INFO - Processing file /opt/airflow/dags/dbt-viz-dag.py for tasks to queue
[2024-12-05T07:38:14.692+0000] {logging_mixin.py:188} INFO - [2024-12-05T07:38:14.692+0000] {dagbag.py:545} INFO - Filling up the DagBag from /opt/airflow/dags/dbt-viz-dag.py
[2024-12-05T07:38:14.728+0000] {processor.py:840} INFO - DAG(s) 'dbt-viz-dag' retrieved from /opt/airflow/dags/dbt-viz-dag.py
[2024-12-05T07:38:14.778+0000] {logging_mixin.py:188} INFO - [2024-12-05T07:38:14.777+0000] {dag.py:3096} INFO - Sync 1 DAGs
[2024-12-05T07:38:14.819+0000] {logging_mixin.py:188} INFO - [2024-12-05T07:38:14.819+0000] {dag.py:3954} INFO - Setting next_dagrun for dbt-viz-dag to 2024-12-04 20:40:00+00:00, run_after=2024-12-05 20:40:00+00:00
[2024-12-05T07:38:14.857+0000] {processor.py:183} INFO - Processing /opt/airflow/dags/dbt-viz-dag.py took 0.181 seconds
[2024-12-05T07:38:45.044+0000] {processor.py:161} INFO - Started process (PID=1493) to work on /opt/airflow/dags/dbt-viz-dag.py
[2024-12-05T07:38:45.046+0000] {processor.py:830} INFO - Processing file /opt/airflow/dags/dbt-viz-dag.py for tasks to queue
[2024-12-05T07:38:45.049+0000] {logging_mixin.py:188} INFO - [2024-12-05T07:38:45.048+0000] {dagbag.py:545} INFO - Filling up the DagBag from /opt/airflow/dags/dbt-viz-dag.py
[2024-12-05T07:38:45.083+0000] {processor.py:840} INFO - DAG(s) 'dbt-viz-dag' retrieved from /opt/airflow/dags/dbt-viz-dag.py
[2024-12-05T07:38:45.134+0000] {logging_mixin.py:188} INFO - [2024-12-05T07:38:45.134+0000] {dag.py:3096} INFO - Sync 1 DAGs
[2024-12-05T07:38:45.167+0000] {logging_mixin.py:188} INFO - [2024-12-05T07:38:45.167+0000] {dag.py:3954} INFO - Setting next_dagrun for dbt-viz-dag to 2024-12-04 20:40:00+00:00, run_after=2024-12-05 20:40:00+00:00
[2024-12-05T07:38:45.198+0000] {processor.py:183} INFO - Processing /opt/airflow/dags/dbt-viz-dag.py took 0.162 seconds
[2024-12-05T07:39:15.285+0000] {processor.py:161} INFO - Started process (PID=1544) to work on /opt/airflow/dags/dbt-viz-dag.py
[2024-12-05T07:39:15.286+0000] {processor.py:830} INFO - Processing file /opt/airflow/dags/dbt-viz-dag.py for tasks to queue
[2024-12-05T07:39:15.289+0000] {logging_mixin.py:188} INFO - [2024-12-05T07:39:15.289+0000] {dagbag.py:545} INFO - Filling up the DagBag from /opt/airflow/dags/dbt-viz-dag.py
[2024-12-05T07:39:15.315+0000] {processor.py:840} INFO - DAG(s) 'dbt-viz-dag' retrieved from /opt/airflow/dags/dbt-viz-dag.py
[2024-12-05T07:39:15.350+0000] {logging_mixin.py:188} INFO - [2024-12-05T07:39:15.350+0000] {dag.py:3096} INFO - Sync 1 DAGs
[2024-12-05T07:39:15.385+0000] {logging_mixin.py:188} INFO - [2024-12-05T07:39:15.384+0000] {dag.py:3954} INFO - Setting next_dagrun for dbt-viz-dag to 2024-12-04 20:40:00+00:00, run_after=2024-12-05 20:40:00+00:00
[2024-12-05T07:39:15.413+0000] {processor.py:183} INFO - Processing /opt/airflow/dags/dbt-viz-dag.py took 0.136 seconds
[2024-12-05T07:39:45.764+0000] {processor.py:161} INFO - Started process (PID=1561) to work on /opt/airflow/dags/dbt-viz-dag.py
[2024-12-05T07:39:45.766+0000] {processor.py:830} INFO - Processing file /opt/airflow/dags/dbt-viz-dag.py for tasks to queue
[2024-12-05T07:39:45.769+0000] {logging_mixin.py:188} INFO - [2024-12-05T07:39:45.768+0000] {dagbag.py:545} INFO - Filling up the DagBag from /opt/airflow/dags/dbt-viz-dag.py
[2024-12-05T07:39:45.805+0000] {processor.py:840} INFO - DAG(s) 'dbt-viz-dag' retrieved from /opt/airflow/dags/dbt-viz-dag.py
[2024-12-05T07:39:45.853+0000] {logging_mixin.py:188} INFO - [2024-12-05T07:39:45.852+0000] {dag.py:3096} INFO - Sync 1 DAGs
[2024-12-05T07:39:45.894+0000] {logging_mixin.py:188} INFO - [2024-12-05T07:39:45.893+0000] {dag.py:3954} INFO - Setting next_dagrun for dbt-viz-dag to 2024-12-04 20:40:00+00:00, run_after=2024-12-05 20:40:00+00:00
[2024-12-05T07:39:45.926+0000] {processor.py:183} INFO - Processing /opt/airflow/dags/dbt-viz-dag.py took 0.170 seconds
[2024-12-05T07:40:16.069+0000] {processor.py:161} INFO - Started process (PID=1608) to work on /opt/airflow/dags/dbt-viz-dag.py
[2024-12-05T07:40:16.072+0000] {processor.py:830} INFO - Processing file /opt/airflow/dags/dbt-viz-dag.py for tasks to queue
[2024-12-05T07:40:16.075+0000] {logging_mixin.py:188} INFO - [2024-12-05T07:40:16.074+0000] {dagbag.py:545} INFO - Filling up the DagBag from /opt/airflow/dags/dbt-viz-dag.py
[2024-12-05T07:40:16.116+0000] {processor.py:840} INFO - DAG(s) 'dbt-viz-dag' retrieved from /opt/airflow/dags/dbt-viz-dag.py
[2024-12-05T07:40:16.169+0000] {logging_mixin.py:188} INFO - [2024-12-05T07:40:16.168+0000] {dag.py:3096} INFO - Sync 1 DAGs
[2024-12-05T07:40:16.217+0000] {logging_mixin.py:188} INFO - [2024-12-05T07:40:16.217+0000] {dag.py:3954} INFO - Setting next_dagrun for dbt-viz-dag to 2024-12-04 20:40:00+00:00, run_after=2024-12-05 20:40:00+00:00
[2024-12-05T07:40:16.255+0000] {processor.py:183} INFO - Processing /opt/airflow/dags/dbt-viz-dag.py took 0.195 seconds
[2024-12-05T07:40:46.547+0000] {processor.py:161} INFO - Started process (PID=1673) to work on /opt/airflow/dags/dbt-viz-dag.py
[2024-12-05T07:40:46.550+0000] {processor.py:830} INFO - Processing file /opt/airflow/dags/dbt-viz-dag.py for tasks to queue
[2024-12-05T07:40:46.554+0000] {logging_mixin.py:188} INFO - [2024-12-05T07:40:46.553+0000] {dagbag.py:545} INFO - Filling up the DagBag from /opt/airflow/dags/dbt-viz-dag.py
[2024-12-05T07:40:46.592+0000] {processor.py:840} INFO - DAG(s) 'dbt-viz-dag' retrieved from /opt/airflow/dags/dbt-viz-dag.py
[2024-12-05T07:40:46.639+0000] {logging_mixin.py:188} INFO - [2024-12-05T07:40:46.639+0000] {dag.py:3096} INFO - Sync 1 DAGs
[2024-12-05T07:40:46.676+0000] {logging_mixin.py:188} INFO - [2024-12-05T07:40:46.675+0000] {dag.py:3954} INFO - Setting next_dagrun for dbt-viz-dag to 2024-12-04 20:40:00+00:00, run_after=2024-12-05 20:40:00+00:00
[2024-12-05T07:40:46.714+0000] {processor.py:183} INFO - Processing /opt/airflow/dags/dbt-viz-dag.py took 0.177 seconds
[2024-12-05T07:41:17.083+0000] {processor.py:161} INFO - Started process (PID=1689) to work on /opt/airflow/dags/dbt-viz-dag.py
[2024-12-05T07:41:17.084+0000] {processor.py:830} INFO - Processing file /opt/airflow/dags/dbt-viz-dag.py for tasks to queue
[2024-12-05T07:41:17.087+0000] {logging_mixin.py:188} INFO - [2024-12-05T07:41:17.087+0000] {dagbag.py:545} INFO - Filling up the DagBag from /opt/airflow/dags/dbt-viz-dag.py
[2024-12-05T07:41:17.121+0000] {processor.py:840} INFO - DAG(s) 'dbt-viz-dag' retrieved from /opt/airflow/dags/dbt-viz-dag.py
[2024-12-05T07:41:17.163+0000] {logging_mixin.py:188} INFO - [2024-12-05T07:41:17.162+0000] {dag.py:3096} INFO - Sync 1 DAGs
[2024-12-05T07:41:17.198+0000] {logging_mixin.py:188} INFO - [2024-12-05T07:41:17.198+0000] {dag.py:3954} INFO - Setting next_dagrun for dbt-viz-dag to 2024-12-04 20:40:00+00:00, run_after=2024-12-05 20:40:00+00:00
[2024-12-05T07:41:17.230+0000] {processor.py:183} INFO - Processing /opt/airflow/dags/dbt-viz-dag.py took 0.156 seconds
[2024-12-05T07:41:47.720+0000] {processor.py:161} INFO - Started process (PID=1705) to work on /opt/airflow/dags/dbt-viz-dag.py
[2024-12-05T07:41:47.722+0000] {processor.py:830} INFO - Processing file /opt/airflow/dags/dbt-viz-dag.py for tasks to queue
[2024-12-05T07:41:47.724+0000] {logging_mixin.py:188} INFO - [2024-12-05T07:41:47.724+0000] {dagbag.py:545} INFO - Filling up the DagBag from /opt/airflow/dags/dbt-viz-dag.py
[2024-12-05T07:41:47.757+0000] {processor.py:840} INFO - DAG(s) 'dbt-viz-dag' retrieved from /opt/airflow/dags/dbt-viz-dag.py
[2024-12-05T07:41:47.795+0000] {logging_mixin.py:188} INFO - [2024-12-05T07:41:47.795+0000] {dag.py:3096} INFO - Sync 1 DAGs
[2024-12-05T07:41:47.827+0000] {logging_mixin.py:188} INFO - [2024-12-05T07:41:47.826+0000] {dag.py:3954} INFO - Setting next_dagrun for dbt-viz-dag to 2024-12-04 20:40:00+00:00, run_after=2024-12-05 20:40:00+00:00
[2024-12-05T07:41:47.854+0000] {processor.py:183} INFO - Processing /opt/airflow/dags/dbt-viz-dag.py took 0.143 seconds
[2024-12-05T07:42:18.035+0000] {processor.py:161} INFO - Started process (PID=1721) to work on /opt/airflow/dags/dbt-viz-dag.py
[2024-12-05T07:42:18.037+0000] {processor.py:830} INFO - Processing file /opt/airflow/dags/dbt-viz-dag.py for tasks to queue
[2024-12-05T07:42:18.040+0000] {logging_mixin.py:188} INFO - [2024-12-05T07:42:18.039+0000] {dagbag.py:545} INFO - Filling up the DagBag from /opt/airflow/dags/dbt-viz-dag.py
[2024-12-05T07:42:18.073+0000] {processor.py:840} INFO - DAG(s) 'dbt-viz-dag' retrieved from /opt/airflow/dags/dbt-viz-dag.py
[2024-12-05T07:42:18.113+0000] {logging_mixin.py:188} INFO - [2024-12-05T07:42:18.112+0000] {dag.py:3096} INFO - Sync 1 DAGs
[2024-12-05T07:42:18.144+0000] {logging_mixin.py:188} INFO - [2024-12-05T07:42:18.144+0000] {dag.py:3954} INFO - Setting next_dagrun for dbt-viz-dag to 2024-12-04 20:40:00+00:00, run_after=2024-12-05 20:40:00+00:00
[2024-12-05T07:42:18.185+0000] {processor.py:183} INFO - Processing /opt/airflow/dags/dbt-viz-dag.py took 0.157 seconds
[2024-12-05T07:42:48.316+0000] {processor.py:161} INFO - Started process (PID=1737) to work on /opt/airflow/dags/dbt-viz-dag.py
[2024-12-05T07:42:48.318+0000] {processor.py:830} INFO - Processing file /opt/airflow/dags/dbt-viz-dag.py for tasks to queue
[2024-12-05T07:42:48.321+0000] {logging_mixin.py:188} INFO - [2024-12-05T07:42:48.320+0000] {dagbag.py:545} INFO - Filling up the DagBag from /opt/airflow/dags/dbt-viz-dag.py
[2024-12-05T07:42:48.357+0000] {processor.py:840} INFO - DAG(s) 'dbt-viz-dag' retrieved from /opt/airflow/dags/dbt-viz-dag.py
[2024-12-05T07:42:48.399+0000] {logging_mixin.py:188} INFO - [2024-12-05T07:42:48.399+0000] {dag.py:3096} INFO - Sync 1 DAGs
[2024-12-05T07:42:48.431+0000] {logging_mixin.py:188} INFO - [2024-12-05T07:42:48.431+0000] {dag.py:3954} INFO - Setting next_dagrun for dbt-viz-dag to 2024-12-04 20:40:00+00:00, run_after=2024-12-05 20:40:00+00:00
[2024-12-05T07:42:48.460+0000] {processor.py:183} INFO - Processing /opt/airflow/dags/dbt-viz-dag.py took 0.152 seconds
[2024-12-05T07:43:18.869+0000] {processor.py:161} INFO - Started process (PID=1753) to work on /opt/airflow/dags/dbt-viz-dag.py
[2024-12-05T07:43:18.871+0000] {processor.py:830} INFO - Processing file /opt/airflow/dags/dbt-viz-dag.py for tasks to queue
[2024-12-05T07:43:18.875+0000] {logging_mixin.py:188} INFO - [2024-12-05T07:43:18.874+0000] {dagbag.py:545} INFO - Filling up the DagBag from /opt/airflow/dags/dbt-viz-dag.py
[2024-12-05T07:43:18.914+0000] {processor.py:840} INFO - DAG(s) 'dbt-viz-dag' retrieved from /opt/airflow/dags/dbt-viz-dag.py
[2024-12-05T07:43:18.961+0000] {logging_mixin.py:188} INFO - [2024-12-05T07:43:18.960+0000] {dag.py:3096} INFO - Sync 1 DAGs
[2024-12-05T07:43:18.999+0000] {logging_mixin.py:188} INFO - [2024-12-05T07:43:18.999+0000] {dag.py:3954} INFO - Setting next_dagrun for dbt-viz-dag to 2024-12-04 20:40:00+00:00, run_after=2024-12-05 20:40:00+00:00
[2024-12-05T07:43:19.038+0000] {processor.py:183} INFO - Processing /opt/airflow/dags/dbt-viz-dag.py took 0.178 seconds
[2024-12-05T07:43:49.249+0000] {processor.py:161} INFO - Started process (PID=1799) to work on /opt/airflow/dags/dbt-viz-dag.py
[2024-12-05T07:43:49.253+0000] {processor.py:830} INFO - Processing file /opt/airflow/dags/dbt-viz-dag.py for tasks to queue
[2024-12-05T07:43:49.256+0000] {logging_mixin.py:188} INFO - [2024-12-05T07:43:49.255+0000] {dagbag.py:545} INFO - Filling up the DagBag from /opt/airflow/dags/dbt-viz-dag.py
[2024-12-05T07:43:49.293+0000] {processor.py:840} INFO - DAG(s) 'dbt-viz-dag' retrieved from /opt/airflow/dags/dbt-viz-dag.py
[2024-12-05T07:43:49.351+0000] {logging_mixin.py:188} INFO - [2024-12-05T07:43:49.350+0000] {dag.py:3096} INFO - Sync 1 DAGs
[2024-12-05T07:43:49.419+0000] {logging_mixin.py:188} INFO - [2024-12-05T07:43:49.419+0000] {dag.py:3954} INFO - Setting next_dagrun for dbt-viz-dag to 2024-12-04 20:40:00+00:00, run_after=2024-12-05 20:40:00+00:00
[2024-12-05T07:43:49.452+0000] {processor.py:183} INFO - Processing /opt/airflow/dags/dbt-viz-dag.py took 0.213 seconds
[2024-12-05T07:44:19.759+0000] {processor.py:161} INFO - Started process (PID=1891) to work on /opt/airflow/dags/dbt-viz-dag.py
[2024-12-05T07:44:19.760+0000] {processor.py:830} INFO - Processing file /opt/airflow/dags/dbt-viz-dag.py for tasks to queue
[2024-12-05T07:44:19.763+0000] {logging_mixin.py:188} INFO - [2024-12-05T07:44:19.762+0000] {dagbag.py:545} INFO - Filling up the DagBag from /opt/airflow/dags/dbt-viz-dag.py
[2024-12-05T07:44:19.792+0000] {processor.py:840} INFO - DAG(s) 'dbt-viz-dag' retrieved from /opt/airflow/dags/dbt-viz-dag.py
[2024-12-05T07:44:19.825+0000] {logging_mixin.py:188} INFO - [2024-12-05T07:44:19.825+0000] {dag.py:3096} INFO - Sync 1 DAGs
[2024-12-05T07:44:19.854+0000] {logging_mixin.py:188} INFO - [2024-12-05T07:44:19.854+0000] {dag.py:3954} INFO - Setting next_dagrun for dbt-viz-dag to 2024-12-04 20:40:00+00:00, run_after=2024-12-05 20:40:00+00:00
[2024-12-05T07:44:19.908+0000] {processor.py:183} INFO - Processing /opt/airflow/dags/dbt-viz-dag.py took 0.156 seconds
[2024-12-05T07:44:50.063+0000] {processor.py:161} INFO - Started process (PID=1940) to work on /opt/airflow/dags/dbt-viz-dag.py
[2024-12-05T07:44:50.064+0000] {processor.py:830} INFO - Processing file /opt/airflow/dags/dbt-viz-dag.py for tasks to queue
[2024-12-05T07:44:50.068+0000] {logging_mixin.py:188} INFO - [2024-12-05T07:44:50.067+0000] {dagbag.py:545} INFO - Filling up the DagBag from /opt/airflow/dags/dbt-viz-dag.py
[2024-12-05T07:44:50.101+0000] {processor.py:840} INFO - DAG(s) 'dbt-viz-dag' retrieved from /opt/airflow/dags/dbt-viz-dag.py
[2024-12-05T07:44:50.169+0000] {logging_mixin.py:188} INFO - [2024-12-05T07:44:50.169+0000] {dag.py:3096} INFO - Sync 1 DAGs
[2024-12-05T07:44:50.218+0000] {logging_mixin.py:188} INFO - [2024-12-05T07:44:50.217+0000] {dag.py:3954} INFO - Setting next_dagrun for dbt-viz-dag to 2024-12-04 20:40:00+00:00, run_after=2024-12-05 20:40:00+00:00
[2024-12-05T07:44:50.245+0000] {processor.py:183} INFO - Processing /opt/airflow/dags/dbt-viz-dag.py took 0.191 seconds
[2024-12-05T07:45:20.582+0000] {processor.py:161} INFO - Started process (PID=1963) to work on /opt/airflow/dags/dbt-viz-dag.py
[2024-12-05T07:45:20.584+0000] {processor.py:830} INFO - Processing file /opt/airflow/dags/dbt-viz-dag.py for tasks to queue
[2024-12-05T07:45:20.587+0000] {logging_mixin.py:188} INFO - [2024-12-05T07:45:20.586+0000] {dagbag.py:545} INFO - Filling up the DagBag from /opt/airflow/dags/dbt-viz-dag.py
[2024-12-05T07:45:20.624+0000] {processor.py:840} INFO - DAG(s) 'dbt-viz-dag' retrieved from /opt/airflow/dags/dbt-viz-dag.py
[2024-12-05T07:45:20.664+0000] {logging_mixin.py:188} INFO - [2024-12-05T07:45:20.664+0000] {dag.py:3096} INFO - Sync 1 DAGs
[2024-12-05T07:45:20.701+0000] {logging_mixin.py:188} INFO - [2024-12-05T07:45:20.700+0000] {dag.py:3954} INFO - Setting next_dagrun for dbt-viz-dag to 2024-12-04 20:40:00+00:00, run_after=2024-12-05 20:40:00+00:00
[2024-12-05T07:45:20.739+0000] {processor.py:183} INFO - Processing /opt/airflow/dags/dbt-viz-dag.py took 0.166 seconds
[2024-12-05T07:45:50.894+0000] {processor.py:161} INFO - Started process (PID=1979) to work on /opt/airflow/dags/dbt-viz-dag.py
[2024-12-05T07:45:50.897+0000] {processor.py:830} INFO - Processing file /opt/airflow/dags/dbt-viz-dag.py for tasks to queue
[2024-12-05T07:45:50.901+0000] {logging_mixin.py:188} INFO - [2024-12-05T07:45:50.901+0000] {dagbag.py:545} INFO - Filling up the DagBag from /opt/airflow/dags/dbt-viz-dag.py
[2024-12-05T07:45:50.933+0000] {processor.py:840} INFO - DAG(s) 'dbt-viz-dag' retrieved from /opt/airflow/dags/dbt-viz-dag.py
[2024-12-05T07:45:50.977+0000] {logging_mixin.py:188} INFO - [2024-12-05T07:45:50.976+0000] {dag.py:3096} INFO - Sync 1 DAGs
[2024-12-05T07:45:51.012+0000] {logging_mixin.py:188} INFO - [2024-12-05T07:45:51.012+0000] {dag.py:3954} INFO - Setting next_dagrun for dbt-viz-dag to 2024-12-04 20:40:00+00:00, run_after=2024-12-05 20:40:00+00:00
[2024-12-05T07:45:51.051+0000] {processor.py:183} INFO - Processing /opt/airflow/dags/dbt-viz-dag.py took 0.167 seconds
[2024-12-05T07:46:21.200+0000] {processor.py:161} INFO - Started process (PID=1995) to work on /opt/airflow/dags/dbt-viz-dag.py
[2024-12-05T07:46:21.202+0000] {processor.py:830} INFO - Processing file /opt/airflow/dags/dbt-viz-dag.py for tasks to queue
[2024-12-05T07:46:21.206+0000] {logging_mixin.py:188} INFO - [2024-12-05T07:46:21.205+0000] {dagbag.py:545} INFO - Filling up the DagBag from /opt/airflow/dags/dbt-viz-dag.py
[2024-12-05T07:46:21.239+0000] {processor.py:840} INFO - DAG(s) 'dbt-viz-dag' retrieved from /opt/airflow/dags/dbt-viz-dag.py
[2024-12-05T07:46:21.279+0000] {logging_mixin.py:188} INFO - [2024-12-05T07:46:21.279+0000] {dag.py:3096} INFO - Sync 1 DAGs
[2024-12-05T07:46:21.316+0000] {logging_mixin.py:188} INFO - [2024-12-05T07:46:21.315+0000] {dag.py:3954} INFO - Setting next_dagrun for dbt-viz-dag to 2024-12-04 20:40:00+00:00, run_after=2024-12-05 20:40:00+00:00
[2024-12-05T07:46:21.352+0000] {processor.py:183} INFO - Processing /opt/airflow/dags/dbt-viz-dag.py took 0.159 seconds
[2024-12-05T07:46:51.918+0000] {processor.py:161} INFO - Started process (PID=2011) to work on /opt/airflow/dags/dbt-viz-dag.py
[2024-12-05T07:46:51.920+0000] {processor.py:830} INFO - Processing file /opt/airflow/dags/dbt-viz-dag.py for tasks to queue
[2024-12-05T07:46:51.925+0000] {logging_mixin.py:188} INFO - [2024-12-05T07:46:51.924+0000] {dagbag.py:545} INFO - Filling up the DagBag from /opt/airflow/dags/dbt-viz-dag.py
[2024-12-05T07:46:51.957+0000] {processor.py:840} INFO - DAG(s) 'dbt-viz-dag' retrieved from /opt/airflow/dags/dbt-viz-dag.py
[2024-12-05T07:46:52.003+0000] {logging_mixin.py:188} INFO - [2024-12-05T07:46:52.003+0000] {dag.py:3096} INFO - Sync 1 DAGs
[2024-12-05T07:46:52.042+0000] {logging_mixin.py:188} INFO - [2024-12-05T07:46:52.041+0000] {dag.py:3954} INFO - Setting next_dagrun for dbt-viz-dag to 2024-12-04 20:40:00+00:00, run_after=2024-12-05 20:40:00+00:00
[2024-12-05T07:46:52.085+0000] {processor.py:183} INFO - Processing /opt/airflow/dags/dbt-viz-dag.py took 0.176 seconds
[2024-12-05T07:47:22.344+0000] {processor.py:161} INFO - Started process (PID=2027) to work on /opt/airflow/dags/dbt-viz-dag.py
[2024-12-05T07:47:22.346+0000] {processor.py:830} INFO - Processing file /opt/airflow/dags/dbt-viz-dag.py for tasks to queue
[2024-12-05T07:47:22.349+0000] {logging_mixin.py:188} INFO - [2024-12-05T07:47:22.348+0000] {dagbag.py:545} INFO - Filling up the DagBag from /opt/airflow/dags/dbt-viz-dag.py
[2024-12-05T07:47:22.382+0000] {processor.py:840} INFO - DAG(s) 'dbt-viz-dag' retrieved from /opt/airflow/dags/dbt-viz-dag.py
[2024-12-05T07:47:22.421+0000] {logging_mixin.py:188} INFO - [2024-12-05T07:47:22.421+0000] {dag.py:3096} INFO - Sync 1 DAGs
[2024-12-05T07:47:22.461+0000] {logging_mixin.py:188} INFO - [2024-12-05T07:47:22.461+0000] {dag.py:3954} INFO - Setting next_dagrun for dbt-viz-dag to 2024-12-04 20:40:00+00:00, run_after=2024-12-05 20:40:00+00:00
[2024-12-05T07:47:22.491+0000] {processor.py:183} INFO - Processing /opt/airflow/dags/dbt-viz-dag.py took 0.155 seconds
[2024-12-05T07:47:52.821+0000] {processor.py:161} INFO - Started process (PID=2043) to work on /opt/airflow/dags/dbt-viz-dag.py
[2024-12-05T07:47:52.823+0000] {processor.py:830} INFO - Processing file /opt/airflow/dags/dbt-viz-dag.py for tasks to queue
[2024-12-05T07:47:52.826+0000] {logging_mixin.py:188} INFO - [2024-12-05T07:47:52.825+0000] {dagbag.py:545} INFO - Filling up the DagBag from /opt/airflow/dags/dbt-viz-dag.py
[2024-12-05T07:47:52.857+0000] {processor.py:840} INFO - DAG(s) 'dbt-viz-dag' retrieved from /opt/airflow/dags/dbt-viz-dag.py
[2024-12-05T07:47:52.896+0000] {logging_mixin.py:188} INFO - [2024-12-05T07:47:52.896+0000] {dag.py:3096} INFO - Sync 1 DAGs
[2024-12-05T07:47:52.930+0000] {logging_mixin.py:188} INFO - [2024-12-05T07:47:52.930+0000] {dag.py:3954} INFO - Setting next_dagrun for dbt-viz-dag to 2024-12-04 20:40:00+00:00, run_after=2024-12-05 20:40:00+00:00
[2024-12-05T07:47:52.963+0000] {processor.py:183} INFO - Processing /opt/airflow/dags/dbt-viz-dag.py took 0.150 seconds
[2024-12-05T07:48:23.102+0000] {processor.py:161} INFO - Started process (PID=2059) to work on /opt/airflow/dags/dbt-viz-dag.py
[2024-12-05T07:48:23.104+0000] {processor.py:830} INFO - Processing file /opt/airflow/dags/dbt-viz-dag.py for tasks to queue
[2024-12-05T07:48:23.107+0000] {logging_mixin.py:188} INFO - [2024-12-05T07:48:23.106+0000] {dagbag.py:545} INFO - Filling up the DagBag from /opt/airflow/dags/dbt-viz-dag.py
[2024-12-05T07:48:23.143+0000] {processor.py:840} INFO - DAG(s) 'dbt-viz-dag' retrieved from /opt/airflow/dags/dbt-viz-dag.py
[2024-12-05T07:48:23.185+0000] {logging_mixin.py:188} INFO - [2024-12-05T07:48:23.185+0000] {dag.py:3096} INFO - Sync 1 DAGs
[2024-12-05T07:48:23.219+0000] {logging_mixin.py:188} INFO - [2024-12-05T07:48:23.218+0000] {dag.py:3954} INFO - Setting next_dagrun for dbt-viz-dag to 2024-12-04 20:40:00+00:00, run_after=2024-12-05 20:40:00+00:00
[2024-12-05T07:48:23.261+0000] {processor.py:183} INFO - Processing /opt/airflow/dags/dbt-viz-dag.py took 0.167 seconds
[2024-12-05T07:48:53.664+0000] {processor.py:161} INFO - Started process (PID=2075) to work on /opt/airflow/dags/dbt-viz-dag.py
[2024-12-05T07:48:53.666+0000] {processor.py:830} INFO - Processing file /opt/airflow/dags/dbt-viz-dag.py for tasks to queue
[2024-12-05T07:48:53.669+0000] {logging_mixin.py:188} INFO - [2024-12-05T07:48:53.668+0000] {dagbag.py:545} INFO - Filling up the DagBag from /opt/airflow/dags/dbt-viz-dag.py
[2024-12-05T07:48:53.703+0000] {processor.py:840} INFO - DAG(s) 'dbt-viz-dag' retrieved from /opt/airflow/dags/dbt-viz-dag.py
[2024-12-05T07:48:53.765+0000] {logging_mixin.py:188} INFO - [2024-12-05T07:48:53.764+0000] {dag.py:3096} INFO - Sync 1 DAGs
[2024-12-05T07:48:53.811+0000] {logging_mixin.py:188} INFO - [2024-12-05T07:48:53.811+0000] {dag.py:3954} INFO - Setting next_dagrun for dbt-viz-dag to 2024-12-04 20:40:00+00:00, run_after=2024-12-05 20:40:00+00:00
[2024-12-05T07:48:53.849+0000] {processor.py:183} INFO - Processing /opt/airflow/dags/dbt-viz-dag.py took 0.196 seconds
[2024-12-05T07:49:24.180+0000] {processor.py:161} INFO - Started process (PID=2095) to work on /opt/airflow/dags/dbt-viz-dag.py
[2024-12-05T07:49:24.181+0000] {processor.py:830} INFO - Processing file /opt/airflow/dags/dbt-viz-dag.py for tasks to queue
[2024-12-05T07:49:24.185+0000] {logging_mixin.py:188} INFO - [2024-12-05T07:49:24.184+0000] {dagbag.py:545} INFO - Filling up the DagBag from /opt/airflow/dags/dbt-viz-dag.py
[2024-12-05T07:49:24.214+0000] {processor.py:840} INFO - DAG(s) 'dbt-viz-dag' retrieved from /opt/airflow/dags/dbt-viz-dag.py
[2024-12-05T07:49:24.252+0000] {logging_mixin.py:188} INFO - [2024-12-05T07:49:24.252+0000] {dag.py:3096} INFO - Sync 1 DAGs
[2024-12-05T07:49:24.288+0000] {logging_mixin.py:188} INFO - [2024-12-05T07:49:24.288+0000] {dag.py:3954} INFO - Setting next_dagrun for dbt-viz-dag to 2024-12-04 20:40:00+00:00, run_after=2024-12-05 20:40:00+00:00
[2024-12-05T07:49:24.334+0000] {processor.py:183} INFO - Processing /opt/airflow/dags/dbt-viz-dag.py took 0.164 seconds
[2024-12-05T07:49:54.696+0000] {processor.py:161} INFO - Started process (PID=2136) to work on /opt/airflow/dags/dbt-viz-dag.py
[2024-12-05T07:49:54.697+0000] {processor.py:830} INFO - Processing file /opt/airflow/dags/dbt-viz-dag.py for tasks to queue
[2024-12-05T07:49:54.700+0000] {logging_mixin.py:188} INFO - [2024-12-05T07:49:54.700+0000] {dagbag.py:545} INFO - Filling up the DagBag from /opt/airflow/dags/dbt-viz-dag.py
[2024-12-05T07:49:54.737+0000] {processor.py:840} INFO - DAG(s) 'dbt-viz-dag' retrieved from /opt/airflow/dags/dbt-viz-dag.py
[2024-12-05T07:49:54.781+0000] {logging_mixin.py:188} INFO - [2024-12-05T07:49:54.780+0000] {dag.py:3096} INFO - Sync 1 DAGs
[2024-12-05T07:49:54.821+0000] {logging_mixin.py:188} INFO - [2024-12-05T07:49:54.821+0000] {dag.py:3954} INFO - Setting next_dagrun for dbt-viz-dag to 2024-12-04 20:40:00+00:00, run_after=2024-12-05 20:40:00+00:00
[2024-12-05T07:49:54.853+0000] {processor.py:183} INFO - Processing /opt/airflow/dags/dbt-viz-dag.py took 0.165 seconds
[2024-12-05T07:50:25.134+0000] {processor.py:161} INFO - Started process (PID=2201) to work on /opt/airflow/dags/dbt-viz-dag.py
[2024-12-05T07:50:25.135+0000] {processor.py:830} INFO - Processing file /opt/airflow/dags/dbt-viz-dag.py for tasks to queue
[2024-12-05T07:50:25.138+0000] {logging_mixin.py:188} INFO - [2024-12-05T07:50:25.138+0000] {dagbag.py:545} INFO - Filling up the DagBag from /opt/airflow/dags/dbt-viz-dag.py
[2024-12-05T07:50:25.167+0000] {processor.py:840} INFO - DAG(s) 'dbt-viz-dag' retrieved from /opt/airflow/dags/dbt-viz-dag.py
[2024-12-05T07:50:25.207+0000] {logging_mixin.py:188} INFO - [2024-12-05T07:50:25.206+0000] {dag.py:3096} INFO - Sync 1 DAGs
[2024-12-05T07:50:25.240+0000] {logging_mixin.py:188} INFO - [2024-12-05T07:50:25.239+0000] {dag.py:3954} INFO - Setting next_dagrun for dbt-viz-dag to 2024-12-04 20:40:00+00:00, run_after=2024-12-05 20:40:00+00:00
[2024-12-05T07:50:25.272+0000] {processor.py:183} INFO - Processing /opt/airflow/dags/dbt-viz-dag.py took 0.148 seconds
[2024-12-05T07:50:55.493+0000] {processor.py:161} INFO - Started process (PID=2274) to work on /opt/airflow/dags/dbt-viz-dag.py
[2024-12-05T07:50:55.495+0000] {processor.py:830} INFO - Processing file /opt/airflow/dags/dbt-viz-dag.py for tasks to queue
[2024-12-05T07:50:55.514+0000] {logging_mixin.py:188} INFO - [2024-12-05T07:50:55.513+0000] {dagbag.py:545} INFO - Filling up the DagBag from /opt/airflow/dags/dbt-viz-dag.py
[2024-12-05T07:50:55.556+0000] {processor.py:840} INFO - DAG(s) 'dbt-viz-dag' retrieved from /opt/airflow/dags/dbt-viz-dag.py
[2024-12-05T07:50:55.595+0000] {logging_mixin.py:188} INFO - [2024-12-05T07:50:55.595+0000] {dag.py:3096} INFO - Sync 1 DAGs
[2024-12-05T07:50:55.627+0000] {logging_mixin.py:188} INFO - [2024-12-05T07:50:55.627+0000] {dag.py:3954} INFO - Setting next_dagrun for dbt-viz-dag to 2024-12-04 20:40:00+00:00, run_after=2024-12-05 20:40:00+00:00
[2024-12-05T07:50:55.660+0000] {processor.py:183} INFO - Processing /opt/airflow/dags/dbt-viz-dag.py took 0.215 seconds
[2024-12-05T07:51:25.945+0000] {processor.py:161} INFO - Started process (PID=2343) to work on /opt/airflow/dags/dbt-viz-dag.py
[2024-12-05T07:51:25.946+0000] {processor.py:830} INFO - Processing file /opt/airflow/dags/dbt-viz-dag.py for tasks to queue
[2024-12-05T07:51:25.950+0000] {logging_mixin.py:188} INFO - [2024-12-05T07:51:25.949+0000] {dagbag.py:545} INFO - Filling up the DagBag from /opt/airflow/dags/dbt-viz-dag.py
[2024-12-05T07:51:25.974+0000] {processor.py:840} INFO - DAG(s) 'dbt-viz-dag' retrieved from /opt/airflow/dags/dbt-viz-dag.py
[2024-12-05T07:51:26.012+0000] {logging_mixin.py:188} INFO - [2024-12-05T07:51:26.012+0000] {dag.py:3096} INFO - Sync 1 DAGs
[2024-12-05T07:51:26.042+0000] {logging_mixin.py:188} INFO - [2024-12-05T07:51:26.042+0000] {dag.py:3954} INFO - Setting next_dagrun for dbt-viz-dag to 2024-12-04 20:40:00+00:00, run_after=2024-12-05 20:40:00+00:00
[2024-12-05T07:51:26.080+0000] {processor.py:183} INFO - Processing /opt/airflow/dags/dbt-viz-dag.py took 0.145 seconds
[2024-12-05T07:51:56.400+0000] {processor.py:161} INFO - Started process (PID=2383) to work on /opt/airflow/dags/dbt-viz-dag.py
[2024-12-05T07:51:56.402+0000] {processor.py:830} INFO - Processing file /opt/airflow/dags/dbt-viz-dag.py for tasks to queue
[2024-12-05T07:51:56.407+0000] {logging_mixin.py:188} INFO - [2024-12-05T07:51:56.406+0000] {dagbag.py:545} INFO - Filling up the DagBag from /opt/airflow/dags/dbt-viz-dag.py
[2024-12-05T07:51:56.444+0000] {processor.py:840} INFO - DAG(s) 'dbt-viz-dag' retrieved from /opt/airflow/dags/dbt-viz-dag.py
[2024-12-05T07:51:56.498+0000] {logging_mixin.py:188} INFO - [2024-12-05T07:51:56.497+0000] {dag.py:3096} INFO - Sync 1 DAGs
[2024-12-05T07:51:56.540+0000] {logging_mixin.py:188} INFO - [2024-12-05T07:51:56.540+0000] {dag.py:3954} INFO - Setting next_dagrun for dbt-viz-dag to 2024-12-04 20:40:00+00:00, run_after=2024-12-05 20:40:00+00:00
[2024-12-05T07:51:56.582+0000] {processor.py:183} INFO - Processing /opt/airflow/dags/dbt-viz-dag.py took 0.199 seconds
[2024-12-05T07:52:26.680+0000] {processor.py:161} INFO - Started process (PID=2400) to work on /opt/airflow/dags/dbt-viz-dag.py
[2024-12-05T07:52:26.682+0000] {processor.py:830} INFO - Processing file /opt/airflow/dags/dbt-viz-dag.py for tasks to queue
[2024-12-05T07:52:26.686+0000] {logging_mixin.py:188} INFO - [2024-12-05T07:52:26.685+0000] {dagbag.py:545} INFO - Filling up the DagBag from /opt/airflow/dags/dbt-viz-dag.py
[2024-12-05T07:52:26.714+0000] {processor.py:840} INFO - DAG(s) 'dbt-viz-dag' retrieved from /opt/airflow/dags/dbt-viz-dag.py
[2024-12-05T07:52:26.757+0000] {logging_mixin.py:188} INFO - [2024-12-05T07:52:26.756+0000] {dag.py:3096} INFO - Sync 1 DAGs
[2024-12-05T07:52:26.794+0000] {logging_mixin.py:188} INFO - [2024-12-05T07:52:26.794+0000] {dag.py:3954} INFO - Setting next_dagrun for dbt-viz-dag to 2024-12-04 20:40:00+00:00, run_after=2024-12-05 20:40:00+00:00
[2024-12-05T07:52:26.826+0000] {processor.py:183} INFO - Processing /opt/airflow/dags/dbt-viz-dag.py took 0.158 seconds
[2024-12-05T07:52:57.202+0000] {processor.py:161} INFO - Started process (PID=2416) to work on /opt/airflow/dags/dbt-viz-dag.py
[2024-12-05T07:52:57.204+0000] {processor.py:830} INFO - Processing file /opt/airflow/dags/dbt-viz-dag.py for tasks to queue
[2024-12-05T07:52:57.208+0000] {logging_mixin.py:188} INFO - [2024-12-05T07:52:57.207+0000] {dagbag.py:545} INFO - Filling up the DagBag from /opt/airflow/dags/dbt-viz-dag.py
[2024-12-05T07:52:57.237+0000] {processor.py:840} INFO - DAG(s) 'dbt-viz-dag' retrieved from /opt/airflow/dags/dbt-viz-dag.py
[2024-12-05T07:52:57.279+0000] {logging_mixin.py:188} INFO - [2024-12-05T07:52:57.278+0000] {dag.py:3096} INFO - Sync 1 DAGs
[2024-12-05T07:52:57.320+0000] {logging_mixin.py:188} INFO - [2024-12-05T07:52:57.320+0000] {dag.py:3954} INFO - Setting next_dagrun for dbt-viz-dag to 2024-12-04 20:40:00+00:00, run_after=2024-12-05 20:40:00+00:00
[2024-12-05T07:52:57.354+0000] {processor.py:183} INFO - Processing /opt/airflow/dags/dbt-viz-dag.py took 0.161 seconds
