[2024-12-05T07:11:44.231+0000] {local_task_job_runner.py:120} INFO - ::group::Pre task execution logs
[2024-12-05T07:11:44.274+0000] {taskinstance.py:2076} INFO - Dependencies all met for dep_context=non-requeueable deps ti=<TaskInstance: complete-dag.fetch_electricity_data scheduled__2024-12-03T20:40:00+00:00 [queued]>
[2024-12-05T07:11:44.284+0000] {taskinstance.py:2076} INFO - Dependencies all met for dep_context=requeueable deps ti=<TaskInstance: complete-dag.fetch_electricity_data scheduled__2024-12-03T20:40:00+00:00 [queued]>
[2024-12-05T07:11:44.285+0000] {taskinstance.py:2306} INFO - Starting attempt 1 of 1
[2024-12-05T07:11:44.331+0000] {taskinstance.py:2330} INFO - Executing <Task(_PythonDecoratedOperator): fetch_electricity_data> on 2024-12-03 20:40:00+00:00
[2024-12-05T07:11:44.405+0000] {logging_mixin.py:188} WARNING - /home/***/.local/lib/python3.12/site-packages/***/task/task_runner/standard_task_runner.py:61 DeprecationWarning: This process (pid=223) is multi-threaded, use of fork() may lead to deadlocks in the child.
[2024-12-05T07:11:44.388+0000] {standard_task_runner.py:90} INFO - Running: ['***', 'tasks', 'run', 'complete-dag', 'fetch_electricity_data', 'scheduled__2024-12-03T20:40:00+00:00', '--job-id', '479', '--raw', '--subdir', 'DAGS_FOLDER/complete_dag.py', '--cfg-path', '/tmp/tmp2o10uk8u']
[2024-12-05T07:11:44.419+0000] {standard_task_runner.py:91} INFO - Job 479: Subtask fetch_electricity_data
[2024-12-05T07:11:44.419+0000] {standard_task_runner.py:63} INFO - Started process 253 to run task
[2024-12-05T07:11:44.575+0000] {task_command.py:426} INFO - Running <TaskInstance: complete-dag.fetch_electricity_data scheduled__2024-12-03T20:40:00+00:00 [running]> on host e060654747dc
[2024-12-05T07:11:44.732+0000] {taskinstance.py:2648} INFO - Exporting env vars: AIRFLOW_CTX_DAG_OWNER='***' AIRFLOW_CTX_DAG_ID='complete-dag' AIRFLOW_CTX_TASK_ID='fetch_electricity_data' AIRFLOW_CTX_EXECUTION_DATE='2024-12-03T20:40:00+00:00' AIRFLOW_CTX_TRY_NUMBER='1' AIRFLOW_CTX_DAG_RUN_ID='scheduled__2024-12-03T20:40:00+00:00'
[2024-12-05T07:11:44.734+0000] {taskinstance.py:430} INFO - ::endgroup::
[2024-12-05T07:11:46.605+0000] {logging_mixin.py:188} INFO -        period subba  ...   value    value-units
0  2024-12-03  PGAE  ...  264943  megawatthours
1  2024-12-03   SCE  ...  278368  megawatthours
2  2024-12-03  SDGE  ...   51134  megawatthours
3  2024-12-03   VEA  ...    2367  megawatthours
4  2024-12-02  PGAE  ...  263572  megawatthours

[5 rows x 8 columns]
[2024-12-05T07:11:46.608+0000] {python.py:237} INFO - Done. Returned value was:           period subba  ...   value    value-units
0     2024-12-03  PGAE  ...  264943  megawatthours
1     2024-12-03   SCE  ...  278368  megawatthours
2     2024-12-03  SDGE  ...   51134  megawatthours
3     2024-12-03   VEA  ...    2367  megawatthours
4     2024-12-02  PGAE  ...  263572  megawatthours
...          ...   ...  ...     ...            ...
4257  2022-01-02   VEA  ...    2332  megawatthours
4258  2022-01-01  PGAE  ...  249179  megawatthours
4259  2022-01-01   SCE  ...  234915  megawatthours
4260  2022-01-01  SDGE  ...   44717  megawatthours
4261  2022-01-01   VEA  ...    2228  megawatthours

[4262 rows x 8 columns]
[2024-12-05T07:11:46.620+0000] {taskinstance.py:441} INFO - ::group::Post task execution logs
[2024-12-05T07:11:46.696+0000] {taskinstance.py:1206} INFO - Marking task as SUCCESS. dag_id=complete-dag, task_id=fetch_electricity_data, run_id=scheduled__2024-12-03T20:40:00+00:00, execution_date=20241203T204000, start_date=20241205T071144, end_date=20241205T071146
[2024-12-05T07:11:46.764+0000] {local_task_job_runner.py:240} INFO - Task exited with return code 0
[2024-12-05T07:11:46.776+0000] {local_task_job_runner.py:222} INFO - ::endgroup::
