[2024-11-30T08:35:13.654+0000] {local_task_job_runner.py:120} INFO - ::group::Pre task execution logs
[2024-11-30T08:35:13.682+0000] {taskinstance.py:2076} INFO - Dependencies all met for dep_context=non-requeueable deps ti=<TaskInstance: complete-dag.train manual__2024-11-30T08:33:53.025918+00:00 [queued]>
[2024-11-30T08:35:13.692+0000] {taskinstance.py:2076} INFO - Dependencies all met for dep_context=requeueable deps ti=<TaskInstance: complete-dag.train manual__2024-11-30T08:33:53.025918+00:00 [queued]>
[2024-11-30T08:35:13.693+0000] {taskinstance.py:2306} INFO - Starting attempt 1 of 1
[2024-11-30T08:35:13.706+0000] {taskinstance.py:2330} INFO - Executing <Task(_PythonDecoratedOperator): train> on 2024-11-30 08:33:53.025918+00:00
[2024-11-30T08:35:13.719+0000] {standard_task_runner.py:90} INFO - Running: ['***', 'tasks', 'run', 'complete-dag', 'train', 'manual__2024-11-30T08:33:53.025918+00:00', '--job-id', '423', '--raw', '--subdir', 'DAGS_FOLDER/complete_dag.py', '--cfg-path', '/tmp/tmpbe2eovv3']
[2024-11-30T08:35:13.721+0000] {standard_task_runner.py:91} INFO - Job 423: Subtask train
[2024-11-30T08:35:13.725+0000] {logging_mixin.py:188} WARNING - /home/***/.local/lib/python3.12/site-packages/***/task/task_runner/standard_task_runner.py:61 DeprecationWarning: This process (pid=2474) is multi-threaded, use of fork() may lead to deadlocks in the child.
[2024-11-30T08:35:13.726+0000] {standard_task_runner.py:63} INFO - Started process 2483 to run task
[2024-11-30T08:35:13.774+0000] {task_command.py:426} INFO - Running <TaskInstance: complete-dag.train manual__2024-11-30T08:33:53.025918+00:00 [running]> on host e060654747dc
[2024-11-30T08:35:13.878+0000] {taskinstance.py:2648} INFO - Exporting env vars: AIRFLOW_CTX_DAG_OWNER='***' AIRFLOW_CTX_DAG_ID='complete-dag' AIRFLOW_CTX_TASK_ID='train' AIRFLOW_CTX_EXECUTION_DATE='2024-11-30T08:33:53.025918+00:00' AIRFLOW_CTX_TRY_NUMBER='1' AIRFLOW_CTX_DAG_RUN_ID='manual__2024-11-30T08:33:53.025918+00:00'
[2024-11-30T08:35:13.879+0000] {taskinstance.py:430} INFO - ::endgroup::
[2024-11-30T08:35:14.312+0000] {cursor.py:1149} INFO - Number of results in first chunk: 1
[2024-11-30T08:35:14.313+0000] {complete_dag.py:260} INFO - View created
[2024-11-30T08:38:48.812+0000] {cursor.py:1149} INFO - Number of results in first chunk: 1
[2024-11-30T08:38:48.825+0000] {complete_dag.py:262} INFO - Model for training created
[2024-11-30T08:38:50.523+0000] {cursor.py:1149} INFO - Number of results in first chunk: 28
[2024-11-30T08:38:50.527+0000] {python.py:237} INFO - Done. Returned value was: True
[2024-11-30T08:38:50.531+0000] {taskinstance.py:441} INFO - ::group::Post task execution logs
[2024-11-30T08:38:50.638+0000] {taskinstance.py:1206} INFO - Marking task as SUCCESS. dag_id=complete-dag, task_id=train, run_id=manual__2024-11-30T08:33:53.025918+00:00, execution_date=20241130T083353, start_date=20241130T083513, end_date=20241130T083850
[2024-11-30T08:38:50.724+0000] {local_task_job_runner.py:240} INFO - Task exited with return code 0
[2024-11-30T08:38:50.757+0000] {local_task_job_runner.py:222} INFO - ::endgroup::
