[2024-11-30T06:37:14.123+0000] {local_task_job_runner.py:120} INFO - ::group::Pre task execution logs
[2024-11-30T06:37:14.151+0000] {taskinstance.py:2076} INFO - Dependencies all met for dep_context=non-requeueable deps ti=<TaskInstance: complete-dag.dbt_snapshot manual__2024-11-30T06:36:41.008481+00:00 [queued]>
[2024-11-30T06:37:14.159+0000] {taskinstance.py:2076} INFO - Dependencies all met for dep_context=requeueable deps ti=<TaskInstance: complete-dag.dbt_snapshot manual__2024-11-30T06:36:41.008481+00:00 [queued]>
[2024-11-30T06:37:14.160+0000] {taskinstance.py:2306} INFO - Starting attempt 1 of 1
[2024-11-30T06:37:14.173+0000] {taskinstance.py:2330} INFO - Executing <Task(BashOperator): dbt_snapshot> on 2024-11-30 06:36:41.008481+00:00
[2024-11-30T06:37:14.183+0000] {logging_mixin.py:188} WARNING - /home/***/.local/lib/python3.12/site-packages/***/task/task_runner/standard_task_runner.py:61 DeprecationWarning: This process (pid=10690) is multi-threaded, use of fork() may lead to deadlocks in the child.
[2024-11-30T06:37:14.183+0000] {standard_task_runner.py:90} INFO - Running: ['***', 'tasks', 'run', 'complete-dag', 'dbt_snapshot', 'manual__2024-11-30T06:36:41.008481+00:00', '--job-id', '389', '--raw', '--subdir', 'DAGS_FOLDER/complete_dag.py', '--cfg-path', '/tmp/tmp1o92wzxo']
[2024-11-30T06:37:14.184+0000] {standard_task_runner.py:63} INFO - Started process 10699 to run task
[2024-11-30T06:37:14.184+0000] {standard_task_runner.py:91} INFO - Job 389: Subtask dbt_snapshot
[2024-11-30T06:37:14.230+0000] {task_command.py:426} INFO - Running <TaskInstance: complete-dag.dbt_snapshot manual__2024-11-30T06:36:41.008481+00:00 [running]> on host b09a94790db6
[2024-11-30T06:37:14.361+0000] {taskinstance.py:2648} INFO - Exporting env vars: AIRFLOW_CTX_DAG_OWNER='***' AIRFLOW_CTX_DAG_ID='complete-dag' AIRFLOW_CTX_TASK_ID='dbt_snapshot' AIRFLOW_CTX_EXECUTION_DATE='2024-11-30T06:36:41.008481+00:00' AIRFLOW_CTX_TRY_NUMBER='1' AIRFLOW_CTX_DAG_RUN_ID='manual__2024-11-30T06:36:41.008481+00:00'
[2024-11-30T06:37:14.362+0000] {taskinstance.py:430} INFO - ::endgroup::
[2024-11-30T06:37:14.363+0000] {subprocess.py:63} INFO - Tmp dir root location: /tmp
[2024-11-30T06:37:14.365+0000] {subprocess.py:75} INFO - Running command: ['/usr/bin/bash', '-c', '/home/***/.local/bin/dbt snapshot --profiles-dir /opt/***/dbt --project-dir /opt/***/dbt']
[2024-11-30T06:37:14.378+0000] {subprocess.py:86} INFO - Output:
[2024-11-30T06:37:16.545+0000] {subprocess.py:93} INFO - [0m06:37:16  Running with dbt=1.8.7
[2024-11-30T06:37:17.630+0000] {subprocess.py:93} INFO - [0m06:37:17  Registered adapter: snowflake=1.8.4
[2024-11-30T06:37:18.191+0000] {subprocess.py:93} INFO - [0m06:37:18  Found 5 models, 1 test, 4 sources, 459 macros
[2024-11-30T06:37:18.194+0000] {subprocess.py:93} INFO - [0m06:37:18
[2024-11-30T06:37:18.195+0000] {subprocess.py:93} INFO - [0m06:37:18  Nothing to do. Try checking your model configs and model specification args
[2024-11-30T06:37:18.904+0000] {subprocess.py:97} INFO - Command exited with return code 0
[2024-11-30T06:37:18.905+0000] {taskinstance.py:441} INFO - ::group::Post task execution logs
[2024-11-30T06:37:18.929+0000] {taskinstance.py:1206} INFO - Marking task as SUCCESS. dag_id=complete-dag, task_id=dbt_snapshot, run_id=manual__2024-11-30T06:36:41.008481+00:00, execution_date=20241130T063641, start_date=20241130T063714, end_date=20241130T063718
[2024-11-30T06:37:18.976+0000] {local_task_job_runner.py:240} INFO - Task exited with return code 0
[2024-11-30T06:37:18.990+0000] {local_task_job_runner.py:222} INFO - ::endgroup::
