[2024-12-05T07:17:19.595+0000] {local_task_job_runner.py:120} INFO - ::group::Pre task execution logs
[2024-12-05T07:17:19.735+0000] {taskinstance.py:2076} INFO - Dependencies all met for dep_context=non-requeueable deps ti=<TaskInstance: complete-dag.fetch_electricity_data manual__2024-12-05T07:17:11.444959+00:00 [queued]>
[2024-12-05T07:17:19.777+0000] {taskinstance.py:2076} INFO - Dependencies all met for dep_context=requeueable deps ti=<TaskInstance: complete-dag.fetch_electricity_data manual__2024-12-05T07:17:11.444959+00:00 [queued]>
[2024-12-05T07:17:19.778+0000] {taskinstance.py:2306} INFO - Starting attempt 1 of 1
[2024-12-05T07:17:19.830+0000] {taskinstance.py:2330} INFO - Executing <Task(_PythonDecoratedOperator): fetch_electricity_data> on 2024-12-05 07:17:11.444959+00:00
[2024-12-05T07:17:19.902+0000] {standard_task_runner.py:90} INFO - Running: ['***', 'tasks', 'run', 'complete-dag', 'fetch_electricity_data', 'manual__2024-12-05T07:17:11.444959+00:00', '--job-id', '488', '--raw', '--subdir', 'DAGS_FOLDER/complete_dag.py', '--cfg-path', '/tmp/tmp5k1g80mm']
[2024-12-05T07:17:19.905+0000] {standard_task_runner.py:91} INFO - Job 488: Subtask fetch_electricity_data
[2024-12-05T07:17:19.920+0000] {logging_mixin.py:188} WARNING - /home/***/.local/lib/python3.12/site-packages/***/task/task_runner/standard_task_runner.py:61 DeprecationWarning: This process (pid=464) is multi-threaded, use of fork() may lead to deadlocks in the child.
[2024-12-05T07:17:19.922+0000] {standard_task_runner.py:63} INFO - Started process 480 to run task
[2024-12-05T07:17:20.322+0000] {task_command.py:426} INFO - Running <TaskInstance: complete-dag.fetch_electricity_data manual__2024-12-05T07:17:11.444959+00:00 [running]> on host e060654747dc
[2024-12-05T07:17:21.097+0000] {taskinstance.py:2648} INFO - Exporting env vars: AIRFLOW_CTX_DAG_OWNER='***' AIRFLOW_CTX_DAG_ID='complete-dag' AIRFLOW_CTX_TASK_ID='fetch_electricity_data' AIRFLOW_CTX_EXECUTION_DATE='2024-12-05T07:17:11.444959+00:00' AIRFLOW_CTX_TRY_NUMBER='1' AIRFLOW_CTX_DAG_RUN_ID='manual__2024-12-05T07:17:11.444959+00:00'
[2024-12-05T07:17:21.108+0000] {taskinstance.py:430} INFO - ::endgroup::
[2024-12-05T07:17:22.482+0000] {logging_mixin.py:188} INFO -        period subba  ...   value    value-units
0  2024-12-03  PGAE  ...  264943  megawatthours
1  2024-12-03   SCE  ...  278368  megawatthours
2  2024-12-03  SDGE  ...   51134  megawatthours
3  2024-12-03   VEA  ...    2367  megawatthours
4  2024-12-02  PGAE  ...  263572  megawatthours

[5 rows x 8 columns]
[2024-12-05T07:17:22.489+0000] {python.py:237} INFO - Done. Returned value was:           period subba  ...   value    value-units
0     2024-12-03  PGAE  ...  264943  megawatthours
1     2024-12-03   SCE  ...  278368  megawatthours
2     2024-12-03  SDGE  ...   51134  megawatthours
3     2024-12-03   VEA  ...    2367  megawatthours
4     2024-12-02  PGAE  ...  263572  megawatthours
...          ...   ...  ...     ...            ...
4257  2022-01-02   VEA  ...    2332  megawatthours
4258  2022-01-01  PGAE  ...  249179  megawatthours
4259  2022-01-01   SCE  ...  234915  megawatthours
4260  2022-01-01  SDGE  ...   44717  megawatthours
4261  2022-01-01   VEA  ...    2228  megawatthours

[4262 rows x 8 columns]
[2024-12-05T07:17:22.509+0000] {taskinstance.py:441} INFO - ::group::Post task execution logs
[2024-12-05T07:17:22.589+0000] {taskinstance.py:1206} INFO - Marking task as SUCCESS. dag_id=complete-dag, task_id=fetch_electricity_data, run_id=manual__2024-12-05T07:17:11.444959+00:00, execution_date=20241205T071711, start_date=20241205T071719, end_date=20241205T071722
[2024-12-05T07:17:22.635+0000] {local_task_job_runner.py:240} INFO - Task exited with return code 0
[2024-12-05T07:17:22.651+0000] {local_task_job_runner.py:222} INFO - ::endgroup::
