[2024-12-03T01:29:59.052+0000] {local_task_job_runner.py:120} INFO - ::group::Pre task execution logs
[2024-12-03T01:29:59.096+0000] {taskinstance.py:2076} INFO - Dependencies all met for dep_context=non-requeueable deps ti=<TaskInstance: complete-dag.dbt_run scheduled__2024-12-01T20:40:00+00:00 [queued]>
[2024-12-03T01:29:59.108+0000] {taskinstance.py:2076} INFO - Dependencies all met for dep_context=requeueable deps ti=<TaskInstance: complete-dag.dbt_run scheduled__2024-12-01T20:40:00+00:00 [queued]>
[2024-12-03T01:29:59.109+0000] {taskinstance.py:2306} INFO - Starting attempt 1 of 1
[2024-12-03T01:29:59.129+0000] {taskinstance.py:2330} INFO - Executing <Task(BashOperator): dbt_run> on 2024-12-01 20:40:00+00:00
[2024-12-03T01:29:59.146+0000] {standard_task_runner.py:90} INFO - Running: ['***', 'tasks', 'run', 'complete-dag', 'dbt_run', 'scheduled__2024-12-01T20:40:00+00:00', '--job-id', '453', '--raw', '--subdir', 'DAGS_FOLDER/complete_dag.py', '--cfg-path', '/tmp/tmp900uergy']
[2024-12-03T01:29:59.148+0000] {standard_task_runner.py:91} INFO - Job 453: Subtask dbt_run
[2024-12-03T01:29:59.150+0000] {logging_mixin.py:188} WARNING - /home/***/.local/lib/python3.12/site-packages/***/task/task_runner/standard_task_runner.py:61 DeprecationWarning: This process (pid=302) is multi-threaded, use of fork() may lead to deadlocks in the child.
[2024-12-03T01:29:59.152+0000] {standard_task_runner.py:63} INFO - Started process 305 to run task
[2024-12-03T01:29:59.215+0000] {task_command.py:426} INFO - Running <TaskInstance: complete-dag.dbt_run scheduled__2024-12-01T20:40:00+00:00 [running]> on host e060654747dc
[2024-12-03T01:29:59.427+0000] {taskinstance.py:2648} INFO - Exporting env vars: AIRFLOW_CTX_DAG_OWNER='***' AIRFLOW_CTX_DAG_ID='complete-dag' AIRFLOW_CTX_TASK_ID='dbt_run' AIRFLOW_CTX_EXECUTION_DATE='2024-12-01T20:40:00+00:00' AIRFLOW_CTX_TRY_NUMBER='1' AIRFLOW_CTX_DAG_RUN_ID='scheduled__2024-12-01T20:40:00+00:00'
[2024-12-03T01:29:59.429+0000] {taskinstance.py:430} INFO - ::endgroup::
[2024-12-03T01:29:59.431+0000] {subprocess.py:63} INFO - Tmp dir root location: /tmp
[2024-12-03T01:29:59.445+0000] {subprocess.py:75} INFO - Running command: ['/usr/bin/bash', '-c', '/home/***/.local/bin/dbt run --profiles-dir /opt/***/dbt --project-dir /opt/***/dbt']
[2024-12-03T01:29:59.467+0000] {subprocess.py:86} INFO - Output:
[2024-12-03T01:30:05.318+0000] {subprocess.py:93} INFO - [0m01:30:05  Running with dbt=1.8.7
[2024-12-03T01:30:07.101+0000] {subprocess.py:93} INFO - [0m01:30:07  Registered adapter: snowflake=1.8.4
[2024-12-03T01:30:08.173+0000] {subprocess.py:93} INFO - [0m01:30:08  Found 5 models, 1 test, 4 sources, 459 macros
[2024-12-03T01:30:08.178+0000] {subprocess.py:93} INFO - [0m01:30:08
[2024-12-03T01:30:10.939+0000] {subprocess.py:93} INFO - [0m01:30:10  Concurrency: 1 threads (target='dev')
[2024-12-03T01:30:10.941+0000] {subprocess.py:93} INFO - [0m01:30:10
[2024-12-03T01:30:11.064+0000] {subprocess.py:93} INFO - [0m01:30:11  1 of 2 START sql table model analytics.weather_forecast_processed .............. [RUN]
[2024-12-03T01:30:12.814+0000] {subprocess.py:93} INFO - [0m01:30:12  1 of 2 OK created sql table model analytics.weather_forecast_processed ......... [[32mSUCCESS 1[0m in 1.74s]
[2024-12-03T01:30:12.820+0000] {subprocess.py:93} INFO - [0m01:30:12  2 of 2 START sql table model analytics.electricity_weather_historical .......... [RUN]
[2024-12-03T01:30:15.211+0000] {subprocess.py:93} INFO - [0m01:30:15  2 of 2 OK created sql table model analytics.electricity_weather_historical ..... [[32mSUCCESS 1[0m in 2.39s]
[2024-12-03T01:30:15.222+0000] {subprocess.py:93} INFO - [0m01:30:15
[2024-12-03T01:30:15.225+0000] {subprocess.py:93} INFO - [0m01:30:15  Finished running 2 table models in 0 hours 0 minutes and 7.04 seconds (7.04s).
[2024-12-03T01:30:15.422+0000] {subprocess.py:93} INFO - [0m01:30:15
[2024-12-03T01:30:15.424+0000] {subprocess.py:93} INFO - [0m01:30:15  [32mCompleted successfully[0m
[2024-12-03T01:30:15.427+0000] {subprocess.py:93} INFO - [0m01:30:15
[2024-12-03T01:30:15.429+0000] {subprocess.py:93} INFO - [0m01:30:15  Done. PASS=2 WARN=0 ERROR=0 SKIP=0 TOTAL=2
[2024-12-03T01:30:16.841+0000] {subprocess.py:97} INFO - Command exited with return code 0
[2024-12-03T01:30:16.849+0000] {taskinstance.py:441} INFO - ::group::Post task execution logs
[2024-12-03T01:30:16.939+0000] {taskinstance.py:1206} INFO - Marking task as SUCCESS. dag_id=complete-dag, task_id=dbt_run, run_id=scheduled__2024-12-01T20:40:00+00:00, execution_date=20241201T204000, start_date=20241203T012959, end_date=20241203T013016
[2024-12-03T01:30:17.107+0000] {local_task_job_runner.py:240} INFO - Task exited with return code 0
[2024-12-03T01:30:17.184+0000] {local_task_job_runner.py:222} INFO - ::endgroup::
