[2024-12-05T07:43:55.090+0000] {local_task_job_runner.py:120} INFO - ::group::Pre task execution logs
[2024-12-05T07:43:55.134+0000] {taskinstance.py:2076} INFO - Dependencies all met for dep_context=non-requeueable deps ti=<TaskInstance: complete-dag.dbt_run manual__2024-12-05T07:43:36.332444+00:00 [queued]>
[2024-12-05T07:43:55.146+0000] {taskinstance.py:2076} INFO - Dependencies all met for dep_context=requeueable deps ti=<TaskInstance: complete-dag.dbt_run manual__2024-12-05T07:43:36.332444+00:00 [queued]>
[2024-12-05T07:43:55.148+0000] {taskinstance.py:2306} INFO - Starting attempt 1 of 1
[2024-12-05T07:43:55.169+0000] {taskinstance.py:2330} INFO - Executing <Task(BashOperator): dbt_run> on 2024-12-05 07:43:36.332444+00:00
[2024-12-05T07:43:55.183+0000] {logging_mixin.py:188} WARNING - /home/***/.local/lib/python3.12/site-packages/***/task/task_runner/standard_task_runner.py:61 DeprecationWarning: This process (pid=1841) is multi-threaded, use of fork() may lead to deadlocks in the child.
[2024-12-05T07:43:55.183+0000] {standard_task_runner.py:90} INFO - Running: ['***', 'tasks', 'run', 'complete-dag', 'dbt_run', 'manual__2024-12-05T07:43:36.332444+00:00', '--job-id', '529', '--raw', '--subdir', 'DAGS_FOLDER/complete_dag.py', '--cfg-path', '/tmp/tmpiprn4np7']
[2024-12-05T07:43:55.185+0000] {standard_task_runner.py:63} INFO - Started process 1844 to run task
[2024-12-05T07:43:55.185+0000] {standard_task_runner.py:91} INFO - Job 529: Subtask dbt_run
[2024-12-05T07:43:55.248+0000] {task_command.py:426} INFO - Running <TaskInstance: complete-dag.dbt_run manual__2024-12-05T07:43:36.332444+00:00 [running]> on host e060654747dc
[2024-12-05T07:43:55.446+0000] {taskinstance.py:2648} INFO - Exporting env vars: AIRFLOW_CTX_DAG_OWNER='***' AIRFLOW_CTX_DAG_ID='complete-dag' AIRFLOW_CTX_TASK_ID='dbt_run' AIRFLOW_CTX_EXECUTION_DATE='2024-12-05T07:43:36.332444+00:00' AIRFLOW_CTX_TRY_NUMBER='1' AIRFLOW_CTX_DAG_RUN_ID='manual__2024-12-05T07:43:36.332444+00:00'
[2024-12-05T07:43:55.447+0000] {taskinstance.py:430} INFO - ::endgroup::
[2024-12-05T07:43:55.449+0000] {subprocess.py:63} INFO - Tmp dir root location: /tmp
[2024-12-05T07:43:55.451+0000] {subprocess.py:75} INFO - Running command: ['/usr/bin/bash', '-c', '/home/***/.local/bin/dbt run --profiles-dir /opt/***/dbt --project-dir /opt/***/dbt']
[2024-12-05T07:43:55.474+0000] {subprocess.py:86} INFO - Output:
[2024-12-05T07:43:59.216+0000] {subprocess.py:93} INFO - [0m07:43:59  Running with dbt=1.8.7
[2024-12-05T07:44:00.572+0000] {subprocess.py:93} INFO - [0m07:44:00  Registered adapter: snowflake=1.8.4
[2024-12-05T07:44:01.814+0000] {subprocess.py:93} INFO - [0m07:44:01  Found 5 models, 1 test, 2 snapshots, 4 sources, 459 macros
[2024-12-05T07:44:01.820+0000] {subprocess.py:93} INFO - [0m07:44:01
[2024-12-05T07:44:04.791+0000] {subprocess.py:93} INFO - [0m07:44:04  Concurrency: 1 threads (target='dev')
[2024-12-05T07:44:04.793+0000] {subprocess.py:93} INFO - [0m07:44:04
[2024-12-05T07:44:04.921+0000] {subprocess.py:93} INFO - [0m07:44:04  1 of 2 START sql table model analytics.weather_forecast_processed .............. [RUN]
[2024-12-05T07:44:06.782+0000] {subprocess.py:93} INFO - [0m07:44:06  1 of 2 OK created sql table model analytics.weather_forecast_processed ......... [[32mSUCCESS 1[0m in 1.85s]
[2024-12-05T07:44:06.791+0000] {subprocess.py:93} INFO - [0m07:44:06  2 of 2 START sql table model analytics.electricity_weather_historical .......... [RUN]
[2024-12-05T07:44:08.480+0000] {subprocess.py:93} INFO - [0m07:44:08  2 of 2 OK created sql table model analytics.electricity_weather_historical ..... [[32mSUCCESS 1[0m in 1.68s]
[2024-12-05T07:44:08.494+0000] {subprocess.py:93} INFO - [0m07:44:08
[2024-12-05T07:44:08.495+0000] {subprocess.py:93} INFO - [0m07:44:08  Finished running 2 table models in 0 hours 0 minutes and 6.67 seconds (6.67s).
[2024-12-05T07:44:08.623+0000] {subprocess.py:93} INFO - [0m07:44:08
[2024-12-05T07:44:08.625+0000] {subprocess.py:93} INFO - [0m07:44:08  [32mCompleted successfully[0m
[2024-12-05T07:44:08.627+0000] {subprocess.py:93} INFO - [0m07:44:08
[2024-12-05T07:44:08.629+0000] {subprocess.py:93} INFO - [0m07:44:08  Done. PASS=2 WARN=0 ERROR=0 SKIP=0 TOTAL=2
[2024-12-05T07:44:10.002+0000] {subprocess.py:97} INFO - Command exited with return code 0
[2024-12-05T07:44:10.006+0000] {taskinstance.py:441} INFO - ::group::Post task execution logs
[2024-12-05T07:44:10.046+0000] {taskinstance.py:1206} INFO - Marking task as SUCCESS. dag_id=complete-dag, task_id=dbt_run, run_id=manual__2024-12-05T07:43:36.332444+00:00, execution_date=20241205T074336, start_date=20241205T074355, end_date=20241205T074410
[2024-12-05T07:44:10.095+0000] {local_task_job_runner.py:240} INFO - Task exited with return code 0
[2024-12-05T07:44:10.112+0000] {local_task_job_runner.py:222} INFO - ::endgroup::
