[2024-11-30T08:18:06.779+0000] {local_task_job_runner.py:120} INFO - ::group::Pre task execution logs
[2024-11-30T08:18:07.057+0000] {taskinstance.py:2076} INFO - Dependencies all met for dep_context=non-requeueable deps ti=<TaskInstance: dbt-viz-dag.dbt_run manual__2024-11-30T08:18:03.097168+00:00 [queued]>
[2024-11-30T08:18:07.100+0000] {taskinstance.py:2076} INFO - Dependencies all met for dep_context=requeueable deps ti=<TaskInstance: dbt-viz-dag.dbt_run manual__2024-11-30T08:18:03.097168+00:00 [queued]>
[2024-11-30T08:18:07.102+0000] {taskinstance.py:2306} INFO - Starting attempt 1 of 1
[2024-11-30T08:18:07.162+0000] {taskinstance.py:2330} INFO - Executing <Task(BashOperator): dbt_run> on 2024-11-30 08:18:03.097168+00:00
[2024-11-30T08:18:07.184+0000] {standard_task_runner.py:90} INFO - Running: ['***', 'tasks', 'run', 'dbt-viz-dag', 'dbt_run', 'manual__2024-11-30T08:18:03.097168+00:00', '--job-id', '403', '--raw', '--subdir', 'DAGS_FOLDER/dbt-viz-dag.py', '--cfg-path', '/tmp/tmpb_rze62c']
[2024-11-30T08:18:07.195+0000] {standard_task_runner.py:91} INFO - Job 403: Subtask dbt_run
[2024-11-30T08:18:07.199+0000] {logging_mixin.py:188} WARNING - /home/***/.local/lib/python3.12/site-packages/***/task/task_runner/standard_task_runner.py:61 DeprecationWarning: This process (pid=707) is multi-threaded, use of fork() may lead to deadlocks in the child.
[2024-11-30T08:18:07.201+0000] {standard_task_runner.py:63} INFO - Started process 708 to run task
[2024-11-30T08:18:07.328+0000] {task_command.py:426} INFO - Running <TaskInstance: dbt-viz-dag.dbt_run manual__2024-11-30T08:18:03.097168+00:00 [running]> on host e060654747dc
[2024-11-30T08:18:07.889+0000] {taskinstance.py:2648} INFO - Exporting env vars: AIRFLOW_CTX_DAG_OWNER='***' AIRFLOW_CTX_DAG_ID='dbt-viz-dag' AIRFLOW_CTX_TASK_ID='dbt_run' AIRFLOW_CTX_EXECUTION_DATE='2024-11-30T08:18:03.097168+00:00' AIRFLOW_CTX_TRY_NUMBER='1' AIRFLOW_CTX_DAG_RUN_ID='manual__2024-11-30T08:18:03.097168+00:00'
[2024-11-30T08:18:07.891+0000] {taskinstance.py:430} INFO - ::endgroup::
[2024-11-30T08:18:07.998+0000] {subprocess.py:63} INFO - Tmp dir root location: /tmp
[2024-11-30T08:18:08.012+0000] {subprocess.py:75} INFO - Running command: ['/usr/bin/bash', '-c', '/home/***/.local/bin/dbt run --profiles-dir /opt/***/dbt_viz --project-dir /opt/***/dbt_viz']
[2024-11-30T08:18:08.047+0000] {subprocess.py:86} INFO - Output:
[2024-11-30T08:18:14.982+0000] {subprocess.py:93} INFO - [0m08:18:14  Running with dbt=1.8.7
[2024-11-30T08:18:18.886+0000] {subprocess.py:93} INFO - [0m08:18:18  Registered adapter: snowflake=1.8.4
[2024-11-30T08:18:19.223+0000] {subprocess.py:93} INFO - [0m08:18:19  Unable to do partial parsing because a project dependency has been added
[2024-11-30T08:18:20.962+0000] {subprocess.py:93} INFO - [0m08:18:20  [[33mWARNING[0m]: Deprecated functionality
[2024-11-30T08:18:20.963+0000] {subprocess.py:93} INFO - The `tests` config has been renamed to `data_tests`. Please see
[2024-11-30T08:18:20.963+0000] {subprocess.py:93} INFO - https://docs.getdbt.com/docs/build/data-tests#new-data_tests-syntax for more
[2024-11-30T08:18:20.964+0000] {subprocess.py:93} INFO - information.
[2024-11-30T08:18:22.038+0000] {subprocess.py:93} INFO - [0m08:18:22  Found 3 models, 1 test, 3 sources, 459 macros
[2024-11-30T08:18:22.043+0000] {subprocess.py:93} INFO - [0m08:18:22
[2024-11-30T08:18:24.875+0000] {subprocess.py:93} INFO - [0m08:18:24  Concurrency: 1 threads (target='dev')
[2024-11-30T08:18:24.877+0000] {subprocess.py:93} INFO - [0m08:18:24
[2024-11-30T08:18:24.987+0000] {subprocess.py:93} INFO - [0m08:18:24  1 of 1 START sql table model analytics.energy_historical_forecast_data ......... [RUN]
[2024-11-30T08:18:30.352+0000] {subprocess.py:93} INFO - [0m08:18:30  1 of 1 OK created sql table model analytics.energy_historical_forecast_data .... [[32mSUCCESS 1[0m in 5.36s]
[2024-11-30T08:18:30.360+0000] {subprocess.py:93} INFO - [0m08:18:30
[2024-11-30T08:18:30.361+0000] {subprocess.py:93} INFO - [0m08:18:30  Finished running 1 table model in 0 hours 0 minutes and 8.31 seconds (8.31s).
[2024-11-30T08:18:30.445+0000] {subprocess.py:93} INFO - [0m08:18:30
[2024-11-30T08:18:30.447+0000] {subprocess.py:93} INFO - [0m08:18:30  [32mCompleted successfully[0m
[2024-11-30T08:18:30.448+0000] {subprocess.py:93} INFO - [0m08:18:30
[2024-11-30T08:18:30.450+0000] {subprocess.py:93} INFO - [0m08:18:30  Done. PASS=1 WARN=0 ERROR=0 SKIP=0 TOTAL=1
[2024-11-30T08:18:31.495+0000] {subprocess.py:97} INFO - Command exited with return code 0
[2024-11-30T08:18:31.503+0000] {taskinstance.py:441} INFO - ::group::Post task execution logs
[2024-11-30T08:18:31.580+0000] {taskinstance.py:1206} INFO - Marking task as SUCCESS. dag_id=dbt-viz-dag, task_id=dbt_run, run_id=manual__2024-11-30T08:18:03.097168+00:00, execution_date=20241130T081803, start_date=20241130T081807, end_date=20241130T081831
[2024-11-30T08:18:31.631+0000] {local_task_job_runner.py:240} INFO - Task exited with return code 0
[2024-11-30T08:18:31.708+0000] {taskinstance.py:3498} INFO - 1 downstream tasks scheduled from follow-on schedule check
[2024-11-30T08:18:31.714+0000] {local_task_job_runner.py:222} INFO - ::endgroup::
