[2024-11-12T06:26:42.657+0000] {local_task_job_runner.py:120} INFO - ::group::Pre task execution logs
[2024-11-12T06:26:44.067+0000] {taskinstance.py:2076} INFO - Dependencies all met for dep_context=non-requeueable deps ti=<TaskInstance: BuildELT_dbt.dbt_run manual__2024-11-12T06:26:38.876121+00:00 [queued]>
[2024-11-12T06:26:44.094+0000] {taskinstance.py:2076} INFO - Dependencies all met for dep_context=requeueable deps ti=<TaskInstance: BuildELT_dbt.dbt_run manual__2024-11-12T06:26:38.876121+00:00 [queued]>
[2024-11-12T06:26:44.096+0000] {taskinstance.py:2306} INFO - Starting attempt 1 of 1
[2024-11-12T06:26:44.140+0000] {taskinstance.py:2330} INFO - Executing <Task(BashOperator): dbt_run> on 2024-11-12 06:26:38.876121+00:00
[2024-11-12T06:26:44.158+0000] {standard_task_runner.py:90} INFO - Running: ['***', 'tasks', 'run', 'BuildELT_dbt', 'dbt_run', 'manual__2024-11-12T06:26:38.876121+00:00', '--job-id', '154', '--raw', '--subdir', 'DAGS_FOLDER/build_elt_with_dbt.py', '--cfg-path', '/tmp/tmpsj7q37xd']
[2024-11-12T06:26:44.164+0000] {standard_task_runner.py:91} INFO - Job 154: Subtask dbt_run
[2024-11-12T06:26:44.170+0000] {logging_mixin.py:188} WARNING - /home/***/.local/lib/python3.12/site-packages/***/task/task_runner/standard_task_runner.py:61 DeprecationWarning: This process (pid=5259) is multi-threaded, use of fork() may lead to deadlocks in the child.
[2024-11-12T06:26:44.171+0000] {standard_task_runner.py:63} INFO - Started process 5271 to run task
[2024-11-12T06:26:44.272+0000] {task_command.py:426} INFO - Running <TaskInstance: BuildELT_dbt.dbt_run manual__2024-11-12T06:26:38.876121+00:00 [running]> on host e9e87141c083
[2024-11-12T06:26:44.711+0000] {taskinstance.py:2648} INFO - Exporting env vars: AIRFLOW_CTX_DAG_OWNER='***' AIRFLOW_CTX_DAG_ID='BuildELT_dbt' AIRFLOW_CTX_TASK_ID='dbt_run' AIRFLOW_CTX_EXECUTION_DATE='2024-11-12T06:26:38.876121+00:00' AIRFLOW_CTX_TRY_NUMBER='1' AIRFLOW_CTX_DAG_RUN_ID='manual__2024-11-12T06:26:38.876121+00:00'
[2024-11-12T06:26:44.714+0000] {taskinstance.py:430} INFO - ::endgroup::
[2024-11-12T06:26:44.913+0000] {subprocess.py:63} INFO - Tmp dir root location: /tmp
[2024-11-12T06:26:44.961+0000] {subprocess.py:75} INFO - Running command: ['/usr/bin/bash', '-c', '/home/***/.local/bin/dbt run --profiles-dir /opt/***/dbt --project-dir /opt/***/dbt']
[2024-11-12T06:26:45.008+0000] {subprocess.py:86} INFO - Output:
[2024-11-12T06:26:50.784+0000] {subprocess.py:93} INFO - [0m06:26:50  Running with dbt=1.8.7
[2024-11-12T06:26:55.581+0000] {subprocess.py:93} INFO - [0m06:26:55  Registered adapter: snowflake=1.8.4
[2024-11-12T06:26:57.045+0000] {subprocess.py:93} INFO - [0m06:26:57  Found 5 models, 1 snapshot, 2 data tests, 2 sources, 459 macros
[2024-11-12T06:26:57.049+0000] {subprocess.py:93} INFO - [0m06:26:57
[2024-11-12T06:26:59.279+0000] {subprocess.py:93} INFO - [0m06:26:59  Concurrency: 1 threads (target='dev')
[2024-11-12T06:26:59.280+0000] {subprocess.py:93} INFO - [0m06:26:59
[2024-11-12T06:26:59.378+0000] {subprocess.py:93} INFO - [0m06:26:59  1 of 1 START sql table model analytics.stock_indicators ........................ [RUN]
[2024-11-12T06:27:01.089+0000] {subprocess.py:93} INFO - [0m06:27:01  1 of 1 OK created sql table model analytics.stock_indicators ................... [[32mSUCCESS 1[0m in 1.71s]
[2024-11-12T06:27:01.098+0000] {subprocess.py:93} INFO - [0m06:27:01
[2024-11-12T06:27:01.111+0000] {subprocess.py:93} INFO - [0m06:27:01  Finished running 1 table model in 0 hours 0 minutes and 4.05 seconds (4.05s).
[2024-11-12T06:27:01.327+0000] {subprocess.py:93} INFO - [0m06:27:01
[2024-11-12T06:27:01.330+0000] {subprocess.py:93} INFO - [0m06:27:01  [32mCompleted successfully[0m
[2024-11-12T06:27:01.335+0000] {subprocess.py:93} INFO - [0m06:27:01
[2024-11-12T06:27:01.341+0000] {subprocess.py:93} INFO - [0m06:27:01  Done. PASS=1 WARN=0 ERROR=0 SKIP=0 TOTAL=1
[2024-11-12T06:27:02.798+0000] {subprocess.py:97} INFO - Command exited with return code 0
[2024-11-12T06:27:02.857+0000] {taskinstance.py:441} INFO - ::group::Post task execution logs
[2024-11-12T06:27:04.565+0000] {taskinstance.py:1206} INFO - Marking task as SUCCESS. dag_id=BuildELT_dbt, task_id=dbt_run, run_id=manual__2024-11-12T06:26:38.876121+00:00, execution_date=20241112T062638, start_date=20241112T062644, end_date=20241112T062704
[2024-11-12T06:27:04.744+0000] {local_task_job_runner.py:240} INFO - Task exited with return code 0
[2024-11-12T06:27:04.922+0000] {taskinstance.py:3498} INFO - 1 downstream tasks scheduled from follow-on schedule check
[2024-11-12T06:27:04.926+0000] {local_task_job_runner.py:222} INFO - ::endgroup::
