[2024-11-12T03:50:02.587+0000] {local_task_job_runner.py:120} INFO - ::group::Pre task execution logs
[2024-11-12T03:50:02.731+0000] {taskinstance.py:2076} INFO - Dependencies all met for dep_context=non-requeueable deps ti=<TaskInstance: BuildELT_dbt.dbt_run manual__2024-11-12T03:49:58.116185+00:00 [queued]>
[2024-11-12T03:50:02.743+0000] {taskinstance.py:2076} INFO - Dependencies all met for dep_context=requeueable deps ti=<TaskInstance: BuildELT_dbt.dbt_run manual__2024-11-12T03:49:58.116185+00:00 [queued]>
[2024-11-12T03:50:02.744+0000] {taskinstance.py:2306} INFO - Starting attempt 1 of 1
[2024-11-12T03:50:02.772+0000] {taskinstance.py:2330} INFO - Executing <Task(BashOperator): dbt_run> on 2024-11-12 03:49:58.116185+00:00
[2024-11-12T03:50:02.795+0000] {standard_task_runner.py:90} INFO - Running: ['***', 'tasks', 'run', 'BuildELT_dbt', 'dbt_run', 'manual__2024-11-12T03:49:58.116185+00:00', '--job-id', '152', '--raw', '--subdir', 'DAGS_FOLDER/build_elt_with_dbt.py', '--cfg-path', '/tmp/tmpl37yuxdo']
[2024-11-12T03:50:02.798+0000] {standard_task_runner.py:91} INFO - Job 152: Subtask dbt_run
[2024-11-12T03:50:02.802+0000] {logging_mixin.py:188} WARNING - /home/***/.local/lib/python3.12/site-packages/***/task/task_runner/standard_task_runner.py:61 DeprecationWarning: This process (pid=2853) is multi-threaded, use of fork() may lead to deadlocks in the child.
[2024-11-12T03:50:02.803+0000] {standard_task_runner.py:63} INFO - Started process 2859 to run task
[2024-11-12T03:50:02.865+0000] {task_command.py:426} INFO - Running <TaskInstance: BuildELT_dbt.dbt_run manual__2024-11-12T03:49:58.116185+00:00 [running]> on host e9e87141c083
[2024-11-12T03:50:03.153+0000] {taskinstance.py:2648} INFO - Exporting env vars: AIRFLOW_CTX_DAG_OWNER='***' AIRFLOW_CTX_DAG_ID='BuildELT_dbt' AIRFLOW_CTX_TASK_ID='dbt_run' AIRFLOW_CTX_EXECUTION_DATE='2024-11-12T03:49:58.116185+00:00' AIRFLOW_CTX_TRY_NUMBER='1' AIRFLOW_CTX_DAG_RUN_ID='manual__2024-11-12T03:49:58.116185+00:00'
[2024-11-12T03:50:03.157+0000] {taskinstance.py:430} INFO - ::endgroup::
[2024-11-12T03:50:03.287+0000] {subprocess.py:63} INFO - Tmp dir root location: /tmp
[2024-11-12T03:50:03.307+0000] {subprocess.py:75} INFO - Running command: ['/usr/bin/bash', '-c', '/home/***/.local/bin/dbt run --profiles-dir /opt/***/dbt --project-dir /opt/***/dbt']
[2024-11-12T03:50:03.334+0000] {subprocess.py:86} INFO - Output:
[2024-11-12T03:50:08.909+0000] {subprocess.py:93} INFO - [0m03:50:08  Running with dbt=1.8.7
[2024-11-12T03:50:12.073+0000] {subprocess.py:93} INFO - [0m03:50:12  Registered adapter: snowflake=1.8.4
[2024-11-12T03:50:13.066+0000] {subprocess.py:93} INFO - [0m03:50:13  [[33mWARNING[0m]: Deprecated functionality
[2024-11-12T03:50:13.066+0000] {subprocess.py:93} INFO - The `tests` config has been renamed to `data_tests`. Please see
[2024-11-12T03:50:13.067+0000] {subprocess.py:93} INFO - https://docs.getdbt.com/docs/build/data-tests#new-data_tests-syntax for more
[2024-11-12T03:50:13.067+0000] {subprocess.py:93} INFO - information.
[2024-11-12T03:50:13.466+0000] {subprocess.py:93} INFO - [0m03:50:13  Found 5 models, 1 snapshot, 1 test, 2 sources, 459 macros
[2024-11-12T03:50:13.470+0000] {subprocess.py:93} INFO - [0m03:50:13
[2024-11-12T03:50:16.915+0000] {subprocess.py:93} INFO - [0m03:50:16  Concurrency: 1 threads (target='dev')
[2024-11-12T03:50:16.916+0000] {subprocess.py:93} INFO - [0m03:50:16
[2024-11-12T03:50:17.039+0000] {subprocess.py:93} INFO - [0m03:50:17  1 of 1 START sql table model analytics.stock_indicators ........................ [RUN]
[2024-11-12T03:50:18.763+0000] {subprocess.py:93} INFO - [0m03:50:18  1 of 1 OK created sql table model analytics.stock_indicators ................... [[32mSUCCESS 1[0m in 1.72s]
[2024-11-12T03:50:18.771+0000] {subprocess.py:93} INFO - [0m03:50:18
[2024-11-12T03:50:18.772+0000] {subprocess.py:93} INFO - [0m03:50:18  Finished running 1 table model in 0 hours 0 minutes and 5.30 seconds (5.30s).
[2024-11-12T03:50:18.862+0000] {subprocess.py:93} INFO - [0m03:50:18
[2024-11-12T03:50:18.864+0000] {subprocess.py:93} INFO - [0m03:50:18  [32mCompleted successfully[0m
[2024-11-12T03:50:18.865+0000] {subprocess.py:93} INFO - [0m03:50:18
[2024-11-12T03:50:18.867+0000] {subprocess.py:93} INFO - [0m03:50:18  Done. PASS=1 WARN=0 ERROR=0 SKIP=0 TOTAL=1
[2024-11-12T03:50:19.914+0000] {subprocess.py:97} INFO - Command exited with return code 0
[2024-11-12T03:50:19.917+0000] {taskinstance.py:441} INFO - ::group::Post task execution logs
[2024-11-12T03:50:19.952+0000] {taskinstance.py:1206} INFO - Marking task as SUCCESS. dag_id=BuildELT_dbt, task_id=dbt_run, run_id=manual__2024-11-12T03:49:58.116185+00:00, execution_date=20241112T034958, start_date=20241112T035002, end_date=20241112T035019
[2024-11-12T03:50:20.009+0000] {local_task_job_runner.py:240} INFO - Task exited with return code 0
[2024-11-12T03:50:20.056+0000] {taskinstance.py:3498} INFO - 1 downstream tasks scheduled from follow-on schedule check
[2024-11-12T03:50:20.063+0000] {local_task_job_runner.py:222} INFO - ::endgroup::
