[2024-12-05T20:46:32.522+0000] {local_task_job_runner.py:120} INFO - ::group::Pre task execution logs
[2024-12-05T20:46:32.550+0000] {taskinstance.py:2076} INFO - Dependencies all met for dep_context=non-requeueable deps ti=<TaskInstance: complete-dag.dbt_snapshot_2 scheduled__2024-12-04T20:40:00+00:00 [queued]>
[2024-12-05T20:46:32.557+0000] {taskinstance.py:2076} INFO - Dependencies all met for dep_context=requeueable deps ti=<TaskInstance: complete-dag.dbt_snapshot_2 scheduled__2024-12-04T20:40:00+00:00 [queued]>
[2024-12-05T20:46:32.559+0000] {taskinstance.py:2306} INFO - Starting attempt 1 of 1
[2024-12-05T20:46:32.571+0000] {taskinstance.py:2330} INFO - Executing <Task(BashOperator): dbt_snapshot_2> on 2024-12-04 20:40:00+00:00
[2024-12-05T20:46:32.580+0000] {standard_task_runner.py:90} INFO - Running: ['***', 'tasks', 'run', 'complete-dag', 'dbt_snapshot_2', 'scheduled__2024-12-04T20:40:00+00:00', '--job-id', '579', '--raw', '--subdir', 'DAGS_FOLDER/complete_dag.py', '--cfg-path', '/tmp/tmp371nkm7j']
[2024-12-05T20:46:32.582+0000] {standard_task_runner.py:91} INFO - Job 579: Subtask dbt_snapshot_2
[2024-12-05T20:46:32.583+0000] {logging_mixin.py:188} WARNING - /home/***/.local/lib/python3.12/site-packages/***/task/task_runner/standard_task_runner.py:61 DeprecationWarning: This process (pid=1191) is multi-threaded, use of fork() may lead to deadlocks in the child.
[2024-12-05T20:46:32.584+0000] {standard_task_runner.py:63} INFO - Started process 1194 to run task
[2024-12-05T20:46:32.623+0000] {task_command.py:426} INFO - Running <TaskInstance: complete-dag.dbt_snapshot_2 scheduled__2024-12-04T20:40:00+00:00 [running]> on host e060654747dc
[2024-12-05T20:46:32.737+0000] {taskinstance.py:2648} INFO - Exporting env vars: AIRFLOW_CTX_DAG_OWNER='***' AIRFLOW_CTX_DAG_ID='complete-dag' AIRFLOW_CTX_TASK_ID='dbt_snapshot_2' AIRFLOW_CTX_EXECUTION_DATE='2024-12-04T20:40:00+00:00' AIRFLOW_CTX_TRY_NUMBER='1' AIRFLOW_CTX_DAG_RUN_ID='scheduled__2024-12-04T20:40:00+00:00'
[2024-12-05T20:46:32.738+0000] {taskinstance.py:430} INFO - ::endgroup::
[2024-12-05T20:46:32.739+0000] {subprocess.py:63} INFO - Tmp dir root location: /tmp
[2024-12-05T20:46:32.740+0000] {subprocess.py:75} INFO - Running command: ['/usr/bin/bash', '-c', '/home/***/.local/bin/dbt snapshot --profiles-dir /opt/***/dbt_viz --project-dir /opt/***/dbt_viz']
[2024-12-05T20:46:32.753+0000] {subprocess.py:86} INFO - Output:
[2024-12-05T20:46:34.669+0000] {subprocess.py:93} INFO - [0m20:46:34  Running with dbt=1.8.7
[2024-12-05T20:46:35.656+0000] {subprocess.py:93} INFO - [0m20:46:35  Registered adapter: snowflake=1.8.4
[2024-12-05T20:46:36.233+0000] {subprocess.py:93} INFO - [0m20:46:36  Found 4 models, 1 snapshot, 1 test, 3 sources, 459 macros
[2024-12-05T20:46:36.236+0000] {subprocess.py:93} INFO - [0m20:46:36
[2024-12-05T20:46:38.050+0000] {subprocess.py:93} INFO - [0m20:46:38  Concurrency: 1 threads (target='dev')
[2024-12-05T20:46:38.051+0000] {subprocess.py:93} INFO - [0m20:46:38
[2024-12-05T20:46:38.062+0000] {subprocess.py:93} INFO - [0m20:46:38  1 of 1 START snapshot snapshot.energy_demand_final_snapshot .................... [RUN]
[2024-12-05T20:46:42.573+0000] {subprocess.py:93} INFO - [0m20:46:42  1 of 1 OK snapshotted snapshot.energy_demand_final_snapshot .................... [[32mSUCCESS 0[0m in 4.51s]
[2024-12-05T20:46:42.578+0000] {subprocess.py:93} INFO - [0m20:46:42
[2024-12-05T20:46:42.579+0000] {subprocess.py:93} INFO - [0m20:46:42  Finished running 1 snapshot in 0 hours 0 minutes and 6.34 seconds (6.34s).
[2024-12-05T20:46:42.636+0000] {subprocess.py:93} INFO - [0m20:46:42
[2024-12-05T20:46:42.637+0000] {subprocess.py:93} INFO - [0m20:46:42  [32mCompleted successfully[0m
[2024-12-05T20:46:42.638+0000] {subprocess.py:93} INFO - [0m20:46:42
[2024-12-05T20:46:42.638+0000] {subprocess.py:93} INFO - [0m20:46:42  Done. PASS=1 WARN=0 ERROR=0 SKIP=0 TOTAL=1
[2024-12-05T20:46:43.375+0000] {subprocess.py:97} INFO - Command exited with return code 0
[2024-12-05T20:46:43.377+0000] {taskinstance.py:441} INFO - ::group::Post task execution logs
[2024-12-05T20:46:43.398+0000] {taskinstance.py:1206} INFO - Marking task as SUCCESS. dag_id=complete-dag, task_id=dbt_snapshot_2, run_id=scheduled__2024-12-04T20:40:00+00:00, execution_date=20241204T204000, start_date=20241205T204632, end_date=20241205T204643
[2024-12-05T20:46:43.437+0000] {local_task_job_runner.py:240} INFO - Task exited with return code 0
[2024-12-05T20:46:43.450+0000] {taskinstance.py:3498} INFO - 0 downstream tasks scheduled from follow-on schedule check
[2024-12-05T20:46:43.453+0000] {local_task_job_runner.py:222} INFO - ::endgroup::
