[2024-12-03T01:29:49.813+0000] {local_task_job_runner.py:120} INFO - ::group::Pre task execution logs
[2024-12-03T01:29:49.851+0000] {taskinstance.py:2076} INFO - Dependencies all met for dep_context=non-requeueable deps ti=<TaskInstance: complete-dag.load_weather_data_to_snowflake__1 scheduled__2024-12-01T20:40:00+00:00 [queued]>
[2024-12-03T01:29:49.863+0000] {taskinstance.py:2076} INFO - Dependencies all met for dep_context=requeueable deps ti=<TaskInstance: complete-dag.load_weather_data_to_snowflake__1 scheduled__2024-12-01T20:40:00+00:00 [queued]>
[2024-12-03T01:29:49.865+0000] {taskinstance.py:2306} INFO - Starting attempt 1 of 1
[2024-12-03T01:29:49.882+0000] {taskinstance.py:2330} INFO - Executing <Task(_PythonDecoratedOperator): load_weather_data_to_snowflake__1> on 2024-12-01 20:40:00+00:00
[2024-12-03T01:29:49.897+0000] {standard_task_runner.py:90} INFO - Running: ['***', 'tasks', 'run', 'complete-dag', 'load_weather_data_to_snowflake__1', 'scheduled__2024-12-01T20:40:00+00:00', '--job-id', '451', '--raw', '--subdir', 'DAGS_FOLDER/complete_dag.py', '--cfg-path', '/tmp/tmp7by229_u']
[2024-12-03T01:29:49.899+0000] {standard_task_runner.py:91} INFO - Job 451: Subtask load_weather_data_to_snowflake__1
[2024-12-03T01:29:49.902+0000] {logging_mixin.py:188} WARNING - /home/***/.local/lib/python3.12/site-packages/***/task/task_runner/standard_task_runner.py:61 DeprecationWarning: This process (pid=260) is multi-threaded, use of fork() may lead to deadlocks in the child.
[2024-12-03T01:29:49.903+0000] {standard_task_runner.py:63} INFO - Started process 272 to run task
[2024-12-03T01:29:49.954+0000] {task_command.py:426} INFO - Running <TaskInstance: complete-dag.load_weather_data_to_snowflake__1 scheduled__2024-12-01T20:40:00+00:00 [running]> on host e060654747dc
[2024-12-03T01:29:51.544+0000] {taskinstance.py:2648} INFO - Exporting env vars: AIRFLOW_CTX_DAG_OWNER='***' AIRFLOW_CTX_DAG_ID='complete-dag' AIRFLOW_CTX_TASK_ID='load_weather_data_to_snowflake__1' AIRFLOW_CTX_EXECUTION_DATE='2024-12-01T20:40:00+00:00' AIRFLOW_CTX_TRY_NUMBER='1' AIRFLOW_CTX_DAG_RUN_ID='scheduled__2024-12-01T20:40:00+00:00'
[2024-12-03T01:29:51.561+0000] {taskinstance.py:430} INFO - ::endgroup::
[2024-12-03T01:29:51.944+0000] {cursor.py:1149} INFO - Number of results in first chunk: 1
[2024-12-03T01:29:52.519+0000] {cursor.py:1149} INFO - Number of results in first chunk: 1
[2024-12-03T01:29:52.529+0000] {logging_mixin.py:188} WARNING - /opt/***/dags/complete_dag.py:163 FutureWarning: DataFrame.applymap has been deprecated. Use DataFrame.map instead.
[2024-12-03T01:29:52.552+0000] {logging_mixin.py:188} INFO -          Date  temperature_2m_max  ...  windspeed_10m_max  avg_temperature
0  2024-12-02                 7.9  ...               18.2             3.00
1  2024-12-03                 7.9  ...                6.2             3.20
2  2024-12-04                 9.1  ...               16.9             4.10
3  2024-12-05                 8.0  ...               17.4             3.60
4  2024-12-06                 5.6  ...               14.4             1.15

[5 rows x 7 columns]
[2024-12-03T01:29:53.507+0000] {logging_mixin.py:188} INFO - Successfully inserted 7 rows.
[2024-12-03T01:29:53.656+0000] {cursor.py:1149} INFO - Number of results in first chunk: 1
[2024-12-03T01:29:53.659+0000] {python.py:237} INFO - Done. Returned value was: None
[2024-12-03T01:29:53.660+0000] {taskinstance.py:441} INFO - ::group::Post task execution logs
[2024-12-03T01:29:53.675+0000] {taskinstance.py:1206} INFO - Marking task as SUCCESS. dag_id=complete-dag, task_id=load_weather_data_to_snowflake__1, run_id=scheduled__2024-12-01T20:40:00+00:00, execution_date=20241201T204000, start_date=20241203T012949, end_date=20241203T012953
[2024-12-03T01:29:53.745+0000] {local_task_job_runner.py:240} INFO - Task exited with return code 0
[2024-12-03T01:29:53.760+0000] {local_task_job_runner.py:222} INFO - ::endgroup::
