[2024-12-05T20:40:13.407+0000] {local_task_job_runner.py:120} INFO - ::group::Pre task execution logs
[2024-12-05T20:40:13.435+0000] {taskinstance.py:2076} INFO - Dependencies all met for dep_context=non-requeueable deps ti=<TaskInstance: complete-dag.dbt_run scheduled__2024-12-04T20:40:00+00:00 [queued]>
[2024-12-05T20:40:13.442+0000] {taskinstance.py:2076} INFO - Dependencies all met for dep_context=requeueable deps ti=<TaskInstance: complete-dag.dbt_run scheduled__2024-12-04T20:40:00+00:00 [queued]>
[2024-12-05T20:40:13.443+0000] {taskinstance.py:2306} INFO - Starting attempt 1 of 1
[2024-12-05T20:40:13.456+0000] {taskinstance.py:2330} INFO - Executing <Task(BashOperator): dbt_run> on 2024-12-04 20:40:00+00:00
[2024-12-05T20:40:13.466+0000] {standard_task_runner.py:90} INFO - Running: ['***', 'tasks', 'run', 'complete-dag', 'dbt_run', 'scheduled__2024-12-04T20:40:00+00:00', '--job-id', '572', '--raw', '--subdir', 'DAGS_FOLDER/complete_dag.py', '--cfg-path', '/tmp/tmpg3tl7qex']
[2024-12-05T20:40:13.467+0000] {standard_task_runner.py:91} INFO - Job 572: Subtask dbt_run
[2024-12-05T20:40:13.469+0000] {logging_mixin.py:188} WARNING - /home/***/.local/lib/python3.12/site-packages/***/task/task_runner/standard_task_runner.py:61 DeprecationWarning: This process (pid=921) is multi-threaded, use of fork() may lead to deadlocks in the child.
[2024-12-05T20:40:13.469+0000] {standard_task_runner.py:63} INFO - Started process 924 to run task
[2024-12-05T20:40:13.509+0000] {task_command.py:426} INFO - Running <TaskInstance: complete-dag.dbt_run scheduled__2024-12-04T20:40:00+00:00 [running]> on host e060654747dc
[2024-12-05T20:40:13.649+0000] {taskinstance.py:2648} INFO - Exporting env vars: AIRFLOW_CTX_DAG_OWNER='***' AIRFLOW_CTX_DAG_ID='complete-dag' AIRFLOW_CTX_TASK_ID='dbt_run' AIRFLOW_CTX_EXECUTION_DATE='2024-12-04T20:40:00+00:00' AIRFLOW_CTX_TRY_NUMBER='1' AIRFLOW_CTX_DAG_RUN_ID='scheduled__2024-12-04T20:40:00+00:00'
[2024-12-05T20:40:13.651+0000] {taskinstance.py:430} INFO - ::endgroup::
[2024-12-05T20:40:13.652+0000] {subprocess.py:63} INFO - Tmp dir root location: /tmp
[2024-12-05T20:40:13.654+0000] {subprocess.py:75} INFO - Running command: ['/usr/bin/bash', '-c', '/home/***/.local/bin/dbt run --profiles-dir /opt/***/dbt --project-dir /opt/***/dbt']
[2024-12-05T20:40:13.668+0000] {subprocess.py:86} INFO - Output:
[2024-12-05T20:40:15.990+0000] {subprocess.py:93} INFO - [0m20:40:15  Running with dbt=1.8.7
[2024-12-05T20:40:17.302+0000] {subprocess.py:93} INFO - [0m20:40:17  Registered adapter: snowflake=1.8.4
[2024-12-05T20:40:18.219+0000] {subprocess.py:93} INFO - [0m20:40:18  Found 5 models, 1 test, 2 snapshots, 4 sources, 459 macros
[2024-12-05T20:40:18.223+0000] {subprocess.py:93} INFO - [0m20:40:18
[2024-12-05T20:40:20.068+0000] {subprocess.py:93} INFO - [0m20:40:20  Concurrency: 1 threads (target='dev')
[2024-12-05T20:40:20.071+0000] {subprocess.py:93} INFO - [0m20:40:20
[2024-12-05T20:40:20.167+0000] {subprocess.py:93} INFO - [0m20:40:20  1 of 2 START sql table model analytics.weather_forecast_processed .............. [RUN]
[2024-12-05T20:40:21.742+0000] {subprocess.py:93} INFO - [0m20:40:21  1 of 2 OK created sql table model analytics.weather_forecast_processed ......... [[32mSUCCESS 1[0m in 1.57s]
[2024-12-05T20:40:21.745+0000] {subprocess.py:93} INFO - [0m20:40:21  2 of 2 START sql table model analytics.electricity_weather_historical .......... [RUN]
[2024-12-05T20:40:23.195+0000] {subprocess.py:93} INFO - [0m20:40:23  2 of 2 OK created sql table model analytics.electricity_weather_historical ..... [[32mSUCCESS 1[0m in 1.45s]
[2024-12-05T20:40:23.199+0000] {subprocess.py:93} INFO - [0m20:40:23
[2024-12-05T20:40:23.200+0000] {subprocess.py:93} INFO - [0m20:40:23  Finished running 2 table models in 0 hours 0 minutes and 4.97 seconds (4.97s).
[2024-12-05T20:40:23.253+0000] {subprocess.py:93} INFO - [0m20:40:23
[2024-12-05T20:40:23.254+0000] {subprocess.py:93} INFO - [0m20:40:23  [32mCompleted successfully[0m
[2024-12-05T20:40:23.255+0000] {subprocess.py:93} INFO - [0m20:40:23
[2024-12-05T20:40:23.255+0000] {subprocess.py:93} INFO - [0m20:40:23  Done. PASS=2 WARN=0 ERROR=0 SKIP=0 TOTAL=2
[2024-12-05T20:40:24.080+0000] {subprocess.py:97} INFO - Command exited with return code 0
[2024-12-05T20:40:24.081+0000] {taskinstance.py:441} INFO - ::group::Post task execution logs
[2024-12-05T20:40:24.106+0000] {taskinstance.py:1206} INFO - Marking task as SUCCESS. dag_id=complete-dag, task_id=dbt_run, run_id=scheduled__2024-12-04T20:40:00+00:00, execution_date=20241204T204000, start_date=20241205T204013, end_date=20241205T204024
[2024-12-05T20:40:24.153+0000] {local_task_job_runner.py:240} INFO - Task exited with return code 0
[2024-12-05T20:40:24.163+0000] {local_task_job_runner.py:222} INFO - ::endgroup::
