[2024-12-05T07:22:19.786+0000] {local_task_job_runner.py:120} INFO - ::group::Pre task execution logs
[2024-12-05T07:22:19.827+0000] {taskinstance.py:2076} INFO - Dependencies all met for dep_context=non-requeueable deps ti=<TaskInstance: complete-dag.dbt_run manual__2024-12-05T07:22:06.354169+00:00 [queued]>
[2024-12-05T07:22:19.840+0000] {taskinstance.py:2076} INFO - Dependencies all met for dep_context=requeueable deps ti=<TaskInstance: complete-dag.dbt_run manual__2024-12-05T07:22:06.354169+00:00 [queued]>
[2024-12-05T07:22:19.841+0000] {taskinstance.py:2306} INFO - Starting attempt 1 of 1
[2024-12-05T07:22:19.861+0000] {taskinstance.py:2330} INFO - Executing <Task(BashOperator): dbt_run> on 2024-12-05 07:22:06.354169+00:00
[2024-12-05T07:22:19.874+0000] {standard_task_runner.py:90} INFO - Running: ['***', 'tasks', 'run', 'complete-dag', 'dbt_run', 'manual__2024-12-05T07:22:06.354169+00:00', '--job-id', '508', '--raw', '--subdir', 'DAGS_FOLDER/complete_dag.py', '--cfg-path', '/tmp/tmpqd8wwowg']
[2024-12-05T07:22:19.877+0000] {standard_task_runner.py:91} INFO - Job 508: Subtask dbt_run
[2024-12-05T07:22:19.880+0000] {logging_mixin.py:188} WARNING - /home/***/.local/lib/python3.12/site-packages/***/task/task_runner/standard_task_runner.py:61 DeprecationWarning: This process (pid=881) is multi-threaded, use of fork() may lead to deadlocks in the child.
[2024-12-05T07:22:19.881+0000] {standard_task_runner.py:63} INFO - Started process 884 to run task
[2024-12-05T07:22:19.939+0000] {task_command.py:426} INFO - Running <TaskInstance: complete-dag.dbt_run manual__2024-12-05T07:22:06.354169+00:00 [running]> on host e060654747dc
[2024-12-05T07:22:20.147+0000] {taskinstance.py:2648} INFO - Exporting env vars: AIRFLOW_CTX_DAG_OWNER='***' AIRFLOW_CTX_DAG_ID='complete-dag' AIRFLOW_CTX_TASK_ID='dbt_run' AIRFLOW_CTX_EXECUTION_DATE='2024-12-05T07:22:06.354169+00:00' AIRFLOW_CTX_TRY_NUMBER='1' AIRFLOW_CTX_DAG_RUN_ID='manual__2024-12-05T07:22:06.354169+00:00'
[2024-12-05T07:22:20.150+0000] {taskinstance.py:430} INFO - ::endgroup::
[2024-12-05T07:22:20.152+0000] {subprocess.py:63} INFO - Tmp dir root location: /tmp
[2024-12-05T07:22:20.154+0000] {subprocess.py:75} INFO - Running command: ['/usr/bin/bash', '-c', '/home/***/.local/bin/dbt run --profiles-dir /opt/***/dbt --project-dir /opt/***/dbt']
[2024-12-05T07:22:20.176+0000] {subprocess.py:86} INFO - Output:
[2024-12-05T07:22:23.577+0000] {subprocess.py:93} INFO - [0m07:22:23  Running with dbt=1.8.7
[2024-12-05T07:22:25.160+0000] {subprocess.py:93} INFO - [0m07:22:25  Registered adapter: snowflake=1.8.4
[2024-12-05T07:22:26.494+0000] {subprocess.py:93} INFO - [0m07:22:26  Found 5 models, 1 test, 2 snapshots, 4 sources, 459 macros
[2024-12-05T07:22:26.500+0000] {subprocess.py:93} INFO - [0m07:22:26
[2024-12-05T07:22:28.507+0000] {subprocess.py:93} INFO - [0m07:22:28  Concurrency: 1 threads (target='dev')
[2024-12-05T07:22:28.508+0000] {subprocess.py:93} INFO - [0m07:22:28
[2024-12-05T07:22:28.590+0000] {subprocess.py:93} INFO - [0m07:22:28  1 of 2 START sql table model analytics.weather_forecast_processed .............. [RUN]
[2024-12-05T07:22:30.035+0000] {subprocess.py:93} INFO - [0m07:22:30  1 of 2 OK created sql table model analytics.weather_forecast_processed ......... [[32mSUCCESS 1[0m in 1.44s]
[2024-12-05T07:22:30.040+0000] {subprocess.py:93} INFO - [0m07:22:30  2 of 2 START sql table model analytics.electricity_weather_historical .......... [RUN]
[2024-12-05T07:22:31.608+0000] {subprocess.py:93} INFO - [0m07:22:31  2 of 2 OK created sql table model analytics.electricity_weather_historical ..... [[32mSUCCESS 1[0m in 1.56s]
[2024-12-05T07:22:31.617+0000] {subprocess.py:93} INFO - [0m07:22:31
[2024-12-05T07:22:31.619+0000] {subprocess.py:93} INFO - [0m07:22:31  Finished running 2 table models in 0 hours 0 minutes and 5.12 seconds (5.12s).
[2024-12-05T07:22:31.724+0000] {subprocess.py:93} INFO - [0m07:22:31
[2024-12-05T07:22:31.726+0000] {subprocess.py:93} INFO - [0m07:22:31  [32mCompleted successfully[0m
[2024-12-05T07:22:31.728+0000] {subprocess.py:93} INFO - [0m07:22:31
[2024-12-05T07:22:31.730+0000] {subprocess.py:93} INFO - [0m07:22:31  Done. PASS=2 WARN=0 ERROR=0 SKIP=0 TOTAL=2
[2024-12-05T07:22:32.798+0000] {subprocess.py:97} INFO - Command exited with return code 0
[2024-12-05T07:22:32.800+0000] {taskinstance.py:441} INFO - ::group::Post task execution logs
[2024-12-05T07:22:32.836+0000] {taskinstance.py:1206} INFO - Marking task as SUCCESS. dag_id=complete-dag, task_id=dbt_run, run_id=manual__2024-12-05T07:22:06.354169+00:00, execution_date=20241205T072206, start_date=20241205T072219, end_date=20241205T072232
[2024-12-05T07:22:32.883+0000] {local_task_job_runner.py:240} INFO - Task exited with return code 0
[2024-12-05T07:22:32.901+0000] {local_task_job_runner.py:222} INFO - ::endgroup::
