[2024-12-04T02:43:25.040+0000] {local_task_job_runner.py:120} INFO - ::group::Pre task execution logs
[2024-12-04T02:43:25.073+0000] {taskinstance.py:2076} INFO - Dependencies all met for dep_context=non-requeueable deps ti=<TaskInstance: complete-dag.dbt_snapshot scheduled__2024-12-02T20:40:00+00:00 [queued]>
[2024-12-04T02:43:25.081+0000] {taskinstance.py:2076} INFO - Dependencies all met for dep_context=requeueable deps ti=<TaskInstance: complete-dag.dbt_snapshot scheduled__2024-12-02T20:40:00+00:00 [queued]>
[2024-12-04T02:43:25.083+0000] {taskinstance.py:2306} INFO - Starting attempt 1 of 1
[2024-12-04T02:43:25.104+0000] {taskinstance.py:2330} INFO - Executing <Task(BashOperator): dbt_snapshot> on 2024-12-02 20:40:00+00:00
[2024-12-04T02:43:25.115+0000] {standard_task_runner.py:90} INFO - Running: ['***', 'tasks', 'run', 'complete-dag', 'dbt_snapshot', 'scheduled__2024-12-02T20:40:00+00:00', '--job-id', '472', '--raw', '--subdir', 'DAGS_FOLDER/complete_dag.py', '--cfg-path', '/tmp/tmpa5aqx3nf']
[2024-12-04T02:43:25.116+0000] {standard_task_runner.py:91} INFO - Job 472: Subtask dbt_snapshot
[2024-12-04T02:43:25.119+0000] {logging_mixin.py:188} WARNING - /home/***/.local/lib/python3.12/site-packages/***/task/task_runner/standard_task_runner.py:61 DeprecationWarning: This process (pid=375) is multi-threaded, use of fork() may lead to deadlocks in the child.
[2024-12-04T02:43:25.120+0000] {standard_task_runner.py:63} INFO - Started process 383 to run task
[2024-12-04T02:43:25.171+0000] {task_command.py:426} INFO - Running <TaskInstance: complete-dag.dbt_snapshot scheduled__2024-12-02T20:40:00+00:00 [running]> on host e060654747dc
[2024-12-04T02:43:25.355+0000] {taskinstance.py:2648} INFO - Exporting env vars: AIRFLOW_CTX_DAG_OWNER='***' AIRFLOW_CTX_DAG_ID='complete-dag' AIRFLOW_CTX_TASK_ID='dbt_snapshot' AIRFLOW_CTX_EXECUTION_DATE='2024-12-02T20:40:00+00:00' AIRFLOW_CTX_TRY_NUMBER='1' AIRFLOW_CTX_DAG_RUN_ID='scheduled__2024-12-02T20:40:00+00:00'
[2024-12-04T02:43:25.356+0000] {taskinstance.py:430} INFO - ::endgroup::
[2024-12-04T02:43:25.357+0000] {subprocess.py:63} INFO - Tmp dir root location: /tmp
[2024-12-04T02:43:25.359+0000] {subprocess.py:75} INFO - Running command: ['/usr/bin/bash', '-c', '/home/***/.local/bin/dbt snapshot --profiles-dir /opt/***/dbt --project-dir /opt/***/dbt']
[2024-12-04T02:43:25.377+0000] {subprocess.py:86} INFO - Output:
[2024-12-04T02:43:28.281+0000] {subprocess.py:93} INFO - [0m02:43:28  Running with dbt=1.8.7
[2024-12-04T02:43:29.651+0000] {subprocess.py:93} INFO - [0m02:43:29  Registered adapter: snowflake=1.8.4
[2024-12-04T02:43:30.894+0000] {subprocess.py:93} INFO - [0m02:43:30  Found 5 models, 1 test, 4 sources, 459 macros
[2024-12-04T02:43:30.900+0000] {subprocess.py:93} INFO - [0m02:43:30
[2024-12-04T02:43:30.901+0000] {subprocess.py:93} INFO - [0m02:43:30  Nothing to do. Try checking your model configs and model specification args
[2024-12-04T02:43:31.879+0000] {subprocess.py:97} INFO - Command exited with return code 0
[2024-12-04T02:43:31.880+0000] {taskinstance.py:441} INFO - ::group::Post task execution logs
[2024-12-04T02:43:31.908+0000] {taskinstance.py:1206} INFO - Marking task as SUCCESS. dag_id=complete-dag, task_id=dbt_snapshot, run_id=scheduled__2024-12-02T20:40:00+00:00, execution_date=20241202T204000, start_date=20241204T024325, end_date=20241204T024331
[2024-12-04T02:43:31.964+0000] {local_task_job_runner.py:240} INFO - Task exited with return code 0
[2024-12-04T02:43:31.974+0000] {local_task_job_runner.py:222} INFO - ::endgroup::
