[2024-12-05T07:57:06.064+0000] {local_task_job_runner.py:120} INFO - ::group::Pre task execution logs
[2024-12-05T07:57:06.108+0000] {taskinstance.py:2076} INFO - Dependencies all met for dep_context=non-requeueable deps ti=<TaskInstance: complete-dag.dbt_snapshot_2 manual__2024-12-05T07:50:46.857852+00:00 [queued]>
[2024-12-05T07:57:06.124+0000] {taskinstance.py:2076} INFO - Dependencies all met for dep_context=requeueable deps ti=<TaskInstance: complete-dag.dbt_snapshot_2 manual__2024-12-05T07:50:46.857852+00:00 [queued]>
[2024-12-05T07:57:06.125+0000] {taskinstance.py:2306} INFO - Starting attempt 1 of 1
[2024-12-05T07:57:06.149+0000] {taskinstance.py:2330} INFO - Executing <Task(BashOperator): dbt_snapshot_2> on 2024-12-05 07:50:46.857852+00:00
[2024-12-05T07:57:06.163+0000] {logging_mixin.py:188} WARNING - /home/***/.local/lib/python3.12/site-packages/***/task/task_runner/standard_task_runner.py:61 DeprecationWarning: This process (pid=2563) is multi-threaded, use of fork() may lead to deadlocks in the child.
[2024-12-05T07:57:06.163+0000] {standard_task_runner.py:90} INFO - Running: ['***', 'tasks', 'run', 'complete-dag', 'dbt_snapshot_2', 'manual__2024-12-05T07:50:46.857852+00:00', '--job-id', '550', '--raw', '--subdir', 'DAGS_FOLDER/complete_dag.py', '--cfg-path', '/tmp/tmpk6tt191y']
[2024-12-05T07:57:06.165+0000] {standard_task_runner.py:63} INFO - Started process 2566 to run task
[2024-12-05T07:57:06.165+0000] {standard_task_runner.py:91} INFO - Job 550: Subtask dbt_snapshot_2
[2024-12-05T07:57:06.228+0000] {task_command.py:426} INFO - Running <TaskInstance: complete-dag.dbt_snapshot_2 manual__2024-12-05T07:50:46.857852+00:00 [running]> on host e060654747dc
[2024-12-05T07:57:06.431+0000] {taskinstance.py:2648} INFO - Exporting env vars: AIRFLOW_CTX_DAG_OWNER='***' AIRFLOW_CTX_DAG_ID='complete-dag' AIRFLOW_CTX_TASK_ID='dbt_snapshot_2' AIRFLOW_CTX_EXECUTION_DATE='2024-12-05T07:50:46.857852+00:00' AIRFLOW_CTX_TRY_NUMBER='1' AIRFLOW_CTX_DAG_RUN_ID='manual__2024-12-05T07:50:46.857852+00:00'
[2024-12-05T07:57:06.433+0000] {taskinstance.py:430} INFO - ::endgroup::
[2024-12-05T07:57:06.435+0000] {subprocess.py:63} INFO - Tmp dir root location: /tmp
[2024-12-05T07:57:06.437+0000] {subprocess.py:75} INFO - Running command: ['/usr/bin/bash', '-c', '/home/***/.local/bin/dbt snapshot --profiles-dir /opt/***/dbt_viz --project-dir /opt/***/dbt_viz']
[2024-12-05T07:57:06.459+0000] {subprocess.py:86} INFO - Output:
[2024-12-05T07:57:09.961+0000] {subprocess.py:93} INFO - [0m07:57:09  Running with dbt=1.8.7
[2024-12-05T07:57:11.232+0000] {subprocess.py:93} INFO - [0m07:57:11  Registered adapter: snowflake=1.8.4
[2024-12-05T07:57:12.055+0000] {subprocess.py:93} INFO - [0m07:57:12  Found 4 models, 1 snapshot, 1 test, 3 sources, 459 macros
[2024-12-05T07:57:12.060+0000] {subprocess.py:93} INFO - [0m07:57:12
[2024-12-05T07:57:13.807+0000] {subprocess.py:93} INFO - [0m07:57:13  Concurrency: 1 threads (target='dev')
[2024-12-05T07:57:13.809+0000] {subprocess.py:93} INFO - [0m07:57:13
[2024-12-05T07:57:13.835+0000] {subprocess.py:93} INFO - [0m07:57:13  1 of 1 START snapshot snapshot.energy_demand_final_snapshot .................... [RUN]
[2024-12-05T07:57:17.850+0000] {subprocess.py:93} INFO - [0m07:57:17  1 of 1 OK snapshotted snapshot.energy_demand_final_snapshot .................... [[32mSUCCESS 0[0m in 4.01s]
[2024-12-05T07:57:17.861+0000] {subprocess.py:93} INFO - [0m07:57:17
[2024-12-05T07:57:17.862+0000] {subprocess.py:93} INFO - [0m07:57:17  Finished running 1 snapshot in 0 hours 0 minutes and 5.80 seconds (5.80s).
[2024-12-05T07:57:17.983+0000] {subprocess.py:93} INFO - [0m07:57:17
[2024-12-05T07:57:17.986+0000] {subprocess.py:93} INFO - [0m07:57:17  [32mCompleted successfully[0m
[2024-12-05T07:57:17.989+0000] {subprocess.py:93} INFO - [0m07:57:17
[2024-12-05T07:57:17.990+0000] {subprocess.py:93} INFO - [0m07:57:17  Done. PASS=1 WARN=0 ERROR=0 SKIP=0 TOTAL=1
[2024-12-05T07:57:19.282+0000] {subprocess.py:97} INFO - Command exited with return code 0
[2024-12-05T07:57:19.284+0000] {taskinstance.py:441} INFO - ::group::Post task execution logs
[2024-12-05T07:57:19.335+0000] {taskinstance.py:1206} INFO - Marking task as SUCCESS. dag_id=complete-dag, task_id=dbt_snapshot_2, run_id=manual__2024-12-05T07:50:46.857852+00:00, execution_date=20241205T075046, start_date=20241205T075706, end_date=20241205T075719
[2024-12-05T07:57:19.375+0000] {local_task_job_runner.py:240} INFO - Task exited with return code 0
[2024-12-05T07:57:19.397+0000] {taskinstance.py:3498} INFO - 0 downstream tasks scheduled from follow-on schedule check
[2024-12-05T07:57:19.402+0000] {local_task_job_runner.py:222} INFO - ::endgroup::
