[2024-12-04T02:42:17.698+0000] {processor.py:161} INFO - Started process (PID=222) to work on /opt/airflow/dags/complete_dag.py
[2024-12-04T02:42:17.721+0000] {processor.py:830} INFO - Processing file /opt/airflow/dags/complete_dag.py for tasks to queue
[2024-12-04T02:42:17.783+0000] {logging_mixin.py:188} INFO - [2024-12-04T02:42:17.778+0000] {dagbag.py:545} INFO - Filling up the DagBag from /opt/airflow/dags/complete_dag.py
[2024-12-04T02:42:18.070+0000] {logging_mixin.py:188} INFO - [2024-12-04T02:42:18.069+0000] {base.py:84} INFO - Using connection ID 'snowflake_conn' for task execution.
[2024-12-04T02:42:18.085+0000] {logging_mixin.py:188} INFO - [2024-12-04T02:42:18.084+0000] {connection.py:399} INFO - Snowflake Connector for Python Version: 3.10.0, Python Version: 3.12.3, Platform: Linux-5.15.153.1-microsoft-standard-WSL2-x86_64-with-glibc2.36
[2024-12-04T02:42:18.088+0000] {logging_mixin.py:188} INFO - [2024-12-04T02:42:18.087+0000] {connection.py:1239} INFO - This connection is in OCSP Fail Open Mode. TLS Certificates would be checked for validity and revocation status. Any other Certificate Revocation related exceptions or OCSP Responder failures would be disregarded in favor of connectivity.
[2024-12-04T02:42:20.289+0000] {processor.py:840} INFO - DAG(s) 'complete-dag' retrieved from /opt/airflow/dags/complete_dag.py
[2024-12-04T02:42:20.748+0000] {logging_mixin.py:188} INFO - [2024-12-04T02:42:20.748+0000] {dag.py:3096} INFO - Sync 1 DAGs
[2024-12-04T02:42:20.868+0000] {logging_mixin.py:188} INFO - [2024-12-04T02:42:20.867+0000] {dag.py:3954} INFO - Setting next_dagrun for complete-dag to 2024-12-02 20:40:00+00:00, run_after=2024-12-03 20:40:00+00:00
[2024-12-04T02:42:20.981+0000] {processor.py:183} INFO - Processing /opt/airflow/dags/complete_dag.py took 3.337 seconds
[2024-12-04T02:42:51.934+0000] {processor.py:161} INFO - Started process (PID=317) to work on /opt/airflow/dags/complete_dag.py
[2024-12-04T02:42:51.941+0000] {processor.py:830} INFO - Processing file /opt/airflow/dags/complete_dag.py for tasks to queue
[2024-12-04T02:42:51.995+0000] {logging_mixin.py:188} INFO - [2024-12-04T02:42:51.988+0000] {dagbag.py:545} INFO - Filling up the DagBag from /opt/airflow/dags/complete_dag.py
[2024-12-04T02:42:52.142+0000] {logging_mixin.py:188} INFO - [2024-12-04T02:42:52.142+0000] {base.py:84} INFO - Using connection ID 'snowflake_conn' for task execution.
[2024-12-04T02:42:52.150+0000] {logging_mixin.py:188} INFO - [2024-12-04T02:42:52.149+0000] {connection.py:399} INFO - Snowflake Connector for Python Version: 3.10.0, Python Version: 3.12.3, Platform: Linux-5.15.153.1-microsoft-standard-WSL2-x86_64-with-glibc2.36
[2024-12-04T02:42:52.156+0000] {logging_mixin.py:188} INFO - [2024-12-04T02:42:52.156+0000] {connection.py:1239} INFO - This connection is in OCSP Fail Open Mode. TLS Certificates would be checked for validity and revocation status. Any other Certificate Revocation related exceptions or OCSP Responder failures would be disregarded in favor of connectivity.
[2024-12-04T02:42:52.794+0000] {processor.py:840} INFO - DAG(s) 'complete-dag' retrieved from /opt/airflow/dags/complete_dag.py
[2024-12-04T02:42:53.250+0000] {logging_mixin.py:188} INFO - [2024-12-04T02:42:53.249+0000] {dag.py:3096} INFO - Sync 1 DAGs
[2024-12-04T02:42:53.440+0000] {logging_mixin.py:188} INFO - [2024-12-04T02:42:53.440+0000] {dag.py:3954} INFO - Setting next_dagrun for complete-dag to 2024-12-03 20:40:00+00:00, run_after=2024-12-04 20:40:00+00:00
[2024-12-04T02:42:53.524+0000] {processor.py:183} INFO - Processing /opt/airflow/dags/complete_dag.py took 1.703 seconds
[2024-12-04T02:43:23.831+0000] {processor.py:161} INFO - Started process (PID=377) to work on /opt/airflow/dags/complete_dag.py
[2024-12-04T02:43:23.834+0000] {processor.py:830} INFO - Processing file /opt/airflow/dags/complete_dag.py for tasks to queue
[2024-12-04T02:43:23.846+0000] {logging_mixin.py:188} INFO - [2024-12-04T02:43:23.845+0000] {dagbag.py:545} INFO - Filling up the DagBag from /opt/airflow/dags/complete_dag.py
[2024-12-04T02:43:23.931+0000] {logging_mixin.py:188} INFO - [2024-12-04T02:43:23.931+0000] {base.py:84} INFO - Using connection ID 'snowflake_conn' for task execution.
[2024-12-04T02:43:23.936+0000] {logging_mixin.py:188} INFO - [2024-12-04T02:43:23.935+0000] {connection.py:399} INFO - Snowflake Connector for Python Version: 3.10.0, Python Version: 3.12.3, Platform: Linux-5.15.153.1-microsoft-standard-WSL2-x86_64-with-glibc2.36
[2024-12-04T02:43:23.943+0000] {logging_mixin.py:188} INFO - [2024-12-04T02:43:23.943+0000] {connection.py:1239} INFO - This connection is in OCSP Fail Open Mode. TLS Certificates would be checked for validity and revocation status. Any other Certificate Revocation related exceptions or OCSP Responder failures would be disregarded in favor of connectivity.
[2024-12-04T02:43:24.381+0000] {processor.py:840} INFO - DAG(s) 'complete-dag' retrieved from /opt/airflow/dags/complete_dag.py
[2024-12-04T02:43:24.535+0000] {logging_mixin.py:188} INFO - [2024-12-04T02:43:24.535+0000] {dag.py:3096} INFO - Sync 1 DAGs
[2024-12-04T02:43:24.564+0000] {logging_mixin.py:188} INFO - [2024-12-04T02:43:24.563+0000] {dag.py:3954} INFO - Setting next_dagrun for complete-dag to 2024-12-03 20:40:00+00:00, run_after=2024-12-04 20:40:00+00:00
[2024-12-04T02:43:24.592+0000] {processor.py:183} INFO - Processing /opt/airflow/dags/complete_dag.py took 0.794 seconds
[2024-12-04T02:43:54.838+0000] {processor.py:161} INFO - Started process (PID=409) to work on /opt/airflow/dags/complete_dag.py
[2024-12-04T02:43:54.841+0000] {processor.py:830} INFO - Processing file /opt/airflow/dags/complete_dag.py for tasks to queue
[2024-12-04T02:43:54.857+0000] {logging_mixin.py:188} INFO - [2024-12-04T02:43:54.852+0000] {dagbag.py:545} INFO - Filling up the DagBag from /opt/airflow/dags/complete_dag.py
[2024-12-04T02:43:54.947+0000] {logging_mixin.py:188} INFO - [2024-12-04T02:43:54.947+0000] {base.py:84} INFO - Using connection ID 'snowflake_conn' for task execution.
[2024-12-04T02:43:54.952+0000] {logging_mixin.py:188} INFO - [2024-12-04T02:43:54.951+0000] {connection.py:399} INFO - Snowflake Connector for Python Version: 3.10.0, Python Version: 3.12.3, Platform: Linux-5.15.153.1-microsoft-standard-WSL2-x86_64-with-glibc2.36
[2024-12-04T02:43:54.960+0000] {logging_mixin.py:188} INFO - [2024-12-04T02:43:54.959+0000] {connection.py:1239} INFO - This connection is in OCSP Fail Open Mode. TLS Certificates would be checked for validity and revocation status. Any other Certificate Revocation related exceptions or OCSP Responder failures would be disregarded in favor of connectivity.
[2024-12-04T02:43:56.119+0000] {processor.py:840} INFO - DAG(s) 'complete-dag' retrieved from /opt/airflow/dags/complete_dag.py
[2024-12-04T02:43:56.517+0000] {logging_mixin.py:188} INFO - [2024-12-04T02:43:56.516+0000] {dag.py:3096} INFO - Sync 1 DAGs
[2024-12-04T02:43:56.583+0000] {logging_mixin.py:188} INFO - [2024-12-04T02:43:56.582+0000] {dag.py:3954} INFO - Setting next_dagrun for complete-dag to 2024-12-03 20:40:00+00:00, run_after=2024-12-04 20:40:00+00:00
[2024-12-04T02:43:56.631+0000] {processor.py:183} INFO - Processing /opt/airflow/dags/complete_dag.py took 1.810 seconds
[2024-12-04T02:44:26.801+0000] {processor.py:161} INFO - Started process (PID=420) to work on /opt/airflow/dags/complete_dag.py
[2024-12-04T02:44:26.807+0000] {processor.py:830} INFO - Processing file /opt/airflow/dags/complete_dag.py for tasks to queue
[2024-12-04T02:44:26.822+0000] {logging_mixin.py:188} INFO - [2024-12-04T02:44:26.819+0000] {dagbag.py:545} INFO - Filling up the DagBag from /opt/airflow/dags/complete_dag.py
[2024-12-04T02:44:26.882+0000] {logging_mixin.py:188} INFO - [2024-12-04T02:44:26.882+0000] {base.py:84} INFO - Using connection ID 'snowflake_conn' for task execution.
[2024-12-04T02:44:26.886+0000] {logging_mixin.py:188} INFO - [2024-12-04T02:44:26.886+0000] {connection.py:399} INFO - Snowflake Connector for Python Version: 3.10.0, Python Version: 3.12.3, Platform: Linux-5.15.153.1-microsoft-standard-WSL2-x86_64-with-glibc2.36
[2024-12-04T02:44:26.889+0000] {logging_mixin.py:188} INFO - [2024-12-04T02:44:26.888+0000] {connection.py:1239} INFO - This connection is in OCSP Fail Open Mode. TLS Certificates would be checked for validity and revocation status. Any other Certificate Revocation related exceptions or OCSP Responder failures would be disregarded in favor of connectivity.
[2024-12-04T02:44:27.491+0000] {processor.py:840} INFO - DAG(s) 'complete-dag' retrieved from /opt/airflow/dags/complete_dag.py
[2024-12-04T02:44:27.662+0000] {logging_mixin.py:188} INFO - [2024-12-04T02:44:27.662+0000] {dag.py:3096} INFO - Sync 1 DAGs
[2024-12-04T02:44:27.718+0000] {logging_mixin.py:188} INFO - [2024-12-04T02:44:27.717+0000] {dag.py:3954} INFO - Setting next_dagrun for complete-dag to 2024-12-03 20:40:00+00:00, run_after=2024-12-04 20:40:00+00:00
[2024-12-04T02:44:27.743+0000] {processor.py:183} INFO - Processing /opt/airflow/dags/complete_dag.py took 0.962 seconds
[2024-12-04T02:44:57.952+0000] {processor.py:161} INFO - Started process (PID=432) to work on /opt/airflow/dags/complete_dag.py
[2024-12-04T02:44:57.952+0000] {processor.py:830} INFO - Processing file /opt/airflow/dags/complete_dag.py for tasks to queue
[2024-12-04T02:44:57.954+0000] {logging_mixin.py:188} INFO - [2024-12-04T02:44:57.953+0000] {dagbag.py:545} INFO - Filling up the DagBag from /opt/airflow/dags/complete_dag.py
[2024-12-04T02:44:57.980+0000] {logging_mixin.py:188} INFO - [2024-12-04T02:44:57.979+0000] {base.py:84} INFO - Using connection ID 'snowflake_conn' for task execution.
[2024-12-04T02:44:57.981+0000] {logging_mixin.py:188} INFO - [2024-12-04T02:44:57.981+0000] {connection.py:399} INFO - Snowflake Connector for Python Version: 3.10.0, Python Version: 3.12.3, Platform: Linux-5.15.153.1-microsoft-standard-WSL2-x86_64-with-glibc2.36
[2024-12-04T02:44:57.982+0000] {logging_mixin.py:188} INFO - [2024-12-04T02:44:57.982+0000] {connection.py:1239} INFO - This connection is in OCSP Fail Open Mode. TLS Certificates would be checked for validity and revocation status. Any other Certificate Revocation related exceptions or OCSP Responder failures would be disregarded in favor of connectivity.
[2024-12-04T02:44:58.634+0000] {processor.py:840} INFO - DAG(s) 'complete-dag' retrieved from /opt/airflow/dags/complete_dag.py
[2024-12-04T02:44:58.738+0000] {logging_mixin.py:188} INFO - [2024-12-04T02:44:58.738+0000] {dag.py:3096} INFO - Sync 1 DAGs
[2024-12-04T02:44:58.756+0000] {logging_mixin.py:188} INFO - [2024-12-04T02:44:58.756+0000] {dag.py:3954} INFO - Setting next_dagrun for complete-dag to 2024-12-03 20:40:00+00:00, run_after=2024-12-04 20:40:00+00:00
[2024-12-04T02:44:58.776+0000] {processor.py:183} INFO - Processing /opt/airflow/dags/complete_dag.py took 0.828 seconds
[2024-12-04T02:45:28.988+0000] {processor.py:161} INFO - Started process (PID=443) to work on /opt/airflow/dags/complete_dag.py
[2024-12-04T02:45:28.989+0000] {processor.py:830} INFO - Processing file /opt/airflow/dags/complete_dag.py for tasks to queue
[2024-12-04T02:45:28.990+0000] {logging_mixin.py:188} INFO - [2024-12-04T02:45:28.990+0000] {dagbag.py:545} INFO - Filling up the DagBag from /opt/airflow/dags/complete_dag.py
[2024-12-04T02:45:29.015+0000] {logging_mixin.py:188} INFO - [2024-12-04T02:45:29.015+0000] {base.py:84} INFO - Using connection ID 'snowflake_conn' for task execution.
[2024-12-04T02:45:29.016+0000] {logging_mixin.py:188} INFO - [2024-12-04T02:45:29.016+0000] {connection.py:399} INFO - Snowflake Connector for Python Version: 3.10.0, Python Version: 3.12.3, Platform: Linux-5.15.153.1-microsoft-standard-WSL2-x86_64-with-glibc2.36
[2024-12-04T02:45:29.017+0000] {logging_mixin.py:188} INFO - [2024-12-04T02:45:29.017+0000] {connection.py:1239} INFO - This connection is in OCSP Fail Open Mode. TLS Certificates would be checked for validity and revocation status. Any other Certificate Revocation related exceptions or OCSP Responder failures would be disregarded in favor of connectivity.
[2024-12-04T02:45:29.424+0000] {processor.py:840} INFO - DAG(s) 'complete-dag' retrieved from /opt/airflow/dags/complete_dag.py
[2024-12-04T02:45:29.559+0000] {logging_mixin.py:188} INFO - [2024-12-04T02:45:29.559+0000] {dag.py:3096} INFO - Sync 1 DAGs
[2024-12-04T02:45:29.606+0000] {logging_mixin.py:188} INFO - [2024-12-04T02:45:29.606+0000] {dag.py:3954} INFO - Setting next_dagrun for complete-dag to 2024-12-03 20:40:00+00:00, run_after=2024-12-04 20:40:00+00:00
[2024-12-04T02:45:29.639+0000] {processor.py:183} INFO - Processing /opt/airflow/dags/complete_dag.py took 0.655 seconds
[2024-12-04T02:45:59.833+0000] {processor.py:161} INFO - Started process (PID=454) to work on /opt/airflow/dags/complete_dag.py
[2024-12-04T02:45:59.834+0000] {processor.py:830} INFO - Processing file /opt/airflow/dags/complete_dag.py for tasks to queue
[2024-12-04T02:45:59.835+0000] {logging_mixin.py:188} INFO - [2024-12-04T02:45:59.835+0000] {dagbag.py:545} INFO - Filling up the DagBag from /opt/airflow/dags/complete_dag.py
[2024-12-04T02:45:59.859+0000] {logging_mixin.py:188} INFO - [2024-12-04T02:45:59.859+0000] {base.py:84} INFO - Using connection ID 'snowflake_conn' for task execution.
[2024-12-04T02:45:59.860+0000] {logging_mixin.py:188} INFO - [2024-12-04T02:45:59.860+0000] {connection.py:399} INFO - Snowflake Connector for Python Version: 3.10.0, Python Version: 3.12.3, Platform: Linux-5.15.153.1-microsoft-standard-WSL2-x86_64-with-glibc2.36
[2024-12-04T02:45:59.861+0000] {logging_mixin.py:188} INFO - [2024-12-04T02:45:59.861+0000] {connection.py:1239} INFO - This connection is in OCSP Fail Open Mode. TLS Certificates would be checked for validity and revocation status. Any other Certificate Revocation related exceptions or OCSP Responder failures would be disregarded in favor of connectivity.
[2024-12-04T02:46:00.313+0000] {processor.py:840} INFO - DAG(s) 'complete-dag' retrieved from /opt/airflow/dags/complete_dag.py
[2024-12-04T02:46:00.496+0000] {logging_mixin.py:188} INFO - [2024-12-04T02:46:00.496+0000] {dag.py:3096} INFO - Sync 1 DAGs
[2024-12-04T02:46:00.531+0000] {logging_mixin.py:188} INFO - [2024-12-04T02:46:00.531+0000] {dag.py:3954} INFO - Setting next_dagrun for complete-dag to 2024-12-03 20:40:00+00:00, run_after=2024-12-04 20:40:00+00:00
[2024-12-04T02:46:00.564+0000] {processor.py:183} INFO - Processing /opt/airflow/dags/complete_dag.py took 0.736 seconds
[2024-12-04T02:46:30.750+0000] {processor.py:161} INFO - Started process (PID=465) to work on /opt/airflow/dags/complete_dag.py
[2024-12-04T02:46:30.751+0000] {processor.py:830} INFO - Processing file /opt/airflow/dags/complete_dag.py for tasks to queue
[2024-12-04T02:46:30.753+0000] {logging_mixin.py:188} INFO - [2024-12-04T02:46:30.753+0000] {dagbag.py:545} INFO - Filling up the DagBag from /opt/airflow/dags/complete_dag.py
[2024-12-04T02:46:30.784+0000] {logging_mixin.py:188} INFO - [2024-12-04T02:46:30.783+0000] {base.py:84} INFO - Using connection ID 'snowflake_conn' for task execution.
[2024-12-04T02:46:30.785+0000] {logging_mixin.py:188} INFO - [2024-12-04T02:46:30.785+0000] {connection.py:399} INFO - Snowflake Connector for Python Version: 3.10.0, Python Version: 3.12.3, Platform: Linux-5.15.153.1-microsoft-standard-WSL2-x86_64-with-glibc2.36
[2024-12-04T02:46:30.786+0000] {logging_mixin.py:188} INFO - [2024-12-04T02:46:30.786+0000] {connection.py:1239} INFO - This connection is in OCSP Fail Open Mode. TLS Certificates would be checked for validity and revocation status. Any other Certificate Revocation related exceptions or OCSP Responder failures would be disregarded in favor of connectivity.
[2024-12-04T02:46:31.289+0000] {processor.py:840} INFO - DAG(s) 'complete-dag' retrieved from /opt/airflow/dags/complete_dag.py
[2024-12-04T02:46:31.428+0000] {logging_mixin.py:188} INFO - [2024-12-04T02:46:31.428+0000] {dag.py:3096} INFO - Sync 1 DAGs
[2024-12-04T02:46:31.452+0000] {logging_mixin.py:188} INFO - [2024-12-04T02:46:31.451+0000] {dag.py:3954} INFO - Setting next_dagrun for complete-dag to 2024-12-03 20:40:00+00:00, run_after=2024-12-04 20:40:00+00:00
[2024-12-04T02:46:31.640+0000] {processor.py:183} INFO - Processing /opt/airflow/dags/complete_dag.py took 0.899 seconds
[2024-12-04T02:47:01.833+0000] {processor.py:161} INFO - Started process (PID=476) to work on /opt/airflow/dags/complete_dag.py
[2024-12-04T02:47:01.835+0000] {processor.py:830} INFO - Processing file /opt/airflow/dags/complete_dag.py for tasks to queue
[2024-12-04T02:47:01.836+0000] {logging_mixin.py:188} INFO - [2024-12-04T02:47:01.836+0000] {dagbag.py:545} INFO - Filling up the DagBag from /opt/airflow/dags/complete_dag.py
[2024-12-04T02:47:01.866+0000] {logging_mixin.py:188} INFO - [2024-12-04T02:47:01.866+0000] {base.py:84} INFO - Using connection ID 'snowflake_conn' for task execution.
[2024-12-04T02:47:01.868+0000] {logging_mixin.py:188} INFO - [2024-12-04T02:47:01.868+0000] {connection.py:399} INFO - Snowflake Connector for Python Version: 3.10.0, Python Version: 3.12.3, Platform: Linux-5.15.153.1-microsoft-standard-WSL2-x86_64-with-glibc2.36
[2024-12-04T02:47:01.869+0000] {logging_mixin.py:188} INFO - [2024-12-04T02:47:01.869+0000] {connection.py:1239} INFO - This connection is in OCSP Fail Open Mode. TLS Certificates would be checked for validity and revocation status. Any other Certificate Revocation related exceptions or OCSP Responder failures would be disregarded in favor of connectivity.
[2024-12-04T02:47:02.362+0000] {processor.py:840} INFO - DAG(s) 'complete-dag' retrieved from /opt/airflow/dags/complete_dag.py
[2024-12-04T02:47:02.486+0000] {logging_mixin.py:188} INFO - [2024-12-04T02:47:02.486+0000] {dag.py:3096} INFO - Sync 1 DAGs
[2024-12-04T02:47:02.504+0000] {logging_mixin.py:188} INFO - [2024-12-04T02:47:02.504+0000] {dag.py:3954} INFO - Setting next_dagrun for complete-dag to 2024-12-03 20:40:00+00:00, run_after=2024-12-04 20:40:00+00:00
[2024-12-04T02:47:02.634+0000] {processor.py:183} INFO - Processing /opt/airflow/dags/complete_dag.py took 0.806 seconds
[2024-12-04T02:47:32.827+0000] {processor.py:161} INFO - Started process (PID=487) to work on /opt/airflow/dags/complete_dag.py
[2024-12-04T02:47:32.829+0000] {processor.py:830} INFO - Processing file /opt/airflow/dags/complete_dag.py for tasks to queue
[2024-12-04T02:47:32.830+0000] {logging_mixin.py:188} INFO - [2024-12-04T02:47:32.830+0000] {dagbag.py:545} INFO - Filling up the DagBag from /opt/airflow/dags/complete_dag.py
[2024-12-04T02:47:32.858+0000] {logging_mixin.py:188} INFO - [2024-12-04T02:47:32.857+0000] {base.py:84} INFO - Using connection ID 'snowflake_conn' for task execution.
[2024-12-04T02:47:32.860+0000] {logging_mixin.py:188} INFO - [2024-12-04T02:47:32.860+0000] {connection.py:399} INFO - Snowflake Connector for Python Version: 3.10.0, Python Version: 3.12.3, Platform: Linux-5.15.153.1-microsoft-standard-WSL2-x86_64-with-glibc2.36
[2024-12-04T02:47:32.861+0000] {logging_mixin.py:188} INFO - [2024-12-04T02:47:32.861+0000] {connection.py:1239} INFO - This connection is in OCSP Fail Open Mode. TLS Certificates would be checked for validity and revocation status. Any other Certificate Revocation related exceptions or OCSP Responder failures would be disregarded in favor of connectivity.
[2024-12-04T02:47:33.425+0000] {processor.py:840} INFO - DAG(s) 'complete-dag' retrieved from /opt/airflow/dags/complete_dag.py
[2024-12-04T02:47:33.634+0000] {logging_mixin.py:188} INFO - [2024-12-04T02:47:33.633+0000] {dag.py:3096} INFO - Sync 1 DAGs
[2024-12-04T02:47:33.688+0000] {logging_mixin.py:188} INFO - [2024-12-04T02:47:33.687+0000] {dag.py:3954} INFO - Setting next_dagrun for complete-dag to 2024-12-03 20:40:00+00:00, run_after=2024-12-04 20:40:00+00:00
[2024-12-04T02:47:33.728+0000] {processor.py:183} INFO - Processing /opt/airflow/dags/complete_dag.py took 0.905 seconds
[2024-12-04T02:48:03.984+0000] {processor.py:161} INFO - Started process (PID=502) to work on /opt/airflow/dags/complete_dag.py
[2024-12-04T02:48:03.998+0000] {processor.py:830} INFO - Processing file /opt/airflow/dags/complete_dag.py for tasks to queue
[2024-12-04T02:48:04.002+0000] {logging_mixin.py:188} INFO - [2024-12-04T02:48:04.001+0000] {dagbag.py:545} INFO - Filling up the DagBag from /opt/airflow/dags/complete_dag.py
[2024-12-04T02:48:04.039+0000] {logging_mixin.py:188} INFO - [2024-12-04T02:48:04.039+0000] {base.py:84} INFO - Using connection ID 'snowflake_conn' for task execution.
[2024-12-04T02:48:04.041+0000] {logging_mixin.py:188} INFO - [2024-12-04T02:48:04.041+0000] {connection.py:399} INFO - Snowflake Connector for Python Version: 3.10.0, Python Version: 3.12.3, Platform: Linux-5.15.153.1-microsoft-standard-WSL2-x86_64-with-glibc2.36
[2024-12-04T02:48:04.042+0000] {logging_mixin.py:188} INFO - [2024-12-04T02:48:04.042+0000] {connection.py:1239} INFO - This connection is in OCSP Fail Open Mode. TLS Certificates would be checked for validity and revocation status. Any other Certificate Revocation related exceptions or OCSP Responder failures would be disregarded in favor of connectivity.
[2024-12-04T02:48:04.577+0000] {processor.py:840} INFO - DAG(s) 'complete-dag' retrieved from /opt/airflow/dags/complete_dag.py
[2024-12-04T02:48:04.722+0000] {logging_mixin.py:188} INFO - [2024-12-04T02:48:04.721+0000] {dag.py:3096} INFO - Sync 1 DAGs
[2024-12-04T02:48:04.754+0000] {logging_mixin.py:188} INFO - [2024-12-04T02:48:04.753+0000] {dag.py:3954} INFO - Setting next_dagrun for complete-dag to 2024-12-03 20:40:00+00:00, run_after=2024-12-04 20:40:00+00:00
[2024-12-04T02:48:04.779+0000] {processor.py:183} INFO - Processing /opt/airflow/dags/complete_dag.py took 0.828 seconds
[2024-12-04T02:48:35.077+0000] {processor.py:161} INFO - Started process (PID=538) to work on /opt/airflow/dags/complete_dag.py
[2024-12-04T02:48:35.100+0000] {processor.py:830} INFO - Processing file /opt/airflow/dags/complete_dag.py for tasks to queue
[2024-12-04T02:48:35.140+0000] {logging_mixin.py:188} INFO - [2024-12-04T02:48:35.133+0000] {dagbag.py:545} INFO - Filling up the DagBag from /opt/airflow/dags/complete_dag.py
[2024-12-04T02:48:35.291+0000] {logging_mixin.py:188} INFO - [2024-12-04T02:48:35.290+0000] {base.py:84} INFO - Using connection ID 'snowflake_conn' for task execution.
[2024-12-04T02:48:35.296+0000] {logging_mixin.py:188} INFO - [2024-12-04T02:48:35.296+0000] {connection.py:399} INFO - Snowflake Connector for Python Version: 3.10.0, Python Version: 3.12.3, Platform: Linux-5.15.153.1-microsoft-standard-WSL2-x86_64-with-glibc2.36
[2024-12-04T02:48:35.300+0000] {logging_mixin.py:188} INFO - [2024-12-04T02:48:35.300+0000] {connection.py:1239} INFO - This connection is in OCSP Fail Open Mode. TLS Certificates would be checked for validity and revocation status. Any other Certificate Revocation related exceptions or OCSP Responder failures would be disregarded in favor of connectivity.
[2024-12-04T02:48:35.903+0000] {processor.py:840} INFO - DAG(s) 'complete-dag' retrieved from /opt/airflow/dags/complete_dag.py
[2024-12-04T02:48:36.295+0000] {logging_mixin.py:188} INFO - [2024-12-04T02:48:36.295+0000] {dag.py:3096} INFO - Sync 1 DAGs
[2024-12-04T02:48:36.343+0000] {logging_mixin.py:188} INFO - [2024-12-04T02:48:36.343+0000] {dag.py:3954} INFO - Setting next_dagrun for complete-dag to 2024-12-03 20:40:00+00:00, run_after=2024-12-04 20:40:00+00:00
[2024-12-04T02:48:36.390+0000] {processor.py:183} INFO - Processing /opt/airflow/dags/complete_dag.py took 1.395 seconds
[2024-12-04T02:49:06.579+0000] {processor.py:161} INFO - Started process (PID=592) to work on /opt/airflow/dags/complete_dag.py
[2024-12-04T02:49:06.580+0000] {processor.py:830} INFO - Processing file /opt/airflow/dags/complete_dag.py for tasks to queue
[2024-12-04T02:49:06.582+0000] {logging_mixin.py:188} INFO - [2024-12-04T02:49:06.581+0000] {dagbag.py:545} INFO - Filling up the DagBag from /opt/airflow/dags/complete_dag.py
[2024-12-04T02:49:06.609+0000] {logging_mixin.py:188} INFO - [2024-12-04T02:49:06.609+0000] {base.py:84} INFO - Using connection ID 'snowflake_conn' for task execution.
[2024-12-04T02:49:06.611+0000] {logging_mixin.py:188} INFO - [2024-12-04T02:49:06.610+0000] {connection.py:399} INFO - Snowflake Connector for Python Version: 3.10.0, Python Version: 3.12.3, Platform: Linux-5.15.153.1-microsoft-standard-WSL2-x86_64-with-glibc2.36
[2024-12-04T02:49:06.612+0000] {logging_mixin.py:188} INFO - [2024-12-04T02:49:06.612+0000] {connection.py:1239} INFO - This connection is in OCSP Fail Open Mode. TLS Certificates would be checked for validity and revocation status. Any other Certificate Revocation related exceptions or OCSP Responder failures would be disregarded in favor of connectivity.
[2024-12-04T02:49:07.080+0000] {processor.py:840} INFO - DAG(s) 'complete-dag' retrieved from /opt/airflow/dags/complete_dag.py
[2024-12-04T02:49:07.196+0000] {logging_mixin.py:188} INFO - [2024-12-04T02:49:07.196+0000] {dag.py:3096} INFO - Sync 1 DAGs
[2024-12-04T02:49:07.218+0000] {logging_mixin.py:188} INFO - [2024-12-04T02:49:07.218+0000] {dag.py:3954} INFO - Setting next_dagrun for complete-dag to 2024-12-03 20:40:00+00:00, run_after=2024-12-04 20:40:00+00:00
[2024-12-04T02:49:07.246+0000] {processor.py:183} INFO - Processing /opt/airflow/dags/complete_dag.py took 0.672 seconds
[2024-12-04T02:49:37.439+0000] {processor.py:161} INFO - Started process (PID=603) to work on /opt/airflow/dags/complete_dag.py
[2024-12-04T02:49:37.440+0000] {processor.py:830} INFO - Processing file /opt/airflow/dags/complete_dag.py for tasks to queue
[2024-12-04T02:49:37.441+0000] {logging_mixin.py:188} INFO - [2024-12-04T02:49:37.441+0000] {dagbag.py:545} INFO - Filling up the DagBag from /opt/airflow/dags/complete_dag.py
[2024-12-04T02:49:37.476+0000] {logging_mixin.py:188} INFO - [2024-12-04T02:49:37.476+0000] {base.py:84} INFO - Using connection ID 'snowflake_conn' for task execution.
[2024-12-04T02:49:37.479+0000] {logging_mixin.py:188} INFO - [2024-12-04T02:49:37.478+0000] {connection.py:399} INFO - Snowflake Connector for Python Version: 3.10.0, Python Version: 3.12.3, Platform: Linux-5.15.153.1-microsoft-standard-WSL2-x86_64-with-glibc2.36
[2024-12-04T02:49:37.480+0000] {logging_mixin.py:188} INFO - [2024-12-04T02:49:37.480+0000] {connection.py:1239} INFO - This connection is in OCSP Fail Open Mode. TLS Certificates would be checked for validity and revocation status. Any other Certificate Revocation related exceptions or OCSP Responder failures would be disregarded in favor of connectivity.
[2024-12-04T02:49:37.953+0000] {processor.py:840} INFO - DAG(s) 'complete-dag' retrieved from /opt/airflow/dags/complete_dag.py
[2024-12-04T02:49:38.054+0000] {logging_mixin.py:188} INFO - [2024-12-04T02:49:38.053+0000] {dag.py:3096} INFO - Sync 1 DAGs
[2024-12-04T02:49:38.077+0000] {logging_mixin.py:188} INFO - [2024-12-04T02:49:38.076+0000] {dag.py:3954} INFO - Setting next_dagrun for complete-dag to 2024-12-03 20:40:00+00:00, run_after=2024-12-04 20:40:00+00:00
[2024-12-04T02:49:38.101+0000] {processor.py:183} INFO - Processing /opt/airflow/dags/complete_dag.py took 0.668 seconds
[2024-12-04T02:50:08.292+0000] {processor.py:161} INFO - Started process (PID=614) to work on /opt/airflow/dags/complete_dag.py
[2024-12-04T02:50:08.293+0000] {processor.py:830} INFO - Processing file /opt/airflow/dags/complete_dag.py for tasks to queue
[2024-12-04T02:50:08.294+0000] {logging_mixin.py:188} INFO - [2024-12-04T02:50:08.294+0000] {dagbag.py:545} INFO - Filling up the DagBag from /opt/airflow/dags/complete_dag.py
[2024-12-04T02:50:08.319+0000] {logging_mixin.py:188} INFO - [2024-12-04T02:50:08.318+0000] {base.py:84} INFO - Using connection ID 'snowflake_conn' for task execution.
[2024-12-04T02:50:08.320+0000] {logging_mixin.py:188} INFO - [2024-12-04T02:50:08.320+0000] {connection.py:399} INFO - Snowflake Connector for Python Version: 3.10.0, Python Version: 3.12.3, Platform: Linux-5.15.153.1-microsoft-standard-WSL2-x86_64-with-glibc2.36
[2024-12-04T02:50:08.321+0000] {logging_mixin.py:188} INFO - [2024-12-04T02:50:08.321+0000] {connection.py:1239} INFO - This connection is in OCSP Fail Open Mode. TLS Certificates would be checked for validity and revocation status. Any other Certificate Revocation related exceptions or OCSP Responder failures would be disregarded in favor of connectivity.
[2024-12-04T02:50:08.727+0000] {processor.py:840} INFO - DAG(s) 'complete-dag' retrieved from /opt/airflow/dags/complete_dag.py
[2024-12-04T02:50:08.849+0000] {logging_mixin.py:188} INFO - [2024-12-04T02:50:08.849+0000] {dag.py:3096} INFO - Sync 1 DAGs
[2024-12-04T02:50:08.879+0000] {logging_mixin.py:188} INFO - [2024-12-04T02:50:08.879+0000] {dag.py:3954} INFO - Setting next_dagrun for complete-dag to 2024-12-03 20:40:00+00:00, run_after=2024-12-04 20:40:00+00:00
[2024-12-04T02:50:08.903+0000] {processor.py:183} INFO - Processing /opt/airflow/dags/complete_dag.py took 0.616 seconds
[2024-12-04T02:50:39.025+0000] {processor.py:161} INFO - Started process (PID=625) to work on /opt/airflow/dags/complete_dag.py
[2024-12-04T02:50:39.026+0000] {processor.py:830} INFO - Processing file /opt/airflow/dags/complete_dag.py for tasks to queue
[2024-12-04T02:50:39.027+0000] {logging_mixin.py:188} INFO - [2024-12-04T02:50:39.027+0000] {dagbag.py:545} INFO - Filling up the DagBag from /opt/airflow/dags/complete_dag.py
[2024-12-04T02:50:39.051+0000] {logging_mixin.py:188} INFO - [2024-12-04T02:50:39.051+0000] {base.py:84} INFO - Using connection ID 'snowflake_conn' for task execution.
[2024-12-04T02:50:39.052+0000] {logging_mixin.py:188} INFO - [2024-12-04T02:50:39.052+0000] {connection.py:399} INFO - Snowflake Connector for Python Version: 3.10.0, Python Version: 3.12.3, Platform: Linux-5.15.153.1-microsoft-standard-WSL2-x86_64-with-glibc2.36
[2024-12-04T02:50:39.053+0000] {logging_mixin.py:188} INFO - [2024-12-04T02:50:39.053+0000] {connection.py:1239} INFO - This connection is in OCSP Fail Open Mode. TLS Certificates would be checked for validity and revocation status. Any other Certificate Revocation related exceptions or OCSP Responder failures would be disregarded in favor of connectivity.
[2024-12-04T02:50:39.485+0000] {processor.py:840} INFO - DAG(s) 'complete-dag' retrieved from /opt/airflow/dags/complete_dag.py
[2024-12-04T02:50:39.581+0000] {logging_mixin.py:188} INFO - [2024-12-04T02:50:39.580+0000] {dag.py:3096} INFO - Sync 1 DAGs
[2024-12-04T02:50:39.602+0000] {logging_mixin.py:188} INFO - [2024-12-04T02:50:39.601+0000] {dag.py:3954} INFO - Setting next_dagrun for complete-dag to 2024-12-03 20:40:00+00:00, run_after=2024-12-04 20:40:00+00:00
[2024-12-04T02:50:39.621+0000] {processor.py:183} INFO - Processing /opt/airflow/dags/complete_dag.py took 0.601 seconds
[2024-12-04T02:51:10.145+0000] {processor.py:161} INFO - Started process (PID=636) to work on /opt/airflow/dags/complete_dag.py
[2024-12-04T02:51:10.155+0000] {processor.py:830} INFO - Processing file /opt/airflow/dags/complete_dag.py for tasks to queue
[2024-12-04T02:51:10.181+0000] {logging_mixin.py:188} INFO - [2024-12-04T02:51:10.177+0000] {dagbag.py:545} INFO - Filling up the DagBag from /opt/airflow/dags/complete_dag.py
[2024-12-04T02:51:10.329+0000] {logging_mixin.py:188} INFO - [2024-12-04T02:51:10.329+0000] {base.py:84} INFO - Using connection ID 'snowflake_conn' for task execution.
[2024-12-04T02:51:10.336+0000] {logging_mixin.py:188} INFO - [2024-12-04T02:51:10.336+0000] {connection.py:399} INFO - Snowflake Connector for Python Version: 3.10.0, Python Version: 3.12.3, Platform: Linux-5.15.153.1-microsoft-standard-WSL2-x86_64-with-glibc2.36
[2024-12-04T02:51:10.344+0000] {logging_mixin.py:188} INFO - [2024-12-04T02:51:10.343+0000] {connection.py:1239} INFO - This connection is in OCSP Fail Open Mode. TLS Certificates would be checked for validity and revocation status. Any other Certificate Revocation related exceptions or OCSP Responder failures would be disregarded in favor of connectivity.
[2024-12-04T02:51:11.073+0000] {processor.py:840} INFO - DAG(s) 'complete-dag' retrieved from /opt/airflow/dags/complete_dag.py
[2024-12-04T02:51:11.356+0000] {logging_mixin.py:188} INFO - [2024-12-04T02:51:11.355+0000] {dag.py:3096} INFO - Sync 1 DAGs
[2024-12-04T02:51:11.404+0000] {logging_mixin.py:188} INFO - [2024-12-04T02:51:11.404+0000] {dag.py:3954} INFO - Setting next_dagrun for complete-dag to 2024-12-03 20:40:00+00:00, run_after=2024-12-04 20:40:00+00:00
[2024-12-04T02:51:11.447+0000] {processor.py:183} INFO - Processing /opt/airflow/dags/complete_dag.py took 1.368 seconds
[2024-12-04T02:51:41.663+0000] {processor.py:161} INFO - Started process (PID=647) to work on /opt/airflow/dags/complete_dag.py
[2024-12-04T02:51:41.664+0000] {processor.py:830} INFO - Processing file /opt/airflow/dags/complete_dag.py for tasks to queue
[2024-12-04T02:51:41.667+0000] {logging_mixin.py:188} INFO - [2024-12-04T02:51:41.667+0000] {dagbag.py:545} INFO - Filling up the DagBag from /opt/airflow/dags/complete_dag.py
[2024-12-04T02:51:41.699+0000] {logging_mixin.py:188} INFO - [2024-12-04T02:51:41.699+0000] {base.py:84} INFO - Using connection ID 'snowflake_conn' for task execution.
[2024-12-04T02:51:41.701+0000] {logging_mixin.py:188} INFO - [2024-12-04T02:51:41.701+0000] {connection.py:399} INFO - Snowflake Connector for Python Version: 3.10.0, Python Version: 3.12.3, Platform: Linux-5.15.153.1-microsoft-standard-WSL2-x86_64-with-glibc2.36
[2024-12-04T02:51:41.702+0000] {logging_mixin.py:188} INFO - [2024-12-04T02:51:41.702+0000] {connection.py:1239} INFO - This connection is in OCSP Fail Open Mode. TLS Certificates would be checked for validity and revocation status. Any other Certificate Revocation related exceptions or OCSP Responder failures would be disregarded in favor of connectivity.
[2024-12-04T02:51:42.107+0000] {processor.py:840} INFO - DAG(s) 'complete-dag' retrieved from /opt/airflow/dags/complete_dag.py
[2024-12-04T02:51:42.197+0000] {logging_mixin.py:188} INFO - [2024-12-04T02:51:42.197+0000] {dag.py:3096} INFO - Sync 1 DAGs
[2024-12-04T02:51:42.216+0000] {logging_mixin.py:188} INFO - [2024-12-04T02:51:42.216+0000] {dag.py:3954} INFO - Setting next_dagrun for complete-dag to 2024-12-03 20:40:00+00:00, run_after=2024-12-04 20:40:00+00:00
[2024-12-04T02:51:42.237+0000] {processor.py:183} INFO - Processing /opt/airflow/dags/complete_dag.py took 0.582 seconds
