[2024-11-30T08:34:17.592+0000] {local_task_job_runner.py:120} INFO - ::group::Pre task execution logs
[2024-11-30T08:34:17.637+0000] {taskinstance.py:2076} INFO - Dependencies all met for dep_context=non-requeueable deps ti=<TaskInstance: complete-dag.dbt_run manual__2024-11-30T08:33:53.025918+00:00 [queued]>
[2024-11-30T08:34:17.653+0000] {taskinstance.py:2076} INFO - Dependencies all met for dep_context=requeueable deps ti=<TaskInstance: complete-dag.dbt_run manual__2024-11-30T08:33:53.025918+00:00 [queued]>
[2024-11-30T08:34:17.654+0000] {taskinstance.py:2306} INFO - Starting attempt 1 of 1
[2024-11-30T08:34:17.673+0000] {taskinstance.py:2330} INFO - Executing <Task(BashOperator): dbt_run> on 2024-11-30 08:33:53.025918+00:00
[2024-11-30T08:34:17.686+0000] {standard_task_runner.py:90} INFO - Running: ['***', 'tasks', 'run', 'complete-dag', 'dbt_run', 'manual__2024-11-30T08:33:53.025918+00:00', '--job-id', '420', '--raw', '--subdir', 'DAGS_FOLDER/complete_dag.py', '--cfg-path', '/tmp/tmp3ozkeu_m']
[2024-11-30T08:34:17.688+0000] {standard_task_runner.py:91} INFO - Job 420: Subtask dbt_run
[2024-11-30T08:34:17.694+0000] {logging_mixin.py:188} WARNING - /home/***/.local/lib/python3.12/site-packages/***/task/task_runner/standard_task_runner.py:61 DeprecationWarning: This process (pid=2349) is multi-threaded, use of fork() may lead to deadlocks in the child.
[2024-11-30T08:34:17.695+0000] {standard_task_runner.py:63} INFO - Started process 2352 to run task
[2024-11-30T08:34:17.756+0000] {task_command.py:426} INFO - Running <TaskInstance: complete-dag.dbt_run manual__2024-11-30T08:33:53.025918+00:00 [running]> on host e060654747dc
[2024-11-30T08:34:17.949+0000] {taskinstance.py:2648} INFO - Exporting env vars: AIRFLOW_CTX_DAG_OWNER='***' AIRFLOW_CTX_DAG_ID='complete-dag' AIRFLOW_CTX_TASK_ID='dbt_run' AIRFLOW_CTX_EXECUTION_DATE='2024-11-30T08:33:53.025918+00:00' AIRFLOW_CTX_TRY_NUMBER='1' AIRFLOW_CTX_DAG_RUN_ID='manual__2024-11-30T08:33:53.025918+00:00'
[2024-11-30T08:34:17.950+0000] {taskinstance.py:430} INFO - ::endgroup::
[2024-11-30T08:34:17.952+0000] {subprocess.py:63} INFO - Tmp dir root location: /tmp
[2024-11-30T08:34:17.954+0000] {subprocess.py:75} INFO - Running command: ['/usr/bin/bash', '-c', '/home/***/.local/bin/dbt run --profiles-dir /opt/***/dbt --project-dir /opt/***/dbt']
[2024-11-30T08:34:17.975+0000] {subprocess.py:86} INFO - Output:
[2024-11-30T08:34:21.721+0000] {subprocess.py:93} INFO - [0m08:34:21  Running with dbt=1.8.7
[2024-11-30T08:34:23.529+0000] {subprocess.py:93} INFO - [0m08:34:23  Registered adapter: snowflake=1.8.4
[2024-11-30T08:34:25.429+0000] {subprocess.py:93} INFO - [0m08:34:25  Found 5 models, 1 test, 4 sources, 459 macros
[2024-11-30T08:34:25.433+0000] {subprocess.py:93} INFO - [0m08:34:25
[2024-11-30T08:34:46.530+0000] {subprocess.py:93} INFO - [0m08:34:46  Concurrency: 1 threads (target='dev')
[2024-11-30T08:34:46.530+0000] {subprocess.py:93} INFO - [0m08:34:46
[2024-11-30T08:34:46.595+0000] {subprocess.py:93} INFO - [0m08:34:46  1 of 2 START sql table model analytics.weather_forecast_processed .............. [RUN]
[2024-11-30T08:34:48.242+0000] {subprocess.py:93} INFO - [0m08:34:48  1 of 2 OK created sql table model analytics.weather_forecast_processed ......... [[32mSUCCESS 1[0m in 1.64s]
[2024-11-30T08:34:48.245+0000] {subprocess.py:93} INFO - [0m08:34:48  2 of 2 START sql table model analytics.electricity_weather_historical .......... [RUN]
[2024-11-30T08:34:50.124+0000] {subprocess.py:93} INFO - [0m08:34:50  2 of 2 OK created sql table model analytics.electricity_weather_historical ..... [[32mSUCCESS 1[0m in 1.88s]
[2024-11-30T08:34:50.130+0000] {subprocess.py:93} INFO - [0m08:34:50
[2024-11-30T08:34:50.132+0000] {subprocess.py:93} INFO - [0m08:34:50  Finished running 2 table models in 0 hours 0 minutes and 24.70 seconds (24.70s).
[2024-11-30T08:34:50.208+0000] {subprocess.py:93} INFO - [0m08:34:50
[2024-11-30T08:34:50.209+0000] {subprocess.py:93} INFO - [0m08:34:50  [32mCompleted successfully[0m
[2024-11-30T08:34:50.211+0000] {subprocess.py:93} INFO - [0m08:34:50
[2024-11-30T08:34:50.212+0000] {subprocess.py:93} INFO - [0m08:34:50  Done. PASS=2 WARN=0 ERROR=0 SKIP=0 TOTAL=2
[2024-11-30T08:34:51.337+0000] {subprocess.py:97} INFO - Command exited with return code 0
[2024-11-30T08:34:51.341+0000] {taskinstance.py:441} INFO - ::group::Post task execution logs
[2024-11-30T08:34:51.384+0000] {taskinstance.py:1206} INFO - Marking task as SUCCESS. dag_id=complete-dag, task_id=dbt_run, run_id=manual__2024-11-30T08:33:53.025918+00:00, execution_date=20241130T083353, start_date=20241130T083417, end_date=20241130T083451
[2024-11-30T08:34:51.459+0000] {local_task_job_runner.py:240} INFO - Task exited with return code 0
[2024-11-30T08:34:51.475+0000] {local_task_job_runner.py:222} INFO - ::endgroup::
