[2024-11-30T05:15:36.072+0000] {local_task_job_runner.py:120} INFO - ::group::Pre task execution logs
[2024-11-30T05:15:36.123+0000] {taskinstance.py:2076} INFO - Dependencies all met for dep_context=non-requeueable deps ti=<TaskInstance: complete-dag.predict manual__2024-11-30T05:11:03.411452+00:00 [queued]>
[2024-11-30T05:15:36.141+0000] {taskinstance.py:2076} INFO - Dependencies all met for dep_context=requeueable deps ti=<TaskInstance: complete-dag.predict manual__2024-11-30T05:11:03.411452+00:00 [queued]>
[2024-11-30T05:15:36.142+0000] {taskinstance.py:2306} INFO - Starting attempt 1 of 1
[2024-11-30T05:15:36.164+0000] {taskinstance.py:2330} INFO - Executing <Task(_PythonDecoratedOperator): predict> on 2024-11-30 05:11:03.411452+00:00
[2024-11-30T05:15:36.184+0000] {standard_task_runner.py:90} INFO - Running: ['***', 'tasks', 'run', 'complete-dag', 'predict', 'manual__2024-11-30T05:11:03.411452+00:00', '--job-id', '323', '--raw', '--subdir', 'DAGS_FOLDER/complete_dag.py', '--cfg-path', '/tmp/tmpk53our7u']
[2024-11-30T05:15:36.186+0000] {standard_task_runner.py:91} INFO - Job 323: Subtask predict
[2024-11-30T05:15:36.190+0000] {logging_mixin.py:188} WARNING - /home/***/.local/lib/python3.12/site-packages/***/task/task_runner/standard_task_runner.py:61 DeprecationWarning: This process (pid=3111) is multi-threaded, use of fork() may lead to deadlocks in the child.
[2024-11-30T05:15:36.192+0000] {standard_task_runner.py:63} INFO - Started process 3129 to run task
[2024-11-30T05:15:36.244+0000] {task_command.py:426} INFO - Running <TaskInstance: complete-dag.predict manual__2024-11-30T05:11:03.411452+00:00 [running]> on host b09a94790db6
[2024-11-30T05:15:36.331+0000] {taskinstance.py:2648} INFO - Exporting env vars: AIRFLOW_CTX_DAG_OWNER='***' AIRFLOW_CTX_DAG_ID='complete-dag' AIRFLOW_CTX_TASK_ID='predict' AIRFLOW_CTX_EXECUTION_DATE='2024-11-30T05:11:03.411452+00:00' AIRFLOW_CTX_TRY_NUMBER='1' AIRFLOW_CTX_DAG_RUN_ID='manual__2024-11-30T05:11:03.411452+00:00'
[2024-11-30T05:15:36.332+0000] {taskinstance.py:430} INFO - ::endgroup::
[2024-11-30T05:15:56.597+0000] {cursor.py:1149} INFO - Number of results in first chunk: 1
[2024-11-30T05:15:56.598+0000] {complete_dag.py:320} INFO - prediction created
[2024-11-30T05:15:57.449+0000] {cursor.py:1149} INFO - Number of results in first chunk: 1
[2024-11-30T05:15:57.449+0000] {complete_dag.py:322} INFO - Joined weather_forecast and electricity_forecast
[2024-11-30T05:15:58.659+0000] {cursor.py:1149} INFO - Number of results in first chunk: 1
[2024-11-30T05:15:58.660+0000] {complete_dag.py:324} INFO - Final table created
[2024-11-30T05:15:58.660+0000] {python.py:237} INFO - Done. Returned value was: None
[2024-11-30T05:15:58.662+0000] {taskinstance.py:441} INFO - ::group::Post task execution logs
[2024-11-30T05:15:58.671+0000] {taskinstance.py:1206} INFO - Marking task as SUCCESS. dag_id=complete-dag, task_id=predict, run_id=manual__2024-11-30T05:11:03.411452+00:00, execution_date=20241130T051103, start_date=20241130T051536, end_date=20241130T051558
[2024-11-30T05:15:58.729+0000] {local_task_job_runner.py:240} INFO - Task exited with return code 0
[2024-11-30T05:15:58.744+0000] {taskinstance.py:3498} INFO - 0 downstream tasks scheduled from follow-on schedule check
[2024-11-30T05:15:58.748+0000] {local_task_job_runner.py:222} INFO - ::endgroup::
