[2024-11-29T05:14:38.142+0000] {local_task_job_runner.py:120} INFO - ::group::Pre task execution logs
[2024-11-29T05:14:38.182+0000] {taskinstance.py:2076} INFO - Dependencies all met for dep_context=non-requeueable deps ti=<TaskInstance: Electricity_predict.train manual__2024-11-29T05:14:31.934386+00:00 [queued]>
[2024-11-29T05:14:38.190+0000] {taskinstance.py:2076} INFO - Dependencies all met for dep_context=requeueable deps ti=<TaskInstance: Electricity_predict.train manual__2024-11-29T05:14:31.934386+00:00 [queued]>
[2024-11-29T05:14:38.191+0000] {taskinstance.py:2306} INFO - Starting attempt 1 of 1
[2024-11-29T05:14:38.205+0000] {taskinstance.py:2330} INFO - Executing <Task(_PythonDecoratedOperator): train> on 2024-11-29 05:14:31.934386+00:00
[2024-11-29T05:14:38.215+0000] {standard_task_runner.py:90} INFO - Running: ['***', 'tasks', 'run', 'Electricity_predict', 'train', 'manual__2024-11-29T05:14:31.934386+00:00', '--job-id', '260', '--raw', '--subdir', 'DAGS_FOLDER/energy_usage_prediction.py', '--cfg-path', '/tmp/tmp7nle_kjy']
[2024-11-29T05:14:38.217+0000] {standard_task_runner.py:91} INFO - Job 260: Subtask train
[2024-11-29T05:14:38.218+0000] {logging_mixin.py:188} WARNING - /home/***/.local/lib/python3.12/site-packages/***/task/task_runner/standard_task_runner.py:61 DeprecationWarning: This process (pid=6825) is multi-threaded, use of fork() may lead to deadlocks in the child.
[2024-11-29T05:14:38.218+0000] {standard_task_runner.py:63} INFO - Started process 6843 to run task
[2024-11-29T05:14:38.260+0000] {task_command.py:426} INFO - Running <TaskInstance: Electricity_predict.train manual__2024-11-29T05:14:31.934386+00:00 [running]> on host fd43cd87157f
[2024-11-29T05:14:38.354+0000] {taskinstance.py:2648} INFO - Exporting env vars: AIRFLOW_CTX_DAG_OWNER='***' AIRFLOW_CTX_DAG_ID='Electricity_predict' AIRFLOW_CTX_TASK_ID='train' AIRFLOW_CTX_EXECUTION_DATE='2024-11-29T05:14:31.934386+00:00' AIRFLOW_CTX_TRY_NUMBER='1' AIRFLOW_CTX_DAG_RUN_ID='manual__2024-11-29T05:14:31.934386+00:00'
[2024-11-29T05:14:38.356+0000] {taskinstance.py:430} INFO - ::endgroup::
[2024-11-29T05:14:38.779+0000] {cursor.py:1149} INFO - Number of results in first chunk: 1
[2024-11-29T05:14:38.779+0000] {energy_usage_prediction.py:48} INFO - View created
[2024-11-29T05:18:12.536+0000] {cursor.py:1149} INFO - Number of results in first chunk: 1
[2024-11-29T05:18:12.580+0000] {energy_usage_prediction.py:50} INFO - Model for training created
[2024-11-29T05:18:14.108+0000] {cursor.py:1149} INFO - Number of results in first chunk: 28
[2024-11-29T05:18:14.113+0000] {python.py:237} INFO - Done. Returned value was: True
[2024-11-29T05:18:14.120+0000] {taskinstance.py:441} INFO - ::group::Post task execution logs
[2024-11-29T05:18:14.251+0000] {taskinstance.py:1206} INFO - Marking task as SUCCESS. dag_id=Electricity_predict, task_id=train, run_id=manual__2024-11-29T05:14:31.934386+00:00, execution_date=20241129T051431, start_date=20241129T051438, end_date=20241129T051814
[2024-11-29T05:18:14.325+0000] {local_task_job_runner.py:240} INFO - Task exited with return code 0
[2024-11-29T05:18:14.371+0000] {local_task_job_runner.py:222} INFO - ::endgroup::
