[2024-11-30T07:59:31.661+0000] {local_task_job_runner.py:120} INFO - ::group::Pre task execution logs
[2024-11-30T07:59:31.994+0000] {taskinstance.py:2076} INFO - Dependencies all met for dep_context=non-requeueable deps ti=<TaskInstance: dbt-viz-dag.dbt_run scheduled__2024-11-28T20:40:00+00:00 [queued]>
[2024-11-30T07:59:32.019+0000] {taskinstance.py:2076} INFO - Dependencies all met for dep_context=requeueable deps ti=<TaskInstance: dbt-viz-dag.dbt_run scheduled__2024-11-28T20:40:00+00:00 [queued]>
[2024-11-30T07:59:32.021+0000] {taskinstance.py:2306} INFO - Starting attempt 1 of 1
[2024-11-30T07:59:32.068+0000] {taskinstance.py:2330} INFO - Executing <Task(BashOperator): dbt_run> on 2024-11-28 20:40:00+00:00
[2024-11-30T07:59:32.087+0000] {standard_task_runner.py:90} INFO - Running: ['***', 'tasks', 'run', 'dbt-viz-dag', 'dbt_run', 'scheduled__2024-11-28T20:40:00+00:00', '--job-id', '392', '--raw', '--subdir', 'DAGS_FOLDER/dbt-viz-dag.py', '--cfg-path', '/tmp/tmpkzn3c3ba']
[2024-11-30T07:59:32.091+0000] {standard_task_runner.py:91} INFO - Job 392: Subtask dbt_run
[2024-11-30T07:59:32.114+0000] {logging_mixin.py:188} WARNING - /home/***/.local/lib/python3.12/site-packages/***/task/task_runner/standard_task_runner.py:61 DeprecationWarning: This process (pid=15401) is multi-threaded, use of fork() may lead to deadlocks in the child.
[2024-11-30T07:59:32.116+0000] {standard_task_runner.py:63} INFO - Started process 15403 to run task
[2024-11-30T07:59:32.185+0000] {task_command.py:426} INFO - Running <TaskInstance: dbt-viz-dag.dbt_run scheduled__2024-11-28T20:40:00+00:00 [running]> on host b09a94790db6
[2024-11-30T07:59:32.638+0000] {taskinstance.py:2648} INFO - Exporting env vars: AIRFLOW_CTX_DAG_OWNER='***' AIRFLOW_CTX_DAG_ID='dbt-viz-dag' AIRFLOW_CTX_TASK_ID='dbt_run' AIRFLOW_CTX_EXECUTION_DATE='2024-11-28T20:40:00+00:00' AIRFLOW_CTX_TRY_NUMBER='1' AIRFLOW_CTX_DAG_RUN_ID='scheduled__2024-11-28T20:40:00+00:00'
[2024-11-30T07:59:32.640+0000] {taskinstance.py:430} INFO - ::endgroup::
[2024-11-30T07:59:32.773+0000] {subprocess.py:63} INFO - Tmp dir root location: /tmp
[2024-11-30T07:59:32.786+0000] {subprocess.py:75} INFO - Running command: ['/usr/bin/bash', '-c', '/home/***/.local/bin/dbt run --profiles-dir /opt/***/dbt_viz --project-dir /opt/***/dbt_viz']
[2024-11-30T07:59:32.813+0000] {subprocess.py:86} INFO - Output:
[2024-11-30T07:59:38.546+0000] {subprocess.py:93} INFO - [0m07:59:38  Running with dbt=1.8.7
[2024-11-30T07:59:42.579+0000] {subprocess.py:93} INFO - [0m07:59:42  Registered adapter: snowflake=1.8.4
[2024-11-30T07:59:43.778+0000] {subprocess.py:93} INFO - [0m07:59:43  Found 5 models, 1 test, 4 sources, 459 macros
[2024-11-30T07:59:43.784+0000] {subprocess.py:93} INFO - [0m07:59:43
[2024-11-30T07:59:45.975+0000] {subprocess.py:93} INFO - [0m07:59:45  Concurrency: 1 threads (target='dev')
[2024-11-30T07:59:45.977+0000] {subprocess.py:93} INFO - [0m07:59:45
[2024-11-30T07:59:46.195+0000] {subprocess.py:93} INFO - [0m07:59:46  1 of 2 START sql table model analytics.weather_forecast_processed .............. [RUN]
[2024-11-30T07:59:48.325+0000] {subprocess.py:93} INFO - [0m07:59:48  1 of 2 OK created sql table model analytics.weather_forecast_processed ......... [[32mSUCCESS 1[0m in 2.12s]
[2024-11-30T07:59:48.332+0000] {subprocess.py:93} INFO - [0m07:59:48  2 of 2 START sql table model analytics.electricity_weather_historical .......... [RUN]
[2024-11-30T07:59:50.568+0000] {subprocess.py:93} INFO - [0m07:59:50  2 of 2 OK created sql table model analytics.electricity_weather_historical ..... [[32mSUCCESS 1[0m in 2.23s]
[2024-11-30T07:59:50.578+0000] {subprocess.py:93} INFO - [0m07:59:50
[2024-11-30T07:59:50.579+0000] {subprocess.py:93} INFO - [0m07:59:50  Finished running 2 table models in 0 hours 0 minutes and 6.79 seconds (6.79s).
[2024-11-30T07:59:50.694+0000] {subprocess.py:93} INFO - [0m07:59:50
[2024-11-30T07:59:50.697+0000] {subprocess.py:93} INFO - [0m07:59:50  [32mCompleted successfully[0m
[2024-11-30T07:59:50.699+0000] {subprocess.py:93} INFO - [0m07:59:50
[2024-11-30T07:59:50.702+0000] {subprocess.py:93} INFO - [0m07:59:50  Done. PASS=2 WARN=0 ERROR=0 SKIP=0 TOTAL=2
[2024-11-30T07:59:51.930+0000] {subprocess.py:97} INFO - Command exited with return code 0
[2024-11-30T07:59:51.937+0000] {taskinstance.py:441} INFO - ::group::Post task execution logs
[2024-11-30T07:59:52.060+0000] {taskinstance.py:1206} INFO - Marking task as SUCCESS. dag_id=dbt-viz-dag, task_id=dbt_run, run_id=scheduled__2024-11-28T20:40:00+00:00, execution_date=20241128T204000, start_date=20241130T075931, end_date=20241130T075952
[2024-11-30T07:59:52.150+0000] {local_task_job_runner.py:240} INFO - Task exited with return code 0
[2024-11-30T07:59:52.256+0000] {taskinstance.py:3498} INFO - 1 downstream tasks scheduled from follow-on schedule check
[2024-11-30T07:59:52.261+0000] {local_task_job_runner.py:222} INFO - ::endgroup::
