[2024-11-28T20:48:40.411+0000] {processor.py:161} INFO - Started process (PID=2092) to work on /opt/airflow/dags/dbt-dag.py
[2024-11-28T20:48:40.412+0000] {processor.py:830} INFO - Processing file /opt/airflow/dags/dbt-dag.py for tasks to queue
[2024-11-28T20:48:40.414+0000] {logging_mixin.py:188} INFO - [2024-11-28T20:48:40.414+0000] {dagbag.py:545} INFO - Filling up the DagBag from /opt/airflow/dags/dbt-dag.py
[2024-11-28T20:48:40.443+0000] {processor.py:840} INFO - DAG(s) 'dbt-dag' retrieved from /opt/airflow/dags/dbt-dag.py
[2024-11-28T20:48:40.565+0000] {logging_mixin.py:188} INFO - [2024-11-28T20:48:40.564+0000] {override.py:1829} INFO - Created Permission View: can edit on DAG:dbt-dag
[2024-11-28T20:48:40.578+0000] {logging_mixin.py:188} INFO - [2024-11-28T20:48:40.578+0000] {override.py:1829} INFO - Created Permission View: can read on DAG:dbt-dag
[2024-11-28T20:48:40.587+0000] {logging_mixin.py:188} INFO - [2024-11-28T20:48:40.586+0000] {override.py:1829} INFO - Created Permission View: can delete on DAG:dbt-dag
[2024-11-28T20:48:40.587+0000] {logging_mixin.py:188} INFO - [2024-11-28T20:48:40.587+0000] {dag.py:3096} INFO - Sync 1 DAGs
[2024-11-28T20:48:40.602+0000] {logging_mixin.py:188} INFO - [2024-11-28T20:48:40.602+0000] {dag.py:3118} INFO - Creating ORM DAG for dbt-dag
[2024-11-28T20:48:40.614+0000] {logging_mixin.py:188} INFO - [2024-11-28T20:48:40.614+0000] {dag.py:3954} INFO - Setting next_dagrun for dbt-dag to 2024-11-27 20:40:00+00:00, run_after=2024-11-28 20:40:00+00:00
[2024-11-28T20:48:40.643+0000] {processor.py:183} INFO - Processing /opt/airflow/dags/dbt-dag.py took 0.237 seconds
[2024-11-28T20:49:10.760+0000] {processor.py:161} INFO - Started process (PID=2118) to work on /opt/airflow/dags/dbt-dag.py
[2024-11-28T20:49:10.761+0000] {processor.py:830} INFO - Processing file /opt/airflow/dags/dbt-dag.py for tasks to queue
[2024-11-28T20:49:10.763+0000] {logging_mixin.py:188} INFO - [2024-11-28T20:49:10.762+0000] {dagbag.py:545} INFO - Filling up the DagBag from /opt/airflow/dags/dbt-dag.py
[2024-11-28T20:49:10.776+0000] {processor.py:840} INFO - DAG(s) 'dbt-dag' retrieved from /opt/airflow/dags/dbt-dag.py
[2024-11-28T20:49:10.798+0000] {logging_mixin.py:188} INFO - [2024-11-28T20:49:10.798+0000] {dag.py:3096} INFO - Sync 1 DAGs
[2024-11-28T20:49:10.817+0000] {logging_mixin.py:188} INFO - [2024-11-28T20:49:10.817+0000] {dag.py:3954} INFO - Setting next_dagrun for dbt-dag to 2024-11-27 20:40:00+00:00, run_after=2024-11-28 20:40:00+00:00
[2024-11-28T20:49:10.834+0000] {processor.py:183} INFO - Processing /opt/airflow/dags/dbt-dag.py took 0.079 seconds
[2024-11-28T20:49:41.487+0000] {processor.py:161} INFO - Started process (PID=2173) to work on /opt/airflow/dags/dbt-dag.py
[2024-11-28T20:49:41.497+0000] {processor.py:830} INFO - Processing file /opt/airflow/dags/dbt-dag.py for tasks to queue
[2024-11-28T20:49:41.514+0000] {logging_mixin.py:188} INFO - [2024-11-28T20:49:41.512+0000] {dagbag.py:545} INFO - Filling up the DagBag from /opt/airflow/dags/dbt-dag.py
[2024-11-28T20:49:41.567+0000] {processor.py:840} INFO - DAG(s) 'dbt-dag' retrieved from /opt/airflow/dags/dbt-dag.py
[2024-11-28T20:49:41.697+0000] {logging_mixin.py:188} INFO - [2024-11-28T20:49:41.696+0000] {dag.py:3096} INFO - Sync 1 DAGs
[2024-11-28T20:49:42.130+0000] {logging_mixin.py:188} INFO - [2024-11-28T20:49:42.129+0000] {dag.py:3954} INFO - Setting next_dagrun for dbt-dag to 2024-11-28 20:40:00+00:00, run_after=2024-11-29 20:40:00+00:00
[2024-11-28T20:49:42.172+0000] {processor.py:183} INFO - Processing /opt/airflow/dags/dbt-dag.py took 0.735 seconds
[2024-11-28T20:50:12.270+0000] {processor.py:161} INFO - Started process (PID=2199) to work on /opt/airflow/dags/dbt-dag.py
[2024-11-28T20:50:12.271+0000] {processor.py:830} INFO - Processing file /opt/airflow/dags/dbt-dag.py for tasks to queue
[2024-11-28T20:50:12.273+0000] {logging_mixin.py:188} INFO - [2024-11-28T20:50:12.273+0000] {dagbag.py:545} INFO - Filling up the DagBag from /opt/airflow/dags/dbt-dag.py
[2024-11-28T20:50:12.288+0000] {processor.py:840} INFO - DAG(s) 'dbt-dag' retrieved from /opt/airflow/dags/dbt-dag.py
[2024-11-28T20:50:12.313+0000] {logging_mixin.py:188} INFO - [2024-11-28T20:50:12.312+0000] {dag.py:3096} INFO - Sync 1 DAGs
[2024-11-28T20:50:12.333+0000] {logging_mixin.py:188} INFO - [2024-11-28T20:50:12.333+0000] {dag.py:3954} INFO - Setting next_dagrun for dbt-dag to 2024-11-28 20:40:00+00:00, run_after=2024-11-29 20:40:00+00:00
[2024-11-28T20:50:12.351+0000] {processor.py:183} INFO - Processing /opt/airflow/dags/dbt-dag.py took 0.087 seconds
[2024-11-28T20:50:42.684+0000] {processor.py:161} INFO - Started process (PID=2225) to work on /opt/airflow/dags/dbt-dag.py
[2024-11-28T20:50:42.685+0000] {processor.py:830} INFO - Processing file /opt/airflow/dags/dbt-dag.py for tasks to queue
[2024-11-28T20:50:42.687+0000] {logging_mixin.py:188} INFO - [2024-11-28T20:50:42.687+0000] {dagbag.py:545} INFO - Filling up the DagBag from /opt/airflow/dags/dbt-dag.py
[2024-11-28T20:50:42.702+0000] {processor.py:840} INFO - DAG(s) 'dbt-dag' retrieved from /opt/airflow/dags/dbt-dag.py
[2024-11-28T20:50:42.726+0000] {logging_mixin.py:188} INFO - [2024-11-28T20:50:42.726+0000] {dag.py:3096} INFO - Sync 1 DAGs
[2024-11-28T20:50:42.746+0000] {logging_mixin.py:188} INFO - [2024-11-28T20:50:42.746+0000] {dag.py:3954} INFO - Setting next_dagrun for dbt-dag to 2024-11-28 20:40:00+00:00, run_after=2024-11-29 20:40:00+00:00
[2024-11-28T20:50:42.763+0000] {processor.py:183} INFO - Processing /opt/airflow/dags/dbt-dag.py took 0.084 seconds
[2024-11-28T20:51:13.026+0000] {processor.py:161} INFO - Started process (PID=2251) to work on /opt/airflow/dags/dbt-dag.py
[2024-11-28T20:51:13.026+0000] {processor.py:830} INFO - Processing file /opt/airflow/dags/dbt-dag.py for tasks to queue
[2024-11-28T20:51:13.028+0000] {logging_mixin.py:188} INFO - [2024-11-28T20:51:13.028+0000] {dagbag.py:545} INFO - Filling up the DagBag from /opt/airflow/dags/dbt-dag.py
[2024-11-28T20:51:13.044+0000] {processor.py:840} INFO - DAG(s) 'dbt-dag' retrieved from /opt/airflow/dags/dbt-dag.py
[2024-11-28T20:51:13.068+0000] {logging_mixin.py:188} INFO - [2024-11-28T20:51:13.068+0000] {dag.py:3096} INFO - Sync 1 DAGs
[2024-11-28T20:51:13.088+0000] {logging_mixin.py:188} INFO - [2024-11-28T20:51:13.088+0000] {dag.py:3954} INFO - Setting next_dagrun for dbt-dag to 2024-11-28 20:40:00+00:00, run_after=2024-11-29 20:40:00+00:00
[2024-11-28T20:51:13.107+0000] {processor.py:183} INFO - Processing /opt/airflow/dags/dbt-dag.py took 0.086 seconds
[2024-11-28T20:51:43.476+0000] {processor.py:161} INFO - Started process (PID=2277) to work on /opt/airflow/dags/dbt-dag.py
[2024-11-28T20:51:43.477+0000] {processor.py:830} INFO - Processing file /opt/airflow/dags/dbt-dag.py for tasks to queue
[2024-11-28T20:51:43.479+0000] {logging_mixin.py:188} INFO - [2024-11-28T20:51:43.479+0000] {dagbag.py:545} INFO - Filling up the DagBag from /opt/airflow/dags/dbt-dag.py
[2024-11-28T20:51:43.492+0000] {processor.py:840} INFO - DAG(s) 'dbt-dag' retrieved from /opt/airflow/dags/dbt-dag.py
[2024-11-28T20:51:43.515+0000] {logging_mixin.py:188} INFO - [2024-11-28T20:51:43.515+0000] {dag.py:3096} INFO - Sync 1 DAGs
[2024-11-28T20:51:43.535+0000] {logging_mixin.py:188} INFO - [2024-11-28T20:51:43.534+0000] {dag.py:3954} INFO - Setting next_dagrun for dbt-dag to 2024-11-28 20:40:00+00:00, run_after=2024-11-29 20:40:00+00:00
[2024-11-28T20:51:43.550+0000] {processor.py:183} INFO - Processing /opt/airflow/dags/dbt-dag.py took 0.079 seconds
[2024-11-28T20:52:13.662+0000] {processor.py:161} INFO - Started process (PID=2303) to work on /opt/airflow/dags/dbt-dag.py
[2024-11-28T20:52:13.663+0000] {processor.py:830} INFO - Processing file /opt/airflow/dags/dbt-dag.py for tasks to queue
[2024-11-28T20:52:13.664+0000] {logging_mixin.py:188} INFO - [2024-11-28T20:52:13.664+0000] {dagbag.py:545} INFO - Filling up the DagBag from /opt/airflow/dags/dbt-dag.py
[2024-11-28T20:52:13.684+0000] {processor.py:840} INFO - DAG(s) 'dbt-dag' retrieved from /opt/airflow/dags/dbt-dag.py
[2024-11-28T20:52:13.721+0000] {logging_mixin.py:188} INFO - [2024-11-28T20:52:13.720+0000] {dag.py:3096} INFO - Sync 1 DAGs
[2024-11-28T20:52:13.756+0000] {logging_mixin.py:188} INFO - [2024-11-28T20:52:13.755+0000] {dag.py:3954} INFO - Setting next_dagrun for dbt-dag to 2024-11-28 20:40:00+00:00, run_after=2024-11-29 20:40:00+00:00
[2024-11-28T20:52:13.783+0000] {processor.py:183} INFO - Processing /opt/airflow/dags/dbt-dag.py took 0.126 seconds
[2024-11-28T20:52:43.945+0000] {processor.py:161} INFO - Started process (PID=2358) to work on /opt/airflow/dags/dbt-dag.py
[2024-11-28T20:52:43.946+0000] {processor.py:830} INFO - Processing file /opt/airflow/dags/dbt-dag.py for tasks to queue
[2024-11-28T20:52:43.948+0000] {logging_mixin.py:188} INFO - [2024-11-28T20:52:43.948+0000] {dagbag.py:545} INFO - Filling up the DagBag from /opt/airflow/dags/dbt-dag.py
[2024-11-28T20:52:43.964+0000] {processor.py:840} INFO - DAG(s) 'dbt-dag' retrieved from /opt/airflow/dags/dbt-dag.py
[2024-11-28T20:52:43.988+0000] {logging_mixin.py:188} INFO - [2024-11-28T20:52:43.988+0000] {dag.py:3096} INFO - Sync 1 DAGs
[2024-11-28T20:52:44.008+0000] {logging_mixin.py:188} INFO - [2024-11-28T20:52:44.008+0000] {dag.py:3954} INFO - Setting next_dagrun for dbt-dag to 2024-11-28 20:40:00+00:00, run_after=2024-11-29 20:40:00+00:00
[2024-11-28T20:52:44.027+0000] {processor.py:183} INFO - Processing /opt/airflow/dags/dbt-dag.py took 0.087 seconds
[2024-11-28T20:53:14.148+0000] {processor.py:161} INFO - Started process (PID=2384) to work on /opt/airflow/dags/dbt-dag.py
[2024-11-28T20:53:14.149+0000] {processor.py:830} INFO - Processing file /opt/airflow/dags/dbt-dag.py for tasks to queue
[2024-11-28T20:53:14.151+0000] {logging_mixin.py:188} INFO - [2024-11-28T20:53:14.151+0000] {dagbag.py:545} INFO - Filling up the DagBag from /opt/airflow/dags/dbt-dag.py
[2024-11-28T20:53:14.175+0000] {processor.py:840} INFO - DAG(s) 'dbt-dag' retrieved from /opt/airflow/dags/dbt-dag.py
[2024-11-28T20:53:14.209+0000] {logging_mixin.py:188} INFO - [2024-11-28T20:53:14.208+0000] {dag.py:3096} INFO - Sync 1 DAGs
[2024-11-28T20:53:14.236+0000] {logging_mixin.py:188} INFO - [2024-11-28T20:53:14.236+0000] {dag.py:3954} INFO - Setting next_dagrun for dbt-dag to 2024-11-28 20:40:00+00:00, run_after=2024-11-29 20:40:00+00:00
[2024-11-28T20:53:14.256+0000] {processor.py:183} INFO - Processing /opt/airflow/dags/dbt-dag.py took 0.114 seconds
[2024-11-28T20:53:44.533+0000] {processor.py:161} INFO - Started process (PID=2467) to work on /opt/airflow/dags/dbt-dag.py
[2024-11-28T20:53:44.534+0000] {processor.py:830} INFO - Processing file /opt/airflow/dags/dbt-dag.py for tasks to queue
[2024-11-28T20:53:44.536+0000] {logging_mixin.py:188} INFO - [2024-11-28T20:53:44.535+0000] {dagbag.py:545} INFO - Filling up the DagBag from /opt/airflow/dags/dbt-dag.py
[2024-11-28T20:53:44.553+0000] {processor.py:840} INFO - DAG(s) 'dbt-dag' retrieved from /opt/airflow/dags/dbt-dag.py
[2024-11-28T20:53:44.583+0000] {logging_mixin.py:188} INFO - [2024-11-28T20:53:44.583+0000] {dag.py:3096} INFO - Sync 1 DAGs
[2024-11-28T20:53:44.607+0000] {logging_mixin.py:188} INFO - [2024-11-28T20:53:44.607+0000] {dag.py:3954} INFO - Setting next_dagrun for dbt-dag to 2024-11-28 20:40:00+00:00, run_after=2024-11-29 20:40:00+00:00
[2024-11-28T20:53:44.628+0000] {processor.py:183} INFO - Processing /opt/airflow/dags/dbt-dag.py took 0.101 seconds
[2024-11-28T20:54:14.905+0000] {processor.py:161} INFO - Started process (PID=2493) to work on /opt/airflow/dags/dbt-dag.py
[2024-11-28T20:54:14.907+0000] {processor.py:830} INFO - Processing file /opt/airflow/dags/dbt-dag.py for tasks to queue
[2024-11-28T20:54:14.909+0000] {logging_mixin.py:188} INFO - [2024-11-28T20:54:14.909+0000] {dagbag.py:545} INFO - Filling up the DagBag from /opt/airflow/dags/dbt-dag.py
[2024-11-28T20:54:14.929+0000] {processor.py:840} INFO - DAG(s) 'dbt-dag' retrieved from /opt/airflow/dags/dbt-dag.py
[2024-11-28T20:54:14.961+0000] {logging_mixin.py:188} INFO - [2024-11-28T20:54:14.961+0000] {dag.py:3096} INFO - Sync 1 DAGs
[2024-11-28T20:54:15.003+0000] {logging_mixin.py:188} INFO - [2024-11-28T20:54:15.003+0000] {dag.py:3954} INFO - Setting next_dagrun for dbt-dag to 2024-11-28 20:40:00+00:00, run_after=2024-11-29 20:40:00+00:00
[2024-11-28T20:54:15.038+0000] {processor.py:183} INFO - Processing /opt/airflow/dags/dbt-dag.py took 0.138 seconds
[2024-11-28T20:54:45.280+0000] {processor.py:161} INFO - Started process (PID=2520) to work on /opt/airflow/dags/dbt-dag.py
[2024-11-28T20:54:45.281+0000] {processor.py:830} INFO - Processing file /opt/airflow/dags/dbt-dag.py for tasks to queue
[2024-11-28T20:54:45.283+0000] {logging_mixin.py:188} INFO - [2024-11-28T20:54:45.282+0000] {dagbag.py:545} INFO - Filling up the DagBag from /opt/airflow/dags/dbt-dag.py
[2024-11-28T20:54:45.300+0000] {processor.py:840} INFO - DAG(s) 'dbt-dag' retrieved from /opt/airflow/dags/dbt-dag.py
[2024-11-28T20:54:45.337+0000] {logging_mixin.py:188} INFO - [2024-11-28T20:54:45.336+0000] {dag.py:3096} INFO - Sync 1 DAGs
[2024-11-28T20:54:45.360+0000] {logging_mixin.py:188} INFO - [2024-11-28T20:54:45.359+0000] {dag.py:3954} INFO - Setting next_dagrun for dbt-dag to 2024-11-28 20:40:00+00:00, run_after=2024-11-29 20:40:00+00:00
[2024-11-28T20:54:45.379+0000] {processor.py:183} INFO - Processing /opt/airflow/dags/dbt-dag.py took 0.105 seconds
[2024-11-28T20:55:15.654+0000] {processor.py:161} INFO - Started process (PID=2541) to work on /opt/airflow/dags/dbt-dag.py
[2024-11-28T20:55:15.655+0000] {processor.py:830} INFO - Processing file /opt/airflow/dags/dbt-dag.py for tasks to queue
[2024-11-28T20:55:15.657+0000] {logging_mixin.py:188} INFO - [2024-11-28T20:55:15.657+0000] {dagbag.py:545} INFO - Filling up the DagBag from /opt/airflow/dags/dbt-dag.py
[2024-11-28T20:55:15.675+0000] {processor.py:840} INFO - DAG(s) 'dbt-dag' retrieved from /opt/airflow/dags/dbt-dag.py
[2024-11-28T20:55:15.703+0000] {logging_mixin.py:188} INFO - [2024-11-28T20:55:15.703+0000] {dag.py:3096} INFO - Sync 1 DAGs
[2024-11-28T20:55:15.727+0000] {logging_mixin.py:188} INFO - [2024-11-28T20:55:15.727+0000] {dag.py:3954} INFO - Setting next_dagrun for dbt-dag to 2024-11-28 20:40:00+00:00, run_after=2024-11-29 20:40:00+00:00
[2024-11-28T20:55:15.746+0000] {processor.py:183} INFO - Processing /opt/airflow/dags/dbt-dag.py took 0.097 seconds
[2024-11-28T20:55:45.785+0000] {processor.py:161} INFO - Started process (PID=2567) to work on /opt/airflow/dags/dbt-dag.py
[2024-11-28T20:55:45.786+0000] {processor.py:830} INFO - Processing file /opt/airflow/dags/dbt-dag.py for tasks to queue
[2024-11-28T20:55:45.788+0000] {logging_mixin.py:188} INFO - [2024-11-28T20:55:45.787+0000] {dagbag.py:545} INFO - Filling up the DagBag from /opt/airflow/dags/dbt-dag.py
[2024-11-28T20:55:45.802+0000] {processor.py:840} INFO - DAG(s) 'dbt-dag' retrieved from /opt/airflow/dags/dbt-dag.py
[2024-11-28T20:55:45.835+0000] {logging_mixin.py:188} INFO - [2024-11-28T20:55:45.835+0000] {dag.py:3096} INFO - Sync 1 DAGs
[2024-11-28T20:55:45.856+0000] {logging_mixin.py:188} INFO - [2024-11-28T20:55:45.856+0000] {dag.py:3954} INFO - Setting next_dagrun for dbt-dag to 2024-11-28 20:40:00+00:00, run_after=2024-11-29 20:40:00+00:00
[2024-11-28T20:55:45.875+0000] {processor.py:183} INFO - Processing /opt/airflow/dags/dbt-dag.py took 0.095 seconds
[2024-11-28T20:56:15.967+0000] {processor.py:161} INFO - Started process (PID=2593) to work on /opt/airflow/dags/dbt-dag.py
[2024-11-28T20:56:15.968+0000] {processor.py:830} INFO - Processing file /opt/airflow/dags/dbt-dag.py for tasks to queue
[2024-11-28T20:56:15.969+0000] {logging_mixin.py:188} INFO - [2024-11-28T20:56:15.969+0000] {dagbag.py:545} INFO - Filling up the DagBag from /opt/airflow/dags/dbt-dag.py
[2024-11-28T20:56:15.986+0000] {processor.py:840} INFO - DAG(s) 'dbt-dag' retrieved from /opt/airflow/dags/dbt-dag.py
[2024-11-28T20:56:16.009+0000] {logging_mixin.py:188} INFO - [2024-11-28T20:56:16.009+0000] {dag.py:3096} INFO - Sync 1 DAGs
[2024-11-28T20:56:16.029+0000] {logging_mixin.py:188} INFO - [2024-11-28T20:56:16.029+0000] {dag.py:3954} INFO - Setting next_dagrun for dbt-dag to 2024-11-28 20:40:00+00:00, run_after=2024-11-29 20:40:00+00:00
[2024-11-28T20:56:16.046+0000] {processor.py:183} INFO - Processing /opt/airflow/dags/dbt-dag.py took 0.084 seconds
[2024-11-28T20:56:46.428+0000] {processor.py:161} INFO - Started process (PID=2619) to work on /opt/airflow/dags/dbt-dag.py
[2024-11-28T20:56:46.429+0000] {processor.py:830} INFO - Processing file /opt/airflow/dags/dbt-dag.py for tasks to queue
[2024-11-28T20:56:46.433+0000] {logging_mixin.py:188} INFO - [2024-11-28T20:56:46.432+0000] {dagbag.py:545} INFO - Filling up the DagBag from /opt/airflow/dags/dbt-dag.py
[2024-11-28T20:56:46.455+0000] {processor.py:840} INFO - DAG(s) 'dbt-dag' retrieved from /opt/airflow/dags/dbt-dag.py
[2024-11-28T20:56:46.486+0000] {logging_mixin.py:188} INFO - [2024-11-28T20:56:46.485+0000] {dag.py:3096} INFO - Sync 1 DAGs
[2024-11-28T20:56:46.517+0000] {logging_mixin.py:188} INFO - [2024-11-28T20:56:46.517+0000] {dag.py:3954} INFO - Setting next_dagrun for dbt-dag to 2024-11-28 20:40:00+00:00, run_after=2024-11-29 20:40:00+00:00
[2024-11-28T20:56:46.547+0000] {processor.py:183} INFO - Processing /opt/airflow/dags/dbt-dag.py took 0.125 seconds
[2024-11-28T20:57:16.676+0000] {processor.py:161} INFO - Started process (PID=2645) to work on /opt/airflow/dags/dbt-dag.py
[2024-11-28T20:57:16.676+0000] {processor.py:830} INFO - Processing file /opt/airflow/dags/dbt-dag.py for tasks to queue
[2024-11-28T20:57:16.679+0000] {logging_mixin.py:188} INFO - [2024-11-28T20:57:16.678+0000] {dagbag.py:545} INFO - Filling up the DagBag from /opt/airflow/dags/dbt-dag.py
[2024-11-28T20:57:16.692+0000] {processor.py:840} INFO - DAG(s) 'dbt-dag' retrieved from /opt/airflow/dags/dbt-dag.py
[2024-11-28T20:57:16.715+0000] {logging_mixin.py:188} INFO - [2024-11-28T20:57:16.714+0000] {dag.py:3096} INFO - Sync 1 DAGs
[2024-11-28T20:57:16.735+0000] {logging_mixin.py:188} INFO - [2024-11-28T20:57:16.734+0000] {dag.py:3954} INFO - Setting next_dagrun for dbt-dag to 2024-11-28 20:40:00+00:00, run_after=2024-11-29 20:40:00+00:00
[2024-11-28T20:57:16.751+0000] {processor.py:183} INFO - Processing /opt/airflow/dags/dbt-dag.py took 0.080 seconds
[2024-11-28T20:57:46.961+0000] {processor.py:161} INFO - Started process (PID=2671) to work on /opt/airflow/dags/dbt-dag.py
[2024-11-28T20:57:46.962+0000] {processor.py:830} INFO - Processing file /opt/airflow/dags/dbt-dag.py for tasks to queue
[2024-11-28T20:57:46.964+0000] {logging_mixin.py:188} INFO - [2024-11-28T20:57:46.964+0000] {dagbag.py:545} INFO - Filling up the DagBag from /opt/airflow/dags/dbt-dag.py
[2024-11-28T20:57:46.977+0000] {processor.py:840} INFO - DAG(s) 'dbt-dag' retrieved from /opt/airflow/dags/dbt-dag.py
[2024-11-28T20:57:47.001+0000] {logging_mixin.py:188} INFO - [2024-11-28T20:57:47.001+0000] {dag.py:3096} INFO - Sync 1 DAGs
[2024-11-28T20:57:47.022+0000] {logging_mixin.py:188} INFO - [2024-11-28T20:57:47.022+0000] {dag.py:3954} INFO - Setting next_dagrun for dbt-dag to 2024-11-28 20:40:00+00:00, run_after=2024-11-29 20:40:00+00:00
[2024-11-28T20:57:47.041+0000] {processor.py:183} INFO - Processing /opt/airflow/dags/dbt-dag.py took 0.084 seconds
[2024-11-28T20:58:17.179+0000] {processor.py:161} INFO - Started process (PID=2697) to work on /opt/airflow/dags/dbt-dag.py
[2024-11-28T20:58:17.179+0000] {processor.py:830} INFO - Processing file /opt/airflow/dags/dbt-dag.py for tasks to queue
[2024-11-28T20:58:17.181+0000] {logging_mixin.py:188} INFO - [2024-11-28T20:58:17.181+0000] {dagbag.py:545} INFO - Filling up the DagBag from /opt/airflow/dags/dbt-dag.py
[2024-11-28T20:58:17.202+0000] {processor.py:840} INFO - DAG(s) 'dbt-dag' retrieved from /opt/airflow/dags/dbt-dag.py
[2024-11-28T20:58:17.225+0000] {logging_mixin.py:188} INFO - [2024-11-28T20:58:17.225+0000] {dag.py:3096} INFO - Sync 1 DAGs
[2024-11-28T20:58:17.245+0000] {logging_mixin.py:188} INFO - [2024-11-28T20:58:17.245+0000] {dag.py:3954} INFO - Setting next_dagrun for dbt-dag to 2024-11-28 20:40:00+00:00, run_after=2024-11-29 20:40:00+00:00
[2024-11-28T20:58:17.263+0000] {processor.py:183} INFO - Processing /opt/airflow/dags/dbt-dag.py took 0.089 seconds
[2024-11-28T20:58:47.418+0000] {processor.py:161} INFO - Started process (PID=2723) to work on /opt/airflow/dags/dbt-dag.py
[2024-11-28T20:58:47.419+0000] {processor.py:830} INFO - Processing file /opt/airflow/dags/dbt-dag.py for tasks to queue
[2024-11-28T20:58:47.420+0000] {logging_mixin.py:188} INFO - [2024-11-28T20:58:47.420+0000] {dagbag.py:545} INFO - Filling up the DagBag from /opt/airflow/dags/dbt-dag.py
[2024-11-28T20:58:47.434+0000] {processor.py:840} INFO - DAG(s) 'dbt-dag' retrieved from /opt/airflow/dags/dbt-dag.py
[2024-11-28T20:58:47.457+0000] {logging_mixin.py:188} INFO - [2024-11-28T20:58:47.457+0000] {dag.py:3096} INFO - Sync 1 DAGs
[2024-11-28T20:58:47.476+0000] {logging_mixin.py:188} INFO - [2024-11-28T20:58:47.476+0000] {dag.py:3954} INFO - Setting next_dagrun for dbt-dag to 2024-11-28 20:40:00+00:00, run_after=2024-11-29 20:40:00+00:00
[2024-11-28T20:58:47.493+0000] {processor.py:183} INFO - Processing /opt/airflow/dags/dbt-dag.py took 0.079 seconds
[2024-11-28T20:59:17.594+0000] {processor.py:161} INFO - Started process (PID=2749) to work on /opt/airflow/dags/dbt-dag.py
[2024-11-28T20:59:17.595+0000] {processor.py:830} INFO - Processing file /opt/airflow/dags/dbt-dag.py for tasks to queue
[2024-11-28T20:59:17.597+0000] {logging_mixin.py:188} INFO - [2024-11-28T20:59:17.596+0000] {dagbag.py:545} INFO - Filling up the DagBag from /opt/airflow/dags/dbt-dag.py
[2024-11-28T20:59:17.610+0000] {processor.py:840} INFO - DAG(s) 'dbt-dag' retrieved from /opt/airflow/dags/dbt-dag.py
[2024-11-28T20:59:17.633+0000] {logging_mixin.py:188} INFO - [2024-11-28T20:59:17.632+0000] {dag.py:3096} INFO - Sync 1 DAGs
[2024-11-28T20:59:17.652+0000] {logging_mixin.py:188} INFO - [2024-11-28T20:59:17.651+0000] {dag.py:3954} INFO - Setting next_dagrun for dbt-dag to 2024-11-28 20:40:00+00:00, run_after=2024-11-29 20:40:00+00:00
[2024-11-28T20:59:17.668+0000] {processor.py:183} INFO - Processing /opt/airflow/dags/dbt-dag.py took 0.078 seconds
[2024-11-28T20:59:47.770+0000] {processor.py:161} INFO - Started process (PID=2775) to work on /opt/airflow/dags/dbt-dag.py
[2024-11-28T20:59:47.771+0000] {processor.py:830} INFO - Processing file /opt/airflow/dags/dbt-dag.py for tasks to queue
[2024-11-28T20:59:47.773+0000] {logging_mixin.py:188} INFO - [2024-11-28T20:59:47.773+0000] {dagbag.py:545} INFO - Filling up the DagBag from /opt/airflow/dags/dbt-dag.py
[2024-11-28T20:59:47.786+0000] {processor.py:840} INFO - DAG(s) 'dbt-dag' retrieved from /opt/airflow/dags/dbt-dag.py
[2024-11-28T20:59:47.822+0000] {logging_mixin.py:188} INFO - [2024-11-28T20:59:47.821+0000] {dag.py:3096} INFO - Sync 1 DAGs
[2024-11-28T20:59:47.841+0000] {logging_mixin.py:188} INFO - [2024-11-28T20:59:47.841+0000] {dag.py:3954} INFO - Setting next_dagrun for dbt-dag to 2024-11-28 20:40:00+00:00, run_after=2024-11-29 20:40:00+00:00
[2024-11-28T20:59:47.857+0000] {processor.py:183} INFO - Processing /opt/airflow/dags/dbt-dag.py took 0.092 seconds
[2024-11-28T21:00:18.153+0000] {processor.py:161} INFO - Started process (PID=2801) to work on /opt/airflow/dags/dbt-dag.py
[2024-11-28T21:00:18.154+0000] {processor.py:830} INFO - Processing file /opt/airflow/dags/dbt-dag.py for tasks to queue
[2024-11-28T21:00:18.156+0000] {logging_mixin.py:188} INFO - [2024-11-28T21:00:18.156+0000] {dagbag.py:545} INFO - Filling up the DagBag from /opt/airflow/dags/dbt-dag.py
[2024-11-28T21:00:18.169+0000] {processor.py:840} INFO - DAG(s) 'dbt-dag' retrieved from /opt/airflow/dags/dbt-dag.py
[2024-11-28T21:00:18.191+0000] {logging_mixin.py:188} INFO - [2024-11-28T21:00:18.191+0000] {dag.py:3096} INFO - Sync 1 DAGs
[2024-11-28T21:00:18.211+0000] {logging_mixin.py:188} INFO - [2024-11-28T21:00:18.211+0000] {dag.py:3954} INFO - Setting next_dagrun for dbt-dag to 2024-11-28 20:40:00+00:00, run_after=2024-11-29 20:40:00+00:00
[2024-11-28T21:00:18.230+0000] {processor.py:183} INFO - Processing /opt/airflow/dags/dbt-dag.py took 0.081 seconds
[2024-11-28T21:00:48.627+0000] {processor.py:161} INFO - Started process (PID=2827) to work on /opt/airflow/dags/dbt-dag.py
[2024-11-28T21:00:48.628+0000] {processor.py:830} INFO - Processing file /opt/airflow/dags/dbt-dag.py for tasks to queue
[2024-11-28T21:00:48.630+0000] {logging_mixin.py:188} INFO - [2024-11-28T21:00:48.630+0000] {dagbag.py:545} INFO - Filling up the DagBag from /opt/airflow/dags/dbt-dag.py
[2024-11-28T21:00:48.643+0000] {processor.py:840} INFO - DAG(s) 'dbt-dag' retrieved from /opt/airflow/dags/dbt-dag.py
[2024-11-28T21:00:48.676+0000] {logging_mixin.py:188} INFO - [2024-11-28T21:00:48.676+0000] {dag.py:3096} INFO - Sync 1 DAGs
[2024-11-28T21:00:48.698+0000] {logging_mixin.py:188} INFO - [2024-11-28T21:00:48.698+0000] {dag.py:3954} INFO - Setting next_dagrun for dbt-dag to 2024-11-28 20:40:00+00:00, run_after=2024-11-29 20:40:00+00:00
[2024-11-28T21:00:48.716+0000] {processor.py:183} INFO - Processing /opt/airflow/dags/dbt-dag.py took 0.093 seconds
[2024-11-28T21:01:18.918+0000] {processor.py:161} INFO - Started process (PID=2853) to work on /opt/airflow/dags/dbt-dag.py
[2024-11-28T21:01:18.919+0000] {processor.py:830} INFO - Processing file /opt/airflow/dags/dbt-dag.py for tasks to queue
[2024-11-28T21:01:18.921+0000] {logging_mixin.py:188} INFO - [2024-11-28T21:01:18.921+0000] {dagbag.py:545} INFO - Filling up the DagBag from /opt/airflow/dags/dbt-dag.py
[2024-11-28T21:01:18.934+0000] {processor.py:840} INFO - DAG(s) 'dbt-dag' retrieved from /opt/airflow/dags/dbt-dag.py
[2024-11-28T21:01:18.955+0000] {logging_mixin.py:188} INFO - [2024-11-28T21:01:18.955+0000] {dag.py:3096} INFO - Sync 1 DAGs
[2024-11-28T21:01:18.976+0000] {logging_mixin.py:188} INFO - [2024-11-28T21:01:18.976+0000] {dag.py:3954} INFO - Setting next_dagrun for dbt-dag to 2024-11-28 20:40:00+00:00, run_after=2024-11-29 20:40:00+00:00
[2024-11-28T21:01:18.993+0000] {processor.py:183} INFO - Processing /opt/airflow/dags/dbt-dag.py took 0.079 seconds
[2024-11-28T21:01:49.155+0000] {processor.py:161} INFO - Started process (PID=2879) to work on /opt/airflow/dags/dbt-dag.py
[2024-11-28T21:01:49.156+0000] {processor.py:830} INFO - Processing file /opt/airflow/dags/dbt-dag.py for tasks to queue
[2024-11-28T21:01:49.158+0000] {logging_mixin.py:188} INFO - [2024-11-28T21:01:49.157+0000] {dagbag.py:545} INFO - Filling up the DagBag from /opt/airflow/dags/dbt-dag.py
[2024-11-28T21:01:49.170+0000] {processor.py:840} INFO - DAG(s) 'dbt-dag' retrieved from /opt/airflow/dags/dbt-dag.py
[2024-11-28T21:01:49.192+0000] {logging_mixin.py:188} INFO - [2024-11-28T21:01:49.192+0000] {dag.py:3096} INFO - Sync 1 DAGs
[2024-11-28T21:01:49.212+0000] {logging_mixin.py:188} INFO - [2024-11-28T21:01:49.212+0000] {dag.py:3954} INFO - Setting next_dagrun for dbt-dag to 2024-11-28 20:40:00+00:00, run_after=2024-11-29 20:40:00+00:00
[2024-11-28T21:01:49.240+0000] {processor.py:183} INFO - Processing /opt/airflow/dags/dbt-dag.py took 0.090 seconds
[2024-11-28T21:02:19.373+0000] {processor.py:161} INFO - Started process (PID=2905) to work on /opt/airflow/dags/dbt-dag.py
[2024-11-28T21:02:19.374+0000] {processor.py:830} INFO - Processing file /opt/airflow/dags/dbt-dag.py for tasks to queue
[2024-11-28T21:02:19.376+0000] {logging_mixin.py:188} INFO - [2024-11-28T21:02:19.376+0000] {dagbag.py:545} INFO - Filling up the DagBag from /opt/airflow/dags/dbt-dag.py
[2024-11-28T21:02:19.389+0000] {processor.py:840} INFO - DAG(s) 'dbt-dag' retrieved from /opt/airflow/dags/dbt-dag.py
[2024-11-28T21:02:19.412+0000] {logging_mixin.py:188} INFO - [2024-11-28T21:02:19.411+0000] {dag.py:3096} INFO - Sync 1 DAGs
[2024-11-28T21:02:19.433+0000] {logging_mixin.py:188} INFO - [2024-11-28T21:02:19.432+0000] {dag.py:3954} INFO - Setting next_dagrun for dbt-dag to 2024-11-28 20:40:00+00:00, run_after=2024-11-29 20:40:00+00:00
[2024-11-28T21:02:19.451+0000] {processor.py:183} INFO - Processing /opt/airflow/dags/dbt-dag.py took 0.082 seconds
[2024-11-28T21:02:49.735+0000] {processor.py:161} INFO - Started process (PID=2931) to work on /opt/airflow/dags/dbt-dag.py
[2024-11-28T21:02:49.736+0000] {processor.py:830} INFO - Processing file /opt/airflow/dags/dbt-dag.py for tasks to queue
[2024-11-28T21:02:49.738+0000] {logging_mixin.py:188} INFO - [2024-11-28T21:02:49.737+0000] {dagbag.py:545} INFO - Filling up the DagBag from /opt/airflow/dags/dbt-dag.py
[2024-11-28T21:02:49.764+0000] {processor.py:840} INFO - DAG(s) 'dbt-dag' retrieved from /opt/airflow/dags/dbt-dag.py
[2024-11-28T21:02:49.786+0000] {logging_mixin.py:188} INFO - [2024-11-28T21:02:49.786+0000] {dag.py:3096} INFO - Sync 1 DAGs
[2024-11-28T21:02:49.808+0000] {logging_mixin.py:188} INFO - [2024-11-28T21:02:49.807+0000] {dag.py:3954} INFO - Setting next_dagrun for dbt-dag to 2024-11-28 20:40:00+00:00, run_after=2024-11-29 20:40:00+00:00
[2024-11-28T21:02:49.823+0000] {processor.py:183} INFO - Processing /opt/airflow/dags/dbt-dag.py took 0.094 seconds
[2024-11-28T21:03:19.938+0000] {processor.py:161} INFO - Started process (PID=2958) to work on /opt/airflow/dags/dbt-dag.py
[2024-11-28T21:03:19.939+0000] {processor.py:830} INFO - Processing file /opt/airflow/dags/dbt-dag.py for tasks to queue
[2024-11-28T21:03:19.941+0000] {logging_mixin.py:188} INFO - [2024-11-28T21:03:19.941+0000] {dagbag.py:545} INFO - Filling up the DagBag from /opt/airflow/dags/dbt-dag.py
[2024-11-28T21:03:19.963+0000] {processor.py:840} INFO - DAG(s) 'dbt-dag' retrieved from /opt/airflow/dags/dbt-dag.py
[2024-11-28T21:03:19.985+0000] {logging_mixin.py:188} INFO - [2024-11-28T21:03:19.984+0000] {dag.py:3096} INFO - Sync 1 DAGs
[2024-11-28T21:03:20.004+0000] {logging_mixin.py:188} INFO - [2024-11-28T21:03:20.004+0000] {dag.py:3954} INFO - Setting next_dagrun for dbt-dag to 2024-11-28 20:40:00+00:00, run_after=2024-11-29 20:40:00+00:00
[2024-11-28T21:03:20.022+0000] {processor.py:183} INFO - Processing /opt/airflow/dags/dbt-dag.py took 0.089 seconds
[2024-11-28T21:03:50.105+0000] {processor.py:161} INFO - Started process (PID=2984) to work on /opt/airflow/dags/dbt-dag.py
[2024-11-28T21:03:50.105+0000] {processor.py:830} INFO - Processing file /opt/airflow/dags/dbt-dag.py for tasks to queue
[2024-11-28T21:03:50.107+0000] {logging_mixin.py:188} INFO - [2024-11-28T21:03:50.107+0000] {dagbag.py:545} INFO - Filling up the DagBag from /opt/airflow/dags/dbt-dag.py
[2024-11-28T21:03:50.120+0000] {processor.py:840} INFO - DAG(s) 'dbt-dag' retrieved from /opt/airflow/dags/dbt-dag.py
[2024-11-28T21:03:50.142+0000] {logging_mixin.py:188} INFO - [2024-11-28T21:03:50.142+0000] {dag.py:3096} INFO - Sync 1 DAGs
[2024-11-28T21:03:50.162+0000] {logging_mixin.py:188} INFO - [2024-11-28T21:03:50.162+0000] {dag.py:3954} INFO - Setting next_dagrun for dbt-dag to 2024-11-28 20:40:00+00:00, run_after=2024-11-29 20:40:00+00:00
[2024-11-28T21:03:50.180+0000] {processor.py:183} INFO - Processing /opt/airflow/dags/dbt-dag.py took 0.080 seconds
[2024-11-28T21:04:20.537+0000] {processor.py:161} INFO - Started process (PID=3010) to work on /opt/airflow/dags/dbt-dag.py
[2024-11-28T21:04:20.538+0000] {processor.py:830} INFO - Processing file /opt/airflow/dags/dbt-dag.py for tasks to queue
[2024-11-28T21:04:20.540+0000] {logging_mixin.py:188} INFO - [2024-11-28T21:04:20.540+0000] {dagbag.py:545} INFO - Filling up the DagBag from /opt/airflow/dags/dbt-dag.py
[2024-11-28T21:04:20.553+0000] {processor.py:840} INFO - DAG(s) 'dbt-dag' retrieved from /opt/airflow/dags/dbt-dag.py
[2024-11-28T21:04:20.586+0000] {logging_mixin.py:188} INFO - [2024-11-28T21:04:20.585+0000] {dag.py:3096} INFO - Sync 1 DAGs
[2024-11-28T21:04:20.614+0000] {logging_mixin.py:188} INFO - [2024-11-28T21:04:20.613+0000] {dag.py:3954} INFO - Setting next_dagrun for dbt-dag to 2024-11-28 20:40:00+00:00, run_after=2024-11-29 20:40:00+00:00
[2024-11-28T21:04:20.631+0000] {processor.py:183} INFO - Processing /opt/airflow/dags/dbt-dag.py took 0.098 seconds
[2024-11-28T21:04:50.816+0000] {processor.py:161} INFO - Started process (PID=3036) to work on /opt/airflow/dags/dbt-dag.py
[2024-11-28T21:04:50.817+0000] {processor.py:830} INFO - Processing file /opt/airflow/dags/dbt-dag.py for tasks to queue
[2024-11-28T21:04:50.819+0000] {logging_mixin.py:188} INFO - [2024-11-28T21:04:50.819+0000] {dagbag.py:545} INFO - Filling up the DagBag from /opt/airflow/dags/dbt-dag.py
[2024-11-28T21:04:50.834+0000] {processor.py:840} INFO - DAG(s) 'dbt-dag' retrieved from /opt/airflow/dags/dbt-dag.py
[2024-11-28T21:04:50.859+0000] {logging_mixin.py:188} INFO - [2024-11-28T21:04:50.859+0000] {dag.py:3096} INFO - Sync 1 DAGs
[2024-11-28T21:04:50.879+0000] {logging_mixin.py:188} INFO - [2024-11-28T21:04:50.879+0000] {dag.py:3954} INFO - Setting next_dagrun for dbt-dag to 2024-11-28 20:40:00+00:00, run_after=2024-11-29 20:40:00+00:00
[2024-11-28T21:04:50.896+0000] {processor.py:183} INFO - Processing /opt/airflow/dags/dbt-dag.py took 0.085 seconds
[2024-11-28T21:05:21.020+0000] {processor.py:161} INFO - Started process (PID=3062) to work on /opt/airflow/dags/dbt-dag.py
[2024-11-28T21:05:21.021+0000] {processor.py:830} INFO - Processing file /opt/airflow/dags/dbt-dag.py for tasks to queue
[2024-11-28T21:05:21.023+0000] {logging_mixin.py:188} INFO - [2024-11-28T21:05:21.022+0000] {dagbag.py:545} INFO - Filling up the DagBag from /opt/airflow/dags/dbt-dag.py
[2024-11-28T21:05:21.035+0000] {processor.py:840} INFO - DAG(s) 'dbt-dag' retrieved from /opt/airflow/dags/dbt-dag.py
[2024-11-28T21:05:21.059+0000] {logging_mixin.py:188} INFO - [2024-11-28T21:05:21.058+0000] {dag.py:3096} INFO - Sync 1 DAGs
[2024-11-28T21:05:21.078+0000] {logging_mixin.py:188} INFO - [2024-11-28T21:05:21.078+0000] {dag.py:3954} INFO - Setting next_dagrun for dbt-dag to 2024-11-28 20:40:00+00:00, run_after=2024-11-29 20:40:00+00:00
[2024-11-28T21:05:21.096+0000] {processor.py:183} INFO - Processing /opt/airflow/dags/dbt-dag.py took 0.080 seconds
[2024-11-28T21:05:51.481+0000] {processor.py:161} INFO - Started process (PID=3088) to work on /opt/airflow/dags/dbt-dag.py
[2024-11-28T21:05:51.482+0000] {processor.py:830} INFO - Processing file /opt/airflow/dags/dbt-dag.py for tasks to queue
[2024-11-28T21:05:51.484+0000] {logging_mixin.py:188} INFO - [2024-11-28T21:05:51.483+0000] {dagbag.py:545} INFO - Filling up the DagBag from /opt/airflow/dags/dbt-dag.py
[2024-11-28T21:05:51.497+0000] {processor.py:840} INFO - DAG(s) 'dbt-dag' retrieved from /opt/airflow/dags/dbt-dag.py
[2024-11-28T21:05:51.519+0000] {logging_mixin.py:188} INFO - [2024-11-28T21:05:51.518+0000] {dag.py:3096} INFO - Sync 1 DAGs
[2024-11-28T21:05:51.540+0000] {logging_mixin.py:188} INFO - [2024-11-28T21:05:51.540+0000] {dag.py:3954} INFO - Setting next_dagrun for dbt-dag to 2024-11-28 20:40:00+00:00, run_after=2024-11-29 20:40:00+00:00
[2024-11-28T21:05:51.557+0000] {processor.py:183} INFO - Processing /opt/airflow/dags/dbt-dag.py took 0.081 seconds
[2024-11-28T21:06:21.681+0000] {processor.py:161} INFO - Started process (PID=3115) to work on /opt/airflow/dags/dbt-dag.py
[2024-11-28T21:06:21.682+0000] {processor.py:830} INFO - Processing file /opt/airflow/dags/dbt-dag.py for tasks to queue
[2024-11-28T21:06:21.684+0000] {logging_mixin.py:188} INFO - [2024-11-28T21:06:21.684+0000] {dagbag.py:545} INFO - Filling up the DagBag from /opt/airflow/dags/dbt-dag.py
[2024-11-28T21:06:21.697+0000] {processor.py:840} INFO - DAG(s) 'dbt-dag' retrieved from /opt/airflow/dags/dbt-dag.py
[2024-11-28T21:06:21.719+0000] {logging_mixin.py:188} INFO - [2024-11-28T21:06:21.719+0000] {dag.py:3096} INFO - Sync 1 DAGs
[2024-11-28T21:06:21.738+0000] {logging_mixin.py:188} INFO - [2024-11-28T21:06:21.738+0000] {dag.py:3954} INFO - Setting next_dagrun for dbt-dag to 2024-11-28 20:40:00+00:00, run_after=2024-11-29 20:40:00+00:00
[2024-11-28T21:06:21.756+0000] {processor.py:183} INFO - Processing /opt/airflow/dags/dbt-dag.py took 0.079 seconds
[2024-11-28T21:06:51.886+0000] {processor.py:161} INFO - Started process (PID=3141) to work on /opt/airflow/dags/dbt-dag.py
[2024-11-28T21:06:51.887+0000] {processor.py:830} INFO - Processing file /opt/airflow/dags/dbt-dag.py for tasks to queue
[2024-11-28T21:06:51.890+0000] {logging_mixin.py:188} INFO - [2024-11-28T21:06:51.889+0000] {dagbag.py:545} INFO - Filling up the DagBag from /opt/airflow/dags/dbt-dag.py
[2024-11-28T21:06:51.903+0000] {processor.py:840} INFO - DAG(s) 'dbt-dag' retrieved from /opt/airflow/dags/dbt-dag.py
[2024-11-28T21:06:51.925+0000] {logging_mixin.py:188} INFO - [2024-11-28T21:06:51.925+0000] {dag.py:3096} INFO - Sync 1 DAGs
[2024-11-28T21:06:51.946+0000] {logging_mixin.py:188} INFO - [2024-11-28T21:06:51.946+0000] {dag.py:3954} INFO - Setting next_dagrun for dbt-dag to 2024-11-28 20:40:00+00:00, run_after=2024-11-29 20:40:00+00:00
[2024-11-28T21:06:51.965+0000] {processor.py:183} INFO - Processing /opt/airflow/dags/dbt-dag.py took 0.082 seconds
[2024-11-28T21:07:22.155+0000] {processor.py:161} INFO - Started process (PID=3167) to work on /opt/airflow/dags/dbt-dag.py
[2024-11-28T21:07:22.155+0000] {processor.py:830} INFO - Processing file /opt/airflow/dags/dbt-dag.py for tasks to queue
[2024-11-28T21:07:22.157+0000] {logging_mixin.py:188} INFO - [2024-11-28T21:07:22.157+0000] {dagbag.py:545} INFO - Filling up the DagBag from /opt/airflow/dags/dbt-dag.py
[2024-11-28T21:07:22.170+0000] {processor.py:840} INFO - DAG(s) 'dbt-dag' retrieved from /opt/airflow/dags/dbt-dag.py
[2024-11-28T21:07:22.194+0000] {logging_mixin.py:188} INFO - [2024-11-28T21:07:22.194+0000] {dag.py:3096} INFO - Sync 1 DAGs
[2024-11-28T21:07:22.213+0000] {logging_mixin.py:188} INFO - [2024-11-28T21:07:22.213+0000] {dag.py:3954} INFO - Setting next_dagrun for dbt-dag to 2024-11-28 20:40:00+00:00, run_after=2024-11-29 20:40:00+00:00
[2024-11-28T21:07:22.230+0000] {processor.py:183} INFO - Processing /opt/airflow/dags/dbt-dag.py took 0.080 seconds
[2024-11-28T21:07:52.357+0000] {processor.py:161} INFO - Started process (PID=3193) to work on /opt/airflow/dags/dbt-dag.py
[2024-11-28T21:07:52.358+0000] {processor.py:830} INFO - Processing file /opt/airflow/dags/dbt-dag.py for tasks to queue
[2024-11-28T21:07:52.360+0000] {logging_mixin.py:188} INFO - [2024-11-28T21:07:52.360+0000] {dagbag.py:545} INFO - Filling up the DagBag from /opt/airflow/dags/dbt-dag.py
[2024-11-28T21:07:52.373+0000] {processor.py:840} INFO - DAG(s) 'dbt-dag' retrieved from /opt/airflow/dags/dbt-dag.py
[2024-11-28T21:07:52.395+0000] {logging_mixin.py:188} INFO - [2024-11-28T21:07:52.395+0000] {dag.py:3096} INFO - Sync 1 DAGs
[2024-11-28T21:07:52.414+0000] {logging_mixin.py:188} INFO - [2024-11-28T21:07:52.414+0000] {dag.py:3954} INFO - Setting next_dagrun for dbt-dag to 2024-11-28 20:40:00+00:00, run_after=2024-11-29 20:40:00+00:00
[2024-11-28T21:07:52.433+0000] {processor.py:183} INFO - Processing /opt/airflow/dags/dbt-dag.py took 0.080 seconds
[2024-11-28T21:08:22.551+0000] {processor.py:161} INFO - Started process (PID=3219) to work on /opt/airflow/dags/dbt-dag.py
[2024-11-28T21:08:22.552+0000] {processor.py:830} INFO - Processing file /opt/airflow/dags/dbt-dag.py for tasks to queue
[2024-11-28T21:08:22.554+0000] {logging_mixin.py:188} INFO - [2024-11-28T21:08:22.554+0000] {dagbag.py:545} INFO - Filling up the DagBag from /opt/airflow/dags/dbt-dag.py
[2024-11-28T21:08:22.567+0000] {processor.py:840} INFO - DAG(s) 'dbt-dag' retrieved from /opt/airflow/dags/dbt-dag.py
[2024-11-28T21:08:22.589+0000] {logging_mixin.py:188} INFO - [2024-11-28T21:08:22.589+0000] {dag.py:3096} INFO - Sync 1 DAGs
[2024-11-28T21:08:22.609+0000] {logging_mixin.py:188} INFO - [2024-11-28T21:08:22.608+0000] {dag.py:3954} INFO - Setting next_dagrun for dbt-dag to 2024-11-28 20:40:00+00:00, run_after=2024-11-29 20:40:00+00:00
[2024-11-28T21:08:22.626+0000] {processor.py:183} INFO - Processing /opt/airflow/dags/dbt-dag.py took 0.080 seconds
[2024-11-28T21:08:52.770+0000] {processor.py:161} INFO - Started process (PID=3245) to work on /opt/airflow/dags/dbt-dag.py
[2024-11-28T21:08:52.771+0000] {processor.py:830} INFO - Processing file /opt/airflow/dags/dbt-dag.py for tasks to queue
[2024-11-28T21:08:52.772+0000] {logging_mixin.py:188} INFO - [2024-11-28T21:08:52.772+0000] {dagbag.py:545} INFO - Filling up the DagBag from /opt/airflow/dags/dbt-dag.py
[2024-11-28T21:08:52.792+0000] {processor.py:840} INFO - DAG(s) 'dbt-dag' retrieved from /opt/airflow/dags/dbt-dag.py
[2024-11-28T21:08:52.821+0000] {logging_mixin.py:188} INFO - [2024-11-28T21:08:52.820+0000] {dag.py:3096} INFO - Sync 1 DAGs
[2024-11-28T21:08:52.844+0000] {logging_mixin.py:188} INFO - [2024-11-28T21:08:52.844+0000] {dag.py:3954} INFO - Setting next_dagrun for dbt-dag to 2024-11-28 20:40:00+00:00, run_after=2024-11-29 20:40:00+00:00
[2024-11-28T21:08:52.863+0000] {processor.py:183} INFO - Processing /opt/airflow/dags/dbt-dag.py took 0.099 seconds
[2024-11-28T21:09:22.977+0000] {processor.py:161} INFO - Started process (PID=3271) to work on /opt/airflow/dags/dbt-dag.py
[2024-11-28T21:09:22.978+0000] {processor.py:830} INFO - Processing file /opt/airflow/dags/dbt-dag.py for tasks to queue
[2024-11-28T21:09:22.980+0000] {logging_mixin.py:188} INFO - [2024-11-28T21:09:22.980+0000] {dagbag.py:545} INFO - Filling up the DagBag from /opt/airflow/dags/dbt-dag.py
[2024-11-28T21:09:23.000+0000] {processor.py:840} INFO - DAG(s) 'dbt-dag' retrieved from /opt/airflow/dags/dbt-dag.py
[2024-11-28T21:09:23.022+0000] {logging_mixin.py:188} INFO - [2024-11-28T21:09:23.022+0000] {dag.py:3096} INFO - Sync 1 DAGs
[2024-11-28T21:09:23.041+0000] {logging_mixin.py:188} INFO - [2024-11-28T21:09:23.041+0000] {dag.py:3954} INFO - Setting next_dagrun for dbt-dag to 2024-11-28 20:40:00+00:00, run_after=2024-11-29 20:40:00+00:00
[2024-11-28T21:09:23.058+0000] {processor.py:183} INFO - Processing /opt/airflow/dags/dbt-dag.py took 0.085 seconds
[2024-11-28T21:09:53.140+0000] {processor.py:161} INFO - Started process (PID=3297) to work on /opt/airflow/dags/dbt-dag.py
[2024-11-28T21:09:53.141+0000] {processor.py:830} INFO - Processing file /opt/airflow/dags/dbt-dag.py for tasks to queue
[2024-11-28T21:09:53.142+0000] {logging_mixin.py:188} INFO - [2024-11-28T21:09:53.142+0000] {dagbag.py:545} INFO - Filling up the DagBag from /opt/airflow/dags/dbt-dag.py
[2024-11-28T21:09:53.156+0000] {processor.py:840} INFO - DAG(s) 'dbt-dag' retrieved from /opt/airflow/dags/dbt-dag.py
[2024-11-28T21:09:53.178+0000] {logging_mixin.py:188} INFO - [2024-11-28T21:09:53.178+0000] {dag.py:3096} INFO - Sync 1 DAGs
[2024-11-28T21:09:53.198+0000] {logging_mixin.py:188} INFO - [2024-11-28T21:09:53.198+0000] {dag.py:3954} INFO - Setting next_dagrun for dbt-dag to 2024-11-28 20:40:00+00:00, run_after=2024-11-29 20:40:00+00:00
[2024-11-28T21:09:53.218+0000] {processor.py:183} INFO - Processing /opt/airflow/dags/dbt-dag.py took 0.083 seconds
[2024-11-28T21:10:23.350+0000] {processor.py:161} INFO - Started process (PID=3323) to work on /opt/airflow/dags/dbt-dag.py
[2024-11-28T21:10:23.351+0000] {processor.py:830} INFO - Processing file /opt/airflow/dags/dbt-dag.py for tasks to queue
[2024-11-28T21:10:23.353+0000] {logging_mixin.py:188} INFO - [2024-11-28T21:10:23.352+0000] {dagbag.py:545} INFO - Filling up the DagBag from /opt/airflow/dags/dbt-dag.py
[2024-11-28T21:10:23.366+0000] {processor.py:840} INFO - DAG(s) 'dbt-dag' retrieved from /opt/airflow/dags/dbt-dag.py
[2024-11-28T21:10:23.388+0000] {logging_mixin.py:188} INFO - [2024-11-28T21:10:23.388+0000] {dag.py:3096} INFO - Sync 1 DAGs
[2024-11-28T21:10:23.408+0000] {logging_mixin.py:188} INFO - [2024-11-28T21:10:23.408+0000] {dag.py:3954} INFO - Setting next_dagrun for dbt-dag to 2024-11-28 20:40:00+00:00, run_after=2024-11-29 20:40:00+00:00
[2024-11-28T21:10:23.425+0000] {processor.py:183} INFO - Processing /opt/airflow/dags/dbt-dag.py took 0.080 seconds
[2024-11-28T21:10:53.711+0000] {processor.py:161} INFO - Started process (PID=3344) to work on /opt/airflow/dags/dbt-dag.py
[2024-11-28T21:10:53.712+0000] {processor.py:830} INFO - Processing file /opt/airflow/dags/dbt-dag.py for tasks to queue
[2024-11-28T21:10:53.714+0000] {logging_mixin.py:188} INFO - [2024-11-28T21:10:53.713+0000] {dagbag.py:545} INFO - Filling up the DagBag from /opt/airflow/dags/dbt-dag.py
[2024-11-28T21:10:53.730+0000] {processor.py:840} INFO - DAG(s) 'dbt-dag' retrieved from /opt/airflow/dags/dbt-dag.py
[2024-11-28T21:10:53.757+0000] {logging_mixin.py:188} INFO - [2024-11-28T21:10:53.757+0000] {dag.py:3096} INFO - Sync 1 DAGs
[2024-11-28T21:10:53.779+0000] {logging_mixin.py:188} INFO - [2024-11-28T21:10:53.779+0000] {dag.py:3954} INFO - Setting next_dagrun for dbt-dag to 2024-11-28 20:40:00+00:00, run_after=2024-11-29 20:40:00+00:00
[2024-11-28T21:10:53.797+0000] {processor.py:183} INFO - Processing /opt/airflow/dags/dbt-dag.py took 0.091 seconds
[2024-11-28T21:11:23.941+0000] {processor.py:161} INFO - Started process (PID=3370) to work on /opt/airflow/dags/dbt-dag.py
[2024-11-28T21:11:23.942+0000] {processor.py:830} INFO - Processing file /opt/airflow/dags/dbt-dag.py for tasks to queue
[2024-11-28T21:11:23.944+0000] {logging_mixin.py:188} INFO - [2024-11-28T21:11:23.943+0000] {dagbag.py:545} INFO - Filling up the DagBag from /opt/airflow/dags/dbt-dag.py
[2024-11-28T21:11:23.957+0000] {processor.py:840} INFO - DAG(s) 'dbt-dag' retrieved from /opt/airflow/dags/dbt-dag.py
[2024-11-28T21:11:23.979+0000] {logging_mixin.py:188} INFO - [2024-11-28T21:11:23.978+0000] {dag.py:3096} INFO - Sync 1 DAGs
[2024-11-28T21:11:23.998+0000] {logging_mixin.py:188} INFO - [2024-11-28T21:11:23.997+0000] {dag.py:3954} INFO - Setting next_dagrun for dbt-dag to 2024-11-28 20:40:00+00:00, run_after=2024-11-29 20:40:00+00:00
[2024-11-28T21:11:24.017+0000] {processor.py:183} INFO - Processing /opt/airflow/dags/dbt-dag.py took 0.080 seconds
[2024-11-28T21:11:54.133+0000] {processor.py:161} INFO - Started process (PID=3396) to work on /opt/airflow/dags/dbt-dag.py
[2024-11-28T21:11:54.134+0000] {processor.py:830} INFO - Processing file /opt/airflow/dags/dbt-dag.py for tasks to queue
[2024-11-28T21:11:54.136+0000] {logging_mixin.py:188} INFO - [2024-11-28T21:11:54.136+0000] {dagbag.py:545} INFO - Filling up the DagBag from /opt/airflow/dags/dbt-dag.py
[2024-11-28T21:11:54.149+0000] {processor.py:840} INFO - DAG(s) 'dbt-dag' retrieved from /opt/airflow/dags/dbt-dag.py
[2024-11-28T21:11:54.170+0000] {logging_mixin.py:188} INFO - [2024-11-28T21:11:54.170+0000] {dag.py:3096} INFO - Sync 1 DAGs
[2024-11-28T21:11:54.189+0000] {logging_mixin.py:188} INFO - [2024-11-28T21:11:54.189+0000] {dag.py:3954} INFO - Setting next_dagrun for dbt-dag to 2024-11-28 20:40:00+00:00, run_after=2024-11-29 20:40:00+00:00
[2024-11-28T21:11:54.207+0000] {processor.py:183} INFO - Processing /opt/airflow/dags/dbt-dag.py took 0.078 seconds
[2024-11-28T21:12:24.597+0000] {processor.py:161} INFO - Started process (PID=3422) to work on /opt/airflow/dags/dbt-dag.py
[2024-11-28T21:12:24.598+0000] {processor.py:830} INFO - Processing file /opt/airflow/dags/dbt-dag.py for tasks to queue
[2024-11-28T21:12:24.600+0000] {logging_mixin.py:188} INFO - [2024-11-28T21:12:24.600+0000] {dagbag.py:545} INFO - Filling up the DagBag from /opt/airflow/dags/dbt-dag.py
[2024-11-28T21:12:24.613+0000] {processor.py:840} INFO - DAG(s) 'dbt-dag' retrieved from /opt/airflow/dags/dbt-dag.py
[2024-11-28T21:12:24.635+0000] {logging_mixin.py:188} INFO - [2024-11-28T21:12:24.634+0000] {dag.py:3096} INFO - Sync 1 DAGs
[2024-11-28T21:12:24.655+0000] {logging_mixin.py:188} INFO - [2024-11-28T21:12:24.655+0000] {dag.py:3954} INFO - Setting next_dagrun for dbt-dag to 2024-11-28 20:40:00+00:00, run_after=2024-11-29 20:40:00+00:00
[2024-11-28T21:12:24.671+0000] {processor.py:183} INFO - Processing /opt/airflow/dags/dbt-dag.py took 0.079 seconds
[2024-11-28T21:12:54.810+0000] {processor.py:161} INFO - Started process (PID=3448) to work on /opt/airflow/dags/dbt-dag.py
[2024-11-28T21:12:54.811+0000] {processor.py:830} INFO - Processing file /opt/airflow/dags/dbt-dag.py for tasks to queue
[2024-11-28T21:12:54.813+0000] {logging_mixin.py:188} INFO - [2024-11-28T21:12:54.813+0000] {dagbag.py:545} INFO - Filling up the DagBag from /opt/airflow/dags/dbt-dag.py
[2024-11-28T21:12:54.829+0000] {processor.py:840} INFO - DAG(s) 'dbt-dag' retrieved from /opt/airflow/dags/dbt-dag.py
[2024-11-28T21:12:54.851+0000] {logging_mixin.py:188} INFO - [2024-11-28T21:12:54.851+0000] {dag.py:3096} INFO - Sync 1 DAGs
[2024-11-28T21:12:54.869+0000] {logging_mixin.py:188} INFO - [2024-11-28T21:12:54.869+0000] {dag.py:3954} INFO - Setting next_dagrun for dbt-dag to 2024-11-28 20:40:00+00:00, run_after=2024-11-29 20:40:00+00:00
[2024-11-28T21:12:54.885+0000] {processor.py:183} INFO - Processing /opt/airflow/dags/dbt-dag.py took 0.107 seconds
[2024-11-28T21:13:25.262+0000] {processor.py:161} INFO - Started process (PID=3474) to work on /opt/airflow/dags/dbt-dag.py
[2024-11-28T21:13:25.263+0000] {processor.py:830} INFO - Processing file /opt/airflow/dags/dbt-dag.py for tasks to queue
[2024-11-28T21:13:25.266+0000] {logging_mixin.py:188} INFO - [2024-11-28T21:13:25.265+0000] {dagbag.py:545} INFO - Filling up the DagBag from /opt/airflow/dags/dbt-dag.py
[2024-11-28T21:13:25.278+0000] {processor.py:840} INFO - DAG(s) 'dbt-dag' retrieved from /opt/airflow/dags/dbt-dag.py
[2024-11-28T21:13:25.299+0000] {logging_mixin.py:188} INFO - [2024-11-28T21:13:25.299+0000] {dag.py:3096} INFO - Sync 1 DAGs
[2024-11-28T21:13:25.318+0000] {logging_mixin.py:188} INFO - [2024-11-28T21:13:25.318+0000] {dag.py:3954} INFO - Setting next_dagrun for dbt-dag to 2024-11-28 20:40:00+00:00, run_after=2024-11-29 20:40:00+00:00
[2024-11-28T21:13:25.336+0000] {processor.py:183} INFO - Processing /opt/airflow/dags/dbt-dag.py took 0.078 seconds
[2024-11-28T21:13:55.418+0000] {processor.py:161} INFO - Started process (PID=3500) to work on /opt/airflow/dags/dbt-dag.py
[2024-11-28T21:13:55.419+0000] {processor.py:830} INFO - Processing file /opt/airflow/dags/dbt-dag.py for tasks to queue
[2024-11-28T21:13:55.421+0000] {logging_mixin.py:188} INFO - [2024-11-28T21:13:55.421+0000] {dagbag.py:545} INFO - Filling up the DagBag from /opt/airflow/dags/dbt-dag.py
[2024-11-28T21:13:55.434+0000] {processor.py:840} INFO - DAG(s) 'dbt-dag' retrieved from /opt/airflow/dags/dbt-dag.py
[2024-11-28T21:13:55.456+0000] {logging_mixin.py:188} INFO - [2024-11-28T21:13:55.456+0000] {dag.py:3096} INFO - Sync 1 DAGs
[2024-11-28T21:13:55.476+0000] {logging_mixin.py:188} INFO - [2024-11-28T21:13:55.476+0000] {dag.py:3954} INFO - Setting next_dagrun for dbt-dag to 2024-11-28 20:40:00+00:00, run_after=2024-11-29 20:40:00+00:00
[2024-11-28T21:13:55.493+0000] {processor.py:183} INFO - Processing /opt/airflow/dags/dbt-dag.py took 0.080 seconds
[2024-11-28T21:14:25.717+0000] {processor.py:161} INFO - Started process (PID=3526) to work on /opt/airflow/dags/dbt-dag.py
[2024-11-28T21:14:25.718+0000] {processor.py:830} INFO - Processing file /opt/airflow/dags/dbt-dag.py for tasks to queue
[2024-11-28T21:14:25.720+0000] {logging_mixin.py:188} INFO - [2024-11-28T21:14:25.719+0000] {dagbag.py:545} INFO - Filling up the DagBag from /opt/airflow/dags/dbt-dag.py
[2024-11-28T21:14:25.732+0000] {processor.py:840} INFO - DAG(s) 'dbt-dag' retrieved from /opt/airflow/dags/dbt-dag.py
[2024-11-28T21:14:25.755+0000] {logging_mixin.py:188} INFO - [2024-11-28T21:14:25.754+0000] {dag.py:3096} INFO - Sync 1 DAGs
[2024-11-28T21:14:25.773+0000] {logging_mixin.py:188} INFO - [2024-11-28T21:14:25.773+0000] {dag.py:3954} INFO - Setting next_dagrun for dbt-dag to 2024-11-28 20:40:00+00:00, run_after=2024-11-29 20:40:00+00:00
[2024-11-28T21:14:25.789+0000] {processor.py:183} INFO - Processing /opt/airflow/dags/dbt-dag.py took 0.076 seconds
[2024-11-28T21:14:55.936+0000] {processor.py:161} INFO - Started process (PID=3552) to work on /opt/airflow/dags/dbt-dag.py
[2024-11-28T21:14:55.937+0000] {processor.py:830} INFO - Processing file /opt/airflow/dags/dbt-dag.py for tasks to queue
[2024-11-28T21:14:55.940+0000] {logging_mixin.py:188} INFO - [2024-11-28T21:14:55.939+0000] {dagbag.py:545} INFO - Filling up the DagBag from /opt/airflow/dags/dbt-dag.py
[2024-11-28T21:14:55.955+0000] {processor.py:840} INFO - DAG(s) 'dbt-dag' retrieved from /opt/airflow/dags/dbt-dag.py
[2024-11-28T21:14:55.981+0000] {logging_mixin.py:188} INFO - [2024-11-28T21:14:55.981+0000] {dag.py:3096} INFO - Sync 1 DAGs
[2024-11-28T21:14:56.004+0000] {logging_mixin.py:188} INFO - [2024-11-28T21:14:56.004+0000] {dag.py:3954} INFO - Setting next_dagrun for dbt-dag to 2024-11-28 20:40:00+00:00, run_after=2024-11-29 20:40:00+00:00
[2024-11-28T21:14:56.024+0000] {processor.py:183} INFO - Processing /opt/airflow/dags/dbt-dag.py took 0.093 seconds
[2024-11-28T21:15:26.093+0000] {processor.py:161} INFO - Started process (PID=3578) to work on /opt/airflow/dags/dbt-dag.py
[2024-11-28T21:15:26.094+0000] {processor.py:830} INFO - Processing file /opt/airflow/dags/dbt-dag.py for tasks to queue
[2024-11-28T21:15:26.096+0000] {logging_mixin.py:188} INFO - [2024-11-28T21:15:26.096+0000] {dagbag.py:545} INFO - Filling up the DagBag from /opt/airflow/dags/dbt-dag.py
[2024-11-28T21:15:26.109+0000] {processor.py:840} INFO - DAG(s) 'dbt-dag' retrieved from /opt/airflow/dags/dbt-dag.py
[2024-11-28T21:15:26.130+0000] {logging_mixin.py:188} INFO - [2024-11-28T21:15:26.129+0000] {dag.py:3096} INFO - Sync 1 DAGs
[2024-11-28T21:15:26.149+0000] {logging_mixin.py:188} INFO - [2024-11-28T21:15:26.149+0000] {dag.py:3954} INFO - Setting next_dagrun for dbt-dag to 2024-11-28 20:40:00+00:00, run_after=2024-11-29 20:40:00+00:00
[2024-11-28T21:15:26.166+0000] {processor.py:183} INFO - Processing /opt/airflow/dags/dbt-dag.py took 0.077 seconds
[2024-11-28T21:15:56.277+0000] {processor.py:161} INFO - Started process (PID=3604) to work on /opt/airflow/dags/dbt-dag.py
[2024-11-28T21:15:56.278+0000] {processor.py:830} INFO - Processing file /opt/airflow/dags/dbt-dag.py for tasks to queue
[2024-11-28T21:15:56.280+0000] {logging_mixin.py:188} INFO - [2024-11-28T21:15:56.280+0000] {dagbag.py:545} INFO - Filling up the DagBag from /opt/airflow/dags/dbt-dag.py
[2024-11-28T21:15:56.295+0000] {processor.py:840} INFO - DAG(s) 'dbt-dag' retrieved from /opt/airflow/dags/dbt-dag.py
[2024-11-28T21:15:56.316+0000] {logging_mixin.py:188} INFO - [2024-11-28T21:15:56.316+0000] {dag.py:3096} INFO - Sync 1 DAGs
[2024-11-28T21:15:56.336+0000] {logging_mixin.py:188} INFO - [2024-11-28T21:15:56.335+0000] {dag.py:3954} INFO - Setting next_dagrun for dbt-dag to 2024-11-28 20:40:00+00:00, run_after=2024-11-29 20:40:00+00:00
[2024-11-28T21:15:56.363+0000] {processor.py:183} INFO - Processing /opt/airflow/dags/dbt-dag.py took 0.091 seconds
[2024-11-28T21:16:26.460+0000] {processor.py:161} INFO - Started process (PID=3630) to work on /opt/airflow/dags/dbt-dag.py
[2024-11-28T21:16:26.461+0000] {processor.py:830} INFO - Processing file /opt/airflow/dags/dbt-dag.py for tasks to queue
[2024-11-28T21:16:26.463+0000] {logging_mixin.py:188} INFO - [2024-11-28T21:16:26.463+0000] {dagbag.py:545} INFO - Filling up the DagBag from /opt/airflow/dags/dbt-dag.py
[2024-11-28T21:16:26.476+0000] {processor.py:840} INFO - DAG(s) 'dbt-dag' retrieved from /opt/airflow/dags/dbt-dag.py
[2024-11-28T21:16:26.510+0000] {logging_mixin.py:188} INFO - [2024-11-28T21:16:26.509+0000] {dag.py:3096} INFO - Sync 1 DAGs
[2024-11-28T21:16:26.529+0000] {logging_mixin.py:188} INFO - [2024-11-28T21:16:26.529+0000] {dag.py:3954} INFO - Setting next_dagrun for dbt-dag to 2024-11-28 20:40:00+00:00, run_after=2024-11-29 20:40:00+00:00
[2024-11-28T21:16:26.546+0000] {processor.py:183} INFO - Processing /opt/airflow/dags/dbt-dag.py took 0.090 seconds
[2024-11-28T21:16:56.739+0000] {processor.py:161} INFO - Started process (PID=3656) to work on /opt/airflow/dags/dbt-dag.py
[2024-11-28T21:16:56.740+0000] {processor.py:830} INFO - Processing file /opt/airflow/dags/dbt-dag.py for tasks to queue
[2024-11-28T21:16:56.742+0000] {logging_mixin.py:188} INFO - [2024-11-28T21:16:56.742+0000] {dagbag.py:545} INFO - Filling up the DagBag from /opt/airflow/dags/dbt-dag.py
[2024-11-28T21:16:56.756+0000] {processor.py:840} INFO - DAG(s) 'dbt-dag' retrieved from /opt/airflow/dags/dbt-dag.py
[2024-11-28T21:16:56.780+0000] {logging_mixin.py:188} INFO - [2024-11-28T21:16:56.780+0000] {dag.py:3096} INFO - Sync 1 DAGs
[2024-11-28T21:16:56.801+0000] {logging_mixin.py:188} INFO - [2024-11-28T21:16:56.801+0000] {dag.py:3954} INFO - Setting next_dagrun for dbt-dag to 2024-11-28 20:40:00+00:00, run_after=2024-11-29 20:40:00+00:00
[2024-11-28T21:16:56.831+0000] {processor.py:183} INFO - Processing /opt/airflow/dags/dbt-dag.py took 0.098 seconds
[2024-11-28T21:17:26.904+0000] {processor.py:161} INFO - Started process (PID=3682) to work on /opt/airflow/dags/dbt-dag.py
[2024-11-28T21:17:26.905+0000] {processor.py:830} INFO - Processing file /opt/airflow/dags/dbt-dag.py for tasks to queue
[2024-11-28T21:17:26.907+0000] {logging_mixin.py:188} INFO - [2024-11-28T21:17:26.907+0000] {dagbag.py:545} INFO - Filling up the DagBag from /opt/airflow/dags/dbt-dag.py
[2024-11-28T21:17:26.921+0000] {processor.py:840} INFO - DAG(s) 'dbt-dag' retrieved from /opt/airflow/dags/dbt-dag.py
[2024-11-28T21:17:26.942+0000] {logging_mixin.py:188} INFO - [2024-11-28T21:17:26.942+0000] {dag.py:3096} INFO - Sync 1 DAGs
[2024-11-28T21:17:26.961+0000] {logging_mixin.py:188} INFO - [2024-11-28T21:17:26.961+0000] {dag.py:3954} INFO - Setting next_dagrun for dbt-dag to 2024-11-28 20:40:00+00:00, run_after=2024-11-29 20:40:00+00:00
[2024-11-28T21:17:26.977+0000] {processor.py:183} INFO - Processing /opt/airflow/dags/dbt-dag.py took 0.077 seconds
[2024-11-28T21:17:57.023+0000] {processor.py:161} INFO - Started process (PID=3708) to work on /opt/airflow/dags/dbt-dag.py
[2024-11-28T21:17:57.024+0000] {processor.py:830} INFO - Processing file /opt/airflow/dags/dbt-dag.py for tasks to queue
[2024-11-28T21:17:57.026+0000] {logging_mixin.py:188} INFO - [2024-11-28T21:17:57.025+0000] {dagbag.py:545} INFO - Filling up the DagBag from /opt/airflow/dags/dbt-dag.py
[2024-11-28T21:17:57.038+0000] {processor.py:840} INFO - DAG(s) 'dbt-dag' retrieved from /opt/airflow/dags/dbt-dag.py
[2024-11-28T21:17:57.061+0000] {logging_mixin.py:188} INFO - [2024-11-28T21:17:57.061+0000] {dag.py:3096} INFO - Sync 1 DAGs
[2024-11-28T21:17:57.081+0000] {logging_mixin.py:188} INFO - [2024-11-28T21:17:57.081+0000] {dag.py:3954} INFO - Setting next_dagrun for dbt-dag to 2024-11-28 20:40:00+00:00, run_after=2024-11-29 20:40:00+00:00
[2024-11-28T21:17:57.109+0000] {processor.py:183} INFO - Processing /opt/airflow/dags/dbt-dag.py took 0.091 seconds
[2024-11-28T21:18:27.278+0000] {processor.py:161} INFO - Started process (PID=3734) to work on /opt/airflow/dags/dbt-dag.py
[2024-11-28T21:18:27.279+0000] {processor.py:830} INFO - Processing file /opt/airflow/dags/dbt-dag.py for tasks to queue
[2024-11-28T21:18:27.281+0000] {logging_mixin.py:188} INFO - [2024-11-28T21:18:27.280+0000] {dagbag.py:545} INFO - Filling up the DagBag from /opt/airflow/dags/dbt-dag.py
[2024-11-28T21:18:27.294+0000] {processor.py:840} INFO - DAG(s) 'dbt-dag' retrieved from /opt/airflow/dags/dbt-dag.py
[2024-11-28T21:18:27.327+0000] {logging_mixin.py:188} INFO - [2024-11-28T21:18:27.327+0000] {dag.py:3096} INFO - Sync 1 DAGs
[2024-11-28T21:18:27.346+0000] {logging_mixin.py:188} INFO - [2024-11-28T21:18:27.345+0000] {dag.py:3954} INFO - Setting next_dagrun for dbt-dag to 2024-11-28 20:40:00+00:00, run_after=2024-11-29 20:40:00+00:00
[2024-11-28T21:18:27.361+0000] {processor.py:183} INFO - Processing /opt/airflow/dags/dbt-dag.py took 0.088 seconds
[2024-11-28T21:18:57.546+0000] {processor.py:161} INFO - Started process (PID=3760) to work on /opt/airflow/dags/dbt-dag.py
[2024-11-28T21:18:57.547+0000] {processor.py:830} INFO - Processing file /opt/airflow/dags/dbt-dag.py for tasks to queue
[2024-11-28T21:18:57.549+0000] {logging_mixin.py:188} INFO - [2024-11-28T21:18:57.549+0000] {dagbag.py:545} INFO - Filling up the DagBag from /opt/airflow/dags/dbt-dag.py
[2024-11-28T21:18:57.562+0000] {processor.py:840} INFO - DAG(s) 'dbt-dag' retrieved from /opt/airflow/dags/dbt-dag.py
[2024-11-28T21:18:57.584+0000] {logging_mixin.py:188} INFO - [2024-11-28T21:18:57.583+0000] {dag.py:3096} INFO - Sync 1 DAGs
[2024-11-28T21:18:57.603+0000] {logging_mixin.py:188} INFO - [2024-11-28T21:18:57.603+0000] {dag.py:3954} INFO - Setting next_dagrun for dbt-dag to 2024-11-28 20:40:00+00:00, run_after=2024-11-29 20:40:00+00:00
[2024-11-28T21:18:57.619+0000] {processor.py:183} INFO - Processing /opt/airflow/dags/dbt-dag.py took 0.077 seconds
[2024-11-28T21:19:28.281+0000] {processor.py:161} INFO - Started process (PID=3786) to work on /opt/airflow/dags/dbt-dag.py
[2024-11-28T21:19:28.283+0000] {processor.py:830} INFO - Processing file /opt/airflow/dags/dbt-dag.py for tasks to queue
[2024-11-28T21:19:28.286+0000] {logging_mixin.py:188} INFO - [2024-11-28T21:19:28.286+0000] {dagbag.py:545} INFO - Filling up the DagBag from /opt/airflow/dags/dbt-dag.py
[2024-11-28T21:19:28.312+0000] {processor.py:840} INFO - DAG(s) 'dbt-dag' retrieved from /opt/airflow/dags/dbt-dag.py
[2024-11-28T21:19:28.341+0000] {logging_mixin.py:188} INFO - [2024-11-28T21:19:28.341+0000] {dag.py:3096} INFO - Sync 1 DAGs
[2024-11-28T21:19:28.368+0000] {logging_mixin.py:188} INFO - [2024-11-28T21:19:28.367+0000] {dag.py:3954} INFO - Setting next_dagrun for dbt-dag to 2024-11-28 20:40:00+00:00, run_after=2024-11-29 20:40:00+00:00
[2024-11-28T21:19:28.388+0000] {processor.py:183} INFO - Processing /opt/airflow/dags/dbt-dag.py took 0.126 seconds
