[2024-11-12T02:32:47.051+0000] {local_task_job_runner.py:120} INFO - ::group::Pre task execution logs
[2024-11-12T02:32:47.076+0000] {taskinstance.py:2076} INFO - Dependencies all met for dep_context=non-requeueable deps ti=<TaskInstance: Predict_Stock_ETL.load_data scheduled__2024-11-10T20:30:00+00:00 [queued]>
[2024-11-12T02:32:47.083+0000] {taskinstance.py:2076} INFO - Dependencies all met for dep_context=requeueable deps ti=<TaskInstance: Predict_Stock_ETL.load_data scheduled__2024-11-10T20:30:00+00:00 [queued]>
[2024-11-12T02:32:47.084+0000] {taskinstance.py:2306} INFO - Starting attempt 1 of 1
[2024-11-12T02:32:47.095+0000] {taskinstance.py:2330} INFO - Executing <Task(_PythonDecoratedOperator): load_data> on 2024-11-10 20:30:00+00:00
[2024-11-12T02:32:47.104+0000] {standard_task_runner.py:90} INFO - Running: ['***', 'tasks', 'run', 'Predict_Stock_ETL', 'load_data', 'scheduled__2024-11-10T20:30:00+00:00', '--job-id', '121', '--raw', '--subdir', 'DAGS_FOLDER/load_stock_data_ETL.py', '--cfg-path', '/tmp/tmpakdufr29']
[2024-11-12T02:32:47.106+0000] {standard_task_runner.py:91} INFO - Job 121: Subtask load_data
[2024-11-12T02:32:47.110+0000] {logging_mixin.py:188} WARNING - /home/***/.local/lib/python3.12/site-packages/***/task/task_runner/standard_task_runner.py:61 DeprecationWarning: This process (pid=363) is multi-threaded, use of fork() may lead to deadlocks in the child.
[2024-11-12T02:32:47.111+0000] {standard_task_runner.py:63} INFO - Started process 366 to run task
[2024-11-12T02:32:47.149+0000] {task_command.py:426} INFO - Running <TaskInstance: Predict_Stock_ETL.load_data scheduled__2024-11-10T20:30:00+00:00 [running]> on host 1381f02c4e31
[2024-11-12T02:32:47.240+0000] {taskinstance.py:2648} INFO - Exporting env vars: AIRFLOW_CTX_DAG_OWNER='***' AIRFLOW_CTX_DAG_ID='Predict_Stock_ETL' AIRFLOW_CTX_TASK_ID='load_data' AIRFLOW_CTX_EXECUTION_DATE='2024-11-10T20:30:00+00:00' AIRFLOW_CTX_TRY_NUMBER='1' AIRFLOW_CTX_DAG_RUN_ID='scheduled__2024-11-10T20:30:00+00:00'
[2024-11-12T02:32:47.241+0000] {taskinstance.py:430} INFO - ::endgroup::
[2024-11-12T02:32:47.500+0000] {cursor.py:1149} INFO - Number of results in first chunk: 1
[2024-11-12T02:32:47.916+0000] {cursor.py:1149} INFO - Number of results in first chunk: 1
[2024-11-12T02:33:33.221+0000] {cursor.py:1149} INFO - Number of results in first chunk: 1
[2024-11-12T02:33:33.238+0000] {python.py:237} INFO - Done. Returned value was: True
[2024-11-12T02:33:33.242+0000] {taskinstance.py:441} INFO - ::group::Post task execution logs
[2024-11-12T02:33:33.315+0000] {taskinstance.py:1206} INFO - Marking task as SUCCESS. dag_id=Predict_Stock_ETL, task_id=load_data, run_id=scheduled__2024-11-10T20:30:00+00:00, execution_date=20241110T203000, start_date=20241112T023247, end_date=20241112T023333
[2024-11-12T02:33:33.376+0000] {local_task_job_runner.py:240} INFO - Task exited with return code 0
[2024-11-12T02:33:33.412+0000] {taskinstance.py:3498} INFO - 0 downstream tasks scheduled from follow-on schedule check
[2024-11-12T02:33:33.415+0000] {local_task_job_runner.py:222} INFO - ::endgroup::
