[2024-11-30T06:35:49.792+0000] {local_task_job_runner.py:120} INFO - ::group::Pre task execution logs
[2024-11-30T06:35:49.821+0000] {taskinstance.py:2076} INFO - Dependencies all met for dep_context=non-requeueable deps ti=<TaskInstance: complete-dag.load_weather_data_to_snowflake__1 manual__2024-11-30T06:35:41.849568+00:00 [queued]>
[2024-11-30T06:35:49.830+0000] {taskinstance.py:2076} INFO - Dependencies all met for dep_context=requeueable deps ti=<TaskInstance: complete-dag.load_weather_data_to_snowflake__1 manual__2024-11-30T06:35:41.849568+00:00 [queued]>
[2024-11-30T06:35:49.831+0000] {taskinstance.py:2306} INFO - Starting attempt 1 of 1
[2024-11-30T06:35:49.845+0000] {taskinstance.py:2330} INFO - Executing <Task(_PythonDecoratedOperator): load_weather_data_to_snowflake__1> on 2024-11-30 06:35:41.849568+00:00
[2024-11-30T06:35:49.857+0000] {standard_task_runner.py:90} INFO - Running: ['***', 'tasks', 'run', 'complete-dag', 'load_weather_data_to_snowflake__1', 'manual__2024-11-30T06:35:41.849568+00:00', '--job-id', '377', '--raw', '--subdir', 'DAGS_FOLDER/complete_dag.py', '--cfg-path', '/tmp/tmp06hk20az']
[2024-11-30T06:35:49.857+0000] {logging_mixin.py:188} WARNING - /home/***/.local/lib/python3.12/site-packages/***/task/task_runner/standard_task_runner.py:61 DeprecationWarning: This process (pid=10384) is multi-threaded, use of fork() may lead to deadlocks in the child.
[2024-11-30T06:35:49.858+0000] {standard_task_runner.py:91} INFO - Job 377: Subtask load_weather_data_to_snowflake__1
[2024-11-30T06:35:49.859+0000] {standard_task_runner.py:63} INFO - Started process 10411 to run task
[2024-11-30T06:35:49.905+0000] {task_command.py:426} INFO - Running <TaskInstance: complete-dag.load_weather_data_to_snowflake__1 manual__2024-11-30T06:35:41.849568+00:00 [running]> on host b09a94790db6
[2024-11-30T06:35:50.110+0000] {taskinstance.py:2648} INFO - Exporting env vars: AIRFLOW_CTX_DAG_OWNER='***' AIRFLOW_CTX_DAG_ID='complete-dag' AIRFLOW_CTX_TASK_ID='load_weather_data_to_snowflake__1' AIRFLOW_CTX_EXECUTION_DATE='2024-11-30T06:35:41.849568+00:00' AIRFLOW_CTX_TRY_NUMBER='1' AIRFLOW_CTX_DAG_RUN_ID='manual__2024-11-30T06:35:41.849568+00:00'
[2024-11-30T06:35:50.111+0000] {taskinstance.py:430} INFO - ::endgroup::
[2024-11-30T06:35:50.313+0000] {cursor.py:1149} INFO - Number of results in first chunk: 1
[2024-11-30T06:35:50.670+0000] {cursor.py:1149} INFO - Number of results in first chunk: 1
[2024-11-30T06:35:50.672+0000] {logging_mixin.py:188} WARNING - /opt/***/dags/complete_dag.py:163 FutureWarning: DataFrame.applymap has been deprecated. Use DataFrame.map instead.
[2024-11-30T06:35:50.681+0000] {logging_mixin.py:188} INFO -          Date  temperature_2m_max  ...  windspeed_10m_max  avg_temperature
0  2024-11-29                16.0  ...               13.5             9.60
1  2024-11-30                15.6  ...               11.3            10.80
2  2024-12-01                15.1  ...               24.1             9.45
3  2024-12-02                 6.7  ...               20.3             2.85
4  2024-12-03                 8.3  ...                3.7             2.90

[5 rows x 7 columns]
[2024-11-30T06:35:51.098+0000] {logging_mixin.py:188} INFO - Successfully inserted 7 rows.
[2024-11-30T06:35:51.212+0000] {cursor.py:1149} INFO - Number of results in first chunk: 1
[2024-11-30T06:35:51.213+0000] {python.py:237} INFO - Done. Returned value was: None
[2024-11-30T06:35:51.215+0000] {taskinstance.py:441} INFO - ::group::Post task execution logs
[2024-11-30T06:35:51.226+0000] {taskinstance.py:1206} INFO - Marking task as SUCCESS. dag_id=complete-dag, task_id=load_weather_data_to_snowflake__1, run_id=manual__2024-11-30T06:35:41.849568+00:00, execution_date=20241130T063541, start_date=20241130T063549, end_date=20241130T063551
[2024-11-30T06:35:51.280+0000] {local_task_job_runner.py:240} INFO - Task exited with return code 0
[2024-11-30T06:35:51.293+0000] {local_task_job_runner.py:222} INFO - ::endgroup::
