[2024-11-30T04:55:28.943+0000] {local_task_job_runner.py:120} INFO - ::group::Pre task execution logs
[2024-11-30T04:55:29.007+0000] {taskinstance.py:2076} INFO - Dependencies all met for dep_context=non-requeueable deps ti=<TaskInstance: complete-dag.fetch_electricity_data manual__2024-11-30T04:55:13.505419+00:00 [queued]>
[2024-11-30T04:55:29.018+0000] {taskinstance.py:2076} INFO - Dependencies all met for dep_context=requeueable deps ti=<TaskInstance: complete-dag.fetch_electricity_data manual__2024-11-30T04:55:13.505419+00:00 [queued]>
[2024-11-30T04:55:29.019+0000] {taskinstance.py:2306} INFO - Starting attempt 1 of 1
[2024-11-30T04:55:29.036+0000] {taskinstance.py:2330} INFO - Executing <Task(_PythonDecoratedOperator): fetch_electricity_data> on 2024-11-30 04:55:13.505419+00:00
[2024-11-30T04:55:29.062+0000] {standard_task_runner.py:90} INFO - Running: ['***', 'tasks', 'run', 'complete-dag', 'fetch_electricity_data', 'manual__2024-11-30T04:55:13.505419+00:00', '--job-id', '297', '--raw', '--subdir', 'DAGS_FOLDER/complete_dag.py', '--cfg-path', '/tmp/tmppzrip7ih']
[2024-11-30T04:55:29.073+0000] {standard_task_runner.py:91} INFO - Job 297: Subtask fetch_electricity_data
[2024-11-30T04:55:29.077+0000] {logging_mixin.py:188} WARNING - /home/***/.local/lib/python3.12/site-packages/***/task/task_runner/standard_task_runner.py:61 DeprecationWarning: This process (pid=1084) is multi-threaded, use of fork() may lead to deadlocks in the child.
[2024-11-30T04:55:29.079+0000] {standard_task_runner.py:63} INFO - Started process 1127 to run task
[2024-11-30T04:55:30.813+0000] {task_command.py:426} INFO - Running <TaskInstance: complete-dag.fetch_electricity_data manual__2024-11-30T04:55:13.505419+00:00 [running]> on host b09a94790db6
[2024-11-30T04:55:31.021+0000] {taskinstance.py:2648} INFO - Exporting env vars: AIRFLOW_CTX_DAG_OWNER='***' AIRFLOW_CTX_DAG_ID='complete-dag' AIRFLOW_CTX_TASK_ID='fetch_electricity_data' AIRFLOW_CTX_EXECUTION_DATE='2024-11-30T04:55:13.505419+00:00' AIRFLOW_CTX_TRY_NUMBER='1' AIRFLOW_CTX_DAG_RUN_ID='manual__2024-11-30T04:55:13.505419+00:00'
[2024-11-30T04:55:31.025+0000] {taskinstance.py:430} INFO - ::endgroup::
[2024-11-30T04:55:34.302+0000] {logging_mixin.py:188} INFO -        period subba  ...   value    value-units
0  2024-11-28  PGAE  ...  248403  megawatthours
1  2024-11-28   SCE  ...  246177  megawatthours
2  2024-11-28  SDGE  ...   45686  megawatthours
3  2024-11-28   VEA  ...    2515  megawatthours
4  2024-11-27  PGAE  ...  263066  megawatthours

[5 rows x 8 columns]
[2024-11-30T04:55:34.308+0000] {python.py:237} INFO - Done. Returned value was:           period subba  ...   value    value-units
0     2024-11-28  PGAE  ...  248403  megawatthours
1     2024-11-28   SCE  ...  246177  megawatthours
2     2024-11-28  SDGE  ...   45686  megawatthours
3     2024-11-28   VEA  ...    2515  megawatthours
4     2024-11-27  PGAE  ...  263066  megawatthours
...          ...   ...  ...     ...            ...
4237  2022-01-02   VEA  ...    2332  megawatthours
4238  2022-01-01  PGAE  ...  249179  megawatthours
4239  2022-01-01   SCE  ...  234915  megawatthours
4240  2022-01-01  SDGE  ...   44717  megawatthours
4241  2022-01-01   VEA  ...    2228  megawatthours

[4242 rows x 8 columns]
[2024-11-30T04:55:34.327+0000] {taskinstance.py:441} INFO - ::group::Post task execution logs
[2024-11-30T04:55:34.540+0000] {taskinstance.py:1206} INFO - Marking task as SUCCESS. dag_id=complete-dag, task_id=fetch_electricity_data, run_id=manual__2024-11-30T04:55:13.505419+00:00, execution_date=20241130T045513, start_date=20241130T045529, end_date=20241130T045534
[2024-11-30T04:55:34.595+0000] {local_task_job_runner.py:240} INFO - Task exited with return code 0
[2024-11-30T04:55:34.651+0000] {local_task_job_runner.py:222} INFO - ::endgroup::
