[2024-11-30T05:28:28.741+0000] {local_task_job_runner.py:120} INFO - ::group::Pre task execution logs
[2024-11-30T05:28:28.808+0000] {taskinstance.py:2076} INFO - Dependencies all met for dep_context=non-requeueable deps ti=<TaskInstance: dbt-dag.dbt_run manual__2024-11-30T05:28:27.483465+00:00 [queued]>
[2024-11-30T05:28:28.829+0000] {taskinstance.py:2076} INFO - Dependencies all met for dep_context=requeueable deps ti=<TaskInstance: dbt-dag.dbt_run manual__2024-11-30T05:28:27.483465+00:00 [queued]>
[2024-11-30T05:28:28.831+0000] {taskinstance.py:2306} INFO - Starting attempt 1 of 1
[2024-11-30T05:28:28.860+0000] {taskinstance.py:2330} INFO - Executing <Task(BashOperator): dbt_run> on 2024-11-30 05:28:27.483465+00:00
[2024-11-30T05:28:28.874+0000] {standard_task_runner.py:90} INFO - Running: ['***', 'tasks', 'run', 'dbt-dag', 'dbt_run', 'manual__2024-11-30T05:28:27.483465+00:00', '--job-id', '330', '--raw', '--subdir', 'DAGS_FOLDER/dbt-dag.py', '--cfg-path', '/tmp/tmpu9nr5s_x']
[2024-11-30T05:28:28.876+0000] {standard_task_runner.py:91} INFO - Job 330: Subtask dbt_run
[2024-11-30T05:28:28.898+0000] {logging_mixin.py:188} WARNING - /home/***/.local/lib/python3.12/site-packages/***/task/task_runner/standard_task_runner.py:61 DeprecationWarning: This process (pid=4299) is multi-threaded, use of fork() may lead to deadlocks in the child.
[2024-11-30T05:28:28.899+0000] {standard_task_runner.py:63} INFO - Started process 4300 to run task
[2024-11-30T05:28:28.932+0000] {task_command.py:426} INFO - Running <TaskInstance: dbt-dag.dbt_run manual__2024-11-30T05:28:27.483465+00:00 [running]> on host b09a94790db6
[2024-11-30T05:28:29.084+0000] {taskinstance.py:2648} INFO - Exporting env vars: AIRFLOW_CTX_DAG_OWNER='***' AIRFLOW_CTX_DAG_ID='dbt-dag' AIRFLOW_CTX_TASK_ID='dbt_run' AIRFLOW_CTX_EXECUTION_DATE='2024-11-30T05:28:27.483465+00:00' AIRFLOW_CTX_TRY_NUMBER='1' AIRFLOW_CTX_DAG_RUN_ID='manual__2024-11-30T05:28:27.483465+00:00'
[2024-11-30T05:28:29.085+0000] {taskinstance.py:430} INFO - ::endgroup::
[2024-11-30T05:28:29.100+0000] {subprocess.py:63} INFO - Tmp dir root location: /tmp
[2024-11-30T05:28:29.103+0000] {subprocess.py:75} INFO - Running command: ['/usr/bin/bash', '-c', '/home/***/.local/bin/dbt run --profiles-dir /opt/***/dbt --project-dir /opt/***/dbt']
[2024-11-30T05:28:29.114+0000] {subprocess.py:86} INFO - Output:
[2024-11-30T05:28:31.353+0000] {subprocess.py:93} INFO - [0m05:28:31  Running with dbt=1.8.7
[2024-11-30T05:28:32.523+0000] {subprocess.py:93} INFO - [0m05:28:32  Registered adapter: snowflake=1.8.4
[2024-11-30T05:28:33.435+0000] {subprocess.py:93} INFO - [0m05:28:33  Found 7 models, 1 test, 4 sources, 459 macros
[2024-11-30T05:28:33.439+0000] {subprocess.py:93} INFO - [0m05:28:33
[2024-11-30T05:28:35.304+0000] {subprocess.py:93} INFO - [0m05:28:35  Concurrency: 1 threads (target='dev')
[2024-11-30T05:28:35.305+0000] {subprocess.py:93} INFO - [0m05:28:35
[2024-11-30T05:28:35.370+0000] {subprocess.py:93} INFO - [0m05:28:35  1 of 4 START sql table model analytics.electricity_weather_combined ............ [RUN]
[2024-11-30T05:28:36.939+0000] {subprocess.py:93} INFO - [0m05:28:36  1 of 4 OK created sql table model analytics.electricity_weather_combined ....... [[32mSUCCESS 1[0m in 1.57s]
[2024-11-30T05:28:36.942+0000] {subprocess.py:93} INFO - [0m05:28:36  2 of 4 START sql table model analytics.electricity_weather_combined_v2 ......... [RUN]
[2024-11-30T05:28:38.408+0000] {subprocess.py:93} INFO - [0m05:28:38  2 of 4 OK created sql table model analytics.electricity_weather_combined_v2 .... [[32mSUCCESS 1[0m in 1.46s]
[2024-11-30T05:28:38.413+0000] {subprocess.py:93} INFO - [0m05:28:38  3 of 4 START sql table model analytics.weather_forecast_predict_input .......... [RUN]
[2024-11-30T05:28:39.708+0000] {subprocess.py:93} INFO - [0m05:28:39  3 of 4 OK created sql table model analytics.weather_forecast_predict_input ..... [[32mSUCCESS 1[0m in 1.29s]
[2024-11-30T05:28:39.711+0000] {subprocess.py:93} INFO - [0m05:28:39  4 of 4 START sql table model analytics.electricity_weather_viz_ready ........... [RUN]
[2024-11-30T05:28:41.390+0000] {subprocess.py:93} INFO - [0m05:28:41  4 of 4 OK created sql table model analytics.electricity_weather_viz_ready ...... [[32mSUCCESS 1[0m in 1.68s]
[2024-11-30T05:28:41.395+0000] {subprocess.py:93} INFO - [0m05:28:41
[2024-11-30T05:28:41.396+0000] {subprocess.py:93} INFO - [0m05:28:41  Finished running 4 table models in 0 hours 0 minutes and 7.95 seconds (7.95s).
[2024-11-30T05:28:41.459+0000] {subprocess.py:93} INFO - [0m05:28:41
[2024-11-30T05:28:41.460+0000] {subprocess.py:93} INFO - [0m05:28:41  [32mCompleted successfully[0m
[2024-11-30T05:28:41.461+0000] {subprocess.py:93} INFO - [0m05:28:41
[2024-11-30T05:28:41.462+0000] {subprocess.py:93} INFO - [0m05:28:41  Done. PASS=4 WARN=0 ERROR=0 SKIP=0 TOTAL=4
[2024-11-30T05:28:42.310+0000] {subprocess.py:97} INFO - Command exited with return code 0
[2024-11-30T05:28:42.312+0000] {taskinstance.py:441} INFO - ::group::Post task execution logs
[2024-11-30T05:28:42.346+0000] {taskinstance.py:1206} INFO - Marking task as SUCCESS. dag_id=dbt-dag, task_id=dbt_run, run_id=manual__2024-11-30T05:28:27.483465+00:00, execution_date=20241130T052827, start_date=20241130T052828, end_date=20241130T052842
[2024-11-30T05:28:42.401+0000] {local_task_job_runner.py:240} INFO - Task exited with return code 0
[2024-11-30T05:28:42.431+0000] {taskinstance.py:3498} INFO - 1 downstream tasks scheduled from follow-on schedule check
[2024-11-30T05:28:42.434+0000] {local_task_job_runner.py:222} INFO - ::endgroup::
