[2024-11-29T02:27:47.474+0000] {local_task_job_runner.py:120} INFO - ::group::Pre task execution logs
[2024-11-29T02:27:47.556+0000] {taskinstance.py:2076} INFO - Dependencies all met for dep_context=non-requeueable deps ti=<TaskInstance: dbt-dag.dbt_run manual__2024-11-29T02:27:45.785847+00:00 [queued]>
[2024-11-29T02:27:47.568+0000] {taskinstance.py:2076} INFO - Dependencies all met for dep_context=requeueable deps ti=<TaskInstance: dbt-dag.dbt_run manual__2024-11-29T02:27:45.785847+00:00 [queued]>
[2024-11-29T02:27:47.569+0000] {taskinstance.py:2306} INFO - Starting attempt 1 of 1
[2024-11-29T02:27:47.586+0000] {taskinstance.py:2330} INFO - Executing <Task(BashOperator): dbt_run> on 2024-11-29 02:27:45.785847+00:00
[2024-11-29T02:27:47.602+0000] {logging_mixin.py:188} WARNING - /home/***/.local/lib/python3.12/site-packages/***/task/task_runner/standard_task_runner.py:61 DeprecationWarning: This process (pid=275) is multi-threaded, use of fork() may lead to deadlocks in the child.
[2024-11-29T02:27:47.599+0000] {standard_task_runner.py:90} INFO - Running: ['***', 'tasks', 'run', 'dbt-dag', 'dbt_run', 'manual__2024-11-29T02:27:45.785847+00:00', '--job-id', '252', '--raw', '--subdir', 'DAGS_FOLDER/dbt-dag.py', '--cfg-path', '/tmp/tmp0psig6w7']
[2024-11-29T02:27:47.603+0000] {standard_task_runner.py:63} INFO - Started process 276 to run task
[2024-11-29T02:27:47.603+0000] {standard_task_runner.py:91} INFO - Job 252: Subtask dbt_run
[2024-11-29T02:27:47.663+0000] {task_command.py:426} INFO - Running <TaskInstance: dbt-dag.dbt_run manual__2024-11-29T02:27:45.785847+00:00 [running]> on host fd43cd87157f
[2024-11-29T02:27:47.876+0000] {taskinstance.py:2648} INFO - Exporting env vars: AIRFLOW_CTX_DAG_OWNER='***' AIRFLOW_CTX_DAG_ID='dbt-dag' AIRFLOW_CTX_TASK_ID='dbt_run' AIRFLOW_CTX_EXECUTION_DATE='2024-11-29T02:27:45.785847+00:00' AIRFLOW_CTX_TRY_NUMBER='1' AIRFLOW_CTX_DAG_RUN_ID='manual__2024-11-29T02:27:45.785847+00:00'
[2024-11-29T02:27:47.878+0000] {taskinstance.py:430} INFO - ::endgroup::
[2024-11-29T02:27:47.930+0000] {subprocess.py:63} INFO - Tmp dir root location: /tmp
[2024-11-29T02:27:47.935+0000] {subprocess.py:75} INFO - Running command: ['/usr/bin/bash', '-c', '/home/***/.local/bin/dbt run --profiles-dir /opt/***/dbt --project-dir /opt/***/dbt']
[2024-11-29T02:27:47.956+0000] {subprocess.py:86} INFO - Output:
[2024-11-29T02:27:52.188+0000] {subprocess.py:93} INFO - [0m02:27:52  Running with dbt=1.8.7
[2024-11-29T02:27:54.174+0000] {subprocess.py:93} INFO - [0m02:27:54  Registered adapter: snowflake=1.8.4
[2024-11-29T02:27:56.166+0000] {subprocess.py:93} INFO - [0m02:27:56  Found 5 models, 3 data tests, 3 sources, 459 macros
[2024-11-29T02:27:56.170+0000] {subprocess.py:93} INFO - [0m02:27:56
[2024-11-29T02:27:57.927+0000] {subprocess.py:93} INFO - [0m02:27:57  Concurrency: 1 threads (target='dev')
[2024-11-29T02:27:57.928+0000] {subprocess.py:93} INFO - [0m02:27:57
[2024-11-29T02:27:57.979+0000] {subprocess.py:93} INFO - [0m02:27:57  1 of 3 START sql table model analytics.electricity_weather_combined ............ [RUN]
[2024-11-29T02:28:00.333+0000] {subprocess.py:93} INFO - [0m02:28:00  1 of 3 OK created sql table model analytics.electricity_weather_combined ....... [[32mSUCCESS 1[0m in 2.35s]
[2024-11-29T02:28:00.336+0000] {subprocess.py:93} INFO - [0m02:28:00  2 of 3 START sql table model analytics.electricity_weather_combined_v2 ......... [RUN]
[2024-11-29T02:28:02.393+0000] {subprocess.py:93} INFO - [0m02:28:02  2 of 3 OK created sql table model analytics.electricity_weather_combined_v2 .... [[32mSUCCESS 1[0m in 2.05s]
[2024-11-29T02:28:02.396+0000] {subprocess.py:93} INFO - [0m02:28:02  3 of 3 START sql table model analytics.electricity_weather_viz_ready ........... [RUN]
[2024-11-29T02:28:04.417+0000] {subprocess.py:93} INFO - [0m02:28:04  3 of 3 OK created sql table model analytics.electricity_weather_viz_ready ...... [[32mSUCCESS 1[0m in 2.02s]
[2024-11-29T02:28:04.421+0000] {subprocess.py:93} INFO - [0m02:28:04
[2024-11-29T02:28:04.422+0000] {subprocess.py:93} INFO - [0m02:28:04  Finished running 3 table models in 0 hours 0 minutes and 8.25 seconds (8.25s).
[2024-11-29T02:28:04.495+0000] {subprocess.py:93} INFO - [0m02:28:04
[2024-11-29T02:28:04.496+0000] {subprocess.py:93} INFO - [0m02:28:04  [32mCompleted successfully[0m
[2024-11-29T02:28:04.497+0000] {subprocess.py:93} INFO - [0m02:28:04
[2024-11-29T02:28:04.498+0000] {subprocess.py:93} INFO - [0m02:28:04  Done. PASS=3 WARN=0 ERROR=0 SKIP=0 TOTAL=3
[2024-11-29T02:28:06.009+0000] {subprocess.py:97} INFO - Command exited with return code 0
[2024-11-29T02:28:06.015+0000] {taskinstance.py:441} INFO - ::group::Post task execution logs
[2024-11-29T02:28:06.047+0000] {taskinstance.py:1206} INFO - Marking task as SUCCESS. dag_id=dbt-dag, task_id=dbt_run, run_id=manual__2024-11-29T02:27:45.785847+00:00, execution_date=20241129T022745, start_date=20241129T022747, end_date=20241129T022806
[2024-11-29T02:28:06.120+0000] {local_task_job_runner.py:240} INFO - Task exited with return code 0
[2024-11-29T02:28:06.139+0000] {taskinstance.py:3498} INFO - 0 downstream tasks scheduled from follow-on schedule check
[2024-11-29T02:28:06.143+0000] {local_task_job_runner.py:222} INFO - ::endgroup::
