[2024-11-13T17:55:43.605+0000] {processor.py:161} INFO - Started process (PID=118) to work on /home/airflow/.local/lib/python3.12/site-packages/airflow/example_dags/example_branch_datetime_operator.py
[2024-11-13T17:55:43.607+0000] {processor.py:830} INFO - Processing file /home/airflow/.local/lib/python3.12/site-packages/airflow/example_dags/example_branch_datetime_operator.py for tasks to queue
[2024-11-13T17:55:43.610+0000] {logging_mixin.py:188} INFO - [2024-11-13T17:55:43.609+0000] {dagbag.py:545} INFO - Filling up the DagBag from /home/airflow/.local/lib/python3.12/site-packages/airflow/example_dags/example_branch_datetime_operator.py
[2024-11-13T17:55:43.630+0000] {processor.py:840} INFO - DAG(s) 'example_branch_datetime_operator_3', 'example_branch_datetime_operator', 'example_branch_datetime_operator_2' retrieved from /home/airflow/.local/lib/python3.12/site-packages/airflow/example_dags/example_branch_datetime_operator.py
[2024-11-13T17:55:43.840+0000] {logging_mixin.py:188} INFO - [2024-11-13T17:55:43.839+0000] {dag.py:3096} INFO - Sync 3 DAGs
[2024-11-13T17:55:43.875+0000] {logging_mixin.py:188} INFO - [2024-11-13T17:55:43.875+0000] {dag.py:3954} INFO - Setting next_dagrun for example_branch_datetime_operator to 2024-11-12 00:00:00+00:00, run_after=2024-11-13 00:00:00+00:00
[2024-11-13T17:55:43.881+0000] {logging_mixin.py:188} INFO - [2024-11-13T17:55:43.880+0000] {dag.py:3954} INFO - Setting next_dagrun for example_branch_datetime_operator_2 to 2024-11-12 00:00:00+00:00, run_after=2024-11-13 00:00:00+00:00
[2024-11-13T17:55:43.884+0000] {logging_mixin.py:188} INFO - [2024-11-13T17:55:43.884+0000] {dag.py:3954} INFO - Setting next_dagrun for example_branch_datetime_operator_3 to 2024-11-12 00:00:00+00:00, run_after=2024-11-13 00:00:00+00:00
[2024-11-13T17:55:43.918+0000] {processor.py:183} INFO - Processing /home/airflow/.local/lib/python3.12/site-packages/airflow/example_dags/example_branch_datetime_operator.py took 0.323 seconds
[2024-11-13T17:56:14.277+0000] {processor.py:161} INFO - Started process (PID=177) to work on /home/airflow/.local/lib/python3.12/site-packages/airflow/example_dags/example_branch_datetime_operator.py
[2024-11-13T17:56:14.279+0000] {processor.py:830} INFO - Processing file /home/airflow/.local/lib/python3.12/site-packages/airflow/example_dags/example_branch_datetime_operator.py for tasks to queue
[2024-11-13T17:56:14.282+0000] {logging_mixin.py:188} INFO - [2024-11-13T17:56:14.281+0000] {dagbag.py:545} INFO - Filling up the DagBag from /home/airflow/.local/lib/python3.12/site-packages/airflow/example_dags/example_branch_datetime_operator.py
[2024-11-13T17:56:14.296+0000] {processor.py:840} INFO - DAG(s) 'example_branch_datetime_operator', 'example_branch_datetime_operator_3', 'example_branch_datetime_operator_2' retrieved from /home/airflow/.local/lib/python3.12/site-packages/airflow/example_dags/example_branch_datetime_operator.py
[2024-11-13T17:56:14.341+0000] {logging_mixin.py:188} INFO - [2024-11-13T17:56:14.340+0000] {dag.py:3096} INFO - Sync 3 DAGs
[2024-11-13T17:56:14.375+0000] {logging_mixin.py:188} INFO - [2024-11-13T17:56:14.375+0000] {dag.py:3954} INFO - Setting next_dagrun for example_branch_datetime_operator to 2024-11-12 00:00:00+00:00, run_after=2024-11-13 00:00:00+00:00
[2024-11-13T17:56:14.382+0000] {logging_mixin.py:188} INFO - [2024-11-13T17:56:14.382+0000] {dag.py:3954} INFO - Setting next_dagrun for example_branch_datetime_operator_2 to 2024-11-12 00:00:00+00:00, run_after=2024-11-13 00:00:00+00:00
[2024-11-13T17:56:14.386+0000] {logging_mixin.py:188} INFO - [2024-11-13T17:56:14.385+0000] {dag.py:3954} INFO - Setting next_dagrun for example_branch_datetime_operator_3 to 2024-11-12 00:00:00+00:00, run_after=2024-11-13 00:00:00+00:00
[2024-11-13T17:56:14.410+0000] {processor.py:183} INFO - Processing /home/airflow/.local/lib/python3.12/site-packages/airflow/example_dags/example_branch_datetime_operator.py took 0.140 seconds
[2024-11-13T17:56:46.021+0000] {processor.py:161} INFO - Started process (PID=236) to work on /home/airflow/.local/lib/python3.12/site-packages/airflow/example_dags/example_branch_datetime_operator.py
[2024-11-13T17:56:46.025+0000] {processor.py:830} INFO - Processing file /home/airflow/.local/lib/python3.12/site-packages/airflow/example_dags/example_branch_datetime_operator.py for tasks to queue
[2024-11-13T17:56:46.033+0000] {logging_mixin.py:188} INFO - [2024-11-13T17:56:46.032+0000] {dagbag.py:545} INFO - Filling up the DagBag from /home/airflow/.local/lib/python3.12/site-packages/airflow/example_dags/example_branch_datetime_operator.py
[2024-11-13T17:56:46.062+0000] {processor.py:840} INFO - DAG(s) 'example_branch_datetime_operator', 'example_branch_datetime_operator_2', 'example_branch_datetime_operator_3' retrieved from /home/airflow/.local/lib/python3.12/site-packages/airflow/example_dags/example_branch_datetime_operator.py
[2024-11-13T17:56:46.169+0000] {logging_mixin.py:188} INFO - [2024-11-13T17:56:46.167+0000] {dag.py:3096} INFO - Sync 3 DAGs
[2024-11-13T17:56:46.241+0000] {logging_mixin.py:188} INFO - [2024-11-13T17:56:46.240+0000] {dag.py:3954} INFO - Setting next_dagrun for example_branch_datetime_operator to 2024-11-12 00:00:00+00:00, run_after=2024-11-13 00:00:00+00:00
[2024-11-13T17:56:46.257+0000] {logging_mixin.py:188} INFO - [2024-11-13T17:56:46.256+0000] {dag.py:3954} INFO - Setting next_dagrun for example_branch_datetime_operator_2 to 2024-11-12 00:00:00+00:00, run_after=2024-11-13 00:00:00+00:00
[2024-11-13T17:56:46.265+0000] {logging_mixin.py:188} INFO - [2024-11-13T17:56:46.264+0000] {dag.py:3954} INFO - Setting next_dagrun for example_branch_datetime_operator_3 to 2024-11-12 00:00:00+00:00, run_after=2024-11-13 00:00:00+00:00
[2024-11-13T17:56:46.319+0000] {processor.py:183} INFO - Processing /home/airflow/.local/lib/python3.12/site-packages/airflow/example_dags/example_branch_datetime_operator.py took 0.315 seconds
[2024-11-13T17:57:24.382+0000] {processor.py:161} INFO - Started process (PID=295) to work on /home/airflow/.local/lib/python3.12/site-packages/airflow/example_dags/example_branch_datetime_operator.py
[2024-11-13T17:57:24.384+0000] {processor.py:830} INFO - Processing file /home/airflow/.local/lib/python3.12/site-packages/airflow/example_dags/example_branch_datetime_operator.py for tasks to queue
[2024-11-13T17:57:24.396+0000] {logging_mixin.py:188} INFO - [2024-11-13T17:57:24.391+0000] {dagbag.py:545} INFO - Filling up the DagBag from /home/airflow/.local/lib/python3.12/site-packages/airflow/example_dags/example_branch_datetime_operator.py
[2024-11-13T17:57:24.427+0000] {processor.py:840} INFO - DAG(s) 'example_branch_datetime_operator', 'example_branch_datetime_operator_2', 'example_branch_datetime_operator_3' retrieved from /home/airflow/.local/lib/python3.12/site-packages/airflow/example_dags/example_branch_datetime_operator.py
[2024-11-13T17:57:25.036+0000] {logging_mixin.py:188} INFO - [2024-11-13T17:57:25.031+0000] {dag.py:3096} INFO - Sync 3 DAGs
[2024-11-13T17:57:25.223+0000] {logging_mixin.py:188} INFO - [2024-11-13T17:57:25.222+0000] {dag.py:3954} INFO - Setting next_dagrun for example_branch_datetime_operator to 2024-11-12 00:00:00+00:00, run_after=2024-11-13 00:00:00+00:00
[2024-11-13T17:57:25.239+0000] {logging_mixin.py:188} INFO - [2024-11-13T17:57:25.238+0000] {dag.py:3954} INFO - Setting next_dagrun for example_branch_datetime_operator_2 to 2024-11-12 00:00:00+00:00, run_after=2024-11-13 00:00:00+00:00
[2024-11-13T17:57:25.254+0000] {logging_mixin.py:188} INFO - [2024-11-13T17:57:25.247+0000] {dag.py:3954} INFO - Setting next_dagrun for example_branch_datetime_operator_3 to 2024-11-12 00:00:00+00:00, run_after=2024-11-13 00:00:00+00:00
[2024-11-13T17:57:25.378+0000] {processor.py:183} INFO - Processing /home/airflow/.local/lib/python3.12/site-packages/airflow/example_dags/example_branch_datetime_operator.py took 1.038 seconds
[2024-11-13T17:59:24.930+0000] {processor.py:161} INFO - Started process (PID=357) to work on /home/airflow/.local/lib/python3.12/site-packages/airflow/example_dags/example_branch_datetime_operator.py
[2024-11-13T17:59:24.940+0000] {processor.py:830} INFO - Processing file /home/airflow/.local/lib/python3.12/site-packages/airflow/example_dags/example_branch_datetime_operator.py for tasks to queue
[2024-11-13T17:59:24.960+0000] {logging_mixin.py:188} INFO - [2024-11-13T17:59:24.955+0000] {dagbag.py:545} INFO - Filling up the DagBag from /home/airflow/.local/lib/python3.12/site-packages/airflow/example_dags/example_branch_datetime_operator.py
[2024-11-13T17:59:25.013+0000] {processor.py:840} INFO - DAG(s) 'example_branch_datetime_operator', 'example_branch_datetime_operator_2', 'example_branch_datetime_operator_3' retrieved from /home/airflow/.local/lib/python3.12/site-packages/airflow/example_dags/example_branch_datetime_operator.py
[2024-11-13T17:59:25.362+0000] {logging_mixin.py:188} INFO - [2024-11-13T17:59:25.360+0000] {dag.py:3096} INFO - Sync 3 DAGs
[2024-11-13T17:59:25.591+0000] {logging_mixin.py:188} INFO - [2024-11-13T17:59:25.590+0000] {dag.py:3954} INFO - Setting next_dagrun for example_branch_datetime_operator to 2024-11-12 00:00:00+00:00, run_after=2024-11-13 00:00:00+00:00
[2024-11-13T17:59:25.617+0000] {logging_mixin.py:188} INFO - [2024-11-13T17:59:25.616+0000] {dag.py:3954} INFO - Setting next_dagrun for example_branch_datetime_operator_2 to 2024-11-12 00:00:00+00:00, run_after=2024-11-13 00:00:00+00:00
[2024-11-13T17:59:25.625+0000] {logging_mixin.py:188} INFO - [2024-11-13T17:59:25.625+0000] {dag.py:3954} INFO - Setting next_dagrun for example_branch_datetime_operator_3 to 2024-11-12 00:00:00+00:00, run_after=2024-11-13 00:00:00+00:00
[2024-11-13T17:59:25.708+0000] {processor.py:183} INFO - Processing /home/airflow/.local/lib/python3.12/site-packages/airflow/example_dags/example_branch_datetime_operator.py took 0.819 seconds
