[2024-11-13T17:55:41.733+0000] {processor.py:161} INFO - Started process (PID=109) to work on /home/airflow/.local/lib/python3.12/site-packages/airflow/example_dags/example_trigger_target_dag.py
[2024-11-13T17:55:41.735+0000] {processor.py:830} INFO - Processing file /home/airflow/.local/lib/python3.12/site-packages/airflow/example_dags/example_trigger_target_dag.py for tasks to queue
[2024-11-13T17:55:41.739+0000] {logging_mixin.py:188} INFO - [2024-11-13T17:55:41.738+0000] {dagbag.py:545} INFO - Filling up the DagBag from /home/airflow/.local/lib/python3.12/site-packages/airflow/example_dags/example_trigger_target_dag.py
[2024-11-13T17:55:41.756+0000] {processor.py:840} INFO - DAG(s) 'example_trigger_target_dag' retrieved from /home/airflow/.local/lib/python3.12/site-packages/airflow/example_dags/example_trigger_target_dag.py
[2024-11-13T17:55:42.189+0000] {logging_mixin.py:188} INFO - [2024-11-13T17:55:42.189+0000] {dag.py:3096} INFO - Sync 1 DAGs
[2024-11-13T17:55:42.216+0000] {logging_mixin.py:188} INFO - [2024-11-13T17:55:42.215+0000] {dag.py:3954} INFO - Setting next_dagrun for example_trigger_target_dag to None, run_after=None
[2024-11-13T17:55:42.257+0000] {processor.py:183} INFO - Processing /home/airflow/.local/lib/python3.12/site-packages/airflow/example_dags/example_trigger_target_dag.py took 0.535 seconds
[2024-11-13T17:56:13.311+0000] {processor.py:161} INFO - Started process (PID=168) to work on /home/airflow/.local/lib/python3.12/site-packages/airflow/example_dags/example_trigger_target_dag.py
[2024-11-13T17:56:13.312+0000] {processor.py:830} INFO - Processing file /home/airflow/.local/lib/python3.12/site-packages/airflow/example_dags/example_trigger_target_dag.py for tasks to queue
[2024-11-13T17:56:13.314+0000] {logging_mixin.py:188} INFO - [2024-11-13T17:56:13.314+0000] {dagbag.py:545} INFO - Filling up the DagBag from /home/airflow/.local/lib/python3.12/site-packages/airflow/example_dags/example_trigger_target_dag.py
[2024-11-13T17:56:13.322+0000] {processor.py:840} INFO - DAG(s) 'example_trigger_target_dag' retrieved from /home/airflow/.local/lib/python3.12/site-packages/airflow/example_dags/example_trigger_target_dag.py
[2024-11-13T17:56:13.363+0000] {logging_mixin.py:188} INFO - [2024-11-13T17:56:13.363+0000] {dag.py:3096} INFO - Sync 1 DAGs
[2024-11-13T17:56:13.393+0000] {logging_mixin.py:188} INFO - [2024-11-13T17:56:13.393+0000] {dag.py:3954} INFO - Setting next_dagrun for example_trigger_target_dag to None, run_after=None
[2024-11-13T17:56:13.427+0000] {processor.py:183} INFO - Processing /home/airflow/.local/lib/python3.12/site-packages/airflow/example_dags/example_trigger_target_dag.py took 0.124 seconds
[2024-11-13T17:56:44.683+0000] {processor.py:161} INFO - Started process (PID=227) to work on /home/airflow/.local/lib/python3.12/site-packages/airflow/example_dags/example_trigger_target_dag.py
[2024-11-13T17:56:44.686+0000] {processor.py:830} INFO - Processing file /home/airflow/.local/lib/python3.12/site-packages/airflow/example_dags/example_trigger_target_dag.py for tasks to queue
[2024-11-13T17:56:44.692+0000] {logging_mixin.py:188} INFO - [2024-11-13T17:56:44.690+0000] {dagbag.py:545} INFO - Filling up the DagBag from /home/airflow/.local/lib/python3.12/site-packages/airflow/example_dags/example_trigger_target_dag.py
[2024-11-13T17:56:44.834+0000] {processor.py:840} INFO - DAG(s) 'example_trigger_target_dag' retrieved from /home/airflow/.local/lib/python3.12/site-packages/airflow/example_dags/example_trigger_target_dag.py
[2024-11-13T17:56:44.900+0000] {logging_mixin.py:188} INFO - [2024-11-13T17:56:44.899+0000] {dag.py:3096} INFO - Sync 1 DAGs
[2024-11-13T17:56:44.941+0000] {logging_mixin.py:188} INFO - [2024-11-13T17:56:44.940+0000] {dag.py:3954} INFO - Setting next_dagrun for example_trigger_target_dag to None, run_after=None
[2024-11-13T17:56:44.991+0000] {processor.py:183} INFO - Processing /home/airflow/.local/lib/python3.12/site-packages/airflow/example_dags/example_trigger_target_dag.py took 0.333 seconds
[2024-11-13T17:57:18.109+0000] {processor.py:161} INFO - Started process (PID=286) to work on /home/airflow/.local/lib/python3.12/site-packages/airflow/example_dags/example_trigger_target_dag.py
[2024-11-13T17:57:18.110+0000] {processor.py:830} INFO - Processing file /home/airflow/.local/lib/python3.12/site-packages/airflow/example_dags/example_trigger_target_dag.py for tasks to queue
[2024-11-13T17:57:18.114+0000] {logging_mixin.py:188} INFO - [2024-11-13T17:57:18.113+0000] {dagbag.py:545} INFO - Filling up the DagBag from /home/airflow/.local/lib/python3.12/site-packages/airflow/example_dags/example_trigger_target_dag.py
[2024-11-13T17:57:18.128+0000] {processor.py:840} INFO - DAG(s) 'example_trigger_target_dag' retrieved from /home/airflow/.local/lib/python3.12/site-packages/airflow/example_dags/example_trigger_target_dag.py
[2024-11-13T17:57:18.165+0000] {logging_mixin.py:188} INFO - [2024-11-13T17:57:18.165+0000] {dag.py:3096} INFO - Sync 1 DAGs
[2024-11-13T17:57:18.187+0000] {logging_mixin.py:188} INFO - [2024-11-13T17:57:18.187+0000] {dag.py:3954} INFO - Setting next_dagrun for example_trigger_target_dag to None, run_after=None
[2024-11-13T17:57:18.222+0000] {processor.py:183} INFO - Processing /home/airflow/.local/lib/python3.12/site-packages/airflow/example_dags/example_trigger_target_dag.py took 0.123 seconds
[2024-11-13T17:59:21.748+0000] {processor.py:161} INFO - Started process (PID=348) to work on /home/airflow/.local/lib/python3.12/site-packages/airflow/example_dags/example_trigger_target_dag.py
[2024-11-13T17:59:21.751+0000] {processor.py:830} INFO - Processing file /home/airflow/.local/lib/python3.12/site-packages/airflow/example_dags/example_trigger_target_dag.py for tasks to queue
[2024-11-13T17:59:21.755+0000] {logging_mixin.py:188} INFO - [2024-11-13T17:59:21.754+0000] {dagbag.py:545} INFO - Filling up the DagBag from /home/airflow/.local/lib/python3.12/site-packages/airflow/example_dags/example_trigger_target_dag.py
[2024-11-13T17:59:21.769+0000] {processor.py:840} INFO - DAG(s) 'example_trigger_target_dag' retrieved from /home/airflow/.local/lib/python3.12/site-packages/airflow/example_dags/example_trigger_target_dag.py
[2024-11-13T17:59:22.289+0000] {logging_mixin.py:188} INFO - [2024-11-13T17:59:22.288+0000] {dag.py:3096} INFO - Sync 1 DAGs
[2024-11-13T17:59:22.361+0000] {logging_mixin.py:188} INFO - [2024-11-13T17:59:22.361+0000] {dag.py:3954} INFO - Setting next_dagrun for example_trigger_target_dag to None, run_after=None
[2024-11-13T17:59:22.536+0000] {processor.py:183} INFO - Processing /home/airflow/.local/lib/python3.12/site-packages/airflow/example_dags/example_trigger_target_dag.py took 0.800 seconds
