[2024-11-13T17:55:51.228+0000] {processor.py:161} INFO - Started process (PID=146) to work on /home/airflow/.local/lib/python3.12/site-packages/airflow/example_dags/example_xcomargs.py
[2024-11-13T17:55:51.230+0000] {processor.py:830} INFO - Processing file /home/airflow/.local/lib/python3.12/site-packages/airflow/example_dags/example_xcomargs.py for tasks to queue
[2024-11-13T17:55:51.238+0000] {logging_mixin.py:188} INFO - [2024-11-13T17:55:51.236+0000] {dagbag.py:545} INFO - Filling up the DagBag from /home/airflow/.local/lib/python3.12/site-packages/airflow/example_dags/example_xcomargs.py
[2024-11-13T17:55:51.271+0000] {processor.py:840} INFO - DAG(s) 'example_xcom_args_with_operators', 'example_xcom_args' retrieved from /home/airflow/.local/lib/python3.12/site-packages/airflow/example_dags/example_xcomargs.py
[2024-11-13T17:55:51.631+0000] {logging_mixin.py:188} INFO - [2024-11-13T17:55:51.630+0000] {dag.py:3096} INFO - Sync 2 DAGs
[2024-11-13T17:55:51.665+0000] {logging_mixin.py:188} INFO - [2024-11-13T17:55:51.665+0000] {dag.py:3954} INFO - Setting next_dagrun for example_xcom_args to None, run_after=None
[2024-11-13T17:55:51.674+0000] {logging_mixin.py:188} INFO - [2024-11-13T17:55:51.673+0000] {dag.py:3954} INFO - Setting next_dagrun for example_xcom_args_with_operators to None, run_after=None
[2024-11-13T17:55:51.726+0000] {processor.py:183} INFO - Processing /home/airflow/.local/lib/python3.12/site-packages/airflow/example_dags/example_xcomargs.py took 0.518 seconds
[2024-11-13T17:56:21.813+0000] {processor.py:161} INFO - Started process (PID=205) to work on /home/airflow/.local/lib/python3.12/site-packages/airflow/example_dags/example_xcomargs.py
[2024-11-13T17:56:21.815+0000] {processor.py:830} INFO - Processing file /home/airflow/.local/lib/python3.12/site-packages/airflow/example_dags/example_xcomargs.py for tasks to queue
[2024-11-13T17:56:21.817+0000] {logging_mixin.py:188} INFO - [2024-11-13T17:56:21.817+0000] {dagbag.py:545} INFO - Filling up the DagBag from /home/airflow/.local/lib/python3.12/site-packages/airflow/example_dags/example_xcomargs.py
[2024-11-13T17:56:21.829+0000] {processor.py:840} INFO - DAG(s) 'example_xcom_args_with_operators', 'example_xcom_args' retrieved from /home/airflow/.local/lib/python3.12/site-packages/airflow/example_dags/example_xcomargs.py
[2024-11-13T17:56:21.858+0000] {logging_mixin.py:188} INFO - [2024-11-13T17:56:21.858+0000] {dag.py:3096} INFO - Sync 2 DAGs
[2024-11-13T17:56:21.874+0000] {logging_mixin.py:188} INFO - [2024-11-13T17:56:21.874+0000] {dag.py:3954} INFO - Setting next_dagrun for example_xcom_args to None, run_after=None
[2024-11-13T17:56:21.879+0000] {logging_mixin.py:188} INFO - [2024-11-13T17:56:21.879+0000] {dag.py:3954} INFO - Setting next_dagrun for example_xcom_args_with_operators to None, run_after=None
[2024-11-13T17:56:21.900+0000] {processor.py:183} INFO - Processing /home/airflow/.local/lib/python3.12/site-packages/airflow/example_dags/example_xcomargs.py took 0.095 seconds
[2024-11-13T17:56:52.467+0000] {processor.py:161} INFO - Started process (PID=264) to work on /home/airflow/.local/lib/python3.12/site-packages/airflow/example_dags/example_xcomargs.py
[2024-11-13T17:56:52.470+0000] {processor.py:830} INFO - Processing file /home/airflow/.local/lib/python3.12/site-packages/airflow/example_dags/example_xcomargs.py for tasks to queue
[2024-11-13T17:56:52.473+0000] {logging_mixin.py:188} INFO - [2024-11-13T17:56:52.473+0000] {dagbag.py:545} INFO - Filling up the DagBag from /home/airflow/.local/lib/python3.12/site-packages/airflow/example_dags/example_xcomargs.py
[2024-11-13T17:56:52.490+0000] {processor.py:840} INFO - DAG(s) 'example_xcom_args', 'example_xcom_args_with_operators' retrieved from /home/airflow/.local/lib/python3.12/site-packages/airflow/example_dags/example_xcomargs.py
[2024-11-13T17:56:52.546+0000] {logging_mixin.py:188} INFO - [2024-11-13T17:56:52.545+0000] {dag.py:3096} INFO - Sync 2 DAGs
[2024-11-13T17:56:52.577+0000] {logging_mixin.py:188} INFO - [2024-11-13T17:56:52.577+0000] {dag.py:3954} INFO - Setting next_dagrun for example_xcom_args to None, run_after=None
[2024-11-13T17:56:52.588+0000] {logging_mixin.py:188} INFO - [2024-11-13T17:56:52.587+0000] {dag.py:3954} INFO - Setting next_dagrun for example_xcom_args_with_operators to None, run_after=None
[2024-11-13T17:56:52.625+0000] {processor.py:183} INFO - Processing /home/airflow/.local/lib/python3.12/site-packages/airflow/example_dags/example_xcomargs.py took 0.168 seconds
[2024-11-13T17:57:34.330+0000] {processor.py:161} INFO - Started process (PID=326) to work on /home/airflow/.local/lib/python3.12/site-packages/airflow/example_dags/example_xcomargs.py
[2024-11-13T17:57:34.331+0000] {processor.py:830} INFO - Processing file /home/airflow/.local/lib/python3.12/site-packages/airflow/example_dags/example_xcomargs.py for tasks to queue
[2024-11-13T17:57:34.335+0000] {logging_mixin.py:188} INFO - [2024-11-13T17:57:34.335+0000] {dagbag.py:545} INFO - Filling up the DagBag from /home/airflow/.local/lib/python3.12/site-packages/airflow/example_dags/example_xcomargs.py
[2024-11-13T17:57:34.403+0000] {processor.py:840} INFO - DAG(s) 'example_xcom_args_with_operators', 'example_xcom_args' retrieved from /home/airflow/.local/lib/python3.12/site-packages/airflow/example_dags/example_xcomargs.py
[2024-11-13T17:57:34.690+0000] {logging_mixin.py:188} INFO - [2024-11-13T17:57:34.689+0000] {dag.py:3096} INFO - Sync 2 DAGs
[2024-11-13T17:57:34.710+0000] {logging_mixin.py:188} INFO - [2024-11-13T17:57:34.710+0000] {dag.py:3954} INFO - Setting next_dagrun for example_xcom_args to None, run_after=None
[2024-11-13T17:57:34.715+0000] {logging_mixin.py:188} INFO - [2024-11-13T17:57:34.715+0000] {dag.py:3954} INFO - Setting next_dagrun for example_xcom_args_with_operators to None, run_after=None
[2024-11-13T17:57:34.753+0000] {processor.py:183} INFO - Processing /home/airflow/.local/lib/python3.12/site-packages/airflow/example_dags/example_xcomargs.py took 0.433 seconds
[2024-11-13T17:59:40.534+0000] {processor.py:161} INFO - Started process (PID=385) to work on /home/airflow/.local/lib/python3.12/site-packages/airflow/example_dags/example_xcomargs.py
[2024-11-13T17:59:40.566+0000] {processor.py:830} INFO - Processing file /home/airflow/.local/lib/python3.12/site-packages/airflow/example_dags/example_xcomargs.py for tasks to queue
[2024-11-13T17:59:40.570+0000] {logging_mixin.py:188} INFO - [2024-11-13T17:59:40.570+0000] {dagbag.py:545} INFO - Filling up the DagBag from /home/airflow/.local/lib/python3.12/site-packages/airflow/example_dags/example_xcomargs.py
[2024-11-13T17:59:40.620+0000] {processor.py:840} INFO - DAG(s) 'example_xcom_args', 'example_xcom_args_with_operators' retrieved from /home/airflow/.local/lib/python3.12/site-packages/airflow/example_dags/example_xcomargs.py
[2024-11-13T17:59:40.821+0000] {logging_mixin.py:188} INFO - [2024-11-13T17:59:40.820+0000] {dag.py:3096} INFO - Sync 2 DAGs
[2024-11-13T17:59:40.860+0000] {logging_mixin.py:188} INFO - [2024-11-13T17:59:40.859+0000] {dag.py:3954} INFO - Setting next_dagrun for example_xcom_args to None, run_after=None
[2024-11-13T17:59:40.871+0000] {logging_mixin.py:188} INFO - [2024-11-13T17:59:40.871+0000] {dag.py:3954} INFO - Setting next_dagrun for example_xcom_args_with_operators to None, run_after=None
[2024-11-13T17:59:40.929+0000] {processor.py:183} INFO - Processing /home/airflow/.local/lib/python3.12/site-packages/airflow/example_dags/example_xcomargs.py took 0.412 seconds
