[2024-11-13T17:55:44.837+0000] {processor.py:161} INFO - Started process (PID=125) to work on /home/airflow/.local/lib/python3.12/site-packages/airflow/example_dags/example_setup_teardown.py
[2024-11-13T17:55:44.838+0000] {processor.py:830} INFO - Processing file /home/airflow/.local/lib/python3.12/site-packages/airflow/example_dags/example_setup_teardown.py for tasks to queue
[2024-11-13T17:55:44.841+0000] {logging_mixin.py:188} INFO - [2024-11-13T17:55:44.841+0000] {dagbag.py:545} INFO - Filling up the DagBag from /home/airflow/.local/lib/python3.12/site-packages/airflow/example_dags/example_setup_teardown.py
[2024-11-13T17:55:44.854+0000] {processor.py:840} INFO - DAG(s) 'example_setup_teardown' retrieved from /home/airflow/.local/lib/python3.12/site-packages/airflow/example_dags/example_setup_teardown.py
[2024-11-13T17:55:45.007+0000] {logging_mixin.py:188} INFO - [2024-11-13T17:55:45.006+0000] {dag.py:3096} INFO - Sync 1 DAGs
[2024-11-13T17:55:45.035+0000] {logging_mixin.py:188} INFO - [2024-11-13T17:55:45.035+0000] {dag.py:3954} INFO - Setting next_dagrun for example_setup_teardown to 2024-11-12 00:00:00+00:00, run_after=2024-11-13 00:00:00+00:00
[2024-11-13T17:55:45.072+0000] {processor.py:183} INFO - Processing /home/airflow/.local/lib/python3.12/site-packages/airflow/example_dags/example_setup_teardown.py took 0.245 seconds
[2024-11-13T17:56:15.418+0000] {processor.py:161} INFO - Started process (PID=184) to work on /home/airflow/.local/lib/python3.12/site-packages/airflow/example_dags/example_setup_teardown.py
[2024-11-13T17:56:15.420+0000] {processor.py:830} INFO - Processing file /home/airflow/.local/lib/python3.12/site-packages/airflow/example_dags/example_setup_teardown.py for tasks to queue
[2024-11-13T17:56:15.422+0000] {logging_mixin.py:188} INFO - [2024-11-13T17:56:15.422+0000] {dagbag.py:545} INFO - Filling up the DagBag from /home/airflow/.local/lib/python3.12/site-packages/airflow/example_dags/example_setup_teardown.py
[2024-11-13T17:56:15.431+0000] {processor.py:840} INFO - DAG(s) 'example_setup_teardown' retrieved from /home/airflow/.local/lib/python3.12/site-packages/airflow/example_dags/example_setup_teardown.py
[2024-11-13T17:56:15.464+0000] {logging_mixin.py:188} INFO - [2024-11-13T17:56:15.463+0000] {dag.py:3096} INFO - Sync 1 DAGs
[2024-11-13T17:56:15.495+0000] {logging_mixin.py:188} INFO - [2024-11-13T17:56:15.494+0000] {dag.py:3954} INFO - Setting next_dagrun for example_setup_teardown to 2024-11-12 00:00:00+00:00, run_after=2024-11-13 00:00:00+00:00
[2024-11-13T17:56:15.521+0000] {processor.py:183} INFO - Processing /home/airflow/.local/lib/python3.12/site-packages/airflow/example_dags/example_setup_teardown.py took 0.111 seconds
[2024-11-13T17:56:47.099+0000] {processor.py:161} INFO - Started process (PID=243) to work on /home/airflow/.local/lib/python3.12/site-packages/airflow/example_dags/example_setup_teardown.py
[2024-11-13T17:56:47.100+0000] {processor.py:830} INFO - Processing file /home/airflow/.local/lib/python3.12/site-packages/airflow/example_dags/example_setup_teardown.py for tasks to queue
[2024-11-13T17:56:47.103+0000] {logging_mixin.py:188} INFO - [2024-11-13T17:56:47.102+0000] {dagbag.py:545} INFO - Filling up the DagBag from /home/airflow/.local/lib/python3.12/site-packages/airflow/example_dags/example_setup_teardown.py
[2024-11-13T17:56:47.111+0000] {processor.py:840} INFO - DAG(s) 'example_setup_teardown' retrieved from /home/airflow/.local/lib/python3.12/site-packages/airflow/example_dags/example_setup_teardown.py
[2024-11-13T17:56:47.143+0000] {logging_mixin.py:188} INFO - [2024-11-13T17:56:47.142+0000] {dag.py:3096} INFO - Sync 1 DAGs
[2024-11-13T17:56:47.177+0000] {logging_mixin.py:188} INFO - [2024-11-13T17:56:47.177+0000] {dag.py:3954} INFO - Setting next_dagrun for example_setup_teardown to 2024-11-12 00:00:00+00:00, run_after=2024-11-13 00:00:00+00:00
[2024-11-13T17:56:47.205+0000] {processor.py:183} INFO - Processing /home/airflow/.local/lib/python3.12/site-packages/airflow/example_dags/example_setup_teardown.py took 0.113 seconds
[2024-11-13T17:57:27.911+0000] {processor.py:161} INFO - Started process (PID=302) to work on /home/airflow/.local/lib/python3.12/site-packages/airflow/example_dags/example_setup_teardown.py
[2024-11-13T17:57:27.913+0000] {processor.py:830} INFO - Processing file /home/airflow/.local/lib/python3.12/site-packages/airflow/example_dags/example_setup_teardown.py for tasks to queue
[2024-11-13T17:57:27.917+0000] {logging_mixin.py:188} INFO - [2024-11-13T17:57:27.917+0000] {dagbag.py:545} INFO - Filling up the DagBag from /home/airflow/.local/lib/python3.12/site-packages/airflow/example_dags/example_setup_teardown.py
[2024-11-13T17:57:27.968+0000] {processor.py:840} INFO - DAG(s) 'example_setup_teardown' retrieved from /home/airflow/.local/lib/python3.12/site-packages/airflow/example_dags/example_setup_teardown.py
[2024-11-13T17:57:28.207+0000] {logging_mixin.py:188} INFO - [2024-11-13T17:57:28.206+0000] {dag.py:3096} INFO - Sync 1 DAGs
[2024-11-13T17:57:28.288+0000] {logging_mixin.py:188} INFO - [2024-11-13T17:57:28.288+0000] {dag.py:3954} INFO - Setting next_dagrun for example_setup_teardown to 2024-11-12 00:00:00+00:00, run_after=2024-11-13 00:00:00+00:00
[2024-11-13T17:57:28.358+0000] {processor.py:183} INFO - Processing /home/airflow/.local/lib/python3.12/site-packages/airflow/example_dags/example_setup_teardown.py took 0.456 seconds
[2024-11-13T17:59:28.119+0000] {processor.py:161} INFO - Started process (PID=364) to work on /home/airflow/.local/lib/python3.12/site-packages/airflow/example_dags/example_setup_teardown.py
[2024-11-13T17:59:28.122+0000] {processor.py:830} INFO - Processing file /home/airflow/.local/lib/python3.12/site-packages/airflow/example_dags/example_setup_teardown.py for tasks to queue
[2024-11-13T17:59:28.127+0000] {logging_mixin.py:188} INFO - [2024-11-13T17:59:28.126+0000] {dagbag.py:545} INFO - Filling up the DagBag from /home/airflow/.local/lib/python3.12/site-packages/airflow/example_dags/example_setup_teardown.py
[2024-11-13T17:59:28.151+0000] {processor.py:840} INFO - DAG(s) 'example_setup_teardown' retrieved from /home/airflow/.local/lib/python3.12/site-packages/airflow/example_dags/example_setup_teardown.py
[2024-11-13T17:59:28.235+0000] {logging_mixin.py:188} INFO - [2024-11-13T17:59:28.234+0000] {dag.py:3096} INFO - Sync 1 DAGs
[2024-11-13T17:59:28.424+0000] {logging_mixin.py:188} INFO - [2024-11-13T17:59:28.424+0000] {dag.py:3954} INFO - Setting next_dagrun for example_setup_teardown to 2024-11-12 00:00:00+00:00, run_after=2024-11-13 00:00:00+00:00
[2024-11-13T17:59:29.374+0000] {processor.py:183} INFO - Processing /home/airflow/.local/lib/python3.12/site-packages/airflow/example_dags/example_setup_teardown.py took 1.268 seconds
