[2024-11-13T17:55:11.864+0000] {processor.py:161} INFO - Started process (PID=98) to work on /home/airflow/.local/lib/python3.12/site-packages/airflow/example_dags/example_latest_only.py
[2024-11-13T17:55:11.872+0000] {processor.py:830} INFO - Processing file /home/airflow/.local/lib/python3.12/site-packages/airflow/example_dags/example_latest_only.py for tasks to queue
[2024-11-13T17:55:11.883+0000] {logging_mixin.py:188} INFO - [2024-11-13T17:55:11.882+0000] {dagbag.py:545} INFO - Filling up the DagBag from /home/airflow/.local/lib/python3.12/site-packages/airflow/example_dags/example_latest_only.py
[2024-11-13T17:55:11.942+0000] {processor.py:840} INFO - DAG(s) 'latest_only' retrieved from /home/airflow/.local/lib/python3.12/site-packages/airflow/example_dags/example_latest_only.py
[2024-11-13T17:55:19.255+0000] {logging_mixin.py:188} INFO - [2024-11-13T17:55:19.237+0000] {dag.py:3096} INFO - Sync 1 DAGs
[2024-11-13T17:55:19.374+0000] {logging_mixin.py:188} INFO - [2024-11-13T17:55:19.373+0000] {dag.py:3954} INFO - Setting next_dagrun for latest_only to 2024-11-13 12:00:00+00:00, run_after=2024-11-13 16:00:00+00:00
[2024-11-13T17:55:19.493+0000] {processor.py:183} INFO - Processing /home/airflow/.local/lib/python3.12/site-packages/airflow/example_dags/example_latest_only.py took 7.680 seconds
[2024-11-13T17:55:53.812+0000] {processor.py:161} INFO - Started process (PID=157) to work on /home/airflow/.local/lib/python3.12/site-packages/airflow/example_dags/example_latest_only.py
[2024-11-13T17:55:53.838+0000] {processor.py:830} INFO - Processing file /home/airflow/.local/lib/python3.12/site-packages/airflow/example_dags/example_latest_only.py for tasks to queue
[2024-11-13T17:55:53.842+0000] {logging_mixin.py:188} INFO - [2024-11-13T17:55:53.842+0000] {dagbag.py:545} INFO - Filling up the DagBag from /home/airflow/.local/lib/python3.12/site-packages/airflow/example_dags/example_latest_only.py
[2024-11-13T17:55:53.858+0000] {processor.py:840} INFO - DAG(s) 'latest_only' retrieved from /home/airflow/.local/lib/python3.12/site-packages/airflow/example_dags/example_latest_only.py
[2024-11-13T17:55:53.911+0000] {logging_mixin.py:188} INFO - [2024-11-13T17:55:53.910+0000] {dag.py:3096} INFO - Sync 1 DAGs
[2024-11-13T17:55:53.970+0000] {logging_mixin.py:188} INFO - [2024-11-13T17:55:53.969+0000] {dag.py:3954} INFO - Setting next_dagrun for latest_only to 2024-11-13 12:00:00+00:00, run_after=2024-11-13 16:00:00+00:00
[2024-11-13T17:55:54.018+0000] {processor.py:183} INFO - Processing /home/airflow/.local/lib/python3.12/site-packages/airflow/example_dags/example_latest_only.py took 0.226 seconds
[2024-11-13T17:56:24.221+0000] {processor.py:161} INFO - Started process (PID=213) to work on /home/airflow/.local/lib/python3.12/site-packages/airflow/example_dags/example_latest_only.py
[2024-11-13T17:56:24.222+0000] {processor.py:830} INFO - Processing file /home/airflow/.local/lib/python3.12/site-packages/airflow/example_dags/example_latest_only.py for tasks to queue
[2024-11-13T17:56:24.225+0000] {logging_mixin.py:188} INFO - [2024-11-13T17:56:24.225+0000] {dagbag.py:545} INFO - Filling up the DagBag from /home/airflow/.local/lib/python3.12/site-packages/airflow/example_dags/example_latest_only.py
[2024-11-13T17:56:24.232+0000] {processor.py:840} INFO - DAG(s) 'latest_only' retrieved from /home/airflow/.local/lib/python3.12/site-packages/airflow/example_dags/example_latest_only.py
[2024-11-13T17:56:24.273+0000] {logging_mixin.py:188} INFO - [2024-11-13T17:56:24.272+0000] {dag.py:3096} INFO - Sync 1 DAGs
[2024-11-13T17:56:24.305+0000] {logging_mixin.py:188} INFO - [2024-11-13T17:56:24.304+0000] {dag.py:3954} INFO - Setting next_dagrun for latest_only to 2024-11-13 12:00:00+00:00, run_after=2024-11-13 16:00:00+00:00
[2024-11-13T17:56:24.332+0000] {processor.py:183} INFO - Processing /home/airflow/.local/lib/python3.12/site-packages/airflow/example_dags/example_latest_only.py took 0.119 seconds
[2024-11-13T17:56:54.967+0000] {processor.py:161} INFO - Started process (PID=272) to work on /home/airflow/.local/lib/python3.12/site-packages/airflow/example_dags/example_latest_only.py
[2024-11-13T17:56:54.968+0000] {processor.py:830} INFO - Processing file /home/airflow/.local/lib/python3.12/site-packages/airflow/example_dags/example_latest_only.py for tasks to queue
[2024-11-13T17:56:54.972+0000] {logging_mixin.py:188} INFO - [2024-11-13T17:56:54.971+0000] {dagbag.py:545} INFO - Filling up the DagBag from /home/airflow/.local/lib/python3.12/site-packages/airflow/example_dags/example_latest_only.py
[2024-11-13T17:56:54.980+0000] {processor.py:840} INFO - DAG(s) 'latest_only' retrieved from /home/airflow/.local/lib/python3.12/site-packages/airflow/example_dags/example_latest_only.py
[2024-11-13T17:56:55.018+0000] {logging_mixin.py:188} INFO - [2024-11-13T17:56:55.017+0000] {dag.py:3096} INFO - Sync 1 DAGs
[2024-11-13T17:56:55.057+0000] {logging_mixin.py:188} INFO - [2024-11-13T17:56:55.057+0000] {dag.py:3954} INFO - Setting next_dagrun for latest_only to 2024-11-13 12:00:00+00:00, run_after=2024-11-13 16:00:00+00:00
[2024-11-13T17:56:55.102+0000] {processor.py:183} INFO - Processing /home/airflow/.local/lib/python3.12/site-packages/airflow/example_dags/example_latest_only.py took 0.151 seconds
[2024-11-13T17:57:29.820+0000] {processor.py:161} INFO - Started process (PID=310) to work on /home/airflow/.local/lib/python3.12/site-packages/airflow/example_dags/example_latest_only.py
[2024-11-13T17:57:29.823+0000] {processor.py:830} INFO - Processing file /home/airflow/.local/lib/python3.12/site-packages/airflow/example_dags/example_latest_only.py for tasks to queue
[2024-11-13T17:57:29.826+0000] {logging_mixin.py:188} INFO - [2024-11-13T17:57:29.825+0000] {dagbag.py:545} INFO - Filling up the DagBag from /home/airflow/.local/lib/python3.12/site-packages/airflow/example_dags/example_latest_only.py
[2024-11-13T17:57:29.835+0000] {processor.py:840} INFO - DAG(s) 'latest_only' retrieved from /home/airflow/.local/lib/python3.12/site-packages/airflow/example_dags/example_latest_only.py
[2024-11-13T17:57:30.057+0000] {logging_mixin.py:188} INFO - [2024-11-13T17:57:30.057+0000] {dag.py:3096} INFO - Sync 1 DAGs
[2024-11-13T17:57:30.101+0000] {logging_mixin.py:188} INFO - [2024-11-13T17:57:30.100+0000] {dag.py:3954} INFO - Setting next_dagrun for latest_only to 2024-11-13 12:00:00+00:00, run_after=2024-11-13 16:00:00+00:00
[2024-11-13T17:57:30.133+0000] {processor.py:183} INFO - Processing /home/airflow/.local/lib/python3.12/site-packages/airflow/example_dags/example_latest_only.py took 0.322 seconds
[2024-11-13T17:59:18.864+0000] {processor.py:161} INFO - Started process (PID=345) to work on /home/airflow/.local/lib/python3.12/site-packages/airflow/example_dags/example_latest_only.py
[2024-11-13T17:59:18.875+0000] {processor.py:830} INFO - Processing file /home/airflow/.local/lib/python3.12/site-packages/airflow/example_dags/example_latest_only.py for tasks to queue
[2024-11-13T17:59:18.973+0000] {logging_mixin.py:188} INFO - [2024-11-13T17:59:18.970+0000] {dagbag.py:545} INFO - Filling up the DagBag from /home/airflow/.local/lib/python3.12/site-packages/airflow/example_dags/example_latest_only.py
[2024-11-13T17:59:19.054+0000] {processor.py:840} INFO - DAG(s) 'latest_only' retrieved from /home/airflow/.local/lib/python3.12/site-packages/airflow/example_dags/example_latest_only.py
[2024-11-13T17:59:19.331+0000] {logging_mixin.py:188} INFO - [2024-11-13T17:59:19.330+0000] {dag.py:3096} INFO - Sync 1 DAGs
[2024-11-13T17:59:19.621+0000] {logging_mixin.py:188} INFO - [2024-11-13T17:59:19.620+0000] {dag.py:3954} INFO - Setting next_dagrun for latest_only to 2024-11-13 12:00:00+00:00, run_after=2024-11-13 16:00:00+00:00
[2024-11-13T17:59:19.786+0000] {processor.py:183} INFO - Processing /home/airflow/.local/lib/python3.12/site-packages/airflow/example_dags/example_latest_only.py took 0.956 seconds
