[2024-11-13T17:55:48.521+0000] {processor.py:161} INFO - Started process (PID=141) to work on /home/airflow/.local/lib/python3.12/site-packages/airflow/example_dags/example_sla_dag.py
[2024-11-13T17:55:48.524+0000] {processor.py:830} INFO - Processing file /home/airflow/.local/lib/python3.12/site-packages/airflow/example_dags/example_sla_dag.py for tasks to queue
[2024-11-13T17:55:48.530+0000] {logging_mixin.py:188} INFO - [2024-11-13T17:55:48.529+0000] {dagbag.py:545} INFO - Filling up the DagBag from /home/airflow/.local/lib/python3.12/site-packages/airflow/example_dags/example_sla_dag.py
[2024-11-13T17:55:48.548+0000] {processor.py:840} INFO - DAG(s) 'example_sla_dag' retrieved from /home/airflow/.local/lib/python3.12/site-packages/airflow/example_dags/example_sla_dag.py
[2024-11-13T17:55:48.836+0000] {logging_mixin.py:188} INFO - [2024-11-13T17:55:48.835+0000] {dag.py:3096} INFO - Sync 1 DAGs
[2024-11-13T17:55:48.892+0000] {logging_mixin.py:188} INFO - [2024-11-13T17:55:48.892+0000] {dag.py:3954} INFO - Setting next_dagrun for example_sla_dag to 2024-11-13 17:52:00+00:00, run_after=2024-11-13 17:54:00+00:00
[2024-11-13T17:55:48.952+0000] {processor.py:183} INFO - Processing /home/airflow/.local/lib/python3.12/site-packages/airflow/example_dags/example_sla_dag.py took 0.441 seconds
[2024-11-13T17:56:19.240+0000] {processor.py:161} INFO - Started process (PID=200) to work on /home/airflow/.local/lib/python3.12/site-packages/airflow/example_dags/example_sla_dag.py
[2024-11-13T17:56:19.242+0000] {processor.py:830} INFO - Processing file /home/airflow/.local/lib/python3.12/site-packages/airflow/example_dags/example_sla_dag.py for tasks to queue
[2024-11-13T17:56:19.245+0000] {logging_mixin.py:188} INFO - [2024-11-13T17:56:19.244+0000] {dagbag.py:545} INFO - Filling up the DagBag from /home/airflow/.local/lib/python3.12/site-packages/airflow/example_dags/example_sla_dag.py
[2024-11-13T17:56:19.257+0000] {processor.py:840} INFO - DAG(s) 'example_sla_dag' retrieved from /home/airflow/.local/lib/python3.12/site-packages/airflow/example_dags/example_sla_dag.py
[2024-11-13T17:56:19.283+0000] {logging_mixin.py:188} INFO - [2024-11-13T17:56:19.283+0000] {dag.py:3096} INFO - Sync 1 DAGs
[2024-11-13T17:56:19.311+0000] {logging_mixin.py:188} INFO - [2024-11-13T17:56:19.311+0000] {dag.py:3954} INFO - Setting next_dagrun for example_sla_dag to 2024-11-13 17:54:00+00:00, run_after=2024-11-13 17:56:00+00:00
[2024-11-13T17:56:19.332+0000] {processor.py:183} INFO - Processing /home/airflow/.local/lib/python3.12/site-packages/airflow/example_dags/example_sla_dag.py took 0.101 seconds
[2024-11-13T17:56:49.833+0000] {processor.py:161} INFO - Started process (PID=259) to work on /home/airflow/.local/lib/python3.12/site-packages/airflow/example_dags/example_sla_dag.py
[2024-11-13T17:56:49.834+0000] {processor.py:830} INFO - Processing file /home/airflow/.local/lib/python3.12/site-packages/airflow/example_dags/example_sla_dag.py for tasks to queue
[2024-11-13T17:56:49.837+0000] {logging_mixin.py:188} INFO - [2024-11-13T17:56:49.837+0000] {dagbag.py:545} INFO - Filling up the DagBag from /home/airflow/.local/lib/python3.12/site-packages/airflow/example_dags/example_sla_dag.py
[2024-11-13T17:56:49.851+0000] {processor.py:840} INFO - DAG(s) 'example_sla_dag' retrieved from /home/airflow/.local/lib/python3.12/site-packages/airflow/example_dags/example_sla_dag.py
[2024-11-13T17:56:49.883+0000] {logging_mixin.py:188} INFO - [2024-11-13T17:56:49.882+0000] {dag.py:3096} INFO - Sync 1 DAGs
[2024-11-13T17:56:49.917+0000] {logging_mixin.py:188} INFO - [2024-11-13T17:56:49.917+0000] {dag.py:3954} INFO - Setting next_dagrun for example_sla_dag to 2024-11-13 17:54:00+00:00, run_after=2024-11-13 17:56:00+00:00
[2024-11-13T17:56:49.945+0000] {processor.py:183} INFO - Processing /home/airflow/.local/lib/python3.12/site-packages/airflow/example_dags/example_sla_dag.py took 0.121 seconds
[2024-11-13T17:57:32.843+0000] {processor.py:161} INFO - Started process (PID=321) to work on /home/airflow/.local/lib/python3.12/site-packages/airflow/example_dags/example_sla_dag.py
[2024-11-13T17:57:32.867+0000] {processor.py:830} INFO - Processing file /home/airflow/.local/lib/python3.12/site-packages/airflow/example_dags/example_sla_dag.py for tasks to queue
[2024-11-13T17:57:32.870+0000] {logging_mixin.py:188} INFO - [2024-11-13T17:57:32.869+0000] {dagbag.py:545} INFO - Filling up the DagBag from /home/airflow/.local/lib/python3.12/site-packages/airflow/example_dags/example_sla_dag.py
[2024-11-13T17:57:32.894+0000] {processor.py:840} INFO - DAG(s) 'example_sla_dag' retrieved from /home/airflow/.local/lib/python3.12/site-packages/airflow/example_dags/example_sla_dag.py
[2024-11-13T17:57:33.267+0000] {logging_mixin.py:188} INFO - [2024-11-13T17:57:33.266+0000] {dag.py:3096} INFO - Sync 1 DAGs
[2024-11-13T17:57:33.339+0000] {logging_mixin.py:188} INFO - [2024-11-13T17:57:33.338+0000] {dag.py:3954} INFO - Setting next_dagrun for example_sla_dag to 2024-11-13 17:54:00+00:00, run_after=2024-11-13 17:56:00+00:00
[2024-11-13T17:57:33.546+0000] {processor.py:183} INFO - Processing /home/airflow/.local/lib/python3.12/site-packages/airflow/example_dags/example_sla_dag.py took 0.708 seconds
[2024-11-13T17:59:39.217+0000] {processor.py:161} INFO - Started process (PID=380) to work on /home/airflow/.local/lib/python3.12/site-packages/airflow/example_dags/example_sla_dag.py
[2024-11-13T17:59:39.218+0000] {processor.py:830} INFO - Processing file /home/airflow/.local/lib/python3.12/site-packages/airflow/example_dags/example_sla_dag.py for tasks to queue
[2024-11-13T17:59:39.222+0000] {logging_mixin.py:188} INFO - [2024-11-13T17:59:39.222+0000] {dagbag.py:545} INFO - Filling up the DagBag from /home/airflow/.local/lib/python3.12/site-packages/airflow/example_dags/example_sla_dag.py
[2024-11-13T17:59:39.242+0000] {processor.py:840} INFO - DAG(s) 'example_sla_dag' retrieved from /home/airflow/.local/lib/python3.12/site-packages/airflow/example_dags/example_sla_dag.py
[2024-11-13T17:59:39.331+0000] {logging_mixin.py:188} INFO - [2024-11-13T17:59:39.330+0000] {dag.py:3096} INFO - Sync 1 DAGs
[2024-11-13T17:59:39.418+0000] {logging_mixin.py:188} INFO - [2024-11-13T17:59:39.417+0000] {dag.py:3954} INFO - Setting next_dagrun for example_sla_dag to 2024-11-13 17:56:00+00:00, run_after=2024-11-13 17:58:00+00:00
[2024-11-13T17:59:39.469+0000] {processor.py:183} INFO - Processing /home/airflow/.local/lib/python3.12/site-packages/airflow/example_dags/example_sla_dag.py took 0.264 seconds
