[2024-11-13T17:55:43.967+0000] {processor.py:161} INFO - Started process (PID=120) to work on /home/airflow/.local/lib/python3.12/site-packages/airflow/example_dags/example_branch_labels.py
[2024-11-13T17:55:43.968+0000] {processor.py:830} INFO - Processing file /home/airflow/.local/lib/python3.12/site-packages/airflow/example_dags/example_branch_labels.py for tasks to queue
[2024-11-13T17:55:43.971+0000] {logging_mixin.py:188} INFO - [2024-11-13T17:55:43.970+0000] {dagbag.py:545} INFO - Filling up the DagBag from /home/airflow/.local/lib/python3.12/site-packages/airflow/example_dags/example_branch_labels.py
[2024-11-13T17:55:43.984+0000] {processor.py:840} INFO - DAG(s) 'example_branch_labels' retrieved from /home/airflow/.local/lib/python3.12/site-packages/airflow/example_dags/example_branch_labels.py
[2024-11-13T17:55:44.165+0000] {logging_mixin.py:188} INFO - [2024-11-13T17:55:44.164+0000] {dag.py:3096} INFO - Sync 1 DAGs
[2024-11-13T17:55:44.195+0000] {logging_mixin.py:188} INFO - [2024-11-13T17:55:44.195+0000] {dag.py:3954} INFO - Setting next_dagrun for example_branch_labels to 2024-11-12 00:00:00+00:00, run_after=2024-11-13 00:00:00+00:00
[2024-11-13T17:55:44.225+0000] {processor.py:183} INFO - Processing /home/airflow/.local/lib/python3.12/site-packages/airflow/example_dags/example_branch_labels.py took 0.266 seconds
[2024-11-13T17:56:14.454+0000] {processor.py:161} INFO - Started process (PID=179) to work on /home/airflow/.local/lib/python3.12/site-packages/airflow/example_dags/example_branch_labels.py
[2024-11-13T17:56:14.455+0000] {processor.py:830} INFO - Processing file /home/airflow/.local/lib/python3.12/site-packages/airflow/example_dags/example_branch_labels.py for tasks to queue
[2024-11-13T17:56:14.458+0000] {logging_mixin.py:188} INFO - [2024-11-13T17:56:14.457+0000] {dagbag.py:545} INFO - Filling up the DagBag from /home/airflow/.local/lib/python3.12/site-packages/airflow/example_dags/example_branch_labels.py
[2024-11-13T17:56:14.467+0000] {processor.py:840} INFO - DAG(s) 'example_branch_labels' retrieved from /home/airflow/.local/lib/python3.12/site-packages/airflow/example_dags/example_branch_labels.py
[2024-11-13T17:56:14.496+0000] {logging_mixin.py:188} INFO - [2024-11-13T17:56:14.495+0000] {dag.py:3096} INFO - Sync 1 DAGs
[2024-11-13T17:56:14.527+0000] {logging_mixin.py:188} INFO - [2024-11-13T17:56:14.527+0000] {dag.py:3954} INFO - Setting next_dagrun for example_branch_labels to 2024-11-12 00:00:00+00:00, run_after=2024-11-13 00:00:00+00:00
[2024-11-13T17:56:14.551+0000] {processor.py:183} INFO - Processing /home/airflow/.local/lib/python3.12/site-packages/airflow/example_dags/example_branch_labels.py took 0.104 seconds
[2024-11-13T17:56:46.394+0000] {processor.py:161} INFO - Started process (PID=238) to work on /home/airflow/.local/lib/python3.12/site-packages/airflow/example_dags/example_branch_labels.py
[2024-11-13T17:56:46.396+0000] {processor.py:830} INFO - Processing file /home/airflow/.local/lib/python3.12/site-packages/airflow/example_dags/example_branch_labels.py for tasks to queue
[2024-11-13T17:56:46.400+0000] {logging_mixin.py:188} INFO - [2024-11-13T17:56:46.399+0000] {dagbag.py:545} INFO - Filling up the DagBag from /home/airflow/.local/lib/python3.12/site-packages/airflow/example_dags/example_branch_labels.py
[2024-11-13T17:56:46.414+0000] {processor.py:840} INFO - DAG(s) 'example_branch_labels' retrieved from /home/airflow/.local/lib/python3.12/site-packages/airflow/example_dags/example_branch_labels.py
[2024-11-13T17:56:46.457+0000] {logging_mixin.py:188} INFO - [2024-11-13T17:56:46.456+0000] {dag.py:3096} INFO - Sync 1 DAGs
[2024-11-13T17:56:46.511+0000] {logging_mixin.py:188} INFO - [2024-11-13T17:56:46.511+0000] {dag.py:3954} INFO - Setting next_dagrun for example_branch_labels to 2024-11-12 00:00:00+00:00, run_after=2024-11-13 00:00:00+00:00
[2024-11-13T17:56:46.543+0000] {processor.py:183} INFO - Processing /home/airflow/.local/lib/python3.12/site-packages/airflow/example_dags/example_branch_labels.py took 0.158 seconds
[2024-11-13T17:57:26.113+0000] {processor.py:161} INFO - Started process (PID=297) to work on /home/airflow/.local/lib/python3.12/site-packages/airflow/example_dags/example_branch_labels.py
[2024-11-13T17:57:26.115+0000] {processor.py:830} INFO - Processing file /home/airflow/.local/lib/python3.12/site-packages/airflow/example_dags/example_branch_labels.py for tasks to queue
[2024-11-13T17:57:26.121+0000] {logging_mixin.py:188} INFO - [2024-11-13T17:57:26.119+0000] {dagbag.py:545} INFO - Filling up the DagBag from /home/airflow/.local/lib/python3.12/site-packages/airflow/example_dags/example_branch_labels.py
[2024-11-13T17:57:26.145+0000] {processor.py:840} INFO - DAG(s) 'example_branch_labels' retrieved from /home/airflow/.local/lib/python3.12/site-packages/airflow/example_dags/example_branch_labels.py
[2024-11-13T17:57:26.666+0000] {logging_mixin.py:188} INFO - [2024-11-13T17:57:26.663+0000] {dag.py:3096} INFO - Sync 1 DAGs
[2024-11-13T17:57:26.775+0000] {logging_mixin.py:188} INFO - [2024-11-13T17:57:26.775+0000] {dag.py:3954} INFO - Setting next_dagrun for example_branch_labels to 2024-11-12 00:00:00+00:00, run_after=2024-11-13 00:00:00+00:00
[2024-11-13T17:57:26.855+0000] {processor.py:183} INFO - Processing /home/airflow/.local/lib/python3.12/site-packages/airflow/example_dags/example_branch_labels.py took 0.753 seconds
[2024-11-13T17:59:25.847+0000] {processor.py:161} INFO - Started process (PID=359) to work on /home/airflow/.local/lib/python3.12/site-packages/airflow/example_dags/example_branch_labels.py
[2024-11-13T17:59:25.850+0000] {processor.py:830} INFO - Processing file /home/airflow/.local/lib/python3.12/site-packages/airflow/example_dags/example_branch_labels.py for tasks to queue
[2024-11-13T17:59:25.858+0000] {logging_mixin.py:188} INFO - [2024-11-13T17:59:25.857+0000] {dagbag.py:545} INFO - Filling up the DagBag from /home/airflow/.local/lib/python3.12/site-packages/airflow/example_dags/example_branch_labels.py
[2024-11-13T17:59:25.903+0000] {processor.py:840} INFO - DAG(s) 'example_branch_labels' retrieved from /home/airflow/.local/lib/python3.12/site-packages/airflow/example_dags/example_branch_labels.py
[2024-11-13T17:59:26.146+0000] {logging_mixin.py:188} INFO - [2024-11-13T17:59:26.145+0000] {dag.py:3096} INFO - Sync 1 DAGs
[2024-11-13T17:59:26.509+0000] {logging_mixin.py:188} INFO - [2024-11-13T17:59:26.508+0000] {dag.py:3954} INFO - Setting next_dagrun for example_branch_labels to 2024-11-12 00:00:00+00:00, run_after=2024-11-13 00:00:00+00:00
[2024-11-13T17:59:26.707+0000] {processor.py:183} INFO - Processing /home/airflow/.local/lib/python3.12/site-packages/airflow/example_dags/example_branch_labels.py took 0.881 seconds
