[2024-12-05T20:40:06.664+0000] {local_task_job_runner.py:120} INFO - ::group::Pre task execution logs
[2024-12-05T20:40:06.692+0000] {taskinstance.py:2076} INFO - Dependencies all met for dep_context=non-requeueable deps ti=<TaskInstance: complete-dag.load_weather_data_to_snowflake__1 scheduled__2024-12-04T20:40:00+00:00 [queued]>
[2024-12-05T20:40:06.700+0000] {taskinstance.py:2076} INFO - Dependencies all met for dep_context=requeueable deps ti=<TaskInstance: complete-dag.load_weather_data_to_snowflake__1 scheduled__2024-12-04T20:40:00+00:00 [queued]>
[2024-12-05T20:40:06.700+0000] {taskinstance.py:2306} INFO - Starting attempt 1 of 1
[2024-12-05T20:40:06.713+0000] {taskinstance.py:2330} INFO - Executing <Task(_PythonDecoratedOperator): load_weather_data_to_snowflake__1> on 2024-12-04 20:40:00+00:00
[2024-12-05T20:40:06.721+0000] {standard_task_runner.py:90} INFO - Running: ['***', 'tasks', 'run', 'complete-dag', 'load_weather_data_to_snowflake__1', 'scheduled__2024-12-04T20:40:00+00:00', '--job-id', '569', '--raw', '--subdir', 'DAGS_FOLDER/complete_dag.py', '--cfg-path', '/tmp/tmpttopnf4b']
[2024-12-05T20:40:06.723+0000] {standard_task_runner.py:91} INFO - Job 569: Subtask load_weather_data_to_snowflake__1
[2024-12-05T20:40:06.724+0000] {logging_mixin.py:188} WARNING - /home/***/.local/lib/python3.12/site-packages/***/task/task_runner/standard_task_runner.py:61 DeprecationWarning: This process (pid=874) is multi-threaded, use of fork() may lead to deadlocks in the child.
[2024-12-05T20:40:06.725+0000] {standard_task_runner.py:63} INFO - Started process 884 to run task
[2024-12-05T20:40:06.771+0000] {task_command.py:426} INFO - Running <TaskInstance: complete-dag.load_weather_data_to_snowflake__1 scheduled__2024-12-04T20:40:00+00:00 [running]> on host e060654747dc
[2024-12-05T20:40:06.972+0000] {taskinstance.py:2648} INFO - Exporting env vars: AIRFLOW_CTX_DAG_OWNER='***' AIRFLOW_CTX_DAG_ID='complete-dag' AIRFLOW_CTX_TASK_ID='load_weather_data_to_snowflake__1' AIRFLOW_CTX_EXECUTION_DATE='2024-12-04T20:40:00+00:00' AIRFLOW_CTX_TRY_NUMBER='1' AIRFLOW_CTX_DAG_RUN_ID='scheduled__2024-12-04T20:40:00+00:00'
[2024-12-05T20:40:06.973+0000] {taskinstance.py:430} INFO - ::endgroup::
[2024-12-05T20:40:07.139+0000] {cursor.py:1149} INFO - Number of results in first chunk: 1
[2024-12-05T20:40:07.610+0000] {cursor.py:1149} INFO - Number of results in first chunk: 1
[2024-12-05T20:40:07.616+0000] {logging_mixin.py:188} WARNING - /opt/***/dags/complete_dag.py:163 FutureWarning: DataFrame.applymap has been deprecated. Use DataFrame.map instead.
[2024-12-05T20:40:08.144+0000] {logging_mixin.py:188} INFO - Successfully inserted 7 rows.
[2024-12-05T20:40:08.247+0000] {cursor.py:1149} INFO - Number of results in first chunk: 1
[2024-12-05T20:40:08.248+0000] {python.py:237} INFO - Done. Returned value was: None
[2024-12-05T20:40:08.248+0000] {taskinstance.py:441} INFO - ::group::Post task execution logs
[2024-12-05T20:40:08.256+0000] {taskinstance.py:1206} INFO - Marking task as SUCCESS. dag_id=complete-dag, task_id=load_weather_data_to_snowflake__1, run_id=scheduled__2024-12-04T20:40:00+00:00, execution_date=20241204T204000, start_date=20241205T204006, end_date=20241205T204008
[2024-12-05T20:40:08.303+0000] {local_task_job_runner.py:240} INFO - Task exited with return code 0
[2024-12-05T20:40:08.317+0000] {local_task_job_runner.py:222} INFO - ::endgroup::
