[2024-11-13T17:55:46.485+0000] {processor.py:161} INFO - Started process (PID=133) to work on /home/airflow/.local/lib/python3.12/site-packages/airflow/example_dags/example_external_task_marker_dag.py
[2024-11-13T17:55:46.486+0000] {processor.py:830} INFO - Processing file /home/airflow/.local/lib/python3.12/site-packages/airflow/example_dags/example_external_task_marker_dag.py for tasks to queue
[2024-11-13T17:55:46.489+0000] {logging_mixin.py:188} INFO - [2024-11-13T17:55:46.488+0000] {dagbag.py:545} INFO - Filling up the DagBag from /home/airflow/.local/lib/python3.12/site-packages/airflow/example_dags/example_external_task_marker_dag.py
[2024-11-13T17:55:46.500+0000] {processor.py:840} INFO - DAG(s) 'example_external_task_marker_parent', 'example_external_task_marker_child' retrieved from /home/airflow/.local/lib/python3.12/site-packages/airflow/example_dags/example_external_task_marker_dag.py
[2024-11-13T17:55:46.712+0000] {logging_mixin.py:188} INFO - [2024-11-13T17:55:46.711+0000] {dag.py:3096} INFO - Sync 2 DAGs
[2024-11-13T17:55:46.738+0000] {logging_mixin.py:188} INFO - [2024-11-13T17:55:46.737+0000] {dag.py:3954} INFO - Setting next_dagrun for example_external_task_marker_child to None, run_after=None
[2024-11-13T17:55:46.746+0000] {logging_mixin.py:188} INFO - [2024-11-13T17:55:46.746+0000] {dag.py:3954} INFO - Setting next_dagrun for example_external_task_marker_parent to None, run_after=None
[2024-11-13T17:55:46.784+0000] {processor.py:183} INFO - Processing /home/airflow/.local/lib/python3.12/site-packages/airflow/example_dags/example_external_task_marker_dag.py took 0.307 seconds
[2024-11-13T17:56:17.519+0000] {processor.py:161} INFO - Started process (PID=192) to work on /home/airflow/.local/lib/python3.12/site-packages/airflow/example_dags/example_external_task_marker_dag.py
[2024-11-13T17:56:17.520+0000] {processor.py:830} INFO - Processing file /home/airflow/.local/lib/python3.12/site-packages/airflow/example_dags/example_external_task_marker_dag.py for tasks to queue
[2024-11-13T17:56:17.523+0000] {logging_mixin.py:188} INFO - [2024-11-13T17:56:17.522+0000] {dagbag.py:545} INFO - Filling up the DagBag from /home/airflow/.local/lib/python3.12/site-packages/airflow/example_dags/example_external_task_marker_dag.py
[2024-11-13T17:56:17.530+0000] {processor.py:840} INFO - DAG(s) 'example_external_task_marker_parent', 'example_external_task_marker_child' retrieved from /home/airflow/.local/lib/python3.12/site-packages/airflow/example_dags/example_external_task_marker_dag.py
[2024-11-13T17:56:17.566+0000] {logging_mixin.py:188} INFO - [2024-11-13T17:56:17.565+0000] {dag.py:3096} INFO - Sync 2 DAGs
[2024-11-13T17:56:17.582+0000] {logging_mixin.py:188} INFO - [2024-11-13T17:56:17.582+0000] {dag.py:3954} INFO - Setting next_dagrun for example_external_task_marker_child to None, run_after=None
[2024-11-13T17:56:17.587+0000] {logging_mixin.py:188} INFO - [2024-11-13T17:56:17.587+0000] {dag.py:3954} INFO - Setting next_dagrun for example_external_task_marker_parent to None, run_after=None
[2024-11-13T17:56:17.612+0000] {processor.py:183} INFO - Processing /home/airflow/.local/lib/python3.12/site-packages/airflow/example_dags/example_external_task_marker_dag.py took 0.099 seconds
[2024-11-13T17:56:47.803+0000] {processor.py:161} INFO - Started process (PID=251) to work on /home/airflow/.local/lib/python3.12/site-packages/airflow/example_dags/example_external_task_marker_dag.py
[2024-11-13T17:56:47.805+0000] {processor.py:830} INFO - Processing file /home/airflow/.local/lib/python3.12/site-packages/airflow/example_dags/example_external_task_marker_dag.py for tasks to queue
[2024-11-13T17:56:47.807+0000] {logging_mixin.py:188} INFO - [2024-11-13T17:56:47.807+0000] {dagbag.py:545} INFO - Filling up the DagBag from /home/airflow/.local/lib/python3.12/site-packages/airflow/example_dags/example_external_task_marker_dag.py
[2024-11-13T17:56:47.814+0000] {processor.py:840} INFO - DAG(s) 'example_external_task_marker_parent', 'example_external_task_marker_child' retrieved from /home/airflow/.local/lib/python3.12/site-packages/airflow/example_dags/example_external_task_marker_dag.py
[2024-11-13T17:56:47.899+0000] {logging_mixin.py:188} INFO - [2024-11-13T17:56:47.897+0000] {dag.py:3096} INFO - Sync 2 DAGs
[2024-11-13T17:56:47.964+0000] {logging_mixin.py:188} INFO - [2024-11-13T17:56:47.964+0000] {dag.py:3954} INFO - Setting next_dagrun for example_external_task_marker_child to None, run_after=None
[2024-11-13T17:56:47.972+0000] {logging_mixin.py:188} INFO - [2024-11-13T17:56:47.972+0000] {dag.py:3954} INFO - Setting next_dagrun for example_external_task_marker_parent to None, run_after=None
[2024-11-13T17:56:48.006+0000] {processor.py:183} INFO - Processing /home/airflow/.local/lib/python3.12/site-packages/airflow/example_dags/example_external_task_marker_dag.py took 0.210 seconds
[2024-11-13T17:57:30.566+0000] {processor.py:161} INFO - Started process (PID=313) to work on /home/airflow/.local/lib/python3.12/site-packages/airflow/example_dags/example_external_task_marker_dag.py
[2024-11-13T17:57:30.568+0000] {processor.py:830} INFO - Processing file /home/airflow/.local/lib/python3.12/site-packages/airflow/example_dags/example_external_task_marker_dag.py for tasks to queue
[2024-11-13T17:57:30.573+0000] {logging_mixin.py:188} INFO - [2024-11-13T17:57:30.572+0000] {dagbag.py:545} INFO - Filling up the DagBag from /home/airflow/.local/lib/python3.12/site-packages/airflow/example_dags/example_external_task_marker_dag.py
[2024-11-13T17:57:30.587+0000] {processor.py:840} INFO - DAG(s) 'example_external_task_marker_parent', 'example_external_task_marker_child' retrieved from /home/airflow/.local/lib/python3.12/site-packages/airflow/example_dags/example_external_task_marker_dag.py
[2024-11-13T17:57:30.857+0000] {logging_mixin.py:188} INFO - [2024-11-13T17:57:30.856+0000] {dag.py:3096} INFO - Sync 2 DAGs
[2024-11-13T17:57:30.892+0000] {logging_mixin.py:188} INFO - [2024-11-13T17:57:30.892+0000] {dag.py:3954} INFO - Setting next_dagrun for example_external_task_marker_child to None, run_after=None
[2024-11-13T17:57:30.897+0000] {logging_mixin.py:188} INFO - [2024-11-13T17:57:30.897+0000] {dag.py:3954} INFO - Setting next_dagrun for example_external_task_marker_parent to None, run_after=None
[2024-11-13T17:57:30.938+0000] {processor.py:183} INFO - Processing /home/airflow/.local/lib/python3.12/site-packages/airflow/example_dags/example_external_task_marker_dag.py took 0.383 seconds
[2024-11-13T17:59:31.783+0000] {processor.py:161} INFO - Started process (PID=372) to work on /home/airflow/.local/lib/python3.12/site-packages/airflow/example_dags/example_external_task_marker_dag.py
[2024-11-13T17:59:31.786+0000] {processor.py:830} INFO - Processing file /home/airflow/.local/lib/python3.12/site-packages/airflow/example_dags/example_external_task_marker_dag.py for tasks to queue
[2024-11-13T17:59:31.790+0000] {logging_mixin.py:188} INFO - [2024-11-13T17:59:31.789+0000] {dagbag.py:545} INFO - Filling up the DagBag from /home/airflow/.local/lib/python3.12/site-packages/airflow/example_dags/example_external_task_marker_dag.py
[2024-11-13T17:59:31.820+0000] {processor.py:840} INFO - DAG(s) 'example_external_task_marker_child', 'example_external_task_marker_parent' retrieved from /home/airflow/.local/lib/python3.12/site-packages/airflow/example_dags/example_external_task_marker_dag.py
[2024-11-13T17:59:32.325+0000] {logging_mixin.py:188} INFO - [2024-11-13T17:59:32.321+0000] {dag.py:3096} INFO - Sync 2 DAGs
[2024-11-13T17:59:32.819+0000] {logging_mixin.py:188} INFO - [2024-11-13T17:59:32.819+0000] {dag.py:3954} INFO - Setting next_dagrun for example_external_task_marker_child to None, run_after=None
[2024-11-13T17:59:32.845+0000] {logging_mixin.py:188} INFO - [2024-11-13T17:59:32.844+0000] {dag.py:3954} INFO - Setting next_dagrun for example_external_task_marker_parent to None, run_after=None
[2024-11-13T17:59:32.943+0000] {processor.py:183} INFO - Processing /home/airflow/.local/lib/python3.12/site-packages/airflow/example_dags/example_external_task_marker_dag.py took 1.185 seconds
