[2024-11-13T17:55:46.778+0000] {processor.py:161} INFO - Started process (PID=134) to work on /home/airflow/.local/lib/python3.12/site-packages/airflow/example_dags/example_branch_day_of_week_operator.py
[2024-11-13T17:55:46.780+0000] {processor.py:830} INFO - Processing file /home/airflow/.local/lib/python3.12/site-packages/airflow/example_dags/example_branch_day_of_week_operator.py for tasks to queue
[2024-11-13T17:55:46.785+0000] {logging_mixin.py:188} INFO - [2024-11-13T17:55:46.784+0000] {dagbag.py:545} INFO - Filling up the DagBag from /home/airflow/.local/lib/python3.12/site-packages/airflow/example_dags/example_branch_day_of_week_operator.py
[2024-11-13T17:55:46.802+0000] {processor.py:840} INFO - DAG(s) 'example_weekday_branch_operator' retrieved from /home/airflow/.local/lib/python3.12/site-packages/airflow/example_dags/example_branch_day_of_week_operator.py
[2024-11-13T17:55:46.999+0000] {logging_mixin.py:188} INFO - [2024-11-13T17:55:46.998+0000] {dag.py:3096} INFO - Sync 1 DAGs
[2024-11-13T17:55:47.040+0000] {logging_mixin.py:188} INFO - [2024-11-13T17:55:47.039+0000] {dag.py:3954} INFO - Setting next_dagrun for example_weekday_branch_operator to 2024-11-12 00:00:00+00:00, run_after=2024-11-13 00:00:00+00:00
[2024-11-13T17:55:47.092+0000] {processor.py:183} INFO - Processing /home/airflow/.local/lib/python3.12/site-packages/airflow/example_dags/example_branch_day_of_week_operator.py took 0.324 seconds
[2024-11-13T17:56:17.679+0000] {processor.py:161} INFO - Started process (PID=193) to work on /home/airflow/.local/lib/python3.12/site-packages/airflow/example_dags/example_branch_day_of_week_operator.py
[2024-11-13T17:56:17.681+0000] {processor.py:830} INFO - Processing file /home/airflow/.local/lib/python3.12/site-packages/airflow/example_dags/example_branch_day_of_week_operator.py for tasks to queue
[2024-11-13T17:56:17.684+0000] {logging_mixin.py:188} INFO - [2024-11-13T17:56:17.683+0000] {dagbag.py:545} INFO - Filling up the DagBag from /home/airflow/.local/lib/python3.12/site-packages/airflow/example_dags/example_branch_day_of_week_operator.py
[2024-11-13T17:56:17.694+0000] {processor.py:840} INFO - DAG(s) 'example_weekday_branch_operator' retrieved from /home/airflow/.local/lib/python3.12/site-packages/airflow/example_dags/example_branch_day_of_week_operator.py
[2024-11-13T17:56:17.749+0000] {logging_mixin.py:188} INFO - [2024-11-13T17:56:17.747+0000] {dag.py:3096} INFO - Sync 1 DAGs
[2024-11-13T17:56:17.798+0000] {logging_mixin.py:188} INFO - [2024-11-13T17:56:17.798+0000] {dag.py:3954} INFO - Setting next_dagrun for example_weekday_branch_operator to 2024-11-12 00:00:00+00:00, run_after=2024-11-13 00:00:00+00:00
[2024-11-13T17:56:17.827+0000] {processor.py:183} INFO - Processing /home/airflow/.local/lib/python3.12/site-packages/airflow/example_dags/example_branch_day_of_week_operator.py took 0.156 seconds
[2024-11-13T17:56:48.040+0000] {processor.py:161} INFO - Started process (PID=252) to work on /home/airflow/.local/lib/python3.12/site-packages/airflow/example_dags/example_branch_day_of_week_operator.py
[2024-11-13T17:56:48.043+0000] {processor.py:830} INFO - Processing file /home/airflow/.local/lib/python3.12/site-packages/airflow/example_dags/example_branch_day_of_week_operator.py for tasks to queue
[2024-11-13T17:56:48.046+0000] {logging_mixin.py:188} INFO - [2024-11-13T17:56:48.046+0000] {dagbag.py:545} INFO - Filling up the DagBag from /home/airflow/.local/lib/python3.12/site-packages/airflow/example_dags/example_branch_day_of_week_operator.py
[2024-11-13T17:56:48.061+0000] {processor.py:840} INFO - DAG(s) 'example_weekday_branch_operator' retrieved from /home/airflow/.local/lib/python3.12/site-packages/airflow/example_dags/example_branch_day_of_week_operator.py
[2024-11-13T17:56:48.102+0000] {logging_mixin.py:188} INFO - [2024-11-13T17:56:48.101+0000] {dag.py:3096} INFO - Sync 1 DAGs
[2024-11-13T17:56:48.140+0000] {logging_mixin.py:188} INFO - [2024-11-13T17:56:48.140+0000] {dag.py:3954} INFO - Setting next_dagrun for example_weekday_branch_operator to 2024-11-12 00:00:00+00:00, run_after=2024-11-13 00:00:00+00:00
[2024-11-13T17:56:48.189+0000] {processor.py:183} INFO - Processing /home/airflow/.local/lib/python3.12/site-packages/airflow/example_dags/example_branch_day_of_week_operator.py took 0.158 seconds
[2024-11-13T17:57:31.016+0000] {processor.py:161} INFO - Started process (PID=314) to work on /home/airflow/.local/lib/python3.12/site-packages/airflow/example_dags/example_branch_day_of_week_operator.py
[2024-11-13T17:57:31.018+0000] {processor.py:830} INFO - Processing file /home/airflow/.local/lib/python3.12/site-packages/airflow/example_dags/example_branch_day_of_week_operator.py for tasks to queue
[2024-11-13T17:57:31.023+0000] {logging_mixin.py:188} INFO - [2024-11-13T17:57:31.022+0000] {dagbag.py:545} INFO - Filling up the DagBag from /home/airflow/.local/lib/python3.12/site-packages/airflow/example_dags/example_branch_day_of_week_operator.py
[2024-11-13T17:57:31.041+0000] {processor.py:840} INFO - DAG(s) 'example_weekday_branch_operator' retrieved from /home/airflow/.local/lib/python3.12/site-packages/airflow/example_dags/example_branch_day_of_week_operator.py
[2024-11-13T17:57:31.477+0000] {logging_mixin.py:188} INFO - [2024-11-13T17:57:31.476+0000] {dag.py:3096} INFO - Sync 1 DAGs
[2024-11-13T17:57:31.762+0000] {logging_mixin.py:188} INFO - [2024-11-13T17:57:31.762+0000] {dag.py:3954} INFO - Setting next_dagrun for example_weekday_branch_operator to 2024-11-12 00:00:00+00:00, run_after=2024-11-13 00:00:00+00:00
[2024-11-13T17:57:31.861+0000] {processor.py:183} INFO - Processing /home/airflow/.local/lib/python3.12/site-packages/airflow/example_dags/example_branch_day_of_week_operator.py took 0.856 seconds
[2024-11-13T17:59:33.044+0000] {processor.py:161} INFO - Started process (PID=373) to work on /home/airflow/.local/lib/python3.12/site-packages/airflow/example_dags/example_branch_day_of_week_operator.py
[2024-11-13T17:59:33.057+0000] {processor.py:830} INFO - Processing file /home/airflow/.local/lib/python3.12/site-packages/airflow/example_dags/example_branch_day_of_week_operator.py for tasks to queue
[2024-11-13T17:59:33.072+0000] {logging_mixin.py:188} INFO - [2024-11-13T17:59:33.070+0000] {dagbag.py:545} INFO - Filling up the DagBag from /home/airflow/.local/lib/python3.12/site-packages/airflow/example_dags/example_branch_day_of_week_operator.py
[2024-11-13T17:59:33.161+0000] {processor.py:840} INFO - DAG(s) 'example_weekday_branch_operator' retrieved from /home/airflow/.local/lib/python3.12/site-packages/airflow/example_dags/example_branch_day_of_week_operator.py
[2024-11-13T17:59:33.641+0000] {logging_mixin.py:188} INFO - [2024-11-13T17:59:33.640+0000] {dag.py:3096} INFO - Sync 1 DAGs
[2024-11-13T17:59:34.076+0000] {logging_mixin.py:188} INFO - [2024-11-13T17:59:34.075+0000] {dag.py:3954} INFO - Setting next_dagrun for example_weekday_branch_operator to 2024-11-12 00:00:00+00:00, run_after=2024-11-13 00:00:00+00:00
[2024-11-13T17:59:34.278+0000] {processor.py:183} INFO - Processing /home/airflow/.local/lib/python3.12/site-packages/airflow/example_dags/example_branch_day_of_week_operator.py took 1.311 seconds
