[2024-11-13T17:55:47.617+0000] {processor.py:161} INFO - Started process (PID=138) to work on /home/airflow/.local/lib/python3.12/site-packages/airflow/example_dags/example_bash_decorator.py
[2024-11-13T17:55:47.625+0000] {processor.py:830} INFO - Processing file /home/airflow/.local/lib/python3.12/site-packages/airflow/example_dags/example_bash_decorator.py for tasks to queue
[2024-11-13T17:55:47.628+0000] {logging_mixin.py:188} INFO - [2024-11-13T17:55:47.628+0000] {dagbag.py:545} INFO - Filling up the DagBag from /home/airflow/.local/lib/python3.12/site-packages/airflow/example_dags/example_bash_decorator.py
[2024-11-13T17:55:47.663+0000] {processor.py:840} INFO - DAG(s) 'example_bash_decorator' retrieved from /home/airflow/.local/lib/python3.12/site-packages/airflow/example_dags/example_bash_decorator.py
[2024-11-13T17:55:47.961+0000] {logging_mixin.py:188} INFO - [2024-11-13T17:55:47.961+0000] {dag.py:3096} INFO - Sync 1 DAGs
[2024-11-13T17:55:47.985+0000] {logging_mixin.py:188} INFO - [2024-11-13T17:55:47.984+0000] {dag.py:3954} INFO - Setting next_dagrun for example_bash_decorator to None, run_after=None
[2024-11-13T17:55:48.030+0000] {processor.py:183} INFO - Processing /home/airflow/.local/lib/python3.12/site-packages/airflow/example_dags/example_bash_decorator.py took 0.423 seconds
[2024-11-13T17:56:18.923+0000] {processor.py:161} INFO - Started process (PID=197) to work on /home/airflow/.local/lib/python3.12/site-packages/airflow/example_dags/example_bash_decorator.py
[2024-11-13T17:56:18.925+0000] {processor.py:830} INFO - Processing file /home/airflow/.local/lib/python3.12/site-packages/airflow/example_dags/example_bash_decorator.py for tasks to queue
[2024-11-13T17:56:18.928+0000] {logging_mixin.py:188} INFO - [2024-11-13T17:56:18.927+0000] {dagbag.py:545} INFO - Filling up the DagBag from /home/airflow/.local/lib/python3.12/site-packages/airflow/example_dags/example_bash_decorator.py
[2024-11-13T17:56:18.949+0000] {processor.py:840} INFO - DAG(s) 'example_bash_decorator' retrieved from /home/airflow/.local/lib/python3.12/site-packages/airflow/example_dags/example_bash_decorator.py
[2024-11-13T17:56:18.979+0000] {logging_mixin.py:188} INFO - [2024-11-13T17:56:18.978+0000] {dag.py:3096} INFO - Sync 1 DAGs
[2024-11-13T17:56:18.997+0000] {logging_mixin.py:188} INFO - [2024-11-13T17:56:18.997+0000] {dag.py:3954} INFO - Setting next_dagrun for example_bash_decorator to None, run_after=None
[2024-11-13T17:56:19.025+0000] {processor.py:183} INFO - Processing /home/airflow/.local/lib/python3.12/site-packages/airflow/example_dags/example_bash_decorator.py took 0.109 seconds
[2024-11-13T17:56:49.285+0000] {processor.py:161} INFO - Started process (PID=256) to work on /home/airflow/.local/lib/python3.12/site-packages/airflow/example_dags/example_bash_decorator.py
[2024-11-13T17:56:49.288+0000] {processor.py:830} INFO - Processing file /home/airflow/.local/lib/python3.12/site-packages/airflow/example_dags/example_bash_decorator.py for tasks to queue
[2024-11-13T17:56:49.301+0000] {logging_mixin.py:188} INFO - [2024-11-13T17:56:49.300+0000] {dagbag.py:545} INFO - Filling up the DagBag from /home/airflow/.local/lib/python3.12/site-packages/airflow/example_dags/example_bash_decorator.py
[2024-11-13T17:56:49.421+0000] {processor.py:840} INFO - DAG(s) 'example_bash_decorator' retrieved from /home/airflow/.local/lib/python3.12/site-packages/airflow/example_dags/example_bash_decorator.py
[2024-11-13T17:56:49.519+0000] {logging_mixin.py:188} INFO - [2024-11-13T17:56:49.518+0000] {dag.py:3096} INFO - Sync 1 DAGs
[2024-11-13T17:56:49.570+0000] {logging_mixin.py:188} INFO - [2024-11-13T17:56:49.570+0000] {dag.py:3954} INFO - Setting next_dagrun for example_bash_decorator to None, run_after=None
[2024-11-13T17:56:49.603+0000] {processor.py:183} INFO - Processing /home/airflow/.local/lib/python3.12/site-packages/airflow/example_dags/example_bash_decorator.py took 0.335 seconds
[2024-11-13T17:57:32.192+0000] {processor.py:161} INFO - Started process (PID=318) to work on /home/airflow/.local/lib/python3.12/site-packages/airflow/example_dags/example_bash_decorator.py
[2024-11-13T17:57:32.199+0000] {processor.py:830} INFO - Processing file /home/airflow/.local/lib/python3.12/site-packages/airflow/example_dags/example_bash_decorator.py for tasks to queue
[2024-11-13T17:57:32.203+0000] {logging_mixin.py:188} INFO - [2024-11-13T17:57:32.202+0000] {dagbag.py:545} INFO - Filling up the DagBag from /home/airflow/.local/lib/python3.12/site-packages/airflow/example_dags/example_bash_decorator.py
[2024-11-13T17:57:32.289+0000] {processor.py:840} INFO - DAG(s) 'example_bash_decorator' retrieved from /home/airflow/.local/lib/python3.12/site-packages/airflow/example_dags/example_bash_decorator.py
[2024-11-13T17:57:32.488+0000] {logging_mixin.py:188} INFO - [2024-11-13T17:57:32.488+0000] {dag.py:3096} INFO - Sync 1 DAGs
[2024-11-13T17:57:32.501+0000] {logging_mixin.py:188} INFO - [2024-11-13T17:57:32.500+0000] {dag.py:3954} INFO - Setting next_dagrun for example_bash_decorator to None, run_after=None
[2024-11-13T17:57:32.538+0000] {processor.py:183} INFO - Processing /home/airflow/.local/lib/python3.12/site-packages/airflow/example_dags/example_bash_decorator.py took 0.357 seconds
[2024-11-13T17:59:36.313+0000] {processor.py:161} INFO - Started process (PID=377) to work on /home/airflow/.local/lib/python3.12/site-packages/airflow/example_dags/example_bash_decorator.py
[2024-11-13T17:59:36.342+0000] {processor.py:830} INFO - Processing file /home/airflow/.local/lib/python3.12/site-packages/airflow/example_dags/example_bash_decorator.py for tasks to queue
[2024-11-13T17:59:36.425+0000] {logging_mixin.py:188} INFO - [2024-11-13T17:59:36.409+0000] {dagbag.py:545} INFO - Filling up the DagBag from /home/airflow/.local/lib/python3.12/site-packages/airflow/example_dags/example_bash_decorator.py
[2024-11-13T17:59:36.677+0000] {processor.py:840} INFO - DAG(s) 'example_bash_decorator' retrieved from /home/airflow/.local/lib/python3.12/site-packages/airflow/example_dags/example_bash_decorator.py
[2024-11-13T17:59:38.459+0000] {logging_mixin.py:188} INFO - [2024-11-13T17:59:38.458+0000] {dag.py:3096} INFO - Sync 1 DAGs
[2024-11-13T17:59:38.776+0000] {logging_mixin.py:188} INFO - [2024-11-13T17:59:38.775+0000] {dag.py:3954} INFO - Setting next_dagrun for example_bash_decorator to None, run_after=None
[2024-11-13T17:59:38.864+0000] {processor.py:183} INFO - Processing /home/airflow/.local/lib/python3.12/site-packages/airflow/example_dags/example_bash_decorator.py took 2.645 seconds
