[2024-11-13T17:55:42.352+0000] {processor.py:161} INFO - Started process (PID=111) to work on /home/airflow/.local/lib/python3.12/site-packages/airflow/example_dags/example_latest_only_with_trigger.py
[2024-11-13T17:55:42.354+0000] {processor.py:830} INFO - Processing file /home/airflow/.local/lib/python3.12/site-packages/airflow/example_dags/example_latest_only_with_trigger.py for tasks to queue
[2024-11-13T17:55:42.357+0000] {logging_mixin.py:188} INFO - [2024-11-13T17:55:42.357+0000] {dagbag.py:545} INFO - Filling up the DagBag from /home/airflow/.local/lib/python3.12/site-packages/airflow/example_dags/example_latest_only_with_trigger.py
[2024-11-13T17:55:42.371+0000] {processor.py:840} INFO - DAG(s) 'latest_only_with_trigger' retrieved from /home/airflow/.local/lib/python3.12/site-packages/airflow/example_dags/example_latest_only_with_trigger.py
[2024-11-13T17:55:42.560+0000] {logging_mixin.py:188} INFO - [2024-11-13T17:55:42.559+0000] {dag.py:3096} INFO - Sync 1 DAGs
[2024-11-13T17:55:42.601+0000] {logging_mixin.py:188} INFO - [2024-11-13T17:55:42.601+0000] {dag.py:3954} INFO - Setting next_dagrun for latest_only_with_trigger to 2024-11-13 12:00:00+00:00, run_after=2024-11-13 16:00:00+00:00
[2024-11-13T17:55:42.639+0000] {processor.py:183} INFO - Processing /home/airflow/.local/lib/python3.12/site-packages/airflow/example_dags/example_latest_only_with_trigger.py took 0.297 seconds
[2024-11-13T17:56:13.490+0000] {processor.py:161} INFO - Started process (PID=170) to work on /home/airflow/.local/lib/python3.12/site-packages/airflow/example_dags/example_latest_only_with_trigger.py
[2024-11-13T17:56:13.491+0000] {processor.py:830} INFO - Processing file /home/airflow/.local/lib/python3.12/site-packages/airflow/example_dags/example_latest_only_with_trigger.py for tasks to queue
[2024-11-13T17:56:13.494+0000] {logging_mixin.py:188} INFO - [2024-11-13T17:56:13.494+0000] {dagbag.py:545} INFO - Filling up the DagBag from /home/airflow/.local/lib/python3.12/site-packages/airflow/example_dags/example_latest_only_with_trigger.py
[2024-11-13T17:56:13.507+0000] {processor.py:840} INFO - DAG(s) 'latest_only_with_trigger' retrieved from /home/airflow/.local/lib/python3.12/site-packages/airflow/example_dags/example_latest_only_with_trigger.py
[2024-11-13T17:56:13.565+0000] {logging_mixin.py:188} INFO - [2024-11-13T17:56:13.564+0000] {dag.py:3096} INFO - Sync 1 DAGs
[2024-11-13T17:56:13.604+0000] {logging_mixin.py:188} INFO - [2024-11-13T17:56:13.602+0000] {dag.py:3954} INFO - Setting next_dagrun for latest_only_with_trigger to 2024-11-13 12:00:00+00:00, run_after=2024-11-13 16:00:00+00:00
[2024-11-13T17:56:13.645+0000] {processor.py:183} INFO - Processing /home/airflow/.local/lib/python3.12/site-packages/airflow/example_dags/example_latest_only_with_trigger.py took 0.172 seconds
[2024-11-13T17:56:45.177+0000] {processor.py:161} INFO - Started process (PID=229) to work on /home/airflow/.local/lib/python3.12/site-packages/airflow/example_dags/example_latest_only_with_trigger.py
[2024-11-13T17:56:45.180+0000] {processor.py:830} INFO - Processing file /home/airflow/.local/lib/python3.12/site-packages/airflow/example_dags/example_latest_only_with_trigger.py for tasks to queue
[2024-11-13T17:56:45.186+0000] {logging_mixin.py:188} INFO - [2024-11-13T17:56:45.185+0000] {dagbag.py:545} INFO - Filling up the DagBag from /home/airflow/.local/lib/python3.12/site-packages/airflow/example_dags/example_latest_only_with_trigger.py
[2024-11-13T17:56:45.203+0000] {processor.py:840} INFO - DAG(s) 'latest_only_with_trigger' retrieved from /home/airflow/.local/lib/python3.12/site-packages/airflow/example_dags/example_latest_only_with_trigger.py
[2024-11-13T17:56:45.235+0000] {logging_mixin.py:188} INFO - [2024-11-13T17:56:45.234+0000] {dag.py:3096} INFO - Sync 1 DAGs
[2024-11-13T17:56:45.341+0000] {logging_mixin.py:188} INFO - [2024-11-13T17:56:45.341+0000] {dag.py:3954} INFO - Setting next_dagrun for latest_only_with_trigger to 2024-11-13 12:00:00+00:00, run_after=2024-11-13 16:00:00+00:00
[2024-11-13T17:56:45.394+0000] {processor.py:183} INFO - Processing /home/airflow/.local/lib/python3.12/site-packages/airflow/example_dags/example_latest_only_with_trigger.py took 0.333 seconds
[2024-11-13T17:57:18.274+0000] {processor.py:161} INFO - Started process (PID=288) to work on /home/airflow/.local/lib/python3.12/site-packages/airflow/example_dags/example_latest_only_with_trigger.py
[2024-11-13T17:57:18.276+0000] {processor.py:830} INFO - Processing file /home/airflow/.local/lib/python3.12/site-packages/airflow/example_dags/example_latest_only_with_trigger.py for tasks to queue
[2024-11-13T17:57:18.283+0000] {logging_mixin.py:188} INFO - [2024-11-13T17:57:18.282+0000] {dagbag.py:545} INFO - Filling up the DagBag from /home/airflow/.local/lib/python3.12/site-packages/airflow/example_dags/example_latest_only_with_trigger.py
[2024-11-13T17:57:18.314+0000] {processor.py:840} INFO - DAG(s) 'latest_only_with_trigger' retrieved from /home/airflow/.local/lib/python3.12/site-packages/airflow/example_dags/example_latest_only_with_trigger.py
[2024-11-13T17:57:18.383+0000] {logging_mixin.py:188} INFO - [2024-11-13T17:57:18.382+0000] {dag.py:3096} INFO - Sync 1 DAGs
[2024-11-13T17:57:18.438+0000] {logging_mixin.py:188} INFO - [2024-11-13T17:57:18.437+0000] {dag.py:3954} INFO - Setting next_dagrun for latest_only_with_trigger to 2024-11-13 12:00:00+00:00, run_after=2024-11-13 16:00:00+00:00
[2024-11-13T17:57:18.480+0000] {processor.py:183} INFO - Processing /home/airflow/.local/lib/python3.12/site-packages/airflow/example_dags/example_latest_only_with_trigger.py took 0.215 seconds
[2024-11-13T17:59:22.702+0000] {processor.py:161} INFO - Started process (PID=350) to work on /home/airflow/.local/lib/python3.12/site-packages/airflow/example_dags/example_latest_only_with_trigger.py
[2024-11-13T17:59:22.705+0000] {processor.py:830} INFO - Processing file /home/airflow/.local/lib/python3.12/site-packages/airflow/example_dags/example_latest_only_with_trigger.py for tasks to queue
[2024-11-13T17:59:22.715+0000] {logging_mixin.py:188} INFO - [2024-11-13T17:59:22.714+0000] {dagbag.py:545} INFO - Filling up the DagBag from /home/airflow/.local/lib/python3.12/site-packages/airflow/example_dags/example_latest_only_with_trigger.py
[2024-11-13T17:59:22.736+0000] {processor.py:840} INFO - DAG(s) 'latest_only_with_trigger' retrieved from /home/airflow/.local/lib/python3.12/site-packages/airflow/example_dags/example_latest_only_with_trigger.py
[2024-11-13T17:59:23.114+0000] {logging_mixin.py:188} INFO - [2024-11-13T17:59:23.114+0000] {dag.py:3096} INFO - Sync 1 DAGs
[2024-11-13T17:59:23.187+0000] {logging_mixin.py:188} INFO - [2024-11-13T17:59:23.186+0000] {dag.py:3954} INFO - Setting next_dagrun for latest_only_with_trigger to 2024-11-13 12:00:00+00:00, run_after=2024-11-13 16:00:00+00:00
[2024-11-13T17:59:23.274+0000] {processor.py:183} INFO - Processing /home/airflow/.local/lib/python3.12/site-packages/airflow/example_dags/example_latest_only_with_trigger.py took 0.587 seconds
