[2024-11-13T17:55:44.236+0000] {processor.py:161} INFO - Started process (PID=121) to work on /home/airflow/.local/lib/python3.12/site-packages/airflow/example_dags/example_skip_dag.py
[2024-11-13T17:55:44.238+0000] {processor.py:830} INFO - Processing file /home/airflow/.local/lib/python3.12/site-packages/airflow/example_dags/example_skip_dag.py for tasks to queue
[2024-11-13T17:55:44.241+0000] {logging_mixin.py:188} INFO - [2024-11-13T17:55:44.240+0000] {dagbag.py:545} INFO - Filling up the DagBag from /home/airflow/.local/lib/python3.12/site-packages/airflow/example_dags/example_skip_dag.py
[2024-11-13T17:55:44.252+0000] {processor.py:840} INFO - DAG(s) 'example_skip_dag' retrieved from /home/airflow/.local/lib/python3.12/site-packages/airflow/example_dags/example_skip_dag.py
[2024-11-13T17:55:44.400+0000] {logging_mixin.py:188} INFO - [2024-11-13T17:55:44.400+0000] {dag.py:3096} INFO - Sync 1 DAGs
[2024-11-13T17:55:44.424+0000] {logging_mixin.py:188} INFO - [2024-11-13T17:55:44.423+0000] {dag.py:3954} INFO - Setting next_dagrun for example_skip_dag to 2024-11-12 00:00:00+00:00, run_after=2024-11-13 00:00:00+00:00
[2024-11-13T17:55:44.447+0000] {processor.py:183} INFO - Processing /home/airflow/.local/lib/python3.12/site-packages/airflow/example_dags/example_skip_dag.py took 0.217 seconds
[2024-11-13T17:56:14.600+0000] {processor.py:161} INFO - Started process (PID=180) to work on /home/airflow/.local/lib/python3.12/site-packages/airflow/example_dags/example_skip_dag.py
[2024-11-13T17:56:14.602+0000] {processor.py:830} INFO - Processing file /home/airflow/.local/lib/python3.12/site-packages/airflow/example_dags/example_skip_dag.py for tasks to queue
[2024-11-13T17:56:14.604+0000] {logging_mixin.py:188} INFO - [2024-11-13T17:56:14.603+0000] {dagbag.py:545} INFO - Filling up the DagBag from /home/airflow/.local/lib/python3.12/site-packages/airflow/example_dags/example_skip_dag.py
[2024-11-13T17:56:14.613+0000] {processor.py:840} INFO - DAG(s) 'example_skip_dag' retrieved from /home/airflow/.local/lib/python3.12/site-packages/airflow/example_dags/example_skip_dag.py
[2024-11-13T17:56:14.644+0000] {logging_mixin.py:188} INFO - [2024-11-13T17:56:14.643+0000] {dag.py:3096} INFO - Sync 1 DAGs
[2024-11-13T17:56:14.708+0000] {logging_mixin.py:188} INFO - [2024-11-13T17:56:14.707+0000] {dag.py:3954} INFO - Setting next_dagrun for example_skip_dag to 2024-11-12 00:00:00+00:00, run_after=2024-11-13 00:00:00+00:00
[2024-11-13T17:56:14.754+0000] {processor.py:183} INFO - Processing /home/airflow/.local/lib/python3.12/site-packages/airflow/example_dags/example_skip_dag.py took 0.160 seconds
[2024-11-13T17:56:46.601+0000] {processor.py:161} INFO - Started process (PID=239) to work on /home/airflow/.local/lib/python3.12/site-packages/airflow/example_dags/example_skip_dag.py
[2024-11-13T17:56:46.603+0000] {processor.py:830} INFO - Processing file /home/airflow/.local/lib/python3.12/site-packages/airflow/example_dags/example_skip_dag.py for tasks to queue
[2024-11-13T17:56:46.607+0000] {logging_mixin.py:188} INFO - [2024-11-13T17:56:46.606+0000] {dagbag.py:545} INFO - Filling up the DagBag from /home/airflow/.local/lib/python3.12/site-packages/airflow/example_dags/example_skip_dag.py
[2024-11-13T17:56:46.618+0000] {processor.py:840} INFO - DAG(s) 'example_skip_dag' retrieved from /home/airflow/.local/lib/python3.12/site-packages/airflow/example_dags/example_skip_dag.py
[2024-11-13T17:56:46.656+0000] {logging_mixin.py:188} INFO - [2024-11-13T17:56:46.655+0000] {dag.py:3096} INFO - Sync 1 DAGs
[2024-11-13T17:56:46.694+0000] {logging_mixin.py:188} INFO - [2024-11-13T17:56:46.694+0000] {dag.py:3954} INFO - Setting next_dagrun for example_skip_dag to 2024-11-12 00:00:00+00:00, run_after=2024-11-13 00:00:00+00:00
[2024-11-13T17:56:46.727+0000] {processor.py:183} INFO - Processing /home/airflow/.local/lib/python3.12/site-packages/airflow/example_dags/example_skip_dag.py took 0.136 seconds
[2024-11-13T17:57:26.153+0000] {processor.py:161} INFO - Started process (PID=298) to work on /home/airflow/.local/lib/python3.12/site-packages/airflow/example_dags/example_skip_dag.py
[2024-11-13T17:57:26.155+0000] {processor.py:830} INFO - Processing file /home/airflow/.local/lib/python3.12/site-packages/airflow/example_dags/example_skip_dag.py for tasks to queue
[2024-11-13T17:57:26.175+0000] {logging_mixin.py:188} INFO - [2024-11-13T17:57:26.171+0000] {dagbag.py:545} INFO - Filling up the DagBag from /home/airflow/.local/lib/python3.12/site-packages/airflow/example_dags/example_skip_dag.py
[2024-11-13T17:57:26.209+0000] {processor.py:840} INFO - DAG(s) 'example_skip_dag' retrieved from /home/airflow/.local/lib/python3.12/site-packages/airflow/example_dags/example_skip_dag.py
[2024-11-13T17:57:26.767+0000] {logging_mixin.py:188} INFO - [2024-11-13T17:57:26.765+0000] {dag.py:3096} INFO - Sync 1 DAGs
[2024-11-13T17:57:26.870+0000] {logging_mixin.py:188} INFO - [2024-11-13T17:57:26.870+0000] {dag.py:3954} INFO - Setting next_dagrun for example_skip_dag to 2024-11-12 00:00:00+00:00, run_after=2024-11-13 00:00:00+00:00
[2024-11-13T17:57:26.934+0000] {processor.py:183} INFO - Processing /home/airflow/.local/lib/python3.12/site-packages/airflow/example_dags/example_skip_dag.py took 0.792 seconds
[2024-11-13T17:59:26.824+0000] {processor.py:161} INFO - Started process (PID=360) to work on /home/airflow/.local/lib/python3.12/site-packages/airflow/example_dags/example_skip_dag.py
[2024-11-13T17:59:26.826+0000] {processor.py:830} INFO - Processing file /home/airflow/.local/lib/python3.12/site-packages/airflow/example_dags/example_skip_dag.py for tasks to queue
[2024-11-13T17:59:26.837+0000] {logging_mixin.py:188} INFO - [2024-11-13T17:59:26.834+0000] {dagbag.py:545} INFO - Filling up the DagBag from /home/airflow/.local/lib/python3.12/site-packages/airflow/example_dags/example_skip_dag.py
[2024-11-13T17:59:26.861+0000] {processor.py:840} INFO - DAG(s) 'example_skip_dag' retrieved from /home/airflow/.local/lib/python3.12/site-packages/airflow/example_dags/example_skip_dag.py
[2024-11-13T17:59:27.107+0000] {logging_mixin.py:188} INFO - [2024-11-13T17:59:27.106+0000] {dag.py:3096} INFO - Sync 1 DAGs
[2024-11-13T17:59:27.293+0000] {logging_mixin.py:188} INFO - [2024-11-13T17:59:27.292+0000] {dag.py:3954} INFO - Setting next_dagrun for example_skip_dag to 2024-11-12 00:00:00+00:00, run_after=2024-11-13 00:00:00+00:00
[2024-11-13T17:59:27.397+0000] {processor.py:183} INFO - Processing /home/airflow/.local/lib/python3.12/site-packages/airflow/example_dags/example_skip_dag.py took 0.595 seconds
