[2024-11-13T17:55:46.845+0000] {processor.py:161} INFO - Started process (PID=135) to work on /home/airflow/.local/lib/python3.12/site-packages/airflow/example_dags/example_display_name.py
[2024-11-13T17:55:46.846+0000] {processor.py:830} INFO - Processing file /home/airflow/.local/lib/python3.12/site-packages/airflow/example_dags/example_display_name.py for tasks to queue
[2024-11-13T17:55:46.851+0000] {logging_mixin.py:188} INFO - [2024-11-13T17:55:46.850+0000] {dagbag.py:545} INFO - Filling up the DagBag from /home/airflow/.local/lib/python3.12/site-packages/airflow/example_dags/example_display_name.py
[2024-11-13T17:55:46.861+0000] {processor.py:840} INFO - DAG(s) 'example_display_name' retrieved from /home/airflow/.local/lib/python3.12/site-packages/airflow/example_dags/example_display_name.py
[2024-11-13T17:55:47.050+0000] {logging_mixin.py:188} INFO - [2024-11-13T17:55:47.049+0000] {dag.py:3096} INFO - Sync 1 DAGs
[2024-11-13T17:55:47.070+0000] {logging_mixin.py:188} INFO - [2024-11-13T17:55:47.070+0000] {dag.py:3954} INFO - Setting next_dagrun for example_display_name to None, run_after=None
[2024-11-13T17:55:47.115+0000] {processor.py:183} INFO - Processing /home/airflow/.local/lib/python3.12/site-packages/airflow/example_dags/example_display_name.py took 0.279 seconds
[2024-11-13T17:56:17.686+0000] {processor.py:161} INFO - Started process (PID=194) to work on /home/airflow/.local/lib/python3.12/site-packages/airflow/example_dags/example_display_name.py
[2024-11-13T17:56:17.688+0000] {processor.py:830} INFO - Processing file /home/airflow/.local/lib/python3.12/site-packages/airflow/example_dags/example_display_name.py for tasks to queue
[2024-11-13T17:56:17.690+0000] {logging_mixin.py:188} INFO - [2024-11-13T17:56:17.690+0000] {dagbag.py:545} INFO - Filling up the DagBag from /home/airflow/.local/lib/python3.12/site-packages/airflow/example_dags/example_display_name.py
[2024-11-13T17:56:17.700+0000] {processor.py:840} INFO - DAG(s) 'example_display_name' retrieved from /home/airflow/.local/lib/python3.12/site-packages/airflow/example_dags/example_display_name.py
[2024-11-13T17:56:17.763+0000] {logging_mixin.py:188} INFO - [2024-11-13T17:56:17.761+0000] {dag.py:3096} INFO - Sync 1 DAGs
[2024-11-13T17:56:17.788+0000] {logging_mixin.py:188} INFO - [2024-11-13T17:56:17.787+0000] {dag.py:3954} INFO - Setting next_dagrun for example_display_name to None, run_after=None
[2024-11-13T17:56:17.818+0000] {processor.py:183} INFO - Processing /home/airflow/.local/lib/python3.12/site-packages/airflow/example_dags/example_display_name.py took 0.139 seconds
[2024-11-13T17:56:48.068+0000] {processor.py:161} INFO - Started process (PID=253) to work on /home/airflow/.local/lib/python3.12/site-packages/airflow/example_dags/example_display_name.py
[2024-11-13T17:56:48.070+0000] {processor.py:830} INFO - Processing file /home/airflow/.local/lib/python3.12/site-packages/airflow/example_dags/example_display_name.py for tasks to queue
[2024-11-13T17:56:48.074+0000] {logging_mixin.py:188} INFO - [2024-11-13T17:56:48.074+0000] {dagbag.py:545} INFO - Filling up the DagBag from /home/airflow/.local/lib/python3.12/site-packages/airflow/example_dags/example_display_name.py
[2024-11-13T17:56:48.083+0000] {processor.py:840} INFO - DAG(s) 'example_display_name' retrieved from /home/airflow/.local/lib/python3.12/site-packages/airflow/example_dags/example_display_name.py
[2024-11-13T17:56:48.114+0000] {logging_mixin.py:188} INFO - [2024-11-13T17:56:48.113+0000] {dag.py:3096} INFO - Sync 1 DAGs
[2024-11-13T17:56:48.133+0000] {logging_mixin.py:188} INFO - [2024-11-13T17:56:48.133+0000] {dag.py:3954} INFO - Setting next_dagrun for example_display_name to None, run_after=None
[2024-11-13T17:56:48.166+0000] {processor.py:183} INFO - Processing /home/airflow/.local/lib/python3.12/site-packages/airflow/example_dags/example_display_name.py took 0.107 seconds
[2024-11-13T17:57:31.027+0000] {processor.py:161} INFO - Started process (PID=315) to work on /home/airflow/.local/lib/python3.12/site-packages/airflow/example_dags/example_display_name.py
[2024-11-13T17:57:31.030+0000] {processor.py:830} INFO - Processing file /home/airflow/.local/lib/python3.12/site-packages/airflow/example_dags/example_display_name.py for tasks to queue
[2024-11-13T17:57:31.033+0000] {logging_mixin.py:188} INFO - [2024-11-13T17:57:31.033+0000] {dagbag.py:545} INFO - Filling up the DagBag from /home/airflow/.local/lib/python3.12/site-packages/airflow/example_dags/example_display_name.py
[2024-11-13T17:57:31.045+0000] {processor.py:840} INFO - DAG(s) 'example_display_name' retrieved from /home/airflow/.local/lib/python3.12/site-packages/airflow/example_dags/example_display_name.py
[2024-11-13T17:57:31.396+0000] {logging_mixin.py:188} INFO - [2024-11-13T17:57:31.384+0000] {dag.py:3096} INFO - Sync 1 DAGs
[2024-11-13T17:57:31.427+0000] {logging_mixin.py:188} INFO - [2024-11-13T17:57:31.427+0000] {dag.py:3954} INFO - Setting next_dagrun for example_display_name to None, run_after=None
[2024-11-13T17:57:31.604+0000] {processor.py:183} INFO - Processing /home/airflow/.local/lib/python3.12/site-packages/airflow/example_dags/example_display_name.py took 0.589 seconds
[2024-11-13T17:59:33.130+0000] {processor.py:161} INFO - Started process (PID=374) to work on /home/airflow/.local/lib/python3.12/site-packages/airflow/example_dags/example_display_name.py
[2024-11-13T17:59:33.134+0000] {processor.py:830} INFO - Processing file /home/airflow/.local/lib/python3.12/site-packages/airflow/example_dags/example_display_name.py for tasks to queue
[2024-11-13T17:59:33.145+0000] {logging_mixin.py:188} INFO - [2024-11-13T17:59:33.143+0000] {dagbag.py:545} INFO - Filling up the DagBag from /home/airflow/.local/lib/python3.12/site-packages/airflow/example_dags/example_display_name.py
[2024-11-13T17:59:33.197+0000] {processor.py:840} INFO - DAG(s) 'example_display_name' retrieved from /home/airflow/.local/lib/python3.12/site-packages/airflow/example_dags/example_display_name.py
[2024-11-13T17:59:33.602+0000] {logging_mixin.py:188} INFO - [2024-11-13T17:59:33.600+0000] {dag.py:3096} INFO - Sync 1 DAGs
[2024-11-13T17:59:33.968+0000] {logging_mixin.py:188} INFO - [2024-11-13T17:59:33.967+0000] {dag.py:3954} INFO - Setting next_dagrun for example_display_name to None, run_after=None
[2024-11-13T17:59:34.231+0000] {processor.py:183} INFO - Processing /home/airflow/.local/lib/python3.12/site-packages/airflow/example_dags/example_display_name.py took 1.123 seconds
