[2024-11-13T17:55:44.518+0000] {processor.py:161} INFO - Started process (PID=124) to work on /home/airflow/.local/lib/python3.12/site-packages/airflow/example_dags/example_datasets.py
[2024-11-13T17:55:44.519+0000] {processor.py:830} INFO - Processing file /home/airflow/.local/lib/python3.12/site-packages/airflow/example_dags/example_datasets.py for tasks to queue
[2024-11-13T17:55:44.522+0000] {logging_mixin.py:188} INFO - [2024-11-13T17:55:44.521+0000] {dagbag.py:545} INFO - Filling up the DagBag from /home/airflow/.local/lib/python3.12/site-packages/airflow/example_dags/example_datasets.py
[2024-11-13T17:55:44.567+0000] {processor.py:840} INFO - DAG(s) 'dataset_consumes_unknown_never_scheduled', 'consume_1_or_2_with_dataset_expressions', 'consume_1_and_2_with_dataset_expressions', 'conditional_dataset_and_time_based_timetable', 'dataset_produces_2', 'dataset_produces_1', 'dataset_consumes_1', 'dataset_consumes_1_never_scheduled', 'dataset_consumes_1_and_2', 'consume_1_or_both_2_and_3_with_dataset_expressions' retrieved from /home/airflow/.local/lib/python3.12/site-packages/airflow/example_dags/example_datasets.py
[2024-11-13T17:55:44.881+0000] {logging_mixin.py:188} INFO - [2024-11-13T17:55:44.881+0000] {dag.py:3096} INFO - Sync 10 DAGs
[2024-11-13T17:55:44.916+0000] {logging_mixin.py:188} INFO - [2024-11-13T17:55:44.916+0000] {dag.py:3954} INFO - Setting next_dagrun for conditional_dataset_and_time_based_timetable to 2024-11-13 01:00:00+00:00, run_after=2024-11-13 01:00:00+00:00
[2024-11-13T17:55:44.923+0000] {logging_mixin.py:188} INFO - [2024-11-13T17:55:44.923+0000] {dag.py:3954} INFO - Setting next_dagrun for consume_1_and_2_with_dataset_expressions to None, run_after=None
[2024-11-13T17:55:44.926+0000] {logging_mixin.py:188} INFO - [2024-11-13T17:55:44.926+0000] {dag.py:3954} INFO - Setting next_dagrun for consume_1_or_2_with_dataset_expressions to None, run_after=None
[2024-11-13T17:55:44.928+0000] {logging_mixin.py:188} INFO - [2024-11-13T17:55:44.928+0000] {dag.py:3954} INFO - Setting next_dagrun for consume_1_or_both_2_and_3_with_dataset_expressions to None, run_after=None
[2024-11-13T17:55:44.930+0000] {logging_mixin.py:188} INFO - [2024-11-13T17:55:44.930+0000] {dag.py:3954} INFO - Setting next_dagrun for dataset_consumes_1 to None, run_after=None
[2024-11-13T17:55:44.932+0000] {logging_mixin.py:188} INFO - [2024-11-13T17:55:44.932+0000] {dag.py:3954} INFO - Setting next_dagrun for dataset_consumes_1_and_2 to None, run_after=None
[2024-11-13T17:55:44.934+0000] {logging_mixin.py:188} INFO - [2024-11-13T17:55:44.934+0000] {dag.py:3954} INFO - Setting next_dagrun for dataset_consumes_1_never_scheduled to None, run_after=None
[2024-11-13T17:55:44.937+0000] {logging_mixin.py:188} INFO - [2024-11-13T17:55:44.936+0000] {dag.py:3954} INFO - Setting next_dagrun for dataset_consumes_unknown_never_scheduled to None, run_after=None
[2024-11-13T17:55:44.941+0000] {logging_mixin.py:188} INFO - [2024-11-13T17:55:44.941+0000] {dag.py:3954} INFO - Setting next_dagrun for dataset_produces_1 to 2024-11-12 00:00:00+00:00, run_after=2024-11-13 00:00:00+00:00
[2024-11-13T17:55:44.943+0000] {logging_mixin.py:188} INFO - [2024-11-13T17:55:44.943+0000] {dag.py:3954} INFO - Setting next_dagrun for dataset_produces_2 to None, run_after=None
[2024-11-13T17:55:45.009+0000] {processor.py:183} INFO - Processing /home/airflow/.local/lib/python3.12/site-packages/airflow/example_dags/example_datasets.py took 0.496 seconds
[2024-11-13T17:56:15.100+0000] {processor.py:161} INFO - Started process (PID=183) to work on /home/airflow/.local/lib/python3.12/site-packages/airflow/example_dags/example_datasets.py
[2024-11-13T17:56:15.102+0000] {processor.py:830} INFO - Processing file /home/airflow/.local/lib/python3.12/site-packages/airflow/example_dags/example_datasets.py for tasks to queue
[2024-11-13T17:56:15.104+0000] {logging_mixin.py:188} INFO - [2024-11-13T17:56:15.104+0000] {dagbag.py:545} INFO - Filling up the DagBag from /home/airflow/.local/lib/python3.12/site-packages/airflow/example_dags/example_datasets.py
[2024-11-13T17:56:15.131+0000] {processor.py:840} INFO - DAG(s) 'dataset_consumes_1_never_scheduled', 'consume_1_and_2_with_dataset_expressions', 'dataset_consumes_1', 'dataset_consumes_1_and_2', 'dataset_produces_1', 'dataset_produces_2', 'consume_1_or_2_with_dataset_expressions', 'dataset_consumes_unknown_never_scheduled', 'consume_1_or_both_2_and_3_with_dataset_expressions', 'conditional_dataset_and_time_based_timetable' retrieved from /home/airflow/.local/lib/python3.12/site-packages/airflow/example_dags/example_datasets.py
[2024-11-13T17:56:15.246+0000] {logging_mixin.py:188} INFO - [2024-11-13T17:56:15.245+0000] {dag.py:3096} INFO - Sync 10 DAGs
[2024-11-13T17:56:15.286+0000] {logging_mixin.py:188} INFO - [2024-11-13T17:56:15.285+0000] {dag.py:3954} INFO - Setting next_dagrun for conditional_dataset_and_time_based_timetable to 2024-11-13 01:00:00+00:00, run_after=2024-11-13 01:00:00+00:00
[2024-11-13T17:56:15.291+0000] {logging_mixin.py:188} INFO - [2024-11-13T17:56:15.291+0000] {dag.py:3954} INFO - Setting next_dagrun for consume_1_and_2_with_dataset_expressions to None, run_after=None
[2024-11-13T17:56:15.294+0000] {logging_mixin.py:188} INFO - [2024-11-13T17:56:15.293+0000] {dag.py:3954} INFO - Setting next_dagrun for consume_1_or_2_with_dataset_expressions to None, run_after=None
[2024-11-13T17:56:15.295+0000] {logging_mixin.py:188} INFO - [2024-11-13T17:56:15.295+0000] {dag.py:3954} INFO - Setting next_dagrun for consume_1_or_both_2_and_3_with_dataset_expressions to None, run_after=None
[2024-11-13T17:56:15.298+0000] {logging_mixin.py:188} INFO - [2024-11-13T17:56:15.297+0000] {dag.py:3954} INFO - Setting next_dagrun for dataset_consumes_1 to None, run_after=None
[2024-11-13T17:56:15.300+0000] {logging_mixin.py:188} INFO - [2024-11-13T17:56:15.300+0000] {dag.py:3954} INFO - Setting next_dagrun for dataset_consumes_1_and_2 to None, run_after=None
[2024-11-13T17:56:15.302+0000] {logging_mixin.py:188} INFO - [2024-11-13T17:56:15.302+0000] {dag.py:3954} INFO - Setting next_dagrun for dataset_consumes_1_never_scheduled to None, run_after=None
[2024-11-13T17:56:15.304+0000] {logging_mixin.py:188} INFO - [2024-11-13T17:56:15.303+0000] {dag.py:3954} INFO - Setting next_dagrun for dataset_consumes_unknown_never_scheduled to None, run_after=None
[2024-11-13T17:56:15.307+0000] {logging_mixin.py:188} INFO - [2024-11-13T17:56:15.306+0000] {dag.py:3954} INFO - Setting next_dagrun for dataset_produces_1 to 2024-11-12 00:00:00+00:00, run_after=2024-11-13 00:00:00+00:00
[2024-11-13T17:56:15.308+0000] {logging_mixin.py:188} INFO - [2024-11-13T17:56:15.308+0000] {dag.py:3954} INFO - Setting next_dagrun for dataset_produces_2 to None, run_after=None
[2024-11-13T17:56:15.356+0000] {processor.py:183} INFO - Processing /home/airflow/.local/lib/python3.12/site-packages/airflow/example_dags/example_datasets.py took 0.262 seconds
[2024-11-13T17:56:46.827+0000] {processor.py:161} INFO - Started process (PID=242) to work on /home/airflow/.local/lib/python3.12/site-packages/airflow/example_dags/example_datasets.py
[2024-11-13T17:56:46.829+0000] {processor.py:830} INFO - Processing file /home/airflow/.local/lib/python3.12/site-packages/airflow/example_dags/example_datasets.py for tasks to queue
[2024-11-13T17:56:46.832+0000] {logging_mixin.py:188} INFO - [2024-11-13T17:56:46.831+0000] {dagbag.py:545} INFO - Filling up the DagBag from /home/airflow/.local/lib/python3.12/site-packages/airflow/example_dags/example_datasets.py
[2024-11-13T17:56:46.849+0000] {processor.py:840} INFO - DAG(s) 'consume_1_and_2_with_dataset_expressions', 'dataset_consumes_1_and_2', 'dataset_produces_1', 'dataset_consumes_1_never_scheduled', 'consume_1_or_2_with_dataset_expressions', 'dataset_consumes_unknown_never_scheduled', 'conditional_dataset_and_time_based_timetable', 'dataset_consumes_1', 'consume_1_or_both_2_and_3_with_dataset_expressions', 'dataset_produces_2' retrieved from /home/airflow/.local/lib/python3.12/site-packages/airflow/example_dags/example_datasets.py
[2024-11-13T17:56:47.058+0000] {logging_mixin.py:188} INFO - [2024-11-13T17:56:47.058+0000] {dag.py:3096} INFO - Sync 10 DAGs
[2024-11-13T17:56:47.101+0000] {logging_mixin.py:188} INFO - [2024-11-13T17:56:47.101+0000] {dag.py:3954} INFO - Setting next_dagrun for conditional_dataset_and_time_based_timetable to 2024-11-13 01:00:00+00:00, run_after=2024-11-13 01:00:00+00:00
[2024-11-13T17:56:47.107+0000] {logging_mixin.py:188} INFO - [2024-11-13T17:56:47.106+0000] {dag.py:3954} INFO - Setting next_dagrun for consume_1_and_2_with_dataset_expressions to None, run_after=None
[2024-11-13T17:56:47.110+0000] {logging_mixin.py:188} INFO - [2024-11-13T17:56:47.110+0000] {dag.py:3954} INFO - Setting next_dagrun for consume_1_or_2_with_dataset_expressions to None, run_after=None
[2024-11-13T17:56:47.113+0000] {logging_mixin.py:188} INFO - [2024-11-13T17:56:47.112+0000] {dag.py:3954} INFO - Setting next_dagrun for consume_1_or_both_2_and_3_with_dataset_expressions to None, run_after=None
[2024-11-13T17:56:47.115+0000] {logging_mixin.py:188} INFO - [2024-11-13T17:56:47.115+0000] {dag.py:3954} INFO - Setting next_dagrun for dataset_consumes_1 to None, run_after=None
[2024-11-13T17:56:47.117+0000] {logging_mixin.py:188} INFO - [2024-11-13T17:56:47.116+0000] {dag.py:3954} INFO - Setting next_dagrun for dataset_consumes_1_and_2 to None, run_after=None
[2024-11-13T17:56:47.118+0000] {logging_mixin.py:188} INFO - [2024-11-13T17:56:47.118+0000] {dag.py:3954} INFO - Setting next_dagrun for dataset_consumes_1_never_scheduled to None, run_after=None
[2024-11-13T17:56:47.120+0000] {logging_mixin.py:188} INFO - [2024-11-13T17:56:47.120+0000] {dag.py:3954} INFO - Setting next_dagrun for dataset_consumes_unknown_never_scheduled to None, run_after=None
[2024-11-13T17:56:47.123+0000] {logging_mixin.py:188} INFO - [2024-11-13T17:56:47.123+0000] {dag.py:3954} INFO - Setting next_dagrun for dataset_produces_1 to 2024-11-12 00:00:00+00:00, run_after=2024-11-13 00:00:00+00:00
[2024-11-13T17:56:47.124+0000] {logging_mixin.py:188} INFO - [2024-11-13T17:56:47.124+0000] {dag.py:3954} INFO - Setting next_dagrun for dataset_produces_2 to None, run_after=None
[2024-11-13T17:56:47.173+0000] {processor.py:183} INFO - Processing /home/airflow/.local/lib/python3.12/site-packages/airflow/example_dags/example_datasets.py took 0.352 seconds
[2024-11-13T17:57:27.765+0000] {processor.py:161} INFO - Started process (PID=301) to work on /home/airflow/.local/lib/python3.12/site-packages/airflow/example_dags/example_datasets.py
[2024-11-13T17:57:27.767+0000] {processor.py:830} INFO - Processing file /home/airflow/.local/lib/python3.12/site-packages/airflow/example_dags/example_datasets.py for tasks to queue
[2024-11-13T17:57:27.771+0000] {logging_mixin.py:188} INFO - [2024-11-13T17:57:27.770+0000] {dagbag.py:545} INFO - Filling up the DagBag from /home/airflow/.local/lib/python3.12/site-packages/airflow/example_dags/example_datasets.py
[2024-11-13T17:57:27.835+0000] {processor.py:840} INFO - DAG(s) 'dataset_consumes_1_never_scheduled', 'consume_1_and_2_with_dataset_expressions', 'dataset_produces_2', 'dataset_consumes_1', 'dataset_consumes_1_and_2', 'dataset_produces_1', 'conditional_dataset_and_time_based_timetable', 'dataset_consumes_unknown_never_scheduled', 'consume_1_or_2_with_dataset_expressions', 'consume_1_or_both_2_and_3_with_dataset_expressions' retrieved from /home/airflow/.local/lib/python3.12/site-packages/airflow/example_dags/example_datasets.py
[2024-11-13T17:57:28.192+0000] {logging_mixin.py:188} INFO - [2024-11-13T17:57:28.191+0000] {dag.py:3096} INFO - Sync 10 DAGs
[2024-11-13T17:57:28.296+0000] {logging_mixin.py:188} INFO - [2024-11-13T17:57:28.295+0000] {dag.py:3954} INFO - Setting next_dagrun for conditional_dataset_and_time_based_timetable to 2024-11-13 01:00:00+00:00, run_after=2024-11-13 01:00:00+00:00
[2024-11-13T17:57:28.302+0000] {logging_mixin.py:188} INFO - [2024-11-13T17:57:28.302+0000] {dag.py:3954} INFO - Setting next_dagrun for consume_1_and_2_with_dataset_expressions to None, run_after=None
[2024-11-13T17:57:28.305+0000] {logging_mixin.py:188} INFO - [2024-11-13T17:57:28.305+0000] {dag.py:3954} INFO - Setting next_dagrun for consume_1_or_2_with_dataset_expressions to None, run_after=None
[2024-11-13T17:57:28.308+0000] {logging_mixin.py:188} INFO - [2024-11-13T17:57:28.307+0000] {dag.py:3954} INFO - Setting next_dagrun for consume_1_or_both_2_and_3_with_dataset_expressions to None, run_after=None
[2024-11-13T17:57:28.309+0000] {logging_mixin.py:188} INFO - [2024-11-13T17:57:28.309+0000] {dag.py:3954} INFO - Setting next_dagrun for dataset_consumes_1 to None, run_after=None
[2024-11-13T17:57:28.311+0000] {logging_mixin.py:188} INFO - [2024-11-13T17:57:28.311+0000] {dag.py:3954} INFO - Setting next_dagrun for dataset_consumes_1_and_2 to None, run_after=None
[2024-11-13T17:57:28.313+0000] {logging_mixin.py:188} INFO - [2024-11-13T17:57:28.312+0000] {dag.py:3954} INFO - Setting next_dagrun for dataset_consumes_1_never_scheduled to None, run_after=None
[2024-11-13T17:57:28.314+0000] {logging_mixin.py:188} INFO - [2024-11-13T17:57:28.314+0000] {dag.py:3954} INFO - Setting next_dagrun for dataset_consumes_unknown_never_scheduled to None, run_after=None
[2024-11-13T17:57:28.317+0000] {logging_mixin.py:188} INFO - [2024-11-13T17:57:28.317+0000] {dag.py:3954} INFO - Setting next_dagrun for dataset_produces_1 to 2024-11-12 00:00:00+00:00, run_after=2024-11-13 00:00:00+00:00
[2024-11-13T17:57:28.319+0000] {logging_mixin.py:188} INFO - [2024-11-13T17:57:28.319+0000] {dag.py:3954} INFO - Setting next_dagrun for dataset_produces_2 to None, run_after=None
[2024-11-13T17:57:28.418+0000] {processor.py:183} INFO - Processing /home/airflow/.local/lib/python3.12/site-packages/airflow/example_dags/example_datasets.py took 0.664 seconds
[2024-11-13T17:59:27.938+0000] {processor.py:161} INFO - Started process (PID=363) to work on /home/airflow/.local/lib/python3.12/site-packages/airflow/example_dags/example_datasets.py
[2024-11-13T17:59:27.941+0000] {processor.py:830} INFO - Processing file /home/airflow/.local/lib/python3.12/site-packages/airflow/example_dags/example_datasets.py for tasks to queue
[2024-11-13T17:59:27.953+0000] {logging_mixin.py:188} INFO - [2024-11-13T17:59:27.946+0000] {dagbag.py:545} INFO - Filling up the DagBag from /home/airflow/.local/lib/python3.12/site-packages/airflow/example_dags/example_datasets.py
[2024-11-13T17:59:28.043+0000] {processor.py:840} INFO - DAG(s) 'dataset_produces_1', 'conditional_dataset_and_time_based_timetable', 'dataset_consumes_1_never_scheduled', 'dataset_consumes_1_and_2', 'dataset_consumes_1', 'dataset_consumes_unknown_never_scheduled', 'consume_1_or_2_with_dataset_expressions', 'consume_1_or_both_2_and_3_with_dataset_expressions', 'consume_1_and_2_with_dataset_expressions', 'dataset_produces_2' retrieved from /home/airflow/.local/lib/python3.12/site-packages/airflow/example_dags/example_datasets.py
[2024-11-13T17:59:28.182+0000] {logging_mixin.py:188} INFO - [2024-11-13T17:59:28.181+0000] {dag.py:3096} INFO - Sync 10 DAGs
[2024-11-13T17:59:28.334+0000] {logging_mixin.py:188} INFO - [2024-11-13T17:59:28.333+0000] {dag.py:3954} INFO - Setting next_dagrun for conditional_dataset_and_time_based_timetable to 2024-11-13 01:00:00+00:00, run_after=2024-11-13 01:00:00+00:00
[2024-11-13T17:59:28.402+0000] {logging_mixin.py:188} INFO - [2024-11-13T17:59:28.401+0000] {dag.py:3954} INFO - Setting next_dagrun for consume_1_and_2_with_dataset_expressions to None, run_after=None
[2024-11-13T17:59:29.143+0000] {logging_mixin.py:188} INFO - [2024-11-13T17:59:29.142+0000] {dag.py:3954} INFO - Setting next_dagrun for consume_1_or_2_with_dataset_expressions to None, run_after=None
[2024-11-13T17:59:29.145+0000] {logging_mixin.py:188} INFO - [2024-11-13T17:59:29.145+0000] {dag.py:3954} INFO - Setting next_dagrun for consume_1_or_both_2_and_3_with_dataset_expressions to None, run_after=None
[2024-11-13T17:59:29.158+0000] {logging_mixin.py:188} INFO - [2024-11-13T17:59:29.158+0000] {dag.py:3954} INFO - Setting next_dagrun for dataset_consumes_1 to None, run_after=None
[2024-11-13T17:59:29.161+0000] {logging_mixin.py:188} INFO - [2024-11-13T17:59:29.161+0000] {dag.py:3954} INFO - Setting next_dagrun for dataset_consumes_1_and_2 to None, run_after=None
[2024-11-13T17:59:29.165+0000] {logging_mixin.py:188} INFO - [2024-11-13T17:59:29.165+0000] {dag.py:3954} INFO - Setting next_dagrun for dataset_consumes_1_never_scheduled to None, run_after=None
[2024-11-13T17:59:29.201+0000] {logging_mixin.py:188} INFO - [2024-11-13T17:59:29.201+0000] {dag.py:3954} INFO - Setting next_dagrun for dataset_consumes_unknown_never_scheduled to None, run_after=None
[2024-11-13T17:59:29.221+0000] {logging_mixin.py:188} INFO - [2024-11-13T17:59:29.220+0000] {dag.py:3954} INFO - Setting next_dagrun for dataset_produces_1 to 2024-11-12 00:00:00+00:00, run_after=2024-11-13 00:00:00+00:00
[2024-11-13T17:59:29.228+0000] {logging_mixin.py:188} INFO - [2024-11-13T17:59:29.227+0000] {dag.py:3954} INFO - Setting next_dagrun for dataset_produces_2 to None, run_after=None
[2024-11-13T17:59:29.428+0000] {processor.py:183} INFO - Processing /home/airflow/.local/lib/python3.12/site-packages/airflow/example_dags/example_datasets.py took 1.511 seconds
