[2024-11-13T17:55:42.702+0000] {processor.py:161} INFO - Started process (PID=113) to work on /home/airflow/.local/lib/python3.12/site-packages/airflow/example_dags/example_branch_operator.py
[2024-11-13T17:55:42.703+0000] {processor.py:830} INFO - Processing file /home/airflow/.local/lib/python3.12/site-packages/airflow/example_dags/example_branch_operator.py for tasks to queue
[2024-11-13T17:55:42.706+0000] {logging_mixin.py:188} INFO - [2024-11-13T17:55:42.706+0000] {dagbag.py:545} INFO - Filling up the DagBag from /home/airflow/.local/lib/python3.12/site-packages/airflow/example_dags/example_branch_operator.py
[2024-11-13T17:55:42.741+0000] {processor.py:840} INFO - DAG(s) 'example_branch_operator' retrieved from /home/airflow/.local/lib/python3.12/site-packages/airflow/example_dags/example_branch_operator.py
[2024-11-13T17:55:42.903+0000] {logging_mixin.py:188} INFO - [2024-11-13T17:55:42.902+0000] {dag.py:3096} INFO - Sync 1 DAGs
[2024-11-13T17:55:42.935+0000] {logging_mixin.py:188} INFO - [2024-11-13T17:55:42.934+0000] {dag.py:3954} INFO - Setting next_dagrun for example_branch_operator to 2024-11-12 00:00:00+00:00, run_after=2024-11-13 00:00:00+00:00
[2024-11-13T17:55:42.965+0000] {processor.py:183} INFO - Processing /home/airflow/.local/lib/python3.12/site-packages/airflow/example_dags/example_branch_operator.py took 0.271 seconds
[2024-11-13T17:56:13.704+0000] {processor.py:161} INFO - Started process (PID=172) to work on /home/airflow/.local/lib/python3.12/site-packages/airflow/example_dags/example_branch_operator.py
[2024-11-13T17:56:13.706+0000] {processor.py:830} INFO - Processing file /home/airflow/.local/lib/python3.12/site-packages/airflow/example_dags/example_branch_operator.py for tasks to queue
[2024-11-13T17:56:13.719+0000] {logging_mixin.py:188} INFO - [2024-11-13T17:56:13.716+0000] {dagbag.py:545} INFO - Filling up the DagBag from /home/airflow/.local/lib/python3.12/site-packages/airflow/example_dags/example_branch_operator.py
[2024-11-13T17:56:13.752+0000] {processor.py:840} INFO - DAG(s) 'example_branch_operator' retrieved from /home/airflow/.local/lib/python3.12/site-packages/airflow/example_dags/example_branch_operator.py
[2024-11-13T17:56:13.820+0000] {logging_mixin.py:188} INFO - [2024-11-13T17:56:13.819+0000] {dag.py:3096} INFO - Sync 1 DAGs
[2024-11-13T17:56:13.858+0000] {logging_mixin.py:188} INFO - [2024-11-13T17:56:13.858+0000] {dag.py:3954} INFO - Setting next_dagrun for example_branch_operator to 2024-11-12 00:00:00+00:00, run_after=2024-11-13 00:00:00+00:00
[2024-11-13T17:56:13.895+0000] {processor.py:183} INFO - Processing /home/airflow/.local/lib/python3.12/site-packages/airflow/example_dags/example_branch_operator.py took 0.200 seconds
[2024-11-13T17:56:45.459+0000] {processor.py:161} INFO - Started process (PID=231) to work on /home/airflow/.local/lib/python3.12/site-packages/airflow/example_dags/example_branch_operator.py
[2024-11-13T17:56:45.473+0000] {processor.py:830} INFO - Processing file /home/airflow/.local/lib/python3.12/site-packages/airflow/example_dags/example_branch_operator.py for tasks to queue
[2024-11-13T17:56:45.487+0000] {logging_mixin.py:188} INFO - [2024-11-13T17:56:45.485+0000] {dagbag.py:545} INFO - Filling up the DagBag from /home/airflow/.local/lib/python3.12/site-packages/airflow/example_dags/example_branch_operator.py
[2024-11-13T17:56:45.505+0000] {processor.py:840} INFO - DAG(s) 'example_branch_operator' retrieved from /home/airflow/.local/lib/python3.12/site-packages/airflow/example_dags/example_branch_operator.py
[2024-11-13T17:56:45.538+0000] {logging_mixin.py:188} INFO - [2024-11-13T17:56:45.537+0000] {dag.py:3096} INFO - Sync 1 DAGs
[2024-11-13T17:56:45.565+0000] {logging_mixin.py:188} INFO - [2024-11-13T17:56:45.565+0000] {dag.py:3954} INFO - Setting next_dagrun for example_branch_operator to 2024-11-12 00:00:00+00:00, run_after=2024-11-13 00:00:00+00:00
[2024-11-13T17:56:45.595+0000] {processor.py:183} INFO - Processing /home/airflow/.local/lib/python3.12/site-packages/airflow/example_dags/example_branch_operator.py took 0.158 seconds
[2024-11-13T17:57:19.193+0000] {processor.py:161} INFO - Started process (PID=290) to work on /home/airflow/.local/lib/python3.12/site-packages/airflow/example_dags/example_branch_operator.py
[2024-11-13T17:57:19.201+0000] {processor.py:830} INFO - Processing file /home/airflow/.local/lib/python3.12/site-packages/airflow/example_dags/example_branch_operator.py for tasks to queue
[2024-11-13T17:57:19.220+0000] {logging_mixin.py:188} INFO - [2024-11-13T17:57:19.212+0000] {dagbag.py:545} INFO - Filling up the DagBag from /home/airflow/.local/lib/python3.12/site-packages/airflow/example_dags/example_branch_operator.py
[2024-11-13T17:57:19.330+0000] {processor.py:840} INFO - DAG(s) 'example_branch_operator' retrieved from /home/airflow/.local/lib/python3.12/site-packages/airflow/example_dags/example_branch_operator.py
[2024-11-13T17:57:21.118+0000] {logging_mixin.py:188} INFO - [2024-11-13T17:57:21.116+0000] {dag.py:3096} INFO - Sync 1 DAGs
[2024-11-13T17:57:21.450+0000] {logging_mixin.py:188} INFO - [2024-11-13T17:57:21.449+0000] {dag.py:3954} INFO - Setting next_dagrun for example_branch_operator to 2024-11-12 00:00:00+00:00, run_after=2024-11-13 00:00:00+00:00
[2024-11-13T17:57:21.512+0000] {processor.py:183} INFO - Processing /home/airflow/.local/lib/python3.12/site-packages/airflow/example_dags/example_branch_operator.py took 2.607 seconds
[2024-11-13T17:59:23.416+0000] {processor.py:161} INFO - Started process (PID=352) to work on /home/airflow/.local/lib/python3.12/site-packages/airflow/example_dags/example_branch_operator.py
[2024-11-13T17:59:23.419+0000] {processor.py:830} INFO - Processing file /home/airflow/.local/lib/python3.12/site-packages/airflow/example_dags/example_branch_operator.py for tasks to queue
[2024-11-13T17:59:23.424+0000] {logging_mixin.py:188} INFO - [2024-11-13T17:59:23.423+0000] {dagbag.py:545} INFO - Filling up the DagBag from /home/airflow/.local/lib/python3.12/site-packages/airflow/example_dags/example_branch_operator.py
[2024-11-13T17:59:23.494+0000] {processor.py:840} INFO - DAG(s) 'example_branch_operator' retrieved from /home/airflow/.local/lib/python3.12/site-packages/airflow/example_dags/example_branch_operator.py
[2024-11-13T17:59:24.053+0000] {logging_mixin.py:188} INFO - [2024-11-13T17:59:24.051+0000] {dag.py:3096} INFO - Sync 1 DAGs
[2024-11-13T17:59:24.111+0000] {logging_mixin.py:188} INFO - [2024-11-13T17:59:24.111+0000] {dag.py:3954} INFO - Setting next_dagrun for example_branch_operator to 2024-11-12 00:00:00+00:00, run_after=2024-11-13 00:00:00+00:00
[2024-11-13T17:59:24.166+0000] {processor.py:183} INFO - Processing /home/airflow/.local/lib/python3.12/site-packages/airflow/example_dags/example_branch_operator.py took 0.768 seconds
