[2024-11-13T17:55:43.256+0000] {processor.py:161} INFO - Started process (PID=116) to work on /home/airflow/.local/lib/python3.12/site-packages/airflow/example_dags/example_complex.py
[2024-11-13T17:55:43.257+0000] {processor.py:830} INFO - Processing file /home/airflow/.local/lib/python3.12/site-packages/airflow/example_dags/example_complex.py for tasks to queue
[2024-11-13T17:55:43.260+0000] {logging_mixin.py:188} INFO - [2024-11-13T17:55:43.260+0000] {dagbag.py:545} INFO - Filling up the DagBag from /home/airflow/.local/lib/python3.12/site-packages/airflow/example_dags/example_complex.py
[2024-11-13T17:55:43.281+0000] {processor.py:840} INFO - DAG(s) 'example_complex' retrieved from /home/airflow/.local/lib/python3.12/site-packages/airflow/example_dags/example_complex.py
[2024-11-13T17:55:43.479+0000] {logging_mixin.py:188} INFO - [2024-11-13T17:55:43.478+0000] {dag.py:3096} INFO - Sync 1 DAGs
[2024-11-13T17:55:43.497+0000] {logging_mixin.py:188} INFO - [2024-11-13T17:55:43.497+0000] {dag.py:3954} INFO - Setting next_dagrun for example_complex to None, run_after=None
[2024-11-13T17:55:43.535+0000] {processor.py:183} INFO - Processing /home/airflow/.local/lib/python3.12/site-packages/airflow/example_dags/example_complex.py took 0.287 seconds
[2024-11-13T17:56:14.060+0000] {processor.py:161} INFO - Started process (PID=175) to work on /home/airflow/.local/lib/python3.12/site-packages/airflow/example_dags/example_complex.py
[2024-11-13T17:56:14.063+0000] {processor.py:830} INFO - Processing file /home/airflow/.local/lib/python3.12/site-packages/airflow/example_dags/example_complex.py for tasks to queue
[2024-11-13T17:56:14.067+0000] {logging_mixin.py:188} INFO - [2024-11-13T17:56:14.066+0000] {dagbag.py:545} INFO - Filling up the DagBag from /home/airflow/.local/lib/python3.12/site-packages/airflow/example_dags/example_complex.py
[2024-11-13T17:56:14.089+0000] {processor.py:840} INFO - DAG(s) 'example_complex' retrieved from /home/airflow/.local/lib/python3.12/site-packages/airflow/example_dags/example_complex.py
[2024-11-13T17:56:14.153+0000] {logging_mixin.py:188} INFO - [2024-11-13T17:56:14.153+0000] {dag.py:3096} INFO - Sync 1 DAGs
[2024-11-13T17:56:14.185+0000] {logging_mixin.py:188} INFO - [2024-11-13T17:56:14.185+0000] {dag.py:3954} INFO - Setting next_dagrun for example_complex to None, run_after=None
[2024-11-13T17:56:14.225+0000] {processor.py:183} INFO - Processing /home/airflow/.local/lib/python3.12/site-packages/airflow/example_dags/example_complex.py took 0.177 seconds
[2024-11-13T17:56:45.667+0000] {processor.py:161} INFO - Started process (PID=234) to work on /home/airflow/.local/lib/python3.12/site-packages/airflow/example_dags/example_complex.py
[2024-11-13T17:56:45.669+0000] {processor.py:830} INFO - Processing file /home/airflow/.local/lib/python3.12/site-packages/airflow/example_dags/example_complex.py for tasks to queue
[2024-11-13T17:56:45.672+0000] {logging_mixin.py:188} INFO - [2024-11-13T17:56:45.672+0000] {dagbag.py:545} INFO - Filling up the DagBag from /home/airflow/.local/lib/python3.12/site-packages/airflow/example_dags/example_complex.py
[2024-11-13T17:56:45.686+0000] {processor.py:840} INFO - DAG(s) 'example_complex' retrieved from /home/airflow/.local/lib/python3.12/site-packages/airflow/example_dags/example_complex.py
[2024-11-13T17:56:45.750+0000] {logging_mixin.py:188} INFO - [2024-11-13T17:56:45.749+0000] {dag.py:3096} INFO - Sync 1 DAGs
[2024-11-13T17:56:45.854+0000] {logging_mixin.py:188} INFO - [2024-11-13T17:56:45.853+0000] {dag.py:3954} INFO - Setting next_dagrun for example_complex to None, run_after=None
[2024-11-13T17:56:45.937+0000] {processor.py:183} INFO - Processing /home/airflow/.local/lib/python3.12/site-packages/airflow/example_dags/example_complex.py took 0.279 seconds
[2024-11-13T17:57:23.399+0000] {processor.py:161} INFO - Started process (PID=293) to work on /home/airflow/.local/lib/python3.12/site-packages/airflow/example_dags/example_complex.py
[2024-11-13T17:57:23.401+0000] {processor.py:830} INFO - Processing file /home/airflow/.local/lib/python3.12/site-packages/airflow/example_dags/example_complex.py for tasks to queue
[2024-11-13T17:57:23.410+0000] {logging_mixin.py:188} INFO - [2024-11-13T17:57:23.408+0000] {dagbag.py:545} INFO - Filling up the DagBag from /home/airflow/.local/lib/python3.12/site-packages/airflow/example_dags/example_complex.py
[2024-11-13T17:57:23.450+0000] {processor.py:840} INFO - DAG(s) 'example_complex' retrieved from /home/airflow/.local/lib/python3.12/site-packages/airflow/example_dags/example_complex.py
[2024-11-13T17:57:23.740+0000] {logging_mixin.py:188} INFO - [2024-11-13T17:57:23.739+0000] {dag.py:3096} INFO - Sync 1 DAGs
[2024-11-13T17:57:23.779+0000] {logging_mixin.py:188} INFO - [2024-11-13T17:57:23.779+0000] {dag.py:3954} INFO - Setting next_dagrun for example_complex to None, run_after=None
[2024-11-13T17:57:23.860+0000] {processor.py:183} INFO - Processing /home/airflow/.local/lib/python3.12/site-packages/airflow/example_dags/example_complex.py took 0.476 seconds
[2024-11-13T17:59:24.313+0000] {processor.py:161} INFO - Started process (PID=355) to work on /home/airflow/.local/lib/python3.12/site-packages/airflow/example_dags/example_complex.py
[2024-11-13T17:59:24.315+0000] {processor.py:830} INFO - Processing file /home/airflow/.local/lib/python3.12/site-packages/airflow/example_dags/example_complex.py for tasks to queue
[2024-11-13T17:59:24.319+0000] {logging_mixin.py:188} INFO - [2024-11-13T17:59:24.318+0000] {dagbag.py:545} INFO - Filling up the DagBag from /home/airflow/.local/lib/python3.12/site-packages/airflow/example_dags/example_complex.py
[2024-11-13T17:59:24.344+0000] {processor.py:840} INFO - DAG(s) 'example_complex' retrieved from /home/airflow/.local/lib/python3.12/site-packages/airflow/example_dags/example_complex.py
[2024-11-13T17:59:24.486+0000] {logging_mixin.py:188} INFO - [2024-11-13T17:59:24.485+0000] {dag.py:3096} INFO - Sync 1 DAGs
[2024-11-13T17:59:24.694+0000] {logging_mixin.py:188} INFO - [2024-11-13T17:59:24.694+0000] {dag.py:3954} INFO - Setting next_dagrun for example_complex to None, run_after=None
[2024-11-13T17:59:24.761+0000] {processor.py:183} INFO - Processing /home/airflow/.local/lib/python3.12/site-packages/airflow/example_dags/example_complex.py took 0.465 seconds
