[2024-11-13T17:55:51.732+0000] {processor.py:161} INFO - Started process (PID=147) to work on /home/airflow/.local/lib/python3.12/site-packages/airflow/example_dags/example_branch_python_dop_operator_3.py
[2024-11-13T17:55:51.735+0000] {processor.py:830} INFO - Processing file /home/airflow/.local/lib/python3.12/site-packages/airflow/example_dags/example_branch_python_dop_operator_3.py for tasks to queue
[2024-11-13T17:55:51.740+0000] {logging_mixin.py:188} INFO - [2024-11-13T17:55:51.739+0000] {dagbag.py:545} INFO - Filling up the DagBag from /home/airflow/.local/lib/python3.12/site-packages/airflow/example_dags/example_branch_python_dop_operator_3.py
[2024-11-13T17:55:51.762+0000] {processor.py:840} INFO - DAG(s) 'example_branch_dop_operator_v3' retrieved from /home/airflow/.local/lib/python3.12/site-packages/airflow/example_dags/example_branch_python_dop_operator_3.py
[2024-11-13T17:55:51.949+0000] {logging_mixin.py:188} INFO - [2024-11-13T17:55:51.948+0000] {dag.py:3096} INFO - Sync 1 DAGs
[2024-11-13T17:55:51.977+0000] {logging_mixin.py:188} INFO - [2024-11-13T17:55:51.976+0000] {dag.py:3954} INFO - Setting next_dagrun for example_branch_dop_operator_v3 to 2024-11-13 17:54:00+00:00, run_after=2024-11-13 17:55:00+00:00
[2024-11-13T17:55:52.071+0000] {processor.py:183} INFO - Processing /home/airflow/.local/lib/python3.12/site-packages/airflow/example_dags/example_branch_python_dop_operator_3.py took 0.349 seconds
[2024-11-13T17:56:22.851+0000] {processor.py:161} INFO - Started process (PID=206) to work on /home/airflow/.local/lib/python3.12/site-packages/airflow/example_dags/example_branch_python_dop_operator_3.py
[2024-11-13T17:56:22.852+0000] {processor.py:830} INFO - Processing file /home/airflow/.local/lib/python3.12/site-packages/airflow/example_dags/example_branch_python_dop_operator_3.py for tasks to queue
[2024-11-13T17:56:22.855+0000] {logging_mixin.py:188} INFO - [2024-11-13T17:56:22.854+0000] {dagbag.py:545} INFO - Filling up the DagBag from /home/airflow/.local/lib/python3.12/site-packages/airflow/example_dags/example_branch_python_dop_operator_3.py
[2024-11-13T17:56:22.865+0000] {processor.py:840} INFO - DAG(s) 'example_branch_dop_operator_v3' retrieved from /home/airflow/.local/lib/python3.12/site-packages/airflow/example_dags/example_branch_python_dop_operator_3.py
[2024-11-13T17:56:22.888+0000] {logging_mixin.py:188} INFO - [2024-11-13T17:56:22.888+0000] {dag.py:3096} INFO - Sync 1 DAGs
[2024-11-13T17:56:22.915+0000] {logging_mixin.py:188} INFO - [2024-11-13T17:56:22.915+0000] {dag.py:3954} INFO - Setting next_dagrun for example_branch_dop_operator_v3 to 2024-11-13 17:55:00+00:00, run_after=2024-11-13 17:56:00+00:00
[2024-11-13T17:56:22.937+0000] {processor.py:183} INFO - Processing /home/airflow/.local/lib/python3.12/site-packages/airflow/example_dags/example_branch_python_dop_operator_3.py took 0.092 seconds
[2024-11-13T17:56:53.537+0000] {processor.py:161} INFO - Started process (PID=265) to work on /home/airflow/.local/lib/python3.12/site-packages/airflow/example_dags/example_branch_python_dop_operator_3.py
[2024-11-13T17:56:53.539+0000] {processor.py:830} INFO - Processing file /home/airflow/.local/lib/python3.12/site-packages/airflow/example_dags/example_branch_python_dop_operator_3.py for tasks to queue
[2024-11-13T17:56:53.542+0000] {logging_mixin.py:188} INFO - [2024-11-13T17:56:53.541+0000] {dagbag.py:545} INFO - Filling up the DagBag from /home/airflow/.local/lib/python3.12/site-packages/airflow/example_dags/example_branch_python_dop_operator_3.py
[2024-11-13T17:56:53.553+0000] {processor.py:840} INFO - DAG(s) 'example_branch_dop_operator_v3' retrieved from /home/airflow/.local/lib/python3.12/site-packages/airflow/example_dags/example_branch_python_dop_operator_3.py
[2024-11-13T17:56:53.590+0000] {logging_mixin.py:188} INFO - [2024-11-13T17:56:53.589+0000] {dag.py:3096} INFO - Sync 1 DAGs
[2024-11-13T17:56:53.646+0000] {logging_mixin.py:188} INFO - [2024-11-13T17:56:53.645+0000] {dag.py:3954} INFO - Setting next_dagrun for example_branch_dop_operator_v3 to 2024-11-13 17:55:00+00:00, run_after=2024-11-13 17:56:00+00:00
[2024-11-13T17:56:53.704+0000] {processor.py:183} INFO - Processing /home/airflow/.local/lib/python3.12/site-packages/airflow/example_dags/example_branch_python_dop_operator_3.py took 0.173 seconds
[2024-11-13T17:57:34.677+0000] {processor.py:161} INFO - Started process (PID=327) to work on /home/airflow/.local/lib/python3.12/site-packages/airflow/example_dags/example_branch_python_dop_operator_3.py
[2024-11-13T17:57:34.679+0000] {processor.py:830} INFO - Processing file /home/airflow/.local/lib/python3.12/site-packages/airflow/example_dags/example_branch_python_dop_operator_3.py for tasks to queue
[2024-11-13T17:57:34.682+0000] {logging_mixin.py:188} INFO - [2024-11-13T17:57:34.682+0000] {dagbag.py:545} INFO - Filling up the DagBag from /home/airflow/.local/lib/python3.12/site-packages/airflow/example_dags/example_branch_python_dop_operator_3.py
[2024-11-13T17:57:34.696+0000] {processor.py:840} INFO - DAG(s) 'example_branch_dop_operator_v3' retrieved from /home/airflow/.local/lib/python3.12/site-packages/airflow/example_dags/example_branch_python_dop_operator_3.py
[2024-11-13T17:57:34.885+0000] {logging_mixin.py:188} INFO - [2024-11-13T17:57:34.884+0000] {dag.py:3096} INFO - Sync 1 DAGs
[2024-11-13T17:57:34.929+0000] {logging_mixin.py:188} INFO - [2024-11-13T17:57:34.929+0000] {dag.py:3954} INFO - Setting next_dagrun for example_branch_dop_operator_v3 to 2024-11-13 17:56:00+00:00, run_after=2024-11-13 17:57:00+00:00
[2024-11-13T17:57:34.963+0000] {processor.py:183} INFO - Processing /home/airflow/.local/lib/python3.12/site-packages/airflow/example_dags/example_branch_python_dop_operator_3.py took 0.295 seconds
[2024-11-13T17:59:40.826+0000] {processor.py:161} INFO - Started process (PID=386) to work on /home/airflow/.local/lib/python3.12/site-packages/airflow/example_dags/example_branch_python_dop_operator_3.py
[2024-11-13T17:59:40.829+0000] {processor.py:830} INFO - Processing file /home/airflow/.local/lib/python3.12/site-packages/airflow/example_dags/example_branch_python_dop_operator_3.py for tasks to queue
[2024-11-13T17:59:40.839+0000] {logging_mixin.py:188} INFO - [2024-11-13T17:59:40.838+0000] {dagbag.py:545} INFO - Filling up the DagBag from /home/airflow/.local/lib/python3.12/site-packages/airflow/example_dags/example_branch_python_dop_operator_3.py
[2024-11-13T17:59:40.870+0000] {processor.py:840} INFO - DAG(s) 'example_branch_dop_operator_v3' retrieved from /home/airflow/.local/lib/python3.12/site-packages/airflow/example_dags/example_branch_python_dop_operator_3.py
[2024-11-13T17:59:40.961+0000] {logging_mixin.py:188} INFO - [2024-11-13T17:59:40.959+0000] {dag.py:3096} INFO - Sync 1 DAGs
[2024-11-13T17:59:41.035+0000] {logging_mixin.py:188} INFO - [2024-11-13T17:59:41.034+0000] {dag.py:3954} INFO - Setting next_dagrun for example_branch_dop_operator_v3 to 2024-11-13 17:58:00+00:00, run_after=2024-11-13 17:59:00+00:00
[2024-11-13T17:59:41.094+0000] {processor.py:183} INFO - Processing /home/airflow/.local/lib/python3.12/site-packages/airflow/example_dags/example_branch_python_dop_operator_3.py took 0.306 seconds
