[2024-11-13T17:55:44.274+0000] {processor.py:161} INFO - Started process (PID=122) to work on /home/airflow/.local/lib/python3.12/site-packages/airflow/example_dags/tutorial.py
[2024-11-13T17:55:44.275+0000] {processor.py:830} INFO - Processing file /home/airflow/.local/lib/python3.12/site-packages/airflow/example_dags/tutorial.py for tasks to queue
[2024-11-13T17:55:44.278+0000] {logging_mixin.py:188} INFO - [2024-11-13T17:55:44.277+0000] {dagbag.py:545} INFO - Filling up the DagBag from /home/airflow/.local/lib/python3.12/site-packages/airflow/example_dags/tutorial.py
[2024-11-13T17:55:44.291+0000] {processor.py:840} INFO - DAG(s) 'tutorial' retrieved from /home/airflow/.local/lib/python3.12/site-packages/airflow/example_dags/tutorial.py
[2024-11-13T17:55:44.424+0000] {logging_mixin.py:188} INFO - [2024-11-13T17:55:44.424+0000] {dag.py:3096} INFO - Sync 1 DAGs
[2024-11-13T17:55:44.446+0000] {logging_mixin.py:188} INFO - [2024-11-13T17:55:44.446+0000] {dag.py:3954} INFO - Setting next_dagrun for tutorial to 2024-11-12 00:00:00+00:00, run_after=2024-11-13 00:00:00+00:00
[2024-11-13T17:55:44.471+0000] {processor.py:183} INFO - Processing /home/airflow/.local/lib/python3.12/site-packages/airflow/example_dags/tutorial.py took 0.205 seconds
[2024-11-13T17:56:14.811+0000] {processor.py:161} INFO - Started process (PID=181) to work on /home/airflow/.local/lib/python3.12/site-packages/airflow/example_dags/tutorial.py
[2024-11-13T17:56:14.813+0000] {processor.py:830} INFO - Processing file /home/airflow/.local/lib/python3.12/site-packages/airflow/example_dags/tutorial.py for tasks to queue
[2024-11-13T17:56:14.816+0000] {logging_mixin.py:188} INFO - [2024-11-13T17:56:14.815+0000] {dagbag.py:545} INFO - Filling up the DagBag from /home/airflow/.local/lib/python3.12/site-packages/airflow/example_dags/tutorial.py
[2024-11-13T17:56:14.826+0000] {processor.py:840} INFO - DAG(s) 'tutorial' retrieved from /home/airflow/.local/lib/python3.12/site-packages/airflow/example_dags/tutorial.py
[2024-11-13T17:56:14.854+0000] {logging_mixin.py:188} INFO - [2024-11-13T17:56:14.853+0000] {dag.py:3096} INFO - Sync 1 DAGs
[2024-11-13T17:56:14.896+0000] {logging_mixin.py:188} INFO - [2024-11-13T17:56:14.896+0000] {dag.py:3954} INFO - Setting next_dagrun for tutorial to 2024-11-12 00:00:00+00:00, run_after=2024-11-13 00:00:00+00:00
[2024-11-13T17:56:14.941+0000] {processor.py:183} INFO - Processing /home/airflow/.local/lib/python3.12/site-packages/airflow/example_dags/tutorial.py took 0.142 seconds
[2024-11-13T17:56:46.666+0000] {processor.py:161} INFO - Started process (PID=240) to work on /home/airflow/.local/lib/python3.12/site-packages/airflow/example_dags/tutorial.py
[2024-11-13T17:56:46.669+0000] {processor.py:830} INFO - Processing file /home/airflow/.local/lib/python3.12/site-packages/airflow/example_dags/tutorial.py for tasks to queue
[2024-11-13T17:56:46.672+0000] {logging_mixin.py:188} INFO - [2024-11-13T17:56:46.672+0000] {dagbag.py:545} INFO - Filling up the DagBag from /home/airflow/.local/lib/python3.12/site-packages/airflow/example_dags/tutorial.py
[2024-11-13T17:56:46.684+0000] {processor.py:840} INFO - DAG(s) 'tutorial' retrieved from /home/airflow/.local/lib/python3.12/site-packages/airflow/example_dags/tutorial.py
[2024-11-13T17:56:46.720+0000] {logging_mixin.py:188} INFO - [2024-11-13T17:56:46.720+0000] {dag.py:3096} INFO - Sync 1 DAGs
[2024-11-13T17:56:46.753+0000] {logging_mixin.py:188} INFO - [2024-11-13T17:56:46.753+0000] {dag.py:3954} INFO - Setting next_dagrun for tutorial to 2024-11-12 00:00:00+00:00, run_after=2024-11-13 00:00:00+00:00
[2024-11-13T17:56:46.781+0000] {processor.py:183} INFO - Processing /home/airflow/.local/lib/python3.12/site-packages/airflow/example_dags/tutorial.py took 0.124 seconds
[2024-11-13T17:57:26.950+0000] {processor.py:161} INFO - Started process (PID=299) to work on /home/airflow/.local/lib/python3.12/site-packages/airflow/example_dags/tutorial.py
[2024-11-13T17:57:26.953+0000] {processor.py:830} INFO - Processing file /home/airflow/.local/lib/python3.12/site-packages/airflow/example_dags/tutorial.py for tasks to queue
[2024-11-13T17:57:26.963+0000] {logging_mixin.py:188} INFO - [2024-11-13T17:57:26.962+0000] {dagbag.py:545} INFO - Filling up the DagBag from /home/airflow/.local/lib/python3.12/site-packages/airflow/example_dags/tutorial.py
[2024-11-13T17:57:26.983+0000] {processor.py:840} INFO - DAG(s) 'tutorial' retrieved from /home/airflow/.local/lib/python3.12/site-packages/airflow/example_dags/tutorial.py
[2024-11-13T17:57:27.492+0000] {logging_mixin.py:188} INFO - [2024-11-13T17:57:27.492+0000] {dag.py:3096} INFO - Sync 1 DAGs
[2024-11-13T17:57:27.619+0000] {logging_mixin.py:188} INFO - [2024-11-13T17:57:27.618+0000] {dag.py:3954} INFO - Setting next_dagrun for tutorial to 2024-11-12 00:00:00+00:00, run_after=2024-11-13 00:00:00+00:00
[2024-11-13T17:57:27.695+0000] {processor.py:183} INFO - Processing /home/airflow/.local/lib/python3.12/site-packages/airflow/example_dags/tutorial.py took 0.759 seconds
[2024-11-13T17:59:27.498+0000] {processor.py:161} INFO - Started process (PID=361) to work on /home/airflow/.local/lib/python3.12/site-packages/airflow/example_dags/tutorial.py
[2024-11-13T17:59:27.501+0000] {processor.py:830} INFO - Processing file /home/airflow/.local/lib/python3.12/site-packages/airflow/example_dags/tutorial.py for tasks to queue
[2024-11-13T17:59:27.505+0000] {logging_mixin.py:188} INFO - [2024-11-13T17:59:27.505+0000] {dagbag.py:545} INFO - Filling up the DagBag from /home/airflow/.local/lib/python3.12/site-packages/airflow/example_dags/tutorial.py
[2024-11-13T17:59:27.522+0000] {processor.py:840} INFO - DAG(s) 'tutorial' retrieved from /home/airflow/.local/lib/python3.12/site-packages/airflow/example_dags/tutorial.py
[2024-11-13T17:59:27.662+0000] {logging_mixin.py:188} INFO - [2024-11-13T17:59:27.662+0000] {dag.py:3096} INFO - Sync 1 DAGs
[2024-11-13T17:59:27.719+0000] {logging_mixin.py:188} INFO - [2024-11-13T17:59:27.719+0000] {dag.py:3954} INFO - Setting next_dagrun for tutorial to 2024-11-12 00:00:00+00:00, run_after=2024-11-13 00:00:00+00:00
[2024-11-13T17:59:27.762+0000] {processor.py:183} INFO - Processing /home/airflow/.local/lib/python3.12/site-packages/airflow/example_dags/tutorial.py took 0.280 seconds
