[2024-11-12T03:36:19.091+0000] {local_task_job_runner.py:120} INFO - ::group::Pre task execution logs
[2024-11-12T03:36:19.125+0000] {taskinstance.py:2076} INFO - Dependencies all met for dep_context=non-requeueable deps ti=<TaskInstance: BuildELT_dbt.dbt_snapshot manual__2024-11-12T03:35:43.110185+00:00 [queued]>
[2024-11-12T03:36:19.135+0000] {taskinstance.py:2076} INFO - Dependencies all met for dep_context=requeueable deps ti=<TaskInstance: BuildELT_dbt.dbt_snapshot manual__2024-11-12T03:35:43.110185+00:00 [queued]>
[2024-11-12T03:36:19.136+0000] {taskinstance.py:2306} INFO - Starting attempt 1 of 1
[2024-11-12T03:36:19.153+0000] {taskinstance.py:2330} INFO - Executing <Task(BashOperator): dbt_snapshot> on 2024-11-12 03:35:43.110185+00:00
[2024-11-12T03:36:19.162+0000] {standard_task_runner.py:90} INFO - Running: ['***', 'tasks', 'run', 'BuildELT_dbt', 'dbt_snapshot', 'manual__2024-11-12T03:35:43.110185+00:00', '--job-id', '147', '--raw', '--subdir', 'DAGS_FOLDER/build_elt_with_dbt.py', '--cfg-path', '/tmp/tmp_3jx7w6v']
[2024-11-12T03:36:19.165+0000] {standard_task_runner.py:91} INFO - Job 147: Subtask dbt_snapshot
[2024-11-12T03:36:19.166+0000] {logging_mixin.py:188} WARNING - /home/***/.local/lib/python3.12/site-packages/***/task/task_runner/standard_task_runner.py:61 DeprecationWarning: This process (pid=2336) is multi-threaded, use of fork() may lead to deadlocks in the child.
[2024-11-12T03:36:19.167+0000] {standard_task_runner.py:63} INFO - Started process 2337 to run task
[2024-11-12T03:36:19.212+0000] {task_command.py:426} INFO - Running <TaskInstance: BuildELT_dbt.dbt_snapshot manual__2024-11-12T03:35:43.110185+00:00 [running]> on host e9e87141c083
[2024-11-12T03:36:19.358+0000] {taskinstance.py:2648} INFO - Exporting env vars: AIRFLOW_CTX_DAG_OWNER='***' AIRFLOW_CTX_DAG_ID='BuildELT_dbt' AIRFLOW_CTX_TASK_ID='dbt_snapshot' AIRFLOW_CTX_EXECUTION_DATE='2024-11-12T03:35:43.110185+00:00' AIRFLOW_CTX_TRY_NUMBER='1' AIRFLOW_CTX_DAG_RUN_ID='manual__2024-11-12T03:35:43.110185+00:00'
[2024-11-12T03:36:19.359+0000] {taskinstance.py:430} INFO - ::endgroup::
[2024-11-12T03:36:19.378+0000] {subprocess.py:63} INFO - Tmp dir root location: /tmp
[2024-11-12T03:36:19.380+0000] {subprocess.py:75} INFO - Running command: ['/usr/bin/bash', '-c', '/home/***/.local/bin/dbt snapshot --profiles-dir /opt/***/dbt --project-dir /opt/***/dbt']
[2024-11-12T03:36:19.393+0000] {subprocess.py:86} INFO - Output:
[2024-11-12T03:36:22.417+0000] {subprocess.py:93} INFO - [0m03:36:22  Running with dbt=1.8.7
[2024-11-12T03:36:23.621+0000] {subprocess.py:93} INFO - [0m03:36:23  Registered adapter: snowflake=1.8.4
[2024-11-12T03:36:24.338+0000] {subprocess.py:93} INFO - [0m03:36:24  Found 5 models, 1 snapshot, 2 data tests, 2 sources, 459 macros
[2024-11-12T03:36:24.342+0000] {subprocess.py:93} INFO - [0m03:36:24
[2024-11-12T03:36:26.194+0000] {subprocess.py:93} INFO - [0m03:36:26  Concurrency: 1 threads (target='dev')
[2024-11-12T03:36:26.194+0000] {subprocess.py:93} INFO - [0m03:36:26
[2024-11-12T03:36:26.205+0000] {subprocess.py:93} INFO - [0m03:36:26  1 of 1 START snapshot snapshot.snapshot_stock_indicators ....................... [RUN]
[2024-11-12T03:36:28.173+0000] {subprocess.py:93} INFO - [0m03:36:28  1 of 1 OK snapshotted snapshot.snapshot_stock_indicators ....................... [[32mSUCCESS 1[0m in 1.96s]
[2024-11-12T03:36:28.178+0000] {subprocess.py:93} INFO - [0m03:36:28
[2024-11-12T03:36:28.179+0000] {subprocess.py:93} INFO - [0m03:36:28  Finished running 1 snapshot in 0 hours 0 minutes and 3.84 seconds (3.84s).
[2024-11-12T03:36:28.234+0000] {subprocess.py:93} INFO - [0m03:36:28
[2024-11-12T03:36:28.235+0000] {subprocess.py:93} INFO - [0m03:36:28  [32mCompleted successfully[0m
[2024-11-12T03:36:28.237+0000] {subprocess.py:93} INFO - [0m03:36:28
[2024-11-12T03:36:28.238+0000] {subprocess.py:93} INFO - [0m03:36:28  Done. PASS=1 WARN=0 ERROR=0 SKIP=0 TOTAL=1
[2024-11-12T03:36:29.073+0000] {subprocess.py:97} INFO - Command exited with return code 0
[2024-11-12T03:36:29.075+0000] {taskinstance.py:441} INFO - ::group::Post task execution logs
[2024-11-12T03:36:29.108+0000] {taskinstance.py:1206} INFO - Marking task as SUCCESS. dag_id=BuildELT_dbt, task_id=dbt_snapshot, run_id=manual__2024-11-12T03:35:43.110185+00:00, execution_date=20241112T033543, start_date=20241112T033619, end_date=20241112T033629
[2024-11-12T03:36:29.151+0000] {local_task_job_runner.py:240} INFO - Task exited with return code 0
[2024-11-12T03:36:29.170+0000] {taskinstance.py:3498} INFO - 0 downstream tasks scheduled from follow-on schedule check
[2024-11-12T03:36:29.174+0000] {local_task_job_runner.py:222} INFO - ::endgroup::
