[2024-12-05T07:49:43.809+0000] {local_task_job_runner.py:120} INFO - ::group::Pre task execution logs
[2024-12-05T07:49:43.850+0000] {taskinstance.py:2076} INFO - Dependencies all met for dep_context=non-requeueable deps ti=<TaskInstance: complete-dag.dbt_run_2 manual__2024-12-05T07:43:36.332444+00:00 [queued]>
[2024-12-05T07:49:43.861+0000] {taskinstance.py:2076} INFO - Dependencies all met for dep_context=requeueable deps ti=<TaskInstance: complete-dag.dbt_run_2 manual__2024-12-05T07:43:36.332444+00:00 [queued]>
[2024-12-05T07:49:43.863+0000] {taskinstance.py:2306} INFO - Starting attempt 1 of 1
[2024-12-05T07:49:43.879+0000] {taskinstance.py:2330} INFO - Executing <Task(BashOperator): dbt_run_2> on 2024-12-05 07:43:36.332444+00:00
[2024-12-05T07:49:43.893+0000] {logging_mixin.py:188} WARNING - /home/***/.local/lib/python3.12/site-packages/***/task/task_runner/standard_task_runner.py:61 DeprecationWarning: This process (pid=2100) is multi-threaded, use of fork() may lead to deadlocks in the child.
[2024-12-05T07:49:43.893+0000] {standard_task_runner.py:90} INFO - Running: ['***', 'tasks', 'run', 'complete-dag', 'dbt_run_2', 'manual__2024-12-05T07:43:36.332444+00:00', '--job-id', '534', '--raw', '--subdir', 'DAGS_FOLDER/complete_dag.py', '--cfg-path', '/tmp/tmpm6pli8r3']
[2024-12-05T07:49:43.894+0000] {standard_task_runner.py:63} INFO - Started process 2103 to run task
[2024-12-05T07:49:43.895+0000] {standard_task_runner.py:91} INFO - Job 534: Subtask dbt_run_2
[2024-12-05T07:49:43.952+0000] {task_command.py:426} INFO - Running <TaskInstance: complete-dag.dbt_run_2 manual__2024-12-05T07:43:36.332444+00:00 [running]> on host e060654747dc
[2024-12-05T07:49:44.145+0000] {taskinstance.py:2648} INFO - Exporting env vars: AIRFLOW_CTX_DAG_OWNER='***' AIRFLOW_CTX_DAG_ID='complete-dag' AIRFLOW_CTX_TASK_ID='dbt_run_2' AIRFLOW_CTX_EXECUTION_DATE='2024-12-05T07:43:36.332444+00:00' AIRFLOW_CTX_TRY_NUMBER='1' AIRFLOW_CTX_DAG_RUN_ID='manual__2024-12-05T07:43:36.332444+00:00'
[2024-12-05T07:49:44.146+0000] {taskinstance.py:430} INFO - ::endgroup::
[2024-12-05T07:49:44.148+0000] {subprocess.py:63} INFO - Tmp dir root location: /tmp
[2024-12-05T07:49:44.150+0000] {subprocess.py:75} INFO - Running command: ['/usr/bin/bash', '-c', '/home/***/.local/bin/dbt run --profiles-dir /opt/***/dbt_viz --project-dir /opt/***/dbt_viz']
[2024-12-05T07:49:44.172+0000] {subprocess.py:86} INFO - Output:
[2024-12-05T07:49:47.698+0000] {subprocess.py:93} INFO - [0m07:49:47  Running with dbt=1.8.7
[2024-12-05T07:49:49.370+0000] {subprocess.py:93} INFO - [0m07:49:49  Registered adapter: snowflake=1.8.4
[2024-12-05T07:49:50.548+0000] {subprocess.py:93} INFO - [0m07:49:50  Found 4 models, 1 snapshot, 1 test, 3 sources, 459 macros
[2024-12-05T07:49:50.553+0000] {subprocess.py:93} INFO - [0m07:49:50
[2024-12-05T07:49:53.192+0000] {subprocess.py:93} INFO - [0m07:49:53  Concurrency: 1 threads (target='dev')
[2024-12-05T07:49:53.193+0000] {subprocess.py:93} INFO - [0m07:49:53
[2024-12-05T07:49:53.285+0000] {subprocess.py:93} INFO - [0m07:49:53  1 of 2 START sql table model analytics.energy_historical_forecast_data ......... [RUN]
[2024-12-05T07:49:54.975+0000] {subprocess.py:93} INFO - [0m07:49:54  1 of 2 OK created sql table model analytics.energy_historical_forecast_data .... [[32mSUCCESS 1[0m in 1.68s]
[2024-12-05T07:49:54.983+0000] {subprocess.py:93} INFO - [0m07:49:54  2 of 2 START sql table model analytics.energy_demand_final_data ................ [RUN]
[2024-12-05T07:49:56.179+0000] {subprocess.py:93} INFO - [0m07:49:56  2 of 2 OK created sql table model analytics.energy_demand_final_data ........... [[32mSUCCESS 1[0m in 1.19s]
[2024-12-05T07:49:56.191+0000] {subprocess.py:93} INFO - [0m07:49:56
[2024-12-05T07:49:56.192+0000] {subprocess.py:93} INFO - [0m07:49:56  Finished running 2 table models in 0 hours 0 minutes and 5.64 seconds (5.64s).
[2024-12-05T07:49:56.309+0000] {subprocess.py:93} INFO - [0m07:49:56
[2024-12-05T07:49:56.312+0000] {subprocess.py:93} INFO - [0m07:49:56  [32mCompleted successfully[0m
[2024-12-05T07:49:56.314+0000] {subprocess.py:93} INFO - [0m07:49:56
[2024-12-05T07:49:56.316+0000] {subprocess.py:93} INFO - [0m07:49:56  Done. PASS=2 WARN=0 ERROR=0 SKIP=0 TOTAL=2
[2024-12-05T07:49:57.445+0000] {subprocess.py:97} INFO - Command exited with return code 0
[2024-12-05T07:49:57.446+0000] {taskinstance.py:441} INFO - ::group::Post task execution logs
[2024-12-05T07:49:57.484+0000] {taskinstance.py:1206} INFO - Marking task as SUCCESS. dag_id=complete-dag, task_id=dbt_run_2, run_id=manual__2024-12-05T07:43:36.332444+00:00, execution_date=20241205T074336, start_date=20241205T074943, end_date=20241205T074957
[2024-12-05T07:49:57.547+0000] {local_task_job_runner.py:240} INFO - Task exited with return code 0
[2024-12-05T07:49:57.583+0000] {taskinstance.py:3498} INFO - 1 downstream tasks scheduled from follow-on schedule check
[2024-12-05T07:49:57.587+0000] {local_task_job_runner.py:222} INFO - ::endgroup::
