[2024-11-30T08:29:37.438+0000] {local_task_job_runner.py:120} INFO - ::group::Pre task execution logs
[2024-11-30T08:29:37.495+0000] {taskinstance.py:2076} INFO - Dependencies all met for dep_context=non-requeueable deps ti=<TaskInstance: dbt-viz-dag.dbt_snapshot manual__2024-11-30T08:29:05.231539+00:00 [queued]>
[2024-11-30T08:29:37.509+0000] {taskinstance.py:2076} INFO - Dependencies all met for dep_context=requeueable deps ti=<TaskInstance: dbt-viz-dag.dbt_snapshot manual__2024-11-30T08:29:05.231539+00:00 [queued]>
[2024-11-30T08:29:37.511+0000] {taskinstance.py:2306} INFO - Starting attempt 1 of 1
[2024-11-30T08:29:37.536+0000] {taskinstance.py:2330} INFO - Executing <Task(BashOperator): dbt_snapshot> on 2024-11-30 08:29:05.231539+00:00
[2024-11-30T08:29:37.548+0000] {standard_task_runner.py:90} INFO - Running: ['***', 'tasks', 'run', 'dbt-viz-dag', 'dbt_snapshot', 'manual__2024-11-30T08:29:05.231539+00:00', '--job-id', '409', '--raw', '--subdir', 'DAGS_FOLDER/dbt-viz-dag.py', '--cfg-path', '/tmp/tmpc9_i440m']
[2024-11-30T08:29:37.552+0000] {standard_task_runner.py:91} INFO - Job 409: Subtask dbt_snapshot
[2024-11-30T08:29:37.554+0000] {logging_mixin.py:188} WARNING - /home/***/.local/lib/python3.12/site-packages/***/task/task_runner/standard_task_runner.py:61 DeprecationWarning: This process (pid=1794) is multi-threaded, use of fork() may lead to deadlocks in the child.
[2024-11-30T08:29:37.555+0000] {standard_task_runner.py:63} INFO - Started process 1795 to run task
[2024-11-30T08:29:37.629+0000] {task_command.py:426} INFO - Running <TaskInstance: dbt-viz-dag.dbt_snapshot manual__2024-11-30T08:29:05.231539+00:00 [running]> on host e060654747dc
[2024-11-30T08:29:37.871+0000] {taskinstance.py:2648} INFO - Exporting env vars: AIRFLOW_CTX_DAG_OWNER='***' AIRFLOW_CTX_DAG_ID='dbt-viz-dag' AIRFLOW_CTX_TASK_ID='dbt_snapshot' AIRFLOW_CTX_EXECUTION_DATE='2024-11-30T08:29:05.231539+00:00' AIRFLOW_CTX_TRY_NUMBER='1' AIRFLOW_CTX_DAG_RUN_ID='manual__2024-11-30T08:29:05.231539+00:00'
[2024-11-30T08:29:37.873+0000] {taskinstance.py:430} INFO - ::endgroup::
[2024-11-30T08:29:37.899+0000] {subprocess.py:63} INFO - Tmp dir root location: /tmp
[2024-11-30T08:29:37.903+0000] {subprocess.py:75} INFO - Running command: ['/usr/bin/bash', '-c', '/home/***/.local/bin/dbt snapshot --profiles-dir /opt/***/dbt_viz --project-dir /opt/***/dbt_viz']
[2024-11-30T08:29:37.920+0000] {subprocess.py:86} INFO - Output:
[2024-11-30T08:29:41.362+0000] {subprocess.py:93} INFO - [0m08:29:41  Running with dbt=1.8.7
[2024-11-30T08:29:42.711+0000] {subprocess.py:93} INFO - [0m08:29:42  Registered adapter: snowflake=1.8.4
[2024-11-30T08:29:43.594+0000] {subprocess.py:93} INFO - [0m08:29:43  Found 4 models, 1 test, 3 sources, 459 macros
[2024-11-30T08:29:43.600+0000] {subprocess.py:93} INFO - [0m08:29:43
[2024-11-30T08:29:43.601+0000] {subprocess.py:93} INFO - [0m08:29:43  Nothing to do. Try checking your model configs and model specification args
[2024-11-30T08:29:44.552+0000] {subprocess.py:97} INFO - Command exited with return code 0
[2024-11-30T08:29:44.556+0000] {taskinstance.py:441} INFO - ::group::Post task execution logs
[2024-11-30T08:29:44.593+0000] {taskinstance.py:1206} INFO - Marking task as SUCCESS. dag_id=dbt-viz-dag, task_id=dbt_snapshot, run_id=manual__2024-11-30T08:29:05.231539+00:00, execution_date=20241130T082905, start_date=20241130T082937, end_date=20241130T082944
[2024-11-30T08:29:44.649+0000] {local_task_job_runner.py:240} INFO - Task exited with return code 0
[2024-11-30T08:29:44.681+0000] {taskinstance.py:3498} INFO - 0 downstream tasks scheduled from follow-on schedule check
[2024-11-30T08:29:44.686+0000] {local_task_job_runner.py:222} INFO - ::endgroup::
