[2024-11-12T06:31:14.094+0000] {local_task_job_runner.py:120} INFO - ::group::Pre task execution logs
[2024-11-12T06:31:14.449+0000] {taskinstance.py:2076} INFO - Dependencies all met for dep_context=non-requeueable deps ti=<TaskInstance: BuildELT_dbt.dbt_run manual__2024-11-12T06:31:09.388270+00:00 [queued]>
[2024-11-12T06:31:14.483+0000] {taskinstance.py:2076} INFO - Dependencies all met for dep_context=requeueable deps ti=<TaskInstance: BuildELT_dbt.dbt_run manual__2024-11-12T06:31:09.388270+00:00 [queued]>
[2024-11-12T06:31:14.485+0000] {taskinstance.py:2306} INFO - Starting attempt 1 of 1
[2024-11-12T06:31:14.552+0000] {taskinstance.py:2330} INFO - Executing <Task(BashOperator): dbt_run> on 2024-11-12 06:31:09.388270+00:00
[2024-11-12T06:31:14.614+0000] {logging_mixin.py:188} WARNING - /home/***/.local/lib/python3.12/site-packages/***/task/task_runner/standard_task_runner.py:61 DeprecationWarning: This process (pid=5461) is multi-threaded, use of fork() may lead to deadlocks in the child.
[2024-11-12T06:31:14.618+0000] {standard_task_runner.py:63} INFO - Started process 5468 to run task
[2024-11-12T06:31:14.616+0000] {standard_task_runner.py:90} INFO - Running: ['***', 'tasks', 'run', 'BuildELT_dbt', 'dbt_run', 'manual__2024-11-12T06:31:09.388270+00:00', '--job-id', '156', '--raw', '--subdir', 'DAGS_FOLDER/build_elt_with_dbt.py', '--cfg-path', '/tmp/tmpuza434uh']
[2024-11-12T06:31:14.623+0000] {standard_task_runner.py:91} INFO - Job 156: Subtask dbt_run
[2024-11-12T06:31:14.878+0000] {task_command.py:426} INFO - Running <TaskInstance: BuildELT_dbt.dbt_run manual__2024-11-12T06:31:09.388270+00:00 [running]> on host e9e87141c083
[2024-11-12T06:31:15.503+0000] {taskinstance.py:2648} INFO - Exporting env vars: AIRFLOW_CTX_DAG_OWNER='***' AIRFLOW_CTX_DAG_ID='BuildELT_dbt' AIRFLOW_CTX_TASK_ID='dbt_run' AIRFLOW_CTX_EXECUTION_DATE='2024-11-12T06:31:09.388270+00:00' AIRFLOW_CTX_TRY_NUMBER='1' AIRFLOW_CTX_DAG_RUN_ID='manual__2024-11-12T06:31:09.388270+00:00'
[2024-11-12T06:31:15.507+0000] {taskinstance.py:430} INFO - ::endgroup::
[2024-11-12T06:31:16.715+0000] {subprocess.py:63} INFO - Tmp dir root location: /tmp
[2024-11-12T06:31:16.896+0000] {subprocess.py:75} INFO - Running command: ['/usr/bin/bash', '-c', '/home/***/.local/bin/dbt run --profiles-dir /opt/***/dbt --project-dir /opt/***/dbt']
[2024-11-12T06:31:16.940+0000] {subprocess.py:86} INFO - Output:
[2024-11-12T06:31:22.176+0000] {subprocess.py:93} INFO - [0m06:31:22  Running with dbt=1.8.7
[2024-11-12T06:31:28.433+0000] {subprocess.py:93} INFO - [0m06:31:28  Registered adapter: snowflake=1.8.4
[2024-11-12T06:31:30.446+0000] {subprocess.py:93} INFO - [0m06:31:30  Found 5 models, 1 snapshot, 2 data tests, 2 sources, 459 macros
[2024-11-12T06:31:30.450+0000] {subprocess.py:93} INFO - [0m06:31:30
[2024-11-12T06:31:32.572+0000] {subprocess.py:93} INFO - [0m06:31:32  Concurrency: 1 threads (target='dev')
[2024-11-12T06:31:32.582+0000] {subprocess.py:93} INFO - [0m06:31:32
[2024-11-12T06:31:32.737+0000] {subprocess.py:93} INFO - [0m06:31:32  1 of 1 START sql table model analytics.stock_indicators ........................ [RUN]
[2024-11-12T06:31:34.741+0000] {subprocess.py:93} INFO - [0m06:31:34  1 of 1 OK created sql table model analytics.stock_indicators ................... [[32mSUCCESS 1[0m in 2.00s]
[2024-11-12T06:31:34.753+0000] {subprocess.py:93} INFO - [0m06:31:34
[2024-11-12T06:31:34.758+0000] {subprocess.py:93} INFO - [0m06:31:34  Finished running 1 table model in 0 hours 0 minutes and 4.30 seconds (4.30s).
[2024-11-12T06:31:34.842+0000] {subprocess.py:93} INFO - [0m06:31:34
[2024-11-12T06:31:34.845+0000] {subprocess.py:93} INFO - [0m06:31:34  [32mCompleted successfully[0m
[2024-11-12T06:31:34.846+0000] {subprocess.py:93} INFO - [0m06:31:34
[2024-11-12T06:31:34.848+0000] {subprocess.py:93} INFO - [0m06:31:34  Done. PASS=1 WARN=0 ERROR=0 SKIP=0 TOTAL=1
[2024-11-12T06:31:37.839+0000] {subprocess.py:97} INFO - Command exited with return code 0
[2024-11-12T06:31:37.895+0000] {taskinstance.py:441} INFO - ::group::Post task execution logs
[2024-11-12T06:31:38.341+0000] {taskinstance.py:1206} INFO - Marking task as SUCCESS. dag_id=BuildELT_dbt, task_id=dbt_run, run_id=manual__2024-11-12T06:31:09.388270+00:00, execution_date=20241112T063109, start_date=20241112T063114, end_date=20241112T063138
[2024-11-12T06:31:38.452+0000] {local_task_job_runner.py:240} INFO - Task exited with return code 0
[2024-11-12T06:31:38.575+0000] {taskinstance.py:3498} INFO - 1 downstream tasks scheduled from follow-on schedule check
[2024-11-12T06:31:38.580+0000] {local_task_job_runner.py:222} INFO - ::endgroup::
