[2024-11-30T05:01:59.275+0000] {local_task_job_runner.py:120} INFO - ::group::Pre task execution logs
[2024-11-30T05:01:59.307+0000] {taskinstance.py:2076} INFO - Dependencies all met for dep_context=non-requeueable deps ti=<TaskInstance: complete-dag.load_weather_data_to_snowflake manual__2024-11-30T05:01:46.054413+00:00 [queued]>
[2024-11-30T05:01:59.316+0000] {taskinstance.py:2076} INFO - Dependencies all met for dep_context=requeueable deps ti=<TaskInstance: complete-dag.load_weather_data_to_snowflake manual__2024-11-30T05:01:46.054413+00:00 [queued]>
[2024-11-30T05:01:59.316+0000] {taskinstance.py:2306} INFO - Starting attempt 1 of 1
[2024-11-30T05:01:59.328+0000] {taskinstance.py:2330} INFO - Executing <Task(_PythonDecoratedOperator): load_weather_data_to_snowflake> on 2024-11-30 05:01:46.054413+00:00
[2024-11-30T05:01:59.340+0000] {standard_task_runner.py:90} INFO - Running: ['***', 'tasks', 'run', 'complete-dag', 'load_weather_data_to_snowflake', 'manual__2024-11-30T05:01:46.054413+00:00', '--job-id', '307', '--raw', '--subdir', 'DAGS_FOLDER/complete_dag.py', '--cfg-path', '/tmp/tmpu9sg4m8i']
[2024-11-30T05:01:59.341+0000] {standard_task_runner.py:91} INFO - Job 307: Subtask load_weather_data_to_snowflake
[2024-11-30T05:01:59.342+0000] {logging_mixin.py:188} WARNING - /home/***/.local/lib/python3.12/site-packages/***/task/task_runner/standard_task_runner.py:61 DeprecationWarning: This process (pid=1780) is multi-threaded, use of fork() may lead to deadlocks in the child.
[2024-11-30T05:01:59.343+0000] {standard_task_runner.py:63} INFO - Started process 1793 to run task
[2024-11-30T05:01:59.389+0000] {task_command.py:426} INFO - Running <TaskInstance: complete-dag.load_weather_data_to_snowflake manual__2024-11-30T05:01:46.054413+00:00 [running]> on host b09a94790db6
[2024-11-30T05:01:59.664+0000] {taskinstance.py:2648} INFO - Exporting env vars: AIRFLOW_CTX_DAG_OWNER='***' AIRFLOW_CTX_DAG_ID='complete-dag' AIRFLOW_CTX_TASK_ID='load_weather_data_to_snowflake' AIRFLOW_CTX_EXECUTION_DATE='2024-11-30T05:01:46.054413+00:00' AIRFLOW_CTX_TRY_NUMBER='1' AIRFLOW_CTX_DAG_RUN_ID='manual__2024-11-30T05:01:46.054413+00:00'
[2024-11-30T05:01:59.665+0000] {taskinstance.py:430} INFO - ::endgroup::
[2024-11-30T05:01:59.912+0000] {cursor.py:1149} INFO - Number of results in first chunk: 1
[2024-11-30T05:02:00.298+0000] {cursor.py:1149} INFO - Number of results in first chunk: 1
[2024-11-30T05:02:00.303+0000] {logging_mixin.py:188} WARNING - /opt/***/dags/complete_dag.py:164 FutureWarning: DataFrame.applymap has been deprecated. Use DataFrame.map instead.
[2024-11-30T05:02:00.317+0000] {logging_mixin.py:188} INFO -          Date  temperature_2m_max  ...  windspeed_10m_max  avg_temperature
0  2022-01-01                 8.0  ...               18.0             2.55
1  2022-01-02                 7.0  ...               11.8             1.35
2  2022-01-03                 5.5  ...               11.4             0.55
3  2022-01-04                 4.1  ...               11.7             1.30
4  2022-01-05                 4.8  ...               11.2             0.15

[5 rows x 7 columns]
[2024-11-30T05:02:01.358+0000] {logging_mixin.py:188} INFO - Successfully inserted 1065 rows.
[2024-11-30T05:02:01.534+0000] {cursor.py:1149} INFO - Number of results in first chunk: 1
[2024-11-30T05:02:01.544+0000] {python.py:237} INFO - Done. Returned value was: None
[2024-11-30T05:02:01.545+0000] {taskinstance.py:441} INFO - ::group::Post task execution logs
[2024-11-30T05:02:01.553+0000] {taskinstance.py:1206} INFO - Marking task as SUCCESS. dag_id=complete-dag, task_id=load_weather_data_to_snowflake, run_id=manual__2024-11-30T05:01:46.054413+00:00, execution_date=20241130T050146, start_date=20241130T050159, end_date=20241130T050201
[2024-11-30T05:02:01.610+0000] {local_task_job_runner.py:240} INFO - Task exited with return code 0
[2024-11-30T05:02:01.620+0000] {local_task_job_runner.py:222} INFO - ::endgroup::
