[2024-11-30T08:33:05.902+0000] {local_task_job_runner.py:120} INFO - ::group::Pre task execution logs
[2024-11-30T08:33:05.973+0000] {taskinstance.py:2076} INFO - Dependencies all met for dep_context=non-requeueable deps ti=<TaskInstance: dbt-viz-dag.dbt_run manual__2024-11-30T08:33:04.207650+00:00 [queued]>
[2024-11-30T08:33:05.989+0000] {taskinstance.py:2076} INFO - Dependencies all met for dep_context=requeueable deps ti=<TaskInstance: dbt-viz-dag.dbt_run manual__2024-11-30T08:33:04.207650+00:00 [queued]>
[2024-11-30T08:33:05.991+0000] {taskinstance.py:2306} INFO - Starting attempt 1 of 1
[2024-11-30T08:33:06.023+0000] {taskinstance.py:2330} INFO - Executing <Task(BashOperator): dbt_run> on 2024-11-30 08:33:04.207650+00:00
[2024-11-30T08:33:06.041+0000] {standard_task_runner.py:90} INFO - Running: ['***', 'tasks', 'run', 'dbt-viz-dag', 'dbt_run', 'manual__2024-11-30T08:33:04.207650+00:00', '--job-id', '411', '--raw', '--subdir', 'DAGS_FOLDER/dbt-viz-dag.py', '--cfg-path', '/tmp/tmp_w0_rwri']
[2024-11-30T08:33:06.052+0000] {standard_task_runner.py:91} INFO - Job 411: Subtask dbt_run
[2024-11-30T08:33:06.048+0000] {logging_mixin.py:188} WARNING - /home/***/.local/lib/python3.12/site-packages/***/task/task_runner/standard_task_runner.py:61 DeprecationWarning: This process (pid=2114) is multi-threaded, use of fork() may lead to deadlocks in the child.
[2024-11-30T08:33:06.054+0000] {standard_task_runner.py:63} INFO - Started process 2127 to run task
[2024-11-30T08:33:06.195+0000] {task_command.py:426} INFO - Running <TaskInstance: dbt-viz-dag.dbt_run manual__2024-11-30T08:33:04.207650+00:00 [running]> on host e060654747dc
[2024-11-30T08:33:06.756+0000] {taskinstance.py:2648} INFO - Exporting env vars: AIRFLOW_CTX_DAG_OWNER='***' AIRFLOW_CTX_DAG_ID='dbt-viz-dag' AIRFLOW_CTX_TASK_ID='dbt_run' AIRFLOW_CTX_EXECUTION_DATE='2024-11-30T08:33:04.207650+00:00' AIRFLOW_CTX_TRY_NUMBER='1' AIRFLOW_CTX_DAG_RUN_ID='manual__2024-11-30T08:33:04.207650+00:00'
[2024-11-30T08:33:06.758+0000] {taskinstance.py:430} INFO - ::endgroup::
[2024-11-30T08:33:06.783+0000] {subprocess.py:63} INFO - Tmp dir root location: /tmp
[2024-11-30T08:33:06.788+0000] {subprocess.py:75} INFO - Running command: ['/usr/bin/bash', '-c', '/home/***/.local/bin/dbt run --profiles-dir /opt/***/dbt_viz --project-dir /opt/***/dbt_viz']
[2024-11-30T08:33:06.816+0000] {subprocess.py:86} INFO - Output:
[2024-11-30T08:33:09.214+0000] {subprocess.py:93} INFO - [0m08:33:09  Running with dbt=1.8.7
[2024-11-30T08:33:10.420+0000] {subprocess.py:93} INFO - [0m08:33:10  Registered adapter: snowflake=1.8.4
[2024-11-30T08:33:11.258+0000] {subprocess.py:93} INFO - [0m08:33:11  Found 4 models, 1 test, 3 sources, 459 macros
[2024-11-30T08:33:11.262+0000] {subprocess.py:93} INFO - [0m08:33:11
[2024-11-30T08:33:13.219+0000] {subprocess.py:93} INFO - [0m08:33:13  Concurrency: 1 threads (target='dev')
[2024-11-30T08:33:13.219+0000] {subprocess.py:93} INFO - [0m08:33:13
[2024-11-30T08:33:13.269+0000] {subprocess.py:93} INFO - [0m08:33:13  1 of 2 START sql table model analytics.energy_historical_forecast_data ......... [RUN]
[2024-11-30T08:33:15.189+0000] {subprocess.py:93} INFO - [0m08:33:15  1 of 2 OK created sql table model analytics.energy_historical_forecast_data .... [[32mSUCCESS 1[0m in 1.92s]
[2024-11-30T08:33:15.193+0000] {subprocess.py:93} INFO - [0m08:33:15  2 of 2 START sql table model analytics.energy_demand_final_data ................ [RUN]
[2024-11-30T08:33:16.615+0000] {subprocess.py:93} INFO - [0m08:33:16  2 of 2 OK created sql table model analytics.energy_demand_final_data ........... [[32mSUCCESS 1[0m in 1.42s]
[2024-11-30T08:33:16.621+0000] {subprocess.py:93} INFO - [0m08:33:16
[2024-11-30T08:33:16.623+0000] {subprocess.py:93} INFO - [0m08:33:16  Finished running 2 table models in 0 hours 0 minutes and 5.36 seconds (5.36s).
[2024-11-30T08:33:16.691+0000] {subprocess.py:93} INFO - [0m08:33:16
[2024-11-30T08:33:16.692+0000] {subprocess.py:93} INFO - [0m08:33:16  [32mCompleted successfully[0m
[2024-11-30T08:33:16.694+0000] {subprocess.py:93} INFO - [0m08:33:16
[2024-11-30T08:33:16.695+0000] {subprocess.py:93} INFO - [0m08:33:16  Done. PASS=2 WARN=0 ERROR=0 SKIP=0 TOTAL=2
[2024-11-30T08:33:17.471+0000] {subprocess.py:97} INFO - Command exited with return code 0
[2024-11-30T08:33:17.484+0000] {taskinstance.py:441} INFO - ::group::Post task execution logs
[2024-11-30T08:33:17.521+0000] {taskinstance.py:1206} INFO - Marking task as SUCCESS. dag_id=dbt-viz-dag, task_id=dbt_run, run_id=manual__2024-11-30T08:33:04.207650+00:00, execution_date=20241130T083304, start_date=20241130T083305, end_date=20241130T083317
[2024-11-30T08:33:17.552+0000] {local_task_job_runner.py:240} INFO - Task exited with return code 0
[2024-11-30T08:33:17.585+0000] {taskinstance.py:3498} INFO - 1 downstream tasks scheduled from follow-on schedule check
[2024-11-30T08:33:17.589+0000] {local_task_job_runner.py:222} INFO - ::endgroup::
