[2024-11-13T19:03:21.138+0000] {local_task_job_runner.py:120} INFO - ::group::Pre task execution logs
[2024-11-13T19:03:21.170+0000] {taskinstance.py:2076} INFO - Dependencies all met for dep_context=non-requeueable deps ti=<TaskInstance: BuildELT_dbt.dbt_snapshot manual__2024-11-13T19:02:52.930284+00:00 [queued]>
[2024-11-13T19:03:21.178+0000] {taskinstance.py:2076} INFO - Dependencies all met for dep_context=requeueable deps ti=<TaskInstance: BuildELT_dbt.dbt_snapshot manual__2024-11-13T19:02:52.930284+00:00 [queued]>
[2024-11-13T19:03:21.179+0000] {taskinstance.py:2306} INFO - Starting attempt 1 of 1
[2024-11-13T19:03:21.194+0000] {taskinstance.py:2330} INFO - Executing <Task(BashOperator): dbt_snapshot> on 2024-11-13 19:02:52.930284+00:00
[2024-11-13T19:03:21.202+0000] {standard_task_runner.py:90} INFO - Running: ['***', 'tasks', 'run', 'BuildELT_dbt', 'dbt_snapshot', 'manual__2024-11-13T19:02:52.930284+00:00', '--job-id', '187', '--raw', '--subdir', 'DAGS_FOLDER/build_elt_with_dbt.py', '--cfg-path', '/tmp/tmpsfsgr4fe']
[2024-11-13T19:03:21.205+0000] {standard_task_runner.py:91} INFO - Job 187: Subtask dbt_snapshot
[2024-11-13T19:03:21.206+0000] {logging_mixin.py:188} WARNING - /home/***/.local/lib/python3.12/site-packages/***/task/task_runner/standard_task_runner.py:61 DeprecationWarning: This process (pid=2048) is multi-threaded, use of fork() may lead to deadlocks in the child.
[2024-11-13T19:03:21.207+0000] {standard_task_runner.py:63} INFO - Started process 2049 to run task
[2024-11-13T19:03:21.256+0000] {task_command.py:426} INFO - Running <TaskInstance: BuildELT_dbt.dbt_snapshot manual__2024-11-13T19:02:52.930284+00:00 [running]> on host d7a7afbedfaf
[2024-11-13T19:03:21.405+0000] {taskinstance.py:2648} INFO - Exporting env vars: AIRFLOW_CTX_DAG_OWNER='***' AIRFLOW_CTX_DAG_ID='BuildELT_dbt' AIRFLOW_CTX_TASK_ID='dbt_snapshot' AIRFLOW_CTX_EXECUTION_DATE='2024-11-13T19:02:52.930284+00:00' AIRFLOW_CTX_TRY_NUMBER='1' AIRFLOW_CTX_DAG_RUN_ID='manual__2024-11-13T19:02:52.930284+00:00'
[2024-11-13T19:03:21.406+0000] {taskinstance.py:430} INFO - ::endgroup::
[2024-11-13T19:03:21.421+0000] {subprocess.py:63} INFO - Tmp dir root location: /tmp
[2024-11-13T19:03:21.423+0000] {subprocess.py:75} INFO - Running command: ['/usr/bin/bash', '-c', '/home/***/.local/bin/dbt snapshot --profiles-dir /opt/***/dbt --project-dir /opt/***/dbt']
[2024-11-13T19:03:21.434+0000] {subprocess.py:86} INFO - Output:
[2024-11-13T19:03:23.762+0000] {subprocess.py:93} INFO - [0m19:03:23  Running with dbt=1.8.7
[2024-11-13T19:03:24.924+0000] {subprocess.py:93} INFO - [0m19:03:24  Registered adapter: snowflake=1.8.4
[2024-11-13T19:03:25.598+0000] {subprocess.py:93} INFO - [0m19:03:25  Found 6 models, 1 snapshot, 2 data tests, 2 sources, 459 macros
[2024-11-13T19:03:25.604+0000] {subprocess.py:93} INFO - [0m19:03:25
[2024-11-13T19:03:27.626+0000] {subprocess.py:93} INFO - [0m19:03:27  Concurrency: 1 threads (target='dev')
[2024-11-13T19:03:27.626+0000] {subprocess.py:93} INFO - [0m19:03:27
[2024-11-13T19:03:27.655+0000] {subprocess.py:93} INFO - [0m19:03:27  1 of 1 START snapshot snapshot.snapshot_stock_indicators ....................... [RUN]
[2024-11-13T19:03:35.077+0000] {subprocess.py:93} INFO - [0m19:03:35  1 of 1 OK snapshotted snapshot.snapshot_stock_indicators ....................... [[32mSUCCESS 3[0m in 7.42s]
[2024-11-13T19:03:35.084+0000] {subprocess.py:93} INFO - [0m19:03:35
[2024-11-13T19:03:35.084+0000] {subprocess.py:93} INFO - [0m19:03:35  Finished running 1 snapshot in 0 hours 0 minutes and 9.48 seconds (9.48s).
[2024-11-13T19:03:35.152+0000] {subprocess.py:93} INFO - [0m19:03:35
[2024-11-13T19:03:35.153+0000] {subprocess.py:93} INFO - [0m19:03:35  [32mCompleted successfully[0m
[2024-11-13T19:03:35.154+0000] {subprocess.py:93} INFO - [0m19:03:35
[2024-11-13T19:03:35.155+0000] {subprocess.py:93} INFO - [0m19:03:35  Done. PASS=1 WARN=0 ERROR=0 SKIP=0 TOTAL=1
[2024-11-13T19:03:36.106+0000] {subprocess.py:97} INFO - Command exited with return code 0
[2024-11-13T19:03:36.107+0000] {taskinstance.py:441} INFO - ::group::Post task execution logs
[2024-11-13T19:03:36.147+0000] {taskinstance.py:1206} INFO - Marking task as SUCCESS. dag_id=BuildELT_dbt, task_id=dbt_snapshot, run_id=manual__2024-11-13T19:02:52.930284+00:00, execution_date=20241113T190252, start_date=20241113T190321, end_date=20241113T190336
[2024-11-13T19:03:36.195+0000] {local_task_job_runner.py:240} INFO - Task exited with return code 0
[2024-11-13T19:03:36.215+0000] {taskinstance.py:3498} INFO - 0 downstream tasks scheduled from follow-on schedule check
[2024-11-13T19:03:36.219+0000] {local_task_job_runner.py:222} INFO - ::endgroup::
