[2024-11-28T20:09:32.201+0000] {local_task_job_runner.py:120} INFO - ::group::Pre task execution logs
[2024-11-28T20:09:32.229+0000] {taskinstance.py:2076} INFO - Dependencies all met for dep_context=non-requeueable deps ti=<TaskInstance: Electricity-Fetch-Load.fetch_electricity_data manual__2024-11-28T20:09:29.429602+00:00 [queued]>
[2024-11-28T20:09:32.236+0000] {taskinstance.py:2076} INFO - Dependencies all met for dep_context=requeueable deps ti=<TaskInstance: Electricity-Fetch-Load.fetch_electricity_data manual__2024-11-28T20:09:29.429602+00:00 [queued]>
[2024-11-28T20:09:32.237+0000] {taskinstance.py:2306} INFO - Starting attempt 1 of 1
[2024-11-28T20:09:32.248+0000] {taskinstance.py:2330} INFO - Executing <Task(_PythonDecoratedOperator): fetch_electricity_data> on 2024-11-28 20:09:29.429602+00:00
[2024-11-28T20:09:32.256+0000] {standard_task_runner.py:90} INFO - Running: ['***', 'tasks', 'run', 'Electricity-Fetch-Load', 'fetch_electricity_data', 'manual__2024-11-28T20:09:29.429602+00:00', '--job-id', '231', '--raw', '--subdir', 'DAGS_FOLDER/electricity-dag.py', '--cfg-path', '/tmp/tmp3vhe6e8u']
[2024-11-28T20:09:32.258+0000] {standard_task_runner.py:91} INFO - Job 231: Subtask fetch_electricity_data
[2024-11-28T20:09:32.259+0000] {logging_mixin.py:188} WARNING - /home/***/.local/lib/python3.12/site-packages/***/task/task_runner/standard_task_runner.py:61 DeprecationWarning: This process (pid=307) is multi-threaded, use of fork() may lead to deadlocks in the child.
[2024-11-28T20:09:32.260+0000] {standard_task_runner.py:63} INFO - Started process 310 to run task
[2024-11-28T20:09:32.303+0000] {task_command.py:426} INFO - Running <TaskInstance: Electricity-Fetch-Load.fetch_electricity_data manual__2024-11-28T20:09:29.429602+00:00 [running]> on host fd43cd87157f
[2024-11-28T20:09:32.386+0000] {taskinstance.py:2648} INFO - Exporting env vars: AIRFLOW_CTX_DAG_OWNER='***' AIRFLOW_CTX_DAG_ID='Electricity-Fetch-Load' AIRFLOW_CTX_TASK_ID='fetch_electricity_data' AIRFLOW_CTX_EXECUTION_DATE='2024-11-28T20:09:29.429602+00:00' AIRFLOW_CTX_TRY_NUMBER='1' AIRFLOW_CTX_DAG_RUN_ID='manual__2024-11-28T20:09:29.429602+00:00'
[2024-11-28T20:09:32.387+0000] {taskinstance.py:430} INFO - ::endgroup::
[2024-11-28T20:09:35.845+0000] {logging_mixin.py:188} INFO -        period subba  ...   value    value-units
0  2024-11-27  PGAE  ...  263066  megawatthours
1  2024-11-27   SCE  ...  269781  megawatthours
2  2024-11-27  SDGE  ...   52457  megawatthours
3  2024-11-27   VEA  ...    2144  megawatthours
4  2024-11-26  PGAE  ...  271109  megawatthours

[5 rows x 8 columns]
[2024-11-28T20:09:35.849+0000] {python.py:237} INFO - Done. Returned value was:           period subba  ...   value    value-units
0     2024-11-27  PGAE  ...  263066  megawatthours
1     2024-11-27   SCE  ...  269781  megawatthours
2     2024-11-27  SDGE  ...   52457  megawatthours
3     2024-11-27   VEA  ...    2144  megawatthours
4     2024-11-26  PGAE  ...  271109  megawatthours
...          ...   ...  ...     ...            ...
4233  2022-01-02   VEA  ...    2332  megawatthours
4234  2022-01-01  PGAE  ...  249179  megawatthours
4235  2022-01-01   SCE  ...  234915  megawatthours
4236  2022-01-01  SDGE  ...   44717  megawatthours
4237  2022-01-01   VEA  ...    2228  megawatthours

[4238 rows x 8 columns]
[2024-11-28T20:09:35.860+0000] {taskinstance.py:441} INFO - ::group::Post task execution logs
[2024-11-28T20:09:35.933+0000] {taskinstance.py:1206} INFO - Marking task as SUCCESS. dag_id=Electricity-Fetch-Load, task_id=fetch_electricity_data, run_id=manual__2024-11-28T20:09:29.429602+00:00, execution_date=20241128T200929, start_date=20241128T200932, end_date=20241128T200935
[2024-11-28T20:09:35.969+0000] {local_task_job_runner.py:240} INFO - Task exited with return code 0
[2024-11-28T20:09:35.982+0000] {local_task_job_runner.py:222} INFO - ::endgroup::
