[2024-11-26T18:14:59.384+0000] {local_task_job_runner.py:120} INFO - ::group::Pre task execution logs
[2024-11-26T18:14:59.410+0000] {taskinstance.py:2076} INFO - Dependencies all met for dep_context=non-requeueable deps ti=<TaskInstance: Electricity-Fetch-Load.load_electricity_data manual__2024-11-26T18:14:42.374326+00:00 [queued]>
[2024-11-26T18:14:59.418+0000] {taskinstance.py:2076} INFO - Dependencies all met for dep_context=requeueable deps ti=<TaskInstance: Electricity-Fetch-Load.load_electricity_data manual__2024-11-26T18:14:42.374326+00:00 [queued]>
[2024-11-26T18:14:59.419+0000] {taskinstance.py:2306} INFO - Starting attempt 1 of 1
[2024-11-26T18:14:59.432+0000] {taskinstance.py:2330} INFO - Executing <Task(_PythonDecoratedOperator): load_electricity_data> on 2024-11-26 18:14:42.374326+00:00
[2024-11-26T18:14:59.444+0000] {standard_task_runner.py:90} INFO - Running: ['***', 'tasks', 'run', 'Electricity-Fetch-Load', 'load_electricity_data', 'manual__2024-11-26T18:14:42.374326+00:00', '--job-id', '211', '--raw', '--subdir', 'DAGS_FOLDER/electricity-dag.py', '--cfg-path', '/tmp/tmp6eis21hc']
[2024-11-26T18:14:59.446+0000] {standard_task_runner.py:91} INFO - Job 211: Subtask load_electricity_data
[2024-11-26T18:14:59.449+0000] {logging_mixin.py:188} WARNING - /home/***/.local/lib/python3.12/site-packages/***/task/task_runner/standard_task_runner.py:61 DeprecationWarning: This process (pid=1020) is multi-threaded, use of fork() may lead to deadlocks in the child.
[2024-11-26T18:14:59.450+0000] {standard_task_runner.py:63} INFO - Started process 1023 to run task
[2024-11-26T18:14:59.495+0000] {task_command.py:426} INFO - Running <TaskInstance: Electricity-Fetch-Load.load_electricity_data manual__2024-11-26T18:14:42.374326+00:00 [running]> on host fd43cd87157f
[2024-11-26T18:14:59.662+0000] {taskinstance.py:2648} INFO - Exporting env vars: AIRFLOW_CTX_DAG_OWNER='***' AIRFLOW_CTX_DAG_ID='Electricity-Fetch-Load' AIRFLOW_CTX_TASK_ID='load_electricity_data' AIRFLOW_CTX_EXECUTION_DATE='2024-11-26T18:14:42.374326+00:00' AIRFLOW_CTX_TRY_NUMBER='1' AIRFLOW_CTX_DAG_RUN_ID='manual__2024-11-26T18:14:42.374326+00:00'
[2024-11-26T18:14:59.663+0000] {taskinstance.py:430} INFO - ::endgroup::
[2024-11-26T18:14:59.822+0000] {cursor.py:1149} INFO - Number of results in first chunk: 1
[2024-11-26T18:15:00.217+0000] {cursor.py:1149} INFO - Number of results in first chunk: 1
[2024-11-26T18:15:00.516+0000] {logging_mixin.py:188} INFO - Q: 
    INSERT INTO electricity_data (period, subba, subba_name, parent, parent_name, timezone, value, value_units)
    VALUES (%s, %s, %s, %s, %s, %s, %s, %s)
    
[2024-11-26T18:15:01.138+0000] {logging_mixin.py:188} INFO - Error inserting electricity data: 002003 (42S02): 01b8a267-0004-3865-0002-59530002f61a: SQL compilation error:
Table 'ELECTRICITY_DATA' does not exist or not authorized.
[2024-11-26T18:15:01.282+0000] {cursor.py:1149} INFO - Number of results in first chunk: 1
[2024-11-26T18:15:01.283+0000] {python.py:237} INFO - Done. Returned value was: None
[2024-11-26T18:15:01.283+0000] {taskinstance.py:441} INFO - ::group::Post task execution logs
[2024-11-26T18:15:01.295+0000] {taskinstance.py:1206} INFO - Marking task as SUCCESS. dag_id=Electricity-Fetch-Load, task_id=load_electricity_data, run_id=manual__2024-11-26T18:14:42.374326+00:00, execution_date=20241126T181442, start_date=20241126T181459, end_date=20241126T181501
[2024-11-26T18:15:01.350+0000] {local_task_job_runner.py:240} INFO - Task exited with return code 0
[2024-11-26T18:15:01.368+0000] {taskinstance.py:3498} INFO - 0 downstream tasks scheduled from follow-on schedule check
[2024-11-26T18:15:01.371+0000] {local_task_job_runner.py:222} INFO - ::endgroup::
