[2024-11-30T04:55:44.020+0000] {local_task_job_runner.py:120} INFO - ::group::Pre task execution logs
[2024-11-30T04:55:44.086+0000] {taskinstance.py:2076} INFO - Dependencies all met for dep_context=non-requeueable deps ti=<TaskInstance: complete-dag.load_weather_data_to_snowflake__1 manual__2024-11-30T04:55:13.505419+00:00 [queued]>
[2024-11-30T04:55:44.102+0000] {taskinstance.py:2076} INFO - Dependencies all met for dep_context=requeueable deps ti=<TaskInstance: complete-dag.load_weather_data_to_snowflake__1 manual__2024-11-30T04:55:13.505419+00:00 [queued]>
[2024-11-30T04:55:44.102+0000] {taskinstance.py:2306} INFO - Starting attempt 1 of 1
[2024-11-30T04:55:44.135+0000] {taskinstance.py:2330} INFO - Executing <Task(_PythonDecoratedOperator): load_weather_data_to_snowflake__1> on 2024-11-30 04:55:13.505419+00:00
[2024-11-30T04:55:44.153+0000] {standard_task_runner.py:90} INFO - Running: ['***', 'tasks', 'run', 'complete-dag', 'load_weather_data_to_snowflake__1', 'manual__2024-11-30T04:55:13.505419+00:00', '--job-id', '300', '--raw', '--subdir', 'DAGS_FOLDER/complete_dag.py', '--cfg-path', '/tmp/tmpsffzkv7k']
[2024-11-30T04:55:44.155+0000] {standard_task_runner.py:91} INFO - Job 300: Subtask load_weather_data_to_snowflake__1
[2024-11-30T04:55:44.158+0000] {logging_mixin.py:188} WARNING - /home/***/.local/lib/python3.12/site-packages/***/task/task_runner/standard_task_runner.py:61 DeprecationWarning: This process (pid=1158) is multi-threaded, use of fork() may lead to deadlocks in the child.
[2024-11-30T04:55:44.160+0000] {standard_task_runner.py:63} INFO - Started process 1182 to run task
[2024-11-30T04:55:44.259+0000] {task_command.py:426} INFO - Running <TaskInstance: complete-dag.load_weather_data_to_snowflake__1 manual__2024-11-30T04:55:13.505419+00:00 [running]> on host b09a94790db6
[2024-11-30T04:55:45.320+0000] {taskinstance.py:2648} INFO - Exporting env vars: AIRFLOW_CTX_DAG_OWNER='***' AIRFLOW_CTX_DAG_ID='complete-dag' AIRFLOW_CTX_TASK_ID='load_weather_data_to_snowflake__1' AIRFLOW_CTX_EXECUTION_DATE='2024-11-30T04:55:13.505419+00:00' AIRFLOW_CTX_TRY_NUMBER='1' AIRFLOW_CTX_DAG_RUN_ID='manual__2024-11-30T04:55:13.505419+00:00'
[2024-11-30T04:55:45.322+0000] {taskinstance.py:430} INFO - ::endgroup::
[2024-11-30T04:55:45.335+0000] {base.py:84} INFO - Using connection ID 'snowflake_conn' for task execution.
[2024-11-30T04:55:45.337+0000] {connection.py:399} INFO - Snowflake Connector for Python Version: 3.10.0, Python Version: 3.12.3, Platform: Linux-5.15.153.1-microsoft-standard-WSL2-x86_64-with-glibc2.36
[2024-11-30T04:55:45.338+0000] {connection.py:1239} INFO - This connection is in OCSP Fail Open Mode. TLS Certificates would be checked for validity and revocation status. Any other Certificate Revocation related exceptions or OCSP Responder failures would be disregarded in favor of connectivity.
[2024-11-30T04:55:48.503+0000] {taskinstance.py:441} INFO - ::group::Post task execution logs
[2024-11-30T04:55:48.505+0000] {taskinstance.py:2905} ERROR - Task failed with exception
Traceback (most recent call last):
  File "/home/airflow/.local/lib/python3.12/site-packages/airflow/models/taskinstance.py", line 465, in _execute_task
    result = _execute_callable(context=context, **execute_callable_kwargs)
             ^^^^^^^^^^^^^^^^^^^^^^^^^^^^^^^^^^^^^^^^^^^^^^^^^^^^^^^^^^^^^
  File "/home/airflow/.local/lib/python3.12/site-packages/airflow/models/taskinstance.py", line 432, in _execute_callable
    return execute_callable(context=context, **execute_callable_kwargs)
           ^^^^^^^^^^^^^^^^^^^^^^^^^^^^^^^^^^^^^^^^^^^^^^^^^^^^^^^^^^^^
  File "/home/airflow/.local/lib/python3.12/site-packages/airflow/models/baseoperator.py", line 400, in wrapper
    return func(self, *args, **kwargs)
           ^^^^^^^^^^^^^^^^^^^^^^^^^^^
  File "/home/airflow/.local/lib/python3.12/site-packages/airflow/decorators/base.py", line 265, in execute
    return_value = super().execute(context)
                   ^^^^^^^^^^^^^^^^^^^^^^^^
  File "/home/airflow/.local/lib/python3.12/site-packages/airflow/models/baseoperator.py", line 400, in wrapper
    return func(self, *args, **kwargs)
           ^^^^^^^^^^^^^^^^^^^^^^^^^^^
  File "/home/airflow/.local/lib/python3.12/site-packages/airflow/operators/python.py", line 235, in execute
    return_value = self.execute_callable()
                   ^^^^^^^^^^^^^^^^^^^^^^^
  File "/home/airflow/.local/lib/python3.12/site-packages/airflow/operators/python.py", line 252, in execute_callable
    return self.python_callable(*self.op_args, **self.op_kwargs)
           ^^^^^^^^^^^^^^^^^^^^^^^^^^^^^^^^^^^^^^^^^^^^^^^^^^^^^
  File "/opt/airflow/dags/complete_dag.py", line 149, in load_weather_data_to_snowflake
    cursor = conn.cursor()
             ^^^^^^^^^^^
AttributeError: 'SnowflakeCursor' object has no attribute 'cursor'
[2024-11-30T04:55:48.547+0000] {taskinstance.py:1206} INFO - Marking task as FAILED. dag_id=complete-dag, task_id=load_weather_data_to_snowflake__1, run_id=manual__2024-11-30T04:55:13.505419+00:00, execution_date=20241130T045513, start_date=20241130T045544, end_date=20241130T045548
[2024-11-30T04:55:48.589+0000] {standard_task_runner.py:110} ERROR - Failed to execute job 300 for task load_weather_data_to_snowflake__1 ('SnowflakeCursor' object has no attribute 'cursor'; 1182)
[2024-11-30T04:55:48.645+0000] {local_task_job_runner.py:240} INFO - Task exited with return code 1
[2024-11-30T04:55:48.666+0000] {local_task_job_runner.py:222} INFO - ::endgroup::
