[2024-11-30T06:22:40.325+0000] {local_task_job_runner.py:120} INFO - ::group::Pre task execution logs
[2024-11-30T06:22:40.404+0000] {taskinstance.py:2076} INFO - Dependencies all met for dep_context=non-requeueable deps ti=<TaskInstance: complete-dag.fetch_historical_weather manual__2024-11-30T06:22:33.196088+00:00 [queued]>
[2024-11-30T06:22:40.413+0000] {taskinstance.py:2076} INFO - Dependencies all met for dep_context=requeueable deps ti=<TaskInstance: complete-dag.fetch_historical_weather manual__2024-11-30T06:22:33.196088+00:00 [queued]>
[2024-11-30T06:22:40.414+0000] {taskinstance.py:2306} INFO - Starting attempt 1 of 1
[2024-11-30T06:22:40.427+0000] {taskinstance.py:2330} INFO - Executing <Task(_PythonDecoratedOperator): fetch_historical_weather> on 2024-11-30 06:22:33.196088+00:00
[2024-11-30T06:22:40.464+0000] {logging_mixin.py:188} WARNING - /home/***/.local/lib/python3.12/site-packages/***/task/task_runner/standard_task_runner.py:61 DeprecationWarning: This process (pid=8877) is multi-threaded, use of fork() may lead to deadlocks in the child.
[2024-11-30T06:22:40.463+0000] {standard_task_runner.py:90} INFO - Running: ['***', 'tasks', 'run', 'complete-dag', 'fetch_historical_weather', 'manual__2024-11-30T06:22:33.196088+00:00', '--job-id', '339', '--raw', '--subdir', 'DAGS_FOLDER/complete_dag.py', '--cfg-path', '/tmp/tmpcq4bh92h']
[2024-11-30T06:22:40.466+0000] {standard_task_runner.py:63} INFO - Started process 8893 to run task
[2024-11-30T06:22:40.466+0000] {standard_task_runner.py:91} INFO - Job 339: Subtask fetch_historical_weather
[2024-11-30T06:22:40.567+0000] {task_command.py:426} INFO - Running <TaskInstance: complete-dag.fetch_historical_weather manual__2024-11-30T06:22:33.196088+00:00 [running]> on host b09a94790db6
[2024-11-30T06:22:40.755+0000] {taskinstance.py:2648} INFO - Exporting env vars: AIRFLOW_CTX_DAG_OWNER='***' AIRFLOW_CTX_DAG_ID='complete-dag' AIRFLOW_CTX_TASK_ID='fetch_historical_weather' AIRFLOW_CTX_EXECUTION_DATE='2024-11-30T06:22:33.196088+00:00' AIRFLOW_CTX_TRY_NUMBER='1' AIRFLOW_CTX_DAG_RUN_ID='manual__2024-11-30T06:22:33.196088+00:00'
[2024-11-30T06:22:40.757+0000] {taskinstance.py:430} INFO - ::endgroup::
[2024-11-30T06:22:41.660+0000] {python.py:237} INFO - Done. Returned value was:             Date  temperature_2m_max  ...  windspeed_10m_max  avg_temperature
0     2022-01-01                 8.0  ...               18.0             2.55
1     2022-01-02                 7.0  ...               11.8             1.35
2     2022-01-03                 5.5  ...               11.4             0.55
3     2022-01-04                 4.1  ...               11.7             1.30
4     2022-01-05                 4.8  ...               11.2             0.15
...          ...                 ...  ...                ...              ...
1060  2024-11-26                 2.8  ...               29.0            -0.40
1061  2024-11-27                 6.4  ...               29.3             2.90
1062  2024-11-28                 5.2  ...               20.5             2.20
1063  2024-11-29                 NaN  ...                NaN              NaN
1064  2024-11-30                 NaN  ...                NaN              NaN

[1065 rows x 7 columns]
[2024-11-30T06:22:41.762+0000] {taskinstance.py:441} INFO - ::group::Post task execution logs
[2024-11-30T06:22:42.129+0000] {taskinstance.py:1206} INFO - Marking task as SUCCESS. dag_id=complete-dag, task_id=fetch_historical_weather, run_id=manual__2024-11-30T06:22:33.196088+00:00, execution_date=20241130T062233, start_date=20241130T062240, end_date=20241130T062242
[2024-11-30T06:22:42.579+0000] {local_task_job_runner.py:240} INFO - Task exited with return code 0
[2024-11-30T06:22:42.599+0000] {local_task_job_runner.py:222} INFO - ::endgroup::
