[2024-12-05T20:24:48.567+0000] {local_task_job_runner.py:120} INFO - ::group::Pre task execution logs
[2024-12-05T20:24:48.600+0000] {taskinstance.py:2076} INFO - Dependencies all met for dep_context=non-requeueable deps ti=<TaskInstance: complete-dag.dbt_run manual__2024-12-05T20:24:34.702673+00:00 [queued]>
[2024-12-05T20:24:48.609+0000] {taskinstance.py:2076} INFO - Dependencies all met for dep_context=requeueable deps ti=<TaskInstance: complete-dag.dbt_run manual__2024-12-05T20:24:34.702673+00:00 [queued]>
[2024-12-05T20:24:48.610+0000] {taskinstance.py:2306} INFO - Starting attempt 1 of 1
[2024-12-05T20:24:48.625+0000] {taskinstance.py:2330} INFO - Executing <Task(BashOperator): dbt_run> on 2024-12-05 20:24:34.702673+00:00
[2024-12-05T20:24:48.636+0000] {standard_task_runner.py:90} INFO - Running: ['***', 'tasks', 'run', 'complete-dag', 'dbt_run', 'manual__2024-12-05T20:24:34.702673+00:00', '--job-id', '558', '--raw', '--subdir', 'DAGS_FOLDER/complete_dag.py', '--cfg-path', '/tmp/tmpyvymdp00']
[2024-12-05T20:24:48.638+0000] {standard_task_runner.py:91} INFO - Job 558: Subtask dbt_run
[2024-12-05T20:24:48.639+0000] {logging_mixin.py:188} WARNING - /home/***/.local/lib/python3.12/site-packages/***/task/task_runner/standard_task_runner.py:61 DeprecationWarning: This process (pid=373) is multi-threaded, use of fork() may lead to deadlocks in the child.
[2024-12-05T20:24:48.640+0000] {standard_task_runner.py:63} INFO - Started process 382 to run task
[2024-12-05T20:24:48.685+0000] {task_command.py:426} INFO - Running <TaskInstance: complete-dag.dbt_run manual__2024-12-05T20:24:34.702673+00:00 [running]> on host e060654747dc
[2024-12-05T20:24:48.830+0000] {taskinstance.py:2648} INFO - Exporting env vars: AIRFLOW_CTX_DAG_OWNER='***' AIRFLOW_CTX_DAG_ID='complete-dag' AIRFLOW_CTX_TASK_ID='dbt_run' AIRFLOW_CTX_EXECUTION_DATE='2024-12-05T20:24:34.702673+00:00' AIRFLOW_CTX_TRY_NUMBER='1' AIRFLOW_CTX_DAG_RUN_ID='manual__2024-12-05T20:24:34.702673+00:00'
[2024-12-05T20:24:48.831+0000] {taskinstance.py:430} INFO - ::endgroup::
[2024-12-05T20:24:48.832+0000] {subprocess.py:63} INFO - Tmp dir root location: /tmp
[2024-12-05T20:24:48.837+0000] {subprocess.py:75} INFO - Running command: ['/usr/bin/bash', '-c', '/home/***/.local/bin/dbt run --profiles-dir /opt/***/dbt --project-dir /opt/***/dbt']
[2024-12-05T20:24:48.853+0000] {subprocess.py:86} INFO - Output:
[2024-12-05T20:24:52.302+0000] {subprocess.py:93} INFO - [0m20:24:52  Running with dbt=1.8.7
[2024-12-05T20:24:53.830+0000] {subprocess.py:93} INFO - [0m20:24:53  Registered adapter: snowflake=1.8.4
[2024-12-05T20:24:54.792+0000] {subprocess.py:93} INFO - [0m20:24:54  Found 5 models, 1 test, 2 snapshots, 4 sources, 459 macros
[2024-12-05T20:24:54.796+0000] {subprocess.py:93} INFO - [0m20:24:54
[2024-12-05T20:24:56.648+0000] {subprocess.py:93} INFO - [0m20:24:56  Concurrency: 1 threads (target='dev')
[2024-12-05T20:24:56.650+0000] {subprocess.py:93} INFO - [0m20:24:56
[2024-12-05T20:24:56.773+0000] {subprocess.py:93} INFO - [0m20:24:56  1 of 2 START sql table model analytics.weather_forecast_processed .............. [RUN]
[2024-12-05T20:24:58.665+0000] {subprocess.py:93} INFO - [0m20:24:58  1 of 2 OK created sql table model analytics.weather_forecast_processed ......... [[32mSUCCESS 1[0m in 1.89s]
[2024-12-05T20:24:58.668+0000] {subprocess.py:93} INFO - [0m20:24:58  2 of 2 START sql table model analytics.electricity_weather_historical .......... [RUN]
[2024-12-05T20:25:00.451+0000] {subprocess.py:93} INFO - [0m20:25:00  2 of 2 OK created sql table model analytics.electricity_weather_historical ..... [[32mSUCCESS 1[0m in 1.78s]
[2024-12-05T20:25:00.458+0000] {subprocess.py:93} INFO - [0m20:25:00
[2024-12-05T20:25:00.459+0000] {subprocess.py:93} INFO - [0m20:25:00  Finished running 2 table models in 0 hours 0 minutes and 5.66 seconds (5.66s).
[2024-12-05T20:25:00.540+0000] {subprocess.py:93} INFO - [0m20:25:00
[2024-12-05T20:25:00.541+0000] {subprocess.py:93} INFO - [0m20:25:00  [32mCompleted successfully[0m
[2024-12-05T20:25:00.543+0000] {subprocess.py:93} INFO - [0m20:25:00
[2024-12-05T20:25:00.544+0000] {subprocess.py:93} INFO - [0m20:25:00  Done. PASS=2 WARN=0 ERROR=0 SKIP=0 TOTAL=2
[2024-12-05T20:25:01.608+0000] {subprocess.py:97} INFO - Command exited with return code 0
[2024-12-05T20:25:01.609+0000] {taskinstance.py:441} INFO - ::group::Post task execution logs
[2024-12-05T20:25:01.644+0000] {taskinstance.py:1206} INFO - Marking task as SUCCESS. dag_id=complete-dag, task_id=dbt_run, run_id=manual__2024-12-05T20:24:34.702673+00:00, execution_date=20241205T202434, start_date=20241205T202448, end_date=20241205T202501
[2024-12-05T20:25:01.716+0000] {local_task_job_runner.py:240} INFO - Task exited with return code 0
[2024-12-05T20:25:01.738+0000] {local_task_job_runner.py:222} INFO - ::endgroup::
