[2024-11-30T06:40:55.716+0000] {local_task_job_runner.py:120} INFO - ::group::Pre task execution logs
[2024-11-30T06:40:55.752+0000] {taskinstance.py:2076} INFO - Dependencies all met for dep_context=non-requeueable deps ti=<TaskInstance: complete-dag.predict manual__2024-11-30T06:36:41.008481+00:00 [queued]>
[2024-11-30T06:40:55.760+0000] {taskinstance.py:2076} INFO - Dependencies all met for dep_context=requeueable deps ti=<TaskInstance: complete-dag.predict manual__2024-11-30T06:36:41.008481+00:00 [queued]>
[2024-11-30T06:40:55.761+0000] {taskinstance.py:2306} INFO - Starting attempt 1 of 1
[2024-11-30T06:40:55.772+0000] {taskinstance.py:2330} INFO - Executing <Task(_PythonDecoratedOperator): predict> on 2024-11-30 06:36:41.008481+00:00
[2024-11-30T06:40:55.792+0000] {logging_mixin.py:188} WARNING - /home/***/.local/lib/python3.12/site-packages/***/task/task_runner/standard_task_runner.py:61 DeprecationWarning: This process (pid=11007) is multi-threaded, use of fork() may lead to deadlocks in the child.
[2024-11-30T06:40:55.784+0000] {standard_task_runner.py:90} INFO - Running: ['***', 'tasks', 'run', 'complete-dag', 'predict', 'manual__2024-11-30T06:36:41.008481+00:00', '--job-id', '391', '--raw', '--subdir', 'DAGS_FOLDER/complete_dag.py', '--cfg-path', '/tmp/tmpmkgrcoa5']
[2024-11-30T06:40:55.794+0000] {standard_task_runner.py:91} INFO - Job 391: Subtask predict
[2024-11-30T06:40:55.794+0000] {standard_task_runner.py:63} INFO - Started process 11010 to run task
[2024-11-30T06:40:55.919+0000] {task_command.py:426} INFO - Running <TaskInstance: complete-dag.predict manual__2024-11-30T06:36:41.008481+00:00 [running]> on host b09a94790db6
[2024-11-30T06:40:56.059+0000] {taskinstance.py:2648} INFO - Exporting env vars: AIRFLOW_CTX_DAG_OWNER='***' AIRFLOW_CTX_DAG_ID='complete-dag' AIRFLOW_CTX_TASK_ID='predict' AIRFLOW_CTX_EXECUTION_DATE='2024-11-30T06:36:41.008481+00:00' AIRFLOW_CTX_TRY_NUMBER='1' AIRFLOW_CTX_DAG_RUN_ID='manual__2024-11-30T06:36:41.008481+00:00'
[2024-11-30T06:40:56.061+0000] {taskinstance.py:430} INFO - ::endgroup::
[2024-11-30T06:41:13.371+0000] {cursor.py:1149} INFO - Number of results in first chunk: 1
[2024-11-30T06:41:13.372+0000] {complete_dag.py:326} INFO - prediction created
[2024-11-30T06:41:14.389+0000] {cursor.py:1149} INFO - Number of results in first chunk: 1
[2024-11-30T06:41:14.390+0000] {complete_dag.py:328} INFO - Joined weather_forecast and electricity_forecast
[2024-11-30T06:41:15.078+0000] {cursor.py:1149} INFO - Number of results in first chunk: 1
[2024-11-30T06:41:15.078+0000] {complete_dag.py:330} INFO - Final table created
[2024-11-30T06:41:15.079+0000] {python.py:237} INFO - Done. Returned value was: None
[2024-11-30T06:41:15.080+0000] {taskinstance.py:441} INFO - ::group::Post task execution logs
[2024-11-30T06:41:15.090+0000] {taskinstance.py:1206} INFO - Marking task as SUCCESS. dag_id=complete-dag, task_id=predict, run_id=manual__2024-11-30T06:36:41.008481+00:00, execution_date=20241130T063641, start_date=20241130T064055, end_date=20241130T064115
[2024-11-30T06:41:15.139+0000] {local_task_job_runner.py:240} INFO - Task exited with return code 0
[2024-11-30T06:41:15.155+0000] {taskinstance.py:3498} INFO - 0 downstream tasks scheduled from follow-on schedule check
[2024-11-30T06:41:15.158+0000] {local_task_job_runner.py:222} INFO - ::endgroup::
