[2024-11-29T21:00:26.767+0000] {local_task_job_runner.py:120} INFO - ::group::Pre task execution logs
[2024-11-29T21:00:26.892+0000] {taskinstance.py:2076} INFO - Dependencies all met for dep_context=non-requeueable deps ti=<TaskInstance: Electricity_predict.train manual__2024-11-29T21:00:21.912677+00:00 [queued]>
[2024-11-29T21:00:26.901+0000] {taskinstance.py:2076} INFO - Dependencies all met for dep_context=requeueable deps ti=<TaskInstance: Electricity_predict.train manual__2024-11-29T21:00:21.912677+00:00 [queued]>
[2024-11-29T21:00:26.905+0000] {taskinstance.py:2306} INFO - Starting attempt 1 of 1
[2024-11-29T21:00:26.953+0000] {taskinstance.py:2330} INFO - Executing <Task(_PythonDecoratedOperator): train> on 2024-11-29 21:00:21.912677+00:00
[2024-11-29T21:00:26.965+0000] {standard_task_runner.py:90} INFO - Running: ['***', 'tasks', 'run', 'Electricity_predict', 'train', 'manual__2024-11-29T21:00:21.912677+00:00', '--job-id', '289', '--raw', '--subdir', 'DAGS_FOLDER/energy_usage_prediction.py', '--cfg-path', '/tmp/tmp7zi7_dmn']
[2024-11-29T21:00:27.046+0000] {standard_task_runner.py:91} INFO - Job 289: Subtask train
[2024-11-29T21:00:27.109+0000] {logging_mixin.py:188} WARNING - /home/***/.local/lib/python3.12/site-packages/***/task/task_runner/standard_task_runner.py:61 DeprecationWarning: This process (pid=17275) is multi-threaded, use of fork() may lead to deadlocks in the child.
[2024-11-29T21:00:27.110+0000] {standard_task_runner.py:63} INFO - Started process 17284 to run task
[2024-11-29T21:00:27.366+0000] {task_command.py:426} INFO - Running <TaskInstance: Electricity_predict.train manual__2024-11-29T21:00:21.912677+00:00 [running]> on host fd43cd87157f
[2024-11-29T21:00:27.510+0000] {taskinstance.py:2648} INFO - Exporting env vars: AIRFLOW_CTX_DAG_OWNER='***' AIRFLOW_CTX_DAG_ID='Electricity_predict' AIRFLOW_CTX_TASK_ID='train' AIRFLOW_CTX_EXECUTION_DATE='2024-11-29T21:00:21.912677+00:00' AIRFLOW_CTX_TRY_NUMBER='1' AIRFLOW_CTX_DAG_RUN_ID='manual__2024-11-29T21:00:21.912677+00:00'
[2024-11-29T21:00:27.513+0000] {taskinstance.py:430} INFO - ::endgroup::
[2024-11-29T21:00:28.041+0000] {cursor.py:1149} INFO - Number of results in first chunk: 1
[2024-11-29T21:00:28.042+0000] {energy_usage_prediction.py:48} INFO - View created
[2024-11-29T21:04:12.762+0000] {cursor.py:1149} INFO - Number of results in first chunk: 1
[2024-11-29T21:04:12.766+0000] {energy_usage_prediction.py:50} INFO - Model for training created
[2024-11-29T21:04:14.211+0000] {cursor.py:1149} INFO - Number of results in first chunk: 28
[2024-11-29T21:04:14.212+0000] {python.py:237} INFO - Done. Returned value was: True
[2024-11-29T21:04:14.214+0000] {taskinstance.py:441} INFO - ::group::Post task execution logs
[2024-11-29T21:04:14.282+0000] {taskinstance.py:1206} INFO - Marking task as SUCCESS. dag_id=Electricity_predict, task_id=train, run_id=manual__2024-11-29T21:00:21.912677+00:00, execution_date=20241129T210021, start_date=20241129T210026, end_date=20241129T210414
[2024-11-29T21:04:14.358+0000] {local_task_job_runner.py:240} INFO - Task exited with return code 0
[2024-11-29T21:04:14.381+0000] {local_task_job_runner.py:222} INFO - ::endgroup::
