[2024-11-30T05:01:59.891+0000] {local_task_job_runner.py:120} INFO - ::group::Pre task execution logs
[2024-11-30T05:01:59.922+0000] {taskinstance.py:2076} INFO - Dependencies all met for dep_context=non-requeueable deps ti=<TaskInstance: complete-dag.load_electricity_data manual__2024-11-30T05:01:46.054413+00:00 [queued]>
[2024-11-30T05:01:59.929+0000] {taskinstance.py:2076} INFO - Dependencies all met for dep_context=requeueable deps ti=<TaskInstance: complete-dag.load_electricity_data manual__2024-11-30T05:01:46.054413+00:00 [queued]>
[2024-11-30T05:01:59.930+0000] {taskinstance.py:2306} INFO - Starting attempt 1 of 1
[2024-11-30T05:01:59.945+0000] {taskinstance.py:2330} INFO - Executing <Task(_PythonDecoratedOperator): load_electricity_data> on 2024-11-30 05:01:46.054413+00:00
[2024-11-30T05:01:59.966+0000] {standard_task_runner.py:90} INFO - Running: ['***', 'tasks', 'run', 'complete-dag', 'load_electricity_data', 'manual__2024-11-30T05:01:46.054413+00:00', '--job-id', '309', '--raw', '--subdir', 'DAGS_FOLDER/complete_dag.py', '--cfg-path', '/tmp/tmpyic6t6my']
[2024-11-30T05:01:59.968+0000] {standard_task_runner.py:91} INFO - Job 309: Subtask load_electricity_data
[2024-11-30T05:01:59.972+0000] {logging_mixin.py:188} WARNING - /home/***/.local/lib/python3.12/site-packages/***/task/task_runner/standard_task_runner.py:61 DeprecationWarning: This process (pid=1790) is multi-threaded, use of fork() may lead to deadlocks in the child.
[2024-11-30T05:01:59.973+0000] {standard_task_runner.py:63} INFO - Started process 1813 to run task
[2024-11-30T05:02:00.024+0000] {task_command.py:426} INFO - Running <TaskInstance: complete-dag.load_electricity_data manual__2024-11-30T05:01:46.054413+00:00 [running]> on host b09a94790db6
[2024-11-30T05:02:00.197+0000] {taskinstance.py:2648} INFO - Exporting env vars: AIRFLOW_CTX_DAG_OWNER='***' AIRFLOW_CTX_DAG_ID='complete-dag' AIRFLOW_CTX_TASK_ID='load_electricity_data' AIRFLOW_CTX_EXECUTION_DATE='2024-11-30T05:01:46.054413+00:00' AIRFLOW_CTX_TRY_NUMBER='1' AIRFLOW_CTX_DAG_RUN_ID='manual__2024-11-30T05:01:46.054413+00:00'
[2024-11-30T05:02:00.198+0000] {taskinstance.py:430} INFO - ::endgroup::
[2024-11-30T05:02:00.439+0000] {cursor.py:1149} INFO - Number of results in first chunk: 1
[2024-11-30T05:02:00.883+0000] {cursor.py:1149} INFO - Number of results in first chunk: 1
[2024-11-30T05:02:02.757+0000] {cursor.py:1149} INFO - Number of results in first chunk: 1
[2024-11-30T05:02:02.758+0000] {python.py:237} INFO - Done. Returned value was: None
[2024-11-30T05:02:02.758+0000] {taskinstance.py:441} INFO - ::group::Post task execution logs
[2024-11-30T05:02:02.766+0000] {taskinstance.py:1206} INFO - Marking task as SUCCESS. dag_id=complete-dag, task_id=load_electricity_data, run_id=manual__2024-11-30T05:01:46.054413+00:00, execution_date=20241130T050146, start_date=20241130T050159, end_date=20241130T050202
[2024-11-30T05:02:02.799+0000] {local_task_job_runner.py:240} INFO - Task exited with return code 0
[2024-11-30T05:02:02.809+0000] {local_task_job_runner.py:222} INFO - ::endgroup::
