[2024-12-04T02:43:34.152+0000] {local_task_job_runner.py:120} INFO - ::group::Pre task execution logs
[2024-12-04T02:43:34.190+0000] {taskinstance.py:2076} INFO - Dependencies all met for dep_context=non-requeueable deps ti=<TaskInstance: complete-dag.train scheduled__2024-12-02T20:40:00+00:00 [queued]>
[2024-12-04T02:43:34.202+0000] {taskinstance.py:2076} INFO - Dependencies all met for dep_context=requeueable deps ti=<TaskInstance: complete-dag.train scheduled__2024-12-02T20:40:00+00:00 [queued]>
[2024-12-04T02:43:34.204+0000] {taskinstance.py:2306} INFO - Starting attempt 1 of 1
[2024-12-04T02:43:34.221+0000] {taskinstance.py:2330} INFO - Executing <Task(_PythonDecoratedOperator): train> on 2024-12-02 20:40:00+00:00
[2024-12-04T02:43:34.235+0000] {standard_task_runner.py:90} INFO - Running: ['***', 'tasks', 'run', 'complete-dag', 'train', 'scheduled__2024-12-02T20:40:00+00:00', '--job-id', '473', '--raw', '--subdir', 'DAGS_FOLDER/complete_dag.py', '--cfg-path', '/tmp/tmpea1_4bt4']
[2024-12-04T02:43:34.236+0000] {standard_task_runner.py:91} INFO - Job 473: Subtask train
[2024-12-04T02:43:34.238+0000] {logging_mixin.py:188} WARNING - /home/***/.local/lib/python3.12/site-packages/***/task/task_runner/standard_task_runner.py:61 DeprecationWarning: This process (pid=399) is multi-threaded, use of fork() may lead to deadlocks in the child.
[2024-12-04T02:43:34.239+0000] {standard_task_runner.py:63} INFO - Started process 402 to run task
[2024-12-04T02:43:34.336+0000] {task_command.py:426} INFO - Running <TaskInstance: complete-dag.train scheduled__2024-12-02T20:40:00+00:00 [running]> on host e060654747dc
[2024-12-04T02:43:34.456+0000] {taskinstance.py:2648} INFO - Exporting env vars: AIRFLOW_CTX_DAG_OWNER='***' AIRFLOW_CTX_DAG_ID='complete-dag' AIRFLOW_CTX_TASK_ID='train' AIRFLOW_CTX_EXECUTION_DATE='2024-12-02T20:40:00+00:00' AIRFLOW_CTX_TRY_NUMBER='1' AIRFLOW_CTX_DAG_RUN_ID='scheduled__2024-12-02T20:40:00+00:00'
[2024-12-04T02:43:34.457+0000] {taskinstance.py:430} INFO - ::endgroup::
[2024-12-04T02:43:34.850+0000] {cursor.py:1149} INFO - Number of results in first chunk: 1
[2024-12-04T02:43:34.851+0000] {complete_dag.py:260} INFO - View created
[2024-12-04T02:47:57.110+0000] {cursor.py:1149} INFO - Number of results in first chunk: 1
[2024-12-04T02:47:57.199+0000] {complete_dag.py:262} INFO - Model for training created
[2024-12-04T02:47:58.871+0000] {cursor.py:1149} INFO - Number of results in first chunk: 28
[2024-12-04T02:47:58.889+0000] {python.py:237} INFO - Done. Returned value was: True
[2024-12-04T02:47:58.905+0000] {taskinstance.py:441} INFO - ::group::Post task execution logs
[2024-12-04T02:47:59.275+0000] {taskinstance.py:1206} INFO - Marking task as SUCCESS. dag_id=complete-dag, task_id=train, run_id=scheduled__2024-12-02T20:40:00+00:00, execution_date=20241202T204000, start_date=20241204T024334, end_date=20241204T024759
[2024-12-04T02:47:59.391+0000] {local_task_job_runner.py:240} INFO - Task exited with return code 0
[2024-12-04T02:47:59.486+0000] {local_task_job_runner.py:222} INFO - ::endgroup::
