[2024-12-05T20:24:39.564+0000] {local_task_job_runner.py:120} INFO - ::group::Pre task execution logs
[2024-12-05T20:24:39.603+0000] {taskinstance.py:2076} INFO - Dependencies all met for dep_context=non-requeueable deps ti=<TaskInstance: complete-dag.fetch_forecast_weather manual__2024-12-05T20:24:34.702673+00:00 [queued]>
[2024-12-05T20:24:39.612+0000] {taskinstance.py:2076} INFO - Dependencies all met for dep_context=requeueable deps ti=<TaskInstance: complete-dag.fetch_forecast_weather manual__2024-12-05T20:24:34.702673+00:00 [queued]>
[2024-12-05T20:24:39.612+0000] {taskinstance.py:2306} INFO - Starting attempt 1 of 1
[2024-12-05T20:24:39.630+0000] {taskinstance.py:2330} INFO - Executing <Task(_PythonDecoratedOperator): fetch_forecast_weather> on 2024-12-05 20:24:34.702673+00:00
[2024-12-05T20:24:39.642+0000] {standard_task_runner.py:90} INFO - Running: ['***', 'tasks', 'run', 'complete-dag', 'fetch_forecast_weather', 'manual__2024-12-05T20:24:34.702673+00:00', '--job-id', '553', '--raw', '--subdir', 'DAGS_FOLDER/complete_dag.py', '--cfg-path', '/tmp/tmpjne4uods']
[2024-12-05T20:24:39.644+0000] {standard_task_runner.py:91} INFO - Job 553: Subtask fetch_forecast_weather
[2024-12-05T20:24:39.648+0000] {logging_mixin.py:188} WARNING - /home/***/.local/lib/python3.12/site-packages/***/task/task_runner/standard_task_runner.py:61 DeprecationWarning: This process (pid=312) is multi-threaded, use of fork() may lead to deadlocks in the child.
[2024-12-05T20:24:39.649+0000] {standard_task_runner.py:63} INFO - Started process 321 to run task
[2024-12-05T20:24:39.706+0000] {task_command.py:426} INFO - Running <TaskInstance: complete-dag.fetch_forecast_weather manual__2024-12-05T20:24:34.702673+00:00 [running]> on host e060654747dc
[2024-12-05T20:24:39.828+0000] {taskinstance.py:2648} INFO - Exporting env vars: AIRFLOW_CTX_DAG_OWNER='***' AIRFLOW_CTX_DAG_ID='complete-dag' AIRFLOW_CTX_TASK_ID='fetch_forecast_weather' AIRFLOW_CTX_EXECUTION_DATE='2024-12-05T20:24:34.702673+00:00' AIRFLOW_CTX_TRY_NUMBER='1' AIRFLOW_CTX_DAG_RUN_ID='manual__2024-12-05T20:24:34.702673+00:00'
[2024-12-05T20:24:39.829+0000] {taskinstance.py:430} INFO - ::endgroup::
[2024-12-05T20:24:40.547+0000] {python.py:237} INFO - Done. Returned value was:          Date  temperature_2m_max  ...  windspeed_10m_max  avg_temperature
0  2024-12-05                 9.9  ...                9.9             4.45
1  2024-12-06                 9.4  ...               30.5             4.75
2  2024-12-07                 5.1  ...               26.3             0.30
3  2024-12-08                 5.8  ...               10.7             0.05
4  2024-12-09                 5.3  ...               10.1             0.60
5  2024-12-10                 4.8  ...               13.9             2.20
6  2024-12-11                 4.9  ...               12.1             0.55

[7 rows x 7 columns]
[2024-12-05T20:24:40.575+0000] {taskinstance.py:441} INFO - ::group::Post task execution logs
[2024-12-05T20:24:40.692+0000] {taskinstance.py:1206} INFO - Marking task as SUCCESS. dag_id=complete-dag, task_id=fetch_forecast_weather, run_id=manual__2024-12-05T20:24:34.702673+00:00, execution_date=20241205T202434, start_date=20241205T202439, end_date=20241205T202440
[2024-12-05T20:24:40.747+0000] {local_task_job_runner.py:240} INFO - Task exited with return code 0
[2024-12-05T20:24:40.760+0000] {local_task_job_runner.py:222} INFO - ::endgroup::
