[2024-12-05T07:28:45.535+0000] {local_task_job_runner.py:120} INFO - ::group::Pre task execution logs
[2024-12-05T07:28:45.579+0000] {taskinstance.py:2076} INFO - Dependencies all met for dep_context=non-requeueable deps ti=<TaskInstance: complete-dag.dbt_run_2 manual__2024-12-05T07:22:06.354169+00:00 [queued]>
[2024-12-05T07:28:45.593+0000] {taskinstance.py:2076} INFO - Dependencies all met for dep_context=requeueable deps ti=<TaskInstance: complete-dag.dbt_run_2 manual__2024-12-05T07:22:06.354169+00:00 [queued]>
[2024-12-05T07:28:45.595+0000] {taskinstance.py:2306} INFO - Starting attempt 1 of 1
[2024-12-05T07:28:45.617+0000] {taskinstance.py:2330} INFO - Executing <Task(BashOperator): dbt_run_2> on 2024-12-05 07:22:06.354169+00:00
[2024-12-05T07:28:45.634+0000] {logging_mixin.py:188} WARNING - /home/***/.local/lib/python3.12/site-packages/***/task/task_runner/standard_task_runner.py:61 DeprecationWarning: This process (pid=1095) is multi-threaded, use of fork() may lead to deadlocks in the child.
[2024-12-05T07:28:45.634+0000] {standard_task_runner.py:90} INFO - Running: ['***', 'tasks', 'run', 'complete-dag', 'dbt_run_2', 'manual__2024-12-05T07:22:06.354169+00:00', '--job-id', '513', '--raw', '--subdir', 'DAGS_FOLDER/complete_dag.py', '--cfg-path', '/tmp/tmp10iwz3f8']
[2024-12-05T07:28:45.636+0000] {standard_task_runner.py:63} INFO - Started process 1098 to run task
[2024-12-05T07:28:45.637+0000] {standard_task_runner.py:91} INFO - Job 513: Subtask dbt_run_2
[2024-12-05T07:28:45.701+0000] {task_command.py:426} INFO - Running <TaskInstance: complete-dag.dbt_run_2 manual__2024-12-05T07:22:06.354169+00:00 [running]> on host e060654747dc
[2024-12-05T07:28:45.931+0000] {taskinstance.py:2648} INFO - Exporting env vars: AIRFLOW_CTX_DAG_OWNER='***' AIRFLOW_CTX_DAG_ID='complete-dag' AIRFLOW_CTX_TASK_ID='dbt_run_2' AIRFLOW_CTX_EXECUTION_DATE='2024-12-05T07:22:06.354169+00:00' AIRFLOW_CTX_TRY_NUMBER='1' AIRFLOW_CTX_DAG_RUN_ID='manual__2024-12-05T07:22:06.354169+00:00'
[2024-12-05T07:28:45.934+0000] {taskinstance.py:430} INFO - ::endgroup::
[2024-12-05T07:28:45.936+0000] {subprocess.py:63} INFO - Tmp dir root location: /tmp
[2024-12-05T07:28:45.939+0000] {subprocess.py:75} INFO - Running command: ['/usr/bin/bash', '-c', '/home/***/.local/bin/dbt run --profiles-dir /opt/***/dbt_viz --project-dir /opt/***/dbt_viz']
[2024-12-05T07:28:45.981+0000] {subprocess.py:86} INFO - Output:
[2024-12-05T07:28:49.646+0000] {subprocess.py:93} INFO - [0m07:28:49  Running with dbt=1.8.7
[2024-12-05T07:28:51.614+0000] {subprocess.py:93} INFO - [0m07:28:51  Registered adapter: snowflake=1.8.4
[2024-12-05T07:28:53.447+0000] {subprocess.py:93} INFO - [0m07:28:53  Found 4 models, 1 test, 1 snapshot, 3 sources, 459 macros
[2024-12-05T07:28:53.453+0000] {subprocess.py:93} INFO - [0m07:28:53
[2024-12-05T07:28:56.168+0000] {subprocess.py:93} INFO - [0m07:28:56  Concurrency: 1 threads (target='dev')
[2024-12-05T07:28:56.169+0000] {subprocess.py:93} INFO - [0m07:28:56
[2024-12-05T07:28:56.263+0000] {subprocess.py:93} INFO - [0m07:28:56  1 of 2 START sql table model analytics.energy_historical_forecast_data ......... [RUN]
[2024-12-05T07:28:57.952+0000] {subprocess.py:93} INFO - [0m07:28:57  1 of 2 OK created sql table model analytics.energy_historical_forecast_data .... [[32mSUCCESS 1[0m in 1.68s]
[2024-12-05T07:28:57.960+0000] {subprocess.py:93} INFO - [0m07:28:57  2 of 2 START sql table model analytics.energy_demand_final_data ................ [RUN]
[2024-12-05T07:28:59.328+0000] {subprocess.py:93} INFO - [0m07:28:59  2 of 2 OK created sql table model analytics.energy_demand_final_data ........... [[32mSUCCESS 1[0m in 1.36s]
[2024-12-05T07:28:59.339+0000] {subprocess.py:93} INFO - [0m07:28:59
[2024-12-05T07:28:59.341+0000] {subprocess.py:93} INFO - [0m07:28:59  Finished running 2 table models in 0 hours 0 minutes and 5.88 seconds (5.88s).
[2024-12-05T07:28:59.458+0000] {subprocess.py:93} INFO - [0m07:28:59
[2024-12-05T07:28:59.460+0000] {subprocess.py:93} INFO - [0m07:28:59  [32mCompleted successfully[0m
[2024-12-05T07:28:59.462+0000] {subprocess.py:93} INFO - [0m07:28:59
[2024-12-05T07:28:59.464+0000] {subprocess.py:93} INFO - [0m07:28:59  Done. PASS=2 WARN=0 ERROR=0 SKIP=0 TOTAL=2
[2024-12-05T07:29:00.681+0000] {subprocess.py:97} INFO - Command exited with return code 0
[2024-12-05T07:29:00.684+0000] {taskinstance.py:441} INFO - ::group::Post task execution logs
[2024-12-05T07:29:00.720+0000] {taskinstance.py:1206} INFO - Marking task as SUCCESS. dag_id=complete-dag, task_id=dbt_run_2, run_id=manual__2024-12-05T07:22:06.354169+00:00, execution_date=20241205T072206, start_date=20241205T072845, end_date=20241205T072900
[2024-12-05T07:29:00.761+0000] {local_task_job_runner.py:240} INFO - Task exited with return code 0
[2024-12-05T07:29:00.800+0000] {taskinstance.py:3498} INFO - 1 downstream tasks scheduled from follow-on schedule check
[2024-12-05T07:29:00.805+0000] {local_task_job_runner.py:222} INFO - ::endgroup::
