[2024-11-29T18:19:02.591+0000] {local_task_job_runner.py:120} INFO - ::group::Pre task execution logs
[2024-11-29T18:19:02.637+0000] {taskinstance.py:2076} INFO - Dependencies all met for dep_context=non-requeueable deps ti=<TaskInstance: Electricity_predict.predict manual__2024-11-29T18:18:58.699878+00:00 [queued]>
[2024-11-29T18:19:02.649+0000] {taskinstance.py:2076} INFO - Dependencies all met for dep_context=requeueable deps ti=<TaskInstance: Electricity_predict.predict manual__2024-11-29T18:18:58.699878+00:00 [queued]>
[2024-11-29T18:19:02.651+0000] {taskinstance.py:2306} INFO - Starting attempt 1 of 1
[2024-11-29T18:19:02.673+0000] {taskinstance.py:2330} INFO - Executing <Task(_PythonDecoratedOperator): predict> on 2024-11-29 18:18:58.699878+00:00
[2024-11-29T18:19:02.702+0000] {standard_task_runner.py:90} INFO - Running: ['***', 'tasks', 'run', 'Electricity_predict', 'predict', 'manual__2024-11-29T18:18:58.699878+00:00', '--job-id', '274', '--raw', '--subdir', 'DAGS_FOLDER/energy_usage_prediction.py', '--cfg-path', '/tmp/tmpsuug0rei']
[2024-11-29T18:19:02.705+0000] {standard_task_runner.py:91} INFO - Job 274: Subtask predict
[2024-11-29T18:19:02.707+0000] {logging_mixin.py:188} WARNING - /home/***/.local/lib/python3.12/site-packages/***/task/task_runner/standard_task_runner.py:61 DeprecationWarning: This process (pid=11812) is multi-threaded, use of fork() may lead to deadlocks in the child.
[2024-11-29T18:19:02.708+0000] {standard_task_runner.py:63} INFO - Started process 11815 to run task
[2024-11-29T18:19:02.787+0000] {task_command.py:426} INFO - Running <TaskInstance: Electricity_predict.predict manual__2024-11-29T18:18:58.699878+00:00 [running]> on host fd43cd87157f
[2024-11-29T18:19:02.939+0000] {taskinstance.py:2648} INFO - Exporting env vars: AIRFLOW_CTX_DAG_OWNER='***' AIRFLOW_CTX_DAG_ID='Electricity_predict' AIRFLOW_CTX_TASK_ID='predict' AIRFLOW_CTX_EXECUTION_DATE='2024-11-29T18:18:58.699878+00:00' AIRFLOW_CTX_TRY_NUMBER='1' AIRFLOW_CTX_DAG_RUN_ID='manual__2024-11-29T18:18:58.699878+00:00'
[2024-11-29T18:19:02.941+0000] {taskinstance.py:430} INFO - ::endgroup::
[2024-11-29T18:19:22.742+0000] {cursor.py:1149} INFO - Number of results in first chunk: 1
[2024-11-29T18:19:22.743+0000] {energy_usage_prediction.py:116} INFO - prediction created
[2024-11-29T18:19:23.481+0000] {cursor.py:1149} INFO - Number of results in first chunk: 1
[2024-11-29T18:19:23.482+0000] {energy_usage_prediction.py:118} INFO - Joined weather_forecast and electricity_forecast
[2024-11-29T18:19:24.520+0000] {cursor.py:1149} INFO - Number of results in first chunk: 1
[2024-11-29T18:19:24.521+0000] {energy_usage_prediction.py:120} INFO - Final table created
[2024-11-29T18:19:24.522+0000] {python.py:237} INFO - Done. Returned value was: None
[2024-11-29T18:19:24.524+0000] {taskinstance.py:441} INFO - ::group::Post task execution logs
[2024-11-29T18:19:24.539+0000] {taskinstance.py:1206} INFO - Marking task as SUCCESS. dag_id=Electricity_predict, task_id=predict, run_id=manual__2024-11-29T18:18:58.699878+00:00, execution_date=20241129T181858, start_date=20241129T181902, end_date=20241129T181924
[2024-11-29T18:19:24.601+0000] {local_task_job_runner.py:240} INFO - Task exited with return code 0
[2024-11-29T18:19:24.627+0000] {taskinstance.py:3498} INFO - 0 downstream tasks scheduled from follow-on schedule check
[2024-11-29T18:19:24.632+0000] {local_task_job_runner.py:222} INFO - ::endgroup::
