[2024-12-05T07:50:13.379+0000] {local_task_job_runner.py:120} INFO - ::group::Pre task execution logs
[2024-12-05T07:50:13.423+0000] {taskinstance.py:2076} INFO - Dependencies all met for dep_context=non-requeueable deps ti=<TaskInstance: complete-dag.dbt_snapshot_2 manual__2024-12-05T07:43:36.332444+00:00 [queued]>
[2024-12-05T07:50:13.436+0000] {taskinstance.py:2076} INFO - Dependencies all met for dep_context=requeueable deps ti=<TaskInstance: complete-dag.dbt_snapshot_2 manual__2024-12-05T07:43:36.332444+00:00 [queued]>
[2024-12-05T07:50:13.437+0000] {taskinstance.py:2306} INFO - Starting attempt 1 of 1
[2024-12-05T07:50:13.457+0000] {taskinstance.py:2330} INFO - Executing <Task(BashOperator): dbt_snapshot_2> on 2024-12-05 07:43:36.332444+00:00
[2024-12-05T07:50:13.471+0000] {standard_task_runner.py:90} INFO - Running: ['***', 'tasks', 'run', 'complete-dag', 'dbt_snapshot_2', 'manual__2024-12-05T07:43:36.332444+00:00', '--job-id', '536', '--raw', '--subdir', 'DAGS_FOLDER/complete_dag.py', '--cfg-path', '/tmp/tmphgg_jm6j']
[2024-12-05T07:50:13.470+0000] {logging_mixin.py:188} WARNING - /home/***/.local/lib/python3.12/site-packages/***/task/task_runner/standard_task_runner.py:61 DeprecationWarning: This process (pid=2165) is multi-threaded, use of fork() may lead to deadlocks in the child.
[2024-12-05T07:50:13.473+0000] {standard_task_runner.py:91} INFO - Job 536: Subtask dbt_snapshot_2
[2024-12-05T07:50:13.473+0000] {standard_task_runner.py:63} INFO - Started process 2168 to run task
[2024-12-05T07:50:13.539+0000] {task_command.py:426} INFO - Running <TaskInstance: complete-dag.dbt_snapshot_2 manual__2024-12-05T07:43:36.332444+00:00 [running]> on host e060654747dc
[2024-12-05T07:50:13.751+0000] {taskinstance.py:2648} INFO - Exporting env vars: AIRFLOW_CTX_DAG_OWNER='***' AIRFLOW_CTX_DAG_ID='complete-dag' AIRFLOW_CTX_TASK_ID='dbt_snapshot_2' AIRFLOW_CTX_EXECUTION_DATE='2024-12-05T07:43:36.332444+00:00' AIRFLOW_CTX_TRY_NUMBER='1' AIRFLOW_CTX_DAG_RUN_ID='manual__2024-12-05T07:43:36.332444+00:00'
[2024-12-05T07:50:13.753+0000] {taskinstance.py:430} INFO - ::endgroup::
[2024-12-05T07:50:13.755+0000] {subprocess.py:63} INFO - Tmp dir root location: /tmp
[2024-12-05T07:50:13.762+0000] {subprocess.py:75} INFO - Running command: ['/usr/bin/bash', '-c', '/home/***/.local/bin/dbt snapshot --profiles-dir /opt/***/dbt_viz --project-dir /opt/***/dbt_viz']
[2024-12-05T07:50:13.783+0000] {subprocess.py:86} INFO - Output:
[2024-12-05T07:50:17.255+0000] {subprocess.py:93} INFO - [0m07:50:17  Running with dbt=1.8.7
[2024-12-05T07:50:18.622+0000] {subprocess.py:93} INFO - [0m07:50:18  Registered adapter: snowflake=1.8.4
[2024-12-05T07:50:19.513+0000] {subprocess.py:93} INFO - [0m07:50:19  Found 4 models, 1 snapshot, 1 test, 3 sources, 459 macros
[2024-12-05T07:50:19.518+0000] {subprocess.py:93} INFO - [0m07:50:19
[2024-12-05T07:50:21.401+0000] {subprocess.py:93} INFO - [0m07:50:21  Concurrency: 1 threads (target='dev')
[2024-12-05T07:50:21.402+0000] {subprocess.py:93} INFO - [0m07:50:21
[2024-12-05T07:50:21.418+0000] {subprocess.py:93} INFO - [0m07:50:21  1 of 1 START snapshot snapshot.energy_demand_final_snapshot .................... [RUN]
[2024-12-05T07:50:25.495+0000] {subprocess.py:93} INFO - [0m07:50:25  1 of 1 OK snapshotted snapshot.energy_demand_final_snapshot .................... [[32mSUCCESS 0[0m in 4.07s]
[2024-12-05T07:50:25.503+0000] {subprocess.py:93} INFO - [0m07:50:25
[2024-12-05T07:50:25.505+0000] {subprocess.py:93} INFO - [0m07:50:25  Finished running 1 snapshot in 0 hours 0 minutes and 5.98 seconds (5.98s).
[2024-12-05T07:50:25.609+0000] {subprocess.py:93} INFO - [0m07:50:25
[2024-12-05T07:50:25.611+0000] {subprocess.py:93} INFO - [0m07:50:25  [32mCompleted successfully[0m
[2024-12-05T07:50:25.613+0000] {subprocess.py:93} INFO - [0m07:50:25
[2024-12-05T07:50:25.615+0000] {subprocess.py:93} INFO - [0m07:50:25  Done. PASS=1 WARN=0 ERROR=0 SKIP=0 TOTAL=1
[2024-12-05T07:50:26.610+0000] {subprocess.py:97} INFO - Command exited with return code 0
[2024-12-05T07:50:26.611+0000] {taskinstance.py:441} INFO - ::group::Post task execution logs
[2024-12-05T07:50:26.650+0000] {taskinstance.py:1206} INFO - Marking task as SUCCESS. dag_id=complete-dag, task_id=dbt_snapshot_2, run_id=manual__2024-12-05T07:43:36.332444+00:00, execution_date=20241205T074336, start_date=20241205T075013, end_date=20241205T075026
[2024-12-05T07:50:26.720+0000] {local_task_job_runner.py:240} INFO - Task exited with return code 0
[2024-12-05T07:50:26.744+0000] {taskinstance.py:3498} INFO - 0 downstream tasks scheduled from follow-on schedule check
[2024-12-05T07:50:26.750+0000] {local_task_job_runner.py:222} INFO - ::endgroup::
