[2024-12-05T07:19:51.711+0000] {local_task_job_runner.py:120} INFO - ::group::Pre task execution logs
[2024-12-05T07:19:51.753+0000] {taskinstance.py:2076} INFO - Dependencies all met for dep_context=non-requeueable deps ti=<TaskInstance: complete-dag.dbt_run manual__2024-12-05T07:19:38.162736+00:00 [queued]>
[2024-12-05T07:19:51.767+0000] {taskinstance.py:2076} INFO - Dependencies all met for dep_context=requeueable deps ti=<TaskInstance: complete-dag.dbt_run manual__2024-12-05T07:19:38.162736+00:00 [queued]>
[2024-12-05T07:19:51.768+0000] {taskinstance.py:2306} INFO - Starting attempt 1 of 1
[2024-12-05T07:19:51.790+0000] {taskinstance.py:2330} INFO - Executing <Task(BashOperator): dbt_run> on 2024-12-05 07:19:38.162736+00:00
[2024-12-05T07:19:51.804+0000] {standard_task_runner.py:90} INFO - Running: ['***', 'tasks', 'run', 'complete-dag', 'dbt_run', 'manual__2024-12-05T07:19:38.162736+00:00', '--job-id', '499', '--raw', '--subdir', 'DAGS_FOLDER/complete_dag.py', '--cfg-path', '/tmp/tmpsjl23oo0']
[2024-12-05T07:19:51.806+0000] {standard_task_runner.py:91} INFO - Job 499: Subtask dbt_run
[2024-12-05T07:19:51.810+0000] {logging_mixin.py:188} WARNING - /home/***/.local/lib/python3.12/site-packages/***/task/task_runner/standard_task_runner.py:61 DeprecationWarning: This process (pid=681) is multi-threaded, use of fork() may lead to deadlocks in the child.
[2024-12-05T07:19:51.812+0000] {standard_task_runner.py:63} INFO - Started process 684 to run task
[2024-12-05T07:19:51.882+0000] {task_command.py:426} INFO - Running <TaskInstance: complete-dag.dbt_run manual__2024-12-05T07:19:38.162736+00:00 [running]> on host e060654747dc
[2024-12-05T07:19:52.104+0000] {taskinstance.py:2648} INFO - Exporting env vars: AIRFLOW_CTX_DAG_OWNER='***' AIRFLOW_CTX_DAG_ID='complete-dag' AIRFLOW_CTX_TASK_ID='dbt_run' AIRFLOW_CTX_EXECUTION_DATE='2024-12-05T07:19:38.162736+00:00' AIRFLOW_CTX_TRY_NUMBER='1' AIRFLOW_CTX_DAG_RUN_ID='manual__2024-12-05T07:19:38.162736+00:00'
[2024-12-05T07:19:52.105+0000] {taskinstance.py:430} INFO - ::endgroup::
[2024-12-05T07:19:52.107+0000] {subprocess.py:63} INFO - Tmp dir root location: /tmp
[2024-12-05T07:19:52.109+0000] {subprocess.py:75} INFO - Running command: ['/usr/bin/bash', '-c', '/home/***/.local/bin/dbt run --profiles-dir /opt/***/dbt --project-dir /opt/***/dbt']
[2024-12-05T07:19:52.127+0000] {subprocess.py:86} INFO - Output:
[2024-12-05T07:19:55.713+0000] {subprocess.py:93} INFO - [0m07:19:55  Running with dbt=1.8.7
[2024-12-05T07:19:57.011+0000] {subprocess.py:93} INFO - [0m07:19:57  Registered adapter: snowflake=1.8.4
[2024-12-05T07:19:57.899+0000] {subprocess.py:93} INFO - [0m07:19:57  [[33mWARNING[0m]: Deprecated functionality
[2024-12-05T07:19:57.900+0000] {subprocess.py:93} INFO - The `tests` config has been renamed to `data_tests`. Please see
[2024-12-05T07:19:57.901+0000] {subprocess.py:93} INFO - https://docs.getdbt.com/docs/build/data-tests#new-data_tests-syntax for more
[2024-12-05T07:19:57.901+0000] {subprocess.py:93} INFO - information.
[2024-12-05T07:19:58.388+0000] {subprocess.py:93} INFO - [0m07:19:58  Found 5 models, 2 snapshots, 1 test, 4 sources, 459 macros
[2024-12-05T07:19:58.395+0000] {subprocess.py:93} INFO - [0m07:19:58
[2024-12-05T07:20:00.250+0000] {subprocess.py:93} INFO - [0m07:20:00  Concurrency: 1 threads (target='dev')
[2024-12-05T07:20:00.251+0000] {subprocess.py:93} INFO - [0m07:20:00
[2024-12-05T07:20:00.370+0000] {subprocess.py:93} INFO - [0m07:20:00  1 of 2 START sql table model analytics.weather_forecast_processed .............. [RUN]
[2024-12-05T07:20:01.817+0000] {subprocess.py:93} INFO - [0m07:20:01  1 of 2 OK created sql table model analytics.weather_forecast_processed ......... [[32mSUCCESS 1[0m in 1.44s]
[2024-12-05T07:20:01.823+0000] {subprocess.py:93} INFO - [0m07:20:01  2 of 2 START sql table model analytics.electricity_weather_historical .......... [RUN]
[2024-12-05T07:20:03.320+0000] {subprocess.py:93} INFO - [0m07:20:03  2 of 2 OK created sql table model analytics.electricity_weather_historical ..... [[32mSUCCESS 1[0m in 1.49s]
[2024-12-05T07:20:03.330+0000] {subprocess.py:93} INFO - [0m07:20:03
[2024-12-05T07:20:03.332+0000] {subprocess.py:93} INFO - [0m07:20:03  Finished running 2 table models in 0 hours 0 minutes and 4.93 seconds (4.93s).
[2024-12-05T07:20:03.444+0000] {subprocess.py:93} INFO - [0m07:20:03
[2024-12-05T07:20:03.446+0000] {subprocess.py:93} INFO - [0m07:20:03  [32mCompleted successfully[0m
[2024-12-05T07:20:03.448+0000] {subprocess.py:93} INFO - [0m07:20:03
[2024-12-05T07:20:03.449+0000] {subprocess.py:93} INFO - [0m07:20:03  Done. PASS=2 WARN=0 ERROR=0 SKIP=0 TOTAL=2
[2024-12-05T07:20:04.519+0000] {subprocess.py:97} INFO - Command exited with return code 0
[2024-12-05T07:20:04.521+0000] {taskinstance.py:441} INFO - ::group::Post task execution logs
[2024-12-05T07:20:04.567+0000] {taskinstance.py:1206} INFO - Marking task as SUCCESS. dag_id=complete-dag, task_id=dbt_run, run_id=manual__2024-12-05T07:19:38.162736+00:00, execution_date=20241205T071938, start_date=20241205T071951, end_date=20241205T072004
[2024-12-05T07:20:04.628+0000] {local_task_job_runner.py:240} INFO - Task exited with return code 0
[2024-12-05T07:20:04.647+0000] {local_task_job_runner.py:222} INFO - ::endgroup::
