[2024-11-30T08:04:41.615+0000] {local_task_job_runner.py:120} INFO - ::group::Pre task execution logs
[2024-11-30T08:04:41.774+0000] {taskinstance.py:2076} INFO - Dependencies all met for dep_context=non-requeueable deps ti=<TaskInstance: dbt-viz-dag.dbt_run manual__2024-11-30T08:04:37.736321+00:00 [queued]>
[2024-11-30T08:04:41.798+0000] {taskinstance.py:2076} INFO - Dependencies all met for dep_context=requeueable deps ti=<TaskInstance: dbt-viz-dag.dbt_run manual__2024-11-30T08:04:37.736321+00:00 [queued]>
[2024-11-30T08:04:41.801+0000] {taskinstance.py:2306} INFO - Starting attempt 1 of 1
[2024-11-30T08:04:41.839+0000] {taskinstance.py:2330} INFO - Executing <Task(BashOperator): dbt_run> on 2024-11-30 08:04:37.736321+00:00
[2024-11-30T08:04:41.856+0000] {standard_task_runner.py:90} INFO - Running: ['***', 'tasks', 'run', 'dbt-viz-dag', 'dbt_run', 'manual__2024-11-30T08:04:37.736321+00:00', '--job-id', '398', '--raw', '--subdir', 'DAGS_FOLDER/dbt-viz-dag.py', '--cfg-path', '/tmp/tmpq8fdzo0w']
[2024-11-30T08:04:41.860+0000] {standard_task_runner.py:91} INFO - Job 398: Subtask dbt_run
[2024-11-30T08:04:41.879+0000] {logging_mixin.py:188} WARNING - /home/***/.local/lib/python3.12/site-packages/***/task/task_runner/standard_task_runner.py:61 DeprecationWarning: This process (pid=15921) is multi-threaded, use of fork() may lead to deadlocks in the child.
[2024-11-30T08:04:41.880+0000] {standard_task_runner.py:63} INFO - Started process 15922 to run task
[2024-11-30T08:04:41.933+0000] {task_command.py:426} INFO - Running <TaskInstance: dbt-viz-dag.dbt_run manual__2024-11-30T08:04:37.736321+00:00 [running]> on host b09a94790db6
[2024-11-30T08:04:42.211+0000] {taskinstance.py:2648} INFO - Exporting env vars: AIRFLOW_CTX_DAG_OWNER='***' AIRFLOW_CTX_DAG_ID='dbt-viz-dag' AIRFLOW_CTX_TASK_ID='dbt_run' AIRFLOW_CTX_EXECUTION_DATE='2024-11-30T08:04:37.736321+00:00' AIRFLOW_CTX_TRY_NUMBER='1' AIRFLOW_CTX_DAG_RUN_ID='manual__2024-11-30T08:04:37.736321+00:00'
[2024-11-30T08:04:42.213+0000] {taskinstance.py:430} INFO - ::endgroup::
[2024-11-30T08:04:42.272+0000] {subprocess.py:63} INFO - Tmp dir root location: /tmp
[2024-11-30T08:04:42.278+0000] {subprocess.py:75} INFO - Running command: ['/usr/bin/bash', '-c', '/home/***/.local/bin/dbt run --profiles-dir /opt/***/dbt_viz --project-dir /opt/***/dbt_viz']
[2024-11-30T08:04:42.297+0000] {subprocess.py:86} INFO - Output:
[2024-11-30T08:04:47.485+0000] {subprocess.py:93} INFO - [0m08:04:47  Running with dbt=1.8.7
[2024-11-30T08:04:49.949+0000] {subprocess.py:93} INFO - [0m08:04:49  Registered adapter: snowflake=1.8.4
[2024-11-30T08:04:50.864+0000] {subprocess.py:93} INFO - [0m08:04:50  Found 5 models, 1 test, 4 sources, 459 macros
[2024-11-30T08:04:50.870+0000] {subprocess.py:93} INFO - [0m08:04:50
[2024-11-30T08:04:52.955+0000] {subprocess.py:93} INFO - [0m08:04:52  Concurrency: 1 threads (target='dev')
[2024-11-30T08:04:52.957+0000] {subprocess.py:93} INFO - [0m08:04:52
[2024-11-30T08:04:53.087+0000] {subprocess.py:93} INFO - [0m08:04:53  1 of 2 START sql table model analytics.weather_forecast_processed .............. [RUN]
[2024-11-30T08:04:54.847+0000] {subprocess.py:93} INFO - [0m08:04:54  1 of 2 OK created sql table model analytics.weather_forecast_processed ......... [[32mSUCCESS 1[0m in 1.75s]
[2024-11-30T08:04:54.861+0000] {subprocess.py:93} INFO - [0m08:04:54  2 of 2 START sql table model analytics.electricity_weather_historical .......... [RUN]
[2024-11-30T08:04:56.920+0000] {subprocess.py:93} INFO - [0m08:04:56  2 of 2 OK created sql table model analytics.electricity_weather_historical ..... [[32mSUCCESS 1[0m in 2.05s]
[2024-11-30T08:04:56.931+0000] {subprocess.py:93} INFO - [0m08:04:56
[2024-11-30T08:04:56.932+0000] {subprocess.py:93} INFO - [0m08:04:56  Finished running 2 table models in 0 hours 0 minutes and 6.06 seconds (6.06s).
[2024-11-30T08:04:57.046+0000] {subprocess.py:93} INFO - [0m08:04:57
[2024-11-30T08:04:57.048+0000] {subprocess.py:93} INFO - [0m08:04:57  [32mCompleted successfully[0m
[2024-11-30T08:04:57.052+0000] {subprocess.py:93} INFO - [0m08:04:57
[2024-11-30T08:04:57.054+0000] {subprocess.py:93} INFO - [0m08:04:57  Done. PASS=2 WARN=0 ERROR=0 SKIP=0 TOTAL=2
[2024-11-30T08:04:58.234+0000] {subprocess.py:97} INFO - Command exited with return code 0
[2024-11-30T08:04:58.238+0000] {taskinstance.py:441} INFO - ::group::Post task execution logs
[2024-11-30T08:04:58.297+0000] {taskinstance.py:1206} INFO - Marking task as SUCCESS. dag_id=dbt-viz-dag, task_id=dbt_run, run_id=manual__2024-11-30T08:04:37.736321+00:00, execution_date=20241130T080437, start_date=20241130T080441, end_date=20241130T080458
[2024-11-30T08:04:58.366+0000] {local_task_job_runner.py:240} INFO - Task exited with return code 0
[2024-11-30T08:04:58.410+0000] {taskinstance.py:3498} INFO - 1 downstream tasks scheduled from follow-on schedule check
[2024-11-30T08:04:58.414+0000] {local_task_job_runner.py:222} INFO - ::endgroup::
