[2024-11-12T02:55:01.981+0000] {local_task_job_runner.py:120} INFO - ::group::Pre task execution logs
[2024-11-12T02:55:02.035+0000] {taskinstance.py:2076} INFO - Dependencies all met for dep_context=non-requeueable deps ti=<TaskInstance: BuildELT_dbt.dbt_snapshot manual__2024-11-12T02:54:27.044574+00:00 [queued]>
[2024-11-12T02:55:02.051+0000] {taskinstance.py:2076} INFO - Dependencies all met for dep_context=requeueable deps ti=<TaskInstance: BuildELT_dbt.dbt_snapshot manual__2024-11-12T02:54:27.044574+00:00 [queued]>
[2024-11-12T02:55:02.052+0000] {taskinstance.py:2306} INFO - Starting attempt 1 of 1
[2024-11-12T02:55:02.074+0000] {taskinstance.py:2330} INFO - Executing <Task(BashOperator): dbt_snapshot> on 2024-11-12 02:54:27.044574+00:00
[2024-11-12T02:55:02.086+0000] {standard_task_runner.py:90} INFO - Running: ['***', 'tasks', 'run', 'BuildELT_dbt', 'dbt_snapshot', 'manual__2024-11-12T02:54:27.044574+00:00', '--job-id', '131', '--raw', '--subdir', 'DAGS_FOLDER/build_elt_with_dbt.py', '--cfg-path', '/tmp/tmpny2o61oz']
[2024-11-12T02:55:02.089+0000] {standard_task_runner.py:91} INFO - Job 131: Subtask dbt_snapshot
[2024-11-12T02:55:02.091+0000] {logging_mixin.py:188} WARNING - /home/***/.local/lib/python3.12/site-packages/***/task/task_runner/standard_task_runner.py:61 DeprecationWarning: This process (pid=583) is multi-threaded, use of fork() may lead to deadlocks in the child.
[2024-11-12T02:55:02.092+0000] {standard_task_runner.py:63} INFO - Started process 584 to run task
[2024-11-12T02:55:02.150+0000] {task_command.py:426} INFO - Running <TaskInstance: BuildELT_dbt.dbt_snapshot manual__2024-11-12T02:54:27.044574+00:00 [running]> on host e9e87141c083
[2024-11-12T02:55:02.358+0000] {taskinstance.py:2648} INFO - Exporting env vars: AIRFLOW_CTX_DAG_OWNER='***' AIRFLOW_CTX_DAG_ID='BuildELT_dbt' AIRFLOW_CTX_TASK_ID='dbt_snapshot' AIRFLOW_CTX_EXECUTION_DATE='2024-11-12T02:54:27.044574+00:00' AIRFLOW_CTX_TRY_NUMBER='1' AIRFLOW_CTX_DAG_RUN_ID='manual__2024-11-12T02:54:27.044574+00:00'
[2024-11-12T02:55:02.360+0000] {taskinstance.py:430} INFO - ::endgroup::
[2024-11-12T02:55:02.386+0000] {subprocess.py:63} INFO - Tmp dir root location: /tmp
[2024-11-12T02:55:02.388+0000] {subprocess.py:75} INFO - Running command: ['/usr/bin/bash', '-c', '/home/***/.local/bin/dbt snapshot --profiles-dir /opt/***/dbt --project-dir /opt/***/dbt']
[2024-11-12T02:55:02.404+0000] {subprocess.py:86} INFO - Output:
[2024-11-12T02:55:04.853+0000] {subprocess.py:93} INFO - [0m02:55:04  Running with dbt=1.8.7
[2024-11-12T02:55:06.129+0000] {subprocess.py:93} INFO - [0m02:55:06  Registered adapter: snowflake=1.8.4
[2024-11-12T02:55:06.967+0000] {subprocess.py:93} INFO - [0m02:55:06  Found 2 models, 1 snapshot, 2 data tests, 2 sources, 459 macros
[2024-11-12T02:55:06.971+0000] {subprocess.py:93} INFO - [0m02:55:06
[2024-11-12T02:55:09.068+0000] {subprocess.py:93} INFO - [0m02:55:09  Concurrency: 1 threads (target='dev')
[2024-11-12T02:55:09.069+0000] {subprocess.py:93} INFO - [0m02:55:09
[2024-11-12T02:55:09.089+0000] {subprocess.py:93} INFO - [0m02:55:09  1 of 1 START snapshot snapshot.snapshot_moving_avg ............................. [RUN]
[2024-11-12T02:55:14.656+0000] {subprocess.py:93} INFO - [0m02:55:14  1 of 1 OK snapshotted snapshot.snapshot_moving_avg ............................. [[32mSUCCESS 2[0m in 5.56s]
[2024-11-12T02:55:14.661+0000] {subprocess.py:93} INFO - [0m02:55:14
[2024-11-12T02:55:14.662+0000] {subprocess.py:93} INFO - [0m02:55:14  Finished running 1 snapshot in 0 hours 0 minutes and 7.69 seconds (7.69s).
[2024-11-12T02:55:14.717+0000] {subprocess.py:93} INFO - [0m02:55:14
[2024-11-12T02:55:14.718+0000] {subprocess.py:93} INFO - [0m02:55:14  [32mCompleted successfully[0m
[2024-11-12T02:55:14.719+0000] {subprocess.py:93} INFO - [0m02:55:14
[2024-11-12T02:55:14.721+0000] {subprocess.py:93} INFO - [0m02:55:14  Done. PASS=1 WARN=0 ERROR=0 SKIP=0 TOTAL=1
[2024-11-12T02:55:15.669+0000] {subprocess.py:97} INFO - Command exited with return code 0
[2024-11-12T02:55:15.671+0000] {taskinstance.py:441} INFO - ::group::Post task execution logs
[2024-11-12T02:55:15.703+0000] {taskinstance.py:1206} INFO - Marking task as SUCCESS. dag_id=BuildELT_dbt, task_id=dbt_snapshot, run_id=manual__2024-11-12T02:54:27.044574+00:00, execution_date=20241112T025427, start_date=20241112T025502, end_date=20241112T025515
[2024-11-12T02:55:15.730+0000] {local_task_job_runner.py:240} INFO - Task exited with return code 0
[2024-11-12T02:55:15.753+0000] {taskinstance.py:3498} INFO - 0 downstream tasks scheduled from follow-on schedule check
[2024-11-12T02:55:15.765+0000] {local_task_job_runner.py:222} INFO - ::endgroup::
