[2024-12-03T01:37:48.810+0000] {local_task_job_runner.py:120} INFO - ::group::Pre task execution logs
[2024-12-03T01:37:48.869+0000] {taskinstance.py:2076} INFO - Dependencies all met for dep_context=non-requeueable deps ti=<TaskInstance: complete-dag.dbt_run_2 scheduled__2024-12-01T20:40:00+00:00 [queued]>
[2024-12-03T01:37:48.883+0000] {taskinstance.py:2076} INFO - Dependencies all met for dep_context=requeueable deps ti=<TaskInstance: complete-dag.dbt_run_2 scheduled__2024-12-01T20:40:00+00:00 [queued]>
[2024-12-03T01:37:48.884+0000] {taskinstance.py:2306} INFO - Starting attempt 1 of 1
[2024-12-03T01:37:48.906+0000] {taskinstance.py:2330} INFO - Executing <Task(BashOperator): dbt_run_2> on 2024-12-01 20:40:00+00:00
[2024-12-03T01:37:48.928+0000] {standard_task_runner.py:90} INFO - Running: ['***', 'tasks', 'run', 'complete-dag', 'dbt_run_2', 'scheduled__2024-12-01T20:40:00+00:00', '--job-id', '460', '--raw', '--subdir', 'DAGS_FOLDER/complete_dag.py', '--cfg-path', '/tmp/tmpvegqnb_4']
[2024-12-03T01:37:48.937+0000] {standard_task_runner.py:91} INFO - Job 460: Subtask dbt_run_2
[2024-12-03T01:37:48.948+0000] {logging_mixin.py:188} WARNING - /home/***/.local/lib/python3.12/site-packages/***/task/task_runner/standard_task_runner.py:61 DeprecationWarning: This process (pid=370) is multi-threaded, use of fork() may lead to deadlocks in the child.
[2024-12-03T01:37:48.950+0000] {standard_task_runner.py:63} INFO - Started process 379 to run task
[2024-12-03T01:37:49.057+0000] {task_command.py:426} INFO - Running <TaskInstance: complete-dag.dbt_run_2 scheduled__2024-12-01T20:40:00+00:00 [running]> on host e060654747dc
[2024-12-03T01:37:49.317+0000] {taskinstance.py:2648} INFO - Exporting env vars: AIRFLOW_CTX_DAG_OWNER='***' AIRFLOW_CTX_DAG_ID='complete-dag' AIRFLOW_CTX_TASK_ID='dbt_run_2' AIRFLOW_CTX_EXECUTION_DATE='2024-12-01T20:40:00+00:00' AIRFLOW_CTX_TRY_NUMBER='1' AIRFLOW_CTX_DAG_RUN_ID='scheduled__2024-12-01T20:40:00+00:00'
[2024-12-03T01:37:49.321+0000] {taskinstance.py:430} INFO - ::endgroup::
[2024-12-03T01:37:49.322+0000] {subprocess.py:63} INFO - Tmp dir root location: /tmp
[2024-12-03T01:37:49.337+0000] {subprocess.py:75} INFO - Running command: ['/usr/bin/bash', '-c', '/home/***/.local/bin/dbt run --profiles-dir /opt/***/dbt_viz --project-dir /opt/***/dbt_viz']
[2024-12-03T01:37:49.359+0000] {subprocess.py:86} INFO - Output:
[2024-12-03T01:37:55.163+0000] {subprocess.py:93} INFO - [0m01:37:55  Running with dbt=1.8.7
[2024-12-03T01:37:58.326+0000] {subprocess.py:93} INFO - [0m01:37:58  Registered adapter: snowflake=1.8.4
[2024-12-03T01:37:59.766+0000] {subprocess.py:93} INFO - [0m01:37:59  Found 4 models, 1 test, 3 sources, 459 macros
[2024-12-03T01:37:59.772+0000] {subprocess.py:93} INFO - [0m01:37:59
[2024-12-03T01:38:01.546+0000] {subprocess.py:93} INFO - [0m01:38:01  Concurrency: 1 threads (target='dev')
[2024-12-03T01:38:01.548+0000] {subprocess.py:93} INFO - [0m01:38:01
[2024-12-03T01:38:01.668+0000] {subprocess.py:93} INFO - [0m01:38:01  1 of 2 START sql table model analytics.energy_historical_forecast_data ......... [RUN]
[2024-12-03T01:38:03.425+0000] {subprocess.py:93} INFO - [0m01:38:03  1 of 2 OK created sql table model analytics.energy_historical_forecast_data .... [[32mSUCCESS 1[0m in 1.75s]
[2024-12-03T01:38:03.433+0000] {subprocess.py:93} INFO - [0m01:38:03  2 of 2 START sql table model analytics.energy_demand_final_data ................ [RUN]
[2024-12-03T01:38:04.827+0000] {subprocess.py:93} INFO - [0m01:38:04  2 of 2 OK created sql table model analytics.energy_demand_final_data ........... [[32mSUCCESS 1[0m in 1.39s]
[2024-12-03T01:38:04.837+0000] {subprocess.py:93} INFO - [0m01:38:04
[2024-12-03T01:38:04.838+0000] {subprocess.py:93} INFO - [0m01:38:04  Finished running 2 table models in 0 hours 0 minutes and 5.06 seconds (5.06s).
[2024-12-03T01:38:04.956+0000] {subprocess.py:93} INFO - [0m01:38:04
[2024-12-03T01:38:04.958+0000] {subprocess.py:93} INFO - [0m01:38:04  [32mCompleted successfully[0m
[2024-12-03T01:38:04.960+0000] {subprocess.py:93} INFO - [0m01:38:04
[2024-12-03T01:38:04.961+0000] {subprocess.py:93} INFO - [0m01:38:04  Done. PASS=2 WARN=0 ERROR=0 SKIP=0 TOTAL=2
[2024-12-03T01:38:06.137+0000] {subprocess.py:97} INFO - Command exited with return code 0
[2024-12-03T01:38:06.140+0000] {taskinstance.py:441} INFO - ::group::Post task execution logs
[2024-12-03T01:38:06.183+0000] {taskinstance.py:1206} INFO - Marking task as SUCCESS. dag_id=complete-dag, task_id=dbt_run_2, run_id=scheduled__2024-12-01T20:40:00+00:00, execution_date=20241201T204000, start_date=20241203T013748, end_date=20241203T013806
[2024-12-03T01:38:06.246+0000] {local_task_job_runner.py:240} INFO - Task exited with return code 0
[2024-12-03T01:38:06.282+0000] {taskinstance.py:3498} INFO - 1 downstream tasks scheduled from follow-on schedule check
[2024-12-03T01:38:06.287+0000] {local_task_job_runner.py:222} INFO - ::endgroup::
