[2024-12-05T07:17:25.581+0000] {local_task_job_runner.py:120} INFO - ::group::Pre task execution logs
[2024-12-05T07:17:25.635+0000] {taskinstance.py:2076} INFO - Dependencies all met for dep_context=non-requeueable deps ti=<TaskInstance: complete-dag.load_electricity_data manual__2024-12-05T07:17:11.444959+00:00 [queued]>
[2024-12-05T07:17:25.653+0000] {taskinstance.py:2076} INFO - Dependencies all met for dep_context=requeueable deps ti=<TaskInstance: complete-dag.load_electricity_data manual__2024-12-05T07:17:11.444959+00:00 [queued]>
[2024-12-05T07:17:25.655+0000] {taskinstance.py:2306} INFO - Starting attempt 1 of 1
[2024-12-05T07:17:25.682+0000] {taskinstance.py:2330} INFO - Executing <Task(_PythonDecoratedOperator): load_electricity_data> on 2024-12-05 07:17:11.444959+00:00
[2024-12-05T07:17:25.698+0000] {standard_task_runner.py:90} INFO - Running: ['***', 'tasks', 'run', 'complete-dag', 'load_electricity_data', 'manual__2024-12-05T07:17:11.444959+00:00', '--job-id', '491', '--raw', '--subdir', 'DAGS_FOLDER/complete_dag.py', '--cfg-path', '/tmp/tmp7tebeq6w']
[2024-12-05T07:17:25.700+0000] {standard_task_runner.py:91} INFO - Job 491: Subtask load_electricity_data
[2024-12-05T07:17:25.703+0000] {logging_mixin.py:188} WARNING - /home/***/.local/lib/python3.12/site-packages/***/task/task_runner/standard_task_runner.py:61 DeprecationWarning: This process (pid=488) is multi-threaded, use of fork() may lead to deadlocks in the child.
[2024-12-05T07:17:25.704+0000] {standard_task_runner.py:63} INFO - Started process 499 to run task
[2024-12-05T07:17:25.768+0000] {task_command.py:426} INFO - Running <TaskInstance: complete-dag.load_electricity_data manual__2024-12-05T07:17:11.444959+00:00 [running]> on host e060654747dc
[2024-12-05T07:17:26.397+0000] {taskinstance.py:2648} INFO - Exporting env vars: AIRFLOW_CTX_DAG_OWNER='***' AIRFLOW_CTX_DAG_ID='complete-dag' AIRFLOW_CTX_TASK_ID='load_electricity_data' AIRFLOW_CTX_EXECUTION_DATE='2024-12-05T07:17:11.444959+00:00' AIRFLOW_CTX_TRY_NUMBER='1' AIRFLOW_CTX_DAG_RUN_ID='manual__2024-12-05T07:17:11.444959+00:00'
[2024-12-05T07:17:26.402+0000] {taskinstance.py:430} INFO - ::endgroup::
[2024-12-05T07:17:26.622+0000] {cursor.py:1149} INFO - Number of results in first chunk: 1
[2024-12-05T07:17:27.044+0000] {cursor.py:1149} INFO - Number of results in first chunk: 1
[2024-12-05T07:17:29.095+0000] {cursor.py:1149} INFO - Number of results in first chunk: 1
[2024-12-05T07:17:29.096+0000] {python.py:237} INFO - Done. Returned value was: None
[2024-12-05T07:17:29.097+0000] {taskinstance.py:441} INFO - ::group::Post task execution logs
[2024-12-05T07:17:29.111+0000] {taskinstance.py:1206} INFO - Marking task as SUCCESS. dag_id=complete-dag, task_id=load_electricity_data, run_id=manual__2024-12-05T07:17:11.444959+00:00, execution_date=20241205T071711, start_date=20241205T071725, end_date=20241205T071729
[2024-12-05T07:17:29.182+0000] {local_task_job_runner.py:240} INFO - Task exited with return code 0
[2024-12-05T07:17:29.195+0000] {local_task_job_runner.py:222} INFO - ::endgroup::
