[2024-12-05T07:51:24.408+0000] {local_task_job_runner.py:120} INFO - ::group::Pre task execution logs
[2024-12-05T07:51:24.441+0000] {taskinstance.py:2076} INFO - Dependencies all met for dep_context=non-requeueable deps ti=<TaskInstance: complete-dag.dbt_snapshot manual__2024-12-05T07:50:46.857852+00:00 [queued]>
[2024-12-05T07:51:24.449+0000] {taskinstance.py:2076} INFO - Dependencies all met for dep_context=requeueable deps ti=<TaskInstance: complete-dag.dbt_snapshot manual__2024-12-05T07:50:46.857852+00:00 [queued]>
[2024-12-05T07:51:24.450+0000] {taskinstance.py:2306} INFO - Starting attempt 1 of 1
[2024-12-05T07:51:24.468+0000] {taskinstance.py:2330} INFO - Executing <Task(BashOperator): dbt_snapshot> on 2024-12-05 07:50:46.857852+00:00
[2024-12-05T07:51:24.480+0000] {standard_task_runner.py:90} INFO - Running: ['***', 'tasks', 'run', 'complete-dag', 'dbt_snapshot', 'manual__2024-12-05T07:50:46.857852+00:00', '--job-id', '545', '--raw', '--subdir', 'DAGS_FOLDER/complete_dag.py', '--cfg-path', '/tmp/tmpw4bxbwjv']
[2024-12-05T07:51:24.480+0000] {logging_mixin.py:188} WARNING - /home/***/.local/lib/python3.12/site-packages/***/task/task_runner/standard_task_runner.py:61 DeprecationWarning: This process (pid=2338) is multi-threaded, use of fork() may lead to deadlocks in the child.
[2024-12-05T07:51:24.481+0000] {standard_task_runner.py:91} INFO - Job 545: Subtask dbt_snapshot
[2024-12-05T07:51:24.482+0000] {standard_task_runner.py:63} INFO - Started process 2341 to run task
[2024-12-05T07:51:24.533+0000] {task_command.py:426} INFO - Running <TaskInstance: complete-dag.dbt_snapshot manual__2024-12-05T07:50:46.857852+00:00 [running]> on host e060654747dc
[2024-12-05T07:51:24.726+0000] {taskinstance.py:2648} INFO - Exporting env vars: AIRFLOW_CTX_DAG_OWNER='***' AIRFLOW_CTX_DAG_ID='complete-dag' AIRFLOW_CTX_TASK_ID='dbt_snapshot' AIRFLOW_CTX_EXECUTION_DATE='2024-12-05T07:50:46.857852+00:00' AIRFLOW_CTX_TRY_NUMBER='1' AIRFLOW_CTX_DAG_RUN_ID='manual__2024-12-05T07:50:46.857852+00:00'
[2024-12-05T07:51:24.727+0000] {taskinstance.py:430} INFO - ::endgroup::
[2024-12-05T07:51:24.729+0000] {subprocess.py:63} INFO - Tmp dir root location: /tmp
[2024-12-05T07:51:24.731+0000] {subprocess.py:75} INFO - Running command: ['/usr/bin/bash', '-c', '/home/***/.local/bin/dbt snapshot --profiles-dir /opt/***/dbt --project-dir /opt/***/dbt']
[2024-12-05T07:51:24.750+0000] {subprocess.py:86} INFO - Output:
[2024-12-05T07:51:27.537+0000] {subprocess.py:93} INFO - [0m07:51:27  Running with dbt=1.8.7
[2024-12-05T07:51:28.812+0000] {subprocess.py:93} INFO - [0m07:51:28  Registered adapter: snowflake=1.8.4
[2024-12-05T07:51:29.660+0000] {subprocess.py:93} INFO - [0m07:51:29  Found 5 models, 1 test, 2 snapshots, 4 sources, 459 macros
[2024-12-05T07:51:29.665+0000] {subprocess.py:93} INFO - [0m07:51:29
[2024-12-05T07:51:31.591+0000] {subprocess.py:93} INFO - [0m07:51:31  Concurrency: 1 threads (target='dev')
[2024-12-05T07:51:31.593+0000] {subprocess.py:93} INFO - [0m07:51:31
[2024-12-05T07:51:31.613+0000] {subprocess.py:93} INFO - [0m07:51:31  1 of 2 START snapshot snapshot.electricity_weather_historical_snapshot ......... [RUN]
[2024-12-05T07:51:33.412+0000] {subprocess.py:93} INFO - [0m07:51:33  1 of 2 OK snapshotted snapshot.electricity_weather_historical_snapshot ......... [[32mSUCCESS 1[0m in 1.79s]
[2024-12-05T07:51:33.421+0000] {subprocess.py:93} INFO - [0m07:51:33  2 of 2 START snapshot snapshot.weather_forecast_snapshot ....................... [RUN]
[2024-12-05T07:51:34.722+0000] {subprocess.py:93} INFO - [0m07:51:34  2 of 2 OK snapshotted snapshot.weather_forecast_snapshot ....................... [[32mSUCCESS 1[0m in 1.30s]
[2024-12-05T07:51:34.731+0000] {subprocess.py:93} INFO - [0m07:51:34
[2024-12-05T07:51:34.734+0000] {subprocess.py:93} INFO - [0m07:51:34  Finished running 2 snapshots in 0 hours 0 minutes and 5.06 seconds (5.06s).
[2024-12-05T07:51:34.850+0000] {subprocess.py:93} INFO - [0m07:51:34
[2024-12-05T07:51:34.852+0000] {subprocess.py:93} INFO - [0m07:51:34  [32mCompleted successfully[0m
[2024-12-05T07:51:34.854+0000] {subprocess.py:93} INFO - [0m07:51:34
[2024-12-05T07:51:34.856+0000] {subprocess.py:93} INFO - [0m07:51:34  Done. PASS=2 WARN=0 ERROR=0 SKIP=0 TOTAL=2
[2024-12-05T07:51:35.863+0000] {subprocess.py:97} INFO - Command exited with return code 0
[2024-12-05T07:51:35.864+0000] {taskinstance.py:441} INFO - ::group::Post task execution logs
[2024-12-05T07:51:35.904+0000] {taskinstance.py:1206} INFO - Marking task as SUCCESS. dag_id=complete-dag, task_id=dbt_snapshot, run_id=manual__2024-12-05T07:50:46.857852+00:00, execution_date=20241205T075046, start_date=20241205T075124, end_date=20241205T075135
[2024-12-05T07:51:35.977+0000] {local_task_job_runner.py:240} INFO - Task exited with return code 0
[2024-12-05T07:51:35.992+0000] {local_task_job_runner.py:222} INFO - ::endgroup::
