[2024-11-30T20:43:57.230+0000] {local_task_job_runner.py:120} INFO - ::group::Pre task execution logs
[2024-11-30T20:43:57.259+0000] {taskinstance.py:2076} INFO - Dependencies all met for dep_context=non-requeueable deps ti=<TaskInstance: complete-dag.train scheduled__2024-11-29T20:40:00+00:00 [queued]>
[2024-11-30T20:43:57.268+0000] {taskinstance.py:2076} INFO - Dependencies all met for dep_context=requeueable deps ti=<TaskInstance: complete-dag.train scheduled__2024-11-29T20:40:00+00:00 [queued]>
[2024-11-30T20:43:57.269+0000] {taskinstance.py:2306} INFO - Starting attempt 1 of 1
[2024-11-30T20:43:57.282+0000] {taskinstance.py:2330} INFO - Executing <Task(_PythonDecoratedOperator): train> on 2024-11-29 20:40:00+00:00
[2024-11-30T20:43:57.293+0000] {logging_mixin.py:188} WARNING - /home/***/.local/lib/python3.12/site-packages/***/task/task_runner/standard_task_runner.py:61 DeprecationWarning: This process (pid=3832) is multi-threaded, use of fork() may lead to deadlocks in the child.
[2024-11-30T20:43:57.293+0000] {standard_task_runner.py:90} INFO - Running: ['***', 'tasks', 'run', 'complete-dag', 'train', 'scheduled__2024-11-29T20:40:00+00:00', '--job-id', '441', '--raw', '--subdir', 'DAGS_FOLDER/complete_dag.py', '--cfg-path', '/tmp/tmpn53vawjt']
[2024-11-30T20:43:57.294+0000] {standard_task_runner.py:63} INFO - Started process 3855 to run task
[2024-11-30T20:43:57.294+0000] {standard_task_runner.py:91} INFO - Job 441: Subtask train
[2024-11-30T20:43:57.340+0000] {task_command.py:426} INFO - Running <TaskInstance: complete-dag.train scheduled__2024-11-29T20:40:00+00:00 [running]> on host e060654747dc
[2024-11-30T20:43:57.413+0000] {taskinstance.py:2648} INFO - Exporting env vars: AIRFLOW_CTX_DAG_OWNER='***' AIRFLOW_CTX_DAG_ID='complete-dag' AIRFLOW_CTX_TASK_ID='train' AIRFLOW_CTX_EXECUTION_DATE='2024-11-29T20:40:00+00:00' AIRFLOW_CTX_TRY_NUMBER='1' AIRFLOW_CTX_DAG_RUN_ID='scheduled__2024-11-29T20:40:00+00:00'
[2024-11-30T20:43:57.414+0000] {taskinstance.py:430} INFO - ::endgroup::
[2024-11-30T20:43:57.793+0000] {cursor.py:1149} INFO - Number of results in first chunk: 1
[2024-11-30T20:43:57.793+0000] {complete_dag.py:260} INFO - View created
[2024-11-30T20:48:27.570+0000] {cursor.py:1149} INFO - Number of results in first chunk: 1
[2024-11-30T20:48:27.605+0000] {complete_dag.py:262} INFO - Model for training created
[2024-11-30T20:48:29.091+0000] {cursor.py:1149} INFO - Number of results in first chunk: 28
[2024-11-30T20:48:29.096+0000] {python.py:237} INFO - Done. Returned value was: True
[2024-11-30T20:48:29.102+0000] {taskinstance.py:441} INFO - ::group::Post task execution logs
[2024-11-30T20:48:29.335+0000] {taskinstance.py:1206} INFO - Marking task as SUCCESS. dag_id=complete-dag, task_id=train, run_id=scheduled__2024-11-29T20:40:00+00:00, execution_date=20241129T204000, start_date=20241130T204357, end_date=20241130T204829
[2024-11-30T20:48:29.477+0000] {local_task_job_runner.py:240} INFO - Task exited with return code 0
[2024-11-30T20:48:29.538+0000] {local_task_job_runner.py:222} INFO - ::endgroup::
