[2024-11-12T03:45:36.115+0000] {local_task_job_runner.py:120} INFO - ::group::Pre task execution logs
[2024-11-12T03:45:36.467+0000] {taskinstance.py:2076} INFO - Dependencies all met for dep_context=non-requeueable deps ti=<TaskInstance: BuildELT_dbt.dbt_run manual__2024-11-12T03:45:33.628335+00:00 [queued]>
[2024-11-12T03:45:36.504+0000] {taskinstance.py:2076} INFO - Dependencies all met for dep_context=requeueable deps ti=<TaskInstance: BuildELT_dbt.dbt_run manual__2024-11-12T03:45:33.628335+00:00 [queued]>
[2024-11-12T03:45:36.506+0000] {taskinstance.py:2306} INFO - Starting attempt 1 of 1
[2024-11-12T03:45:36.552+0000] {taskinstance.py:2330} INFO - Executing <Task(BashOperator): dbt_run> on 2024-11-12 03:45:33.628335+00:00
[2024-11-12T03:45:36.573+0000] {standard_task_runner.py:90} INFO - Running: ['***', 'tasks', 'run', 'BuildELT_dbt', 'dbt_run', 'manual__2024-11-12T03:45:33.628335+00:00', '--job-id', '150', '--raw', '--subdir', 'DAGS_FOLDER/build_elt_with_dbt.py', '--cfg-path', '/tmp/tmpinfy2_6i']
[2024-11-12T03:45:36.580+0000] {standard_task_runner.py:91} INFO - Job 150: Subtask dbt_run
[2024-11-12T03:45:36.582+0000] {logging_mixin.py:188} WARNING - /home/***/.local/lib/python3.12/site-packages/***/task/task_runner/standard_task_runner.py:61 DeprecationWarning: This process (pid=2657) is multi-threaded, use of fork() may lead to deadlocks in the child.
[2024-11-12T03:45:36.583+0000] {standard_task_runner.py:63} INFO - Started process 2658 to run task
[2024-11-12T03:45:36.758+0000] {task_command.py:426} INFO - Running <TaskInstance: BuildELT_dbt.dbt_run manual__2024-11-12T03:45:33.628335+00:00 [running]> on host e9e87141c083
[2024-11-12T03:45:37.362+0000] {taskinstance.py:2648} INFO - Exporting env vars: AIRFLOW_CTX_DAG_OWNER='***' AIRFLOW_CTX_DAG_ID='BuildELT_dbt' AIRFLOW_CTX_TASK_ID='dbt_run' AIRFLOW_CTX_EXECUTION_DATE='2024-11-12T03:45:33.628335+00:00' AIRFLOW_CTX_TRY_NUMBER='1' AIRFLOW_CTX_DAG_RUN_ID='manual__2024-11-12T03:45:33.628335+00:00'
[2024-11-12T03:45:37.364+0000] {taskinstance.py:430} INFO - ::endgroup::
[2024-11-12T03:45:37.480+0000] {subprocess.py:63} INFO - Tmp dir root location: /tmp
[2024-11-12T03:45:37.498+0000] {subprocess.py:75} INFO - Running command: ['/usr/bin/bash', '-c', '/home/***/.local/bin/dbt run --profiles-dir /opt/***/dbt --project-dir /opt/***/dbt']
[2024-11-12T03:45:37.521+0000] {subprocess.py:86} INFO - Output:
[2024-11-12T03:45:43.028+0000] {subprocess.py:93} INFO - [0m03:45:43  Running with dbt=1.8.7
[2024-11-12T03:45:46.108+0000] {subprocess.py:93} INFO - [0m03:45:46  Registered adapter: snowflake=1.8.4
[2024-11-12T03:45:47.894+0000] {subprocess.py:93} INFO - [0m03:45:47  Found 5 models, 1 snapshot, 2 data tests, 2 sources, 459 macros
[2024-11-12T03:45:47.901+0000] {subprocess.py:93} INFO - [0m03:45:47
[2024-11-12T03:45:50.302+0000] {subprocess.py:93} INFO - [0m03:45:50  Concurrency: 1 threads (target='dev')
[2024-11-12T03:45:50.303+0000] {subprocess.py:93} INFO - [0m03:45:50
[2024-11-12T03:45:50.435+0000] {subprocess.py:93} INFO - [0m03:45:50  1 of 1 START sql table model analytics.stock_indicators ........................ [RUN]
[2024-11-12T03:45:51.948+0000] {subprocess.py:93} INFO - [0m03:45:51  1 of 1 OK created sql table model analytics.stock_indicators ................... [[32mSUCCESS 1[0m in 1.51s]
[2024-11-12T03:45:51.956+0000] {subprocess.py:93} INFO - [0m03:45:51
[2024-11-12T03:45:51.957+0000] {subprocess.py:93} INFO - [0m03:45:51  Finished running 1 table model in 0 hours 0 minutes and 4.05 seconds (4.05s).
[2024-11-12T03:45:52.050+0000] {subprocess.py:93} INFO - [0m03:45:52
[2024-11-12T03:45:52.053+0000] {subprocess.py:93} INFO - [0m03:45:52  [32mCompleted successfully[0m
[2024-11-12T03:45:52.054+0000] {subprocess.py:93} INFO - [0m03:45:52
[2024-11-12T03:45:52.056+0000] {subprocess.py:93} INFO - [0m03:45:52  Done. PASS=1 WARN=0 ERROR=0 SKIP=0 TOTAL=1
[2024-11-12T03:45:53.079+0000] {subprocess.py:97} INFO - Command exited with return code 0
[2024-11-12T03:45:53.086+0000] {taskinstance.py:441} INFO - ::group::Post task execution logs
[2024-11-12T03:45:53.206+0000] {taskinstance.py:1206} INFO - Marking task as SUCCESS. dag_id=BuildELT_dbt, task_id=dbt_run, run_id=manual__2024-11-12T03:45:33.628335+00:00, execution_date=20241112T034533, start_date=20241112T034536, end_date=20241112T034553
[2024-11-12T03:45:53.266+0000] {local_task_job_runner.py:240} INFO - Task exited with return code 0
[2024-11-12T03:45:53.334+0000] {taskinstance.py:3498} INFO - 1 downstream tasks scheduled from follow-on schedule check
[2024-11-12T03:45:53.338+0000] {local_task_job_runner.py:222} INFO - ::endgroup::
