[2024-12-05T07:20:19.573+0000] {local_task_job_runner.py:120} INFO - ::group::Pre task execution logs
[2024-12-05T07:20:19.617+0000] {taskinstance.py:2076} INFO - Dependencies all met for dep_context=non-requeueable deps ti=<TaskInstance: complete-dag.dbt_snapshot manual__2024-12-05T07:19:38.162736+00:00 [queued]>
[2024-12-05T07:20:19.650+0000] {taskinstance.py:2076} INFO - Dependencies all met for dep_context=requeueable deps ti=<TaskInstance: complete-dag.dbt_snapshot manual__2024-12-05T07:19:38.162736+00:00 [queued]>
[2024-12-05T07:20:19.653+0000] {taskinstance.py:2306} INFO - Starting attempt 1 of 1
[2024-12-05T07:20:19.673+0000] {taskinstance.py:2330} INFO - Executing <Task(BashOperator): dbt_snapshot> on 2024-12-05 07:19:38.162736+00:00
[2024-12-05T07:20:19.686+0000] {standard_task_runner.py:90} INFO - Running: ['***', 'tasks', 'run', 'complete-dag', 'dbt_snapshot', 'manual__2024-12-05T07:19:38.162736+00:00', '--job-id', '501', '--raw', '--subdir', 'DAGS_FOLDER/complete_dag.py', '--cfg-path', '/tmp/tmpx83byzb3']
[2024-12-05T07:20:19.688+0000] {standard_task_runner.py:91} INFO - Job 501: Subtask dbt_snapshot
[2024-12-05T07:20:19.690+0000] {logging_mixin.py:188} WARNING - /home/***/.local/lib/python3.12/site-packages/***/task/task_runner/standard_task_runner.py:61 DeprecationWarning: This process (pid=753) is multi-threaded, use of fork() may lead to deadlocks in the child.
[2024-12-05T07:20:19.692+0000] {standard_task_runner.py:63} INFO - Started process 756 to run task
[2024-12-05T07:20:19.754+0000] {task_command.py:426} INFO - Running <TaskInstance: complete-dag.dbt_snapshot manual__2024-12-05T07:19:38.162736+00:00 [running]> on host e060654747dc
[2024-12-05T07:20:19.958+0000] {taskinstance.py:2648} INFO - Exporting env vars: AIRFLOW_CTX_DAG_OWNER='***' AIRFLOW_CTX_DAG_ID='complete-dag' AIRFLOW_CTX_TASK_ID='dbt_snapshot' AIRFLOW_CTX_EXECUTION_DATE='2024-12-05T07:19:38.162736+00:00' AIRFLOW_CTX_TRY_NUMBER='1' AIRFLOW_CTX_DAG_RUN_ID='manual__2024-12-05T07:19:38.162736+00:00'
[2024-12-05T07:20:19.960+0000] {taskinstance.py:430} INFO - ::endgroup::
[2024-12-05T07:20:19.962+0000] {subprocess.py:63} INFO - Tmp dir root location: /tmp
[2024-12-05T07:20:19.964+0000] {subprocess.py:75} INFO - Running command: ['/usr/bin/bash', '-c', '/home/***/.local/bin/dbt snapshot --profiles-dir /opt/***/dbt --project-dir /opt/***/dbt']
[2024-12-05T07:20:19.983+0000] {subprocess.py:86} INFO - Output:
[2024-12-05T07:20:23.529+0000] {subprocess.py:93} INFO - [0m07:20:23  Running with dbt=1.8.7
[2024-12-05T07:20:24.795+0000] {subprocess.py:93} INFO - [0m07:20:24  Registered adapter: snowflake=1.8.4
[2024-12-05T07:20:25.752+0000] {subprocess.py:93} INFO - [0m07:20:25  Found 5 models, 2 snapshots, 1 test, 4 sources, 459 macros
[2024-12-05T07:20:25.759+0000] {subprocess.py:93} INFO - [0m07:20:25
[2024-12-05T07:20:28.180+0000] {subprocess.py:93} INFO - [0m07:20:28  Concurrency: 1 threads (target='dev')
[2024-12-05T07:20:28.182+0000] {subprocess.py:93} INFO - [0m07:20:28
[2024-12-05T07:20:28.205+0000] {subprocess.py:93} INFO - [0m07:20:28  1 of 2 START snapshot snapshot.electricity_weather_historical_snapshot ......... [RUN]
[2024-12-05T07:20:29.093+0000] {subprocess.py:93} INFO - [0m07:20:29  1 of 2 ERROR snapshotting snapshot.electricity_weather_historical_snapshot ..... [[31mERROR[0m in 0.88s]
[2024-12-05T07:20:29.101+0000] {subprocess.py:93} INFO - [0m07:20:29  2 of 2 START snapshot snapshot.weather_forecast_snapshot ....................... [RUN]
[2024-12-05T07:20:29.698+0000] {subprocess.py:93} INFO - [0m07:20:29  2 of 2 ERROR snapshotting snapshot.weather_forecast_snapshot ................... [[31mERROR[0m in 0.59s]
[2024-12-05T07:20:29.709+0000] {subprocess.py:93} INFO - [0m07:20:29
[2024-12-05T07:20:29.711+0000] {subprocess.py:93} INFO - [0m07:20:29  Finished running 2 snapshots in 0 hours 0 minutes and 3.95 seconds (3.95s).
[2024-12-05T07:20:29.823+0000] {subprocess.py:93} INFO - [0m07:20:29
[2024-12-05T07:20:29.825+0000] {subprocess.py:93} INFO - [0m07:20:29  [31mCompleted with 2 errors and 0 warnings:[0m
[2024-12-05T07:20:29.826+0000] {subprocess.py:93} INFO - [0m07:20:29
[2024-12-05T07:20:29.828+0000] {subprocess.py:93} INFO - [0m07:20:29    Database Error in snapshot electricity_weather_historical_snapshot (snapshots/electricity_weather_historical_snapshot.sql)
[2024-12-05T07:20:29.829+0000] {subprocess.py:93} INFO -   000904 (42000): SQL compilation error: error line 7 at position 33
[2024-12-05T07:20:29.830+0000] {subprocess.py:93} INFO -   invalid identifier 'TS'
[2024-12-05T07:20:29.830+0000] {subprocess.py:93} INFO - [0m07:20:29
[2024-12-05T07:20:29.831+0000] {subprocess.py:93} INFO - [0m07:20:29    Database Error in snapshot weather_forecast_snapshot (snapshots/weather_forecast_snapshot.sql)
[2024-12-05T07:20:29.832+0000] {subprocess.py:93} INFO -   000904 (42000): SQL compilation error: error line 7 at position 33
[2024-12-05T07:20:29.833+0000] {subprocess.py:93} INFO -   invalid identifier 'TS'
[2024-12-05T07:20:29.834+0000] {subprocess.py:93} INFO - [0m07:20:29
[2024-12-05T07:20:29.835+0000] {subprocess.py:93} INFO - [0m07:20:29  Done. PASS=0 WARN=0 ERROR=2 SKIP=0 TOTAL=2
[2024-12-05T07:20:30.988+0000] {subprocess.py:97} INFO - Command exited with return code 1
[2024-12-05T07:20:30.989+0000] {taskinstance.py:441} INFO - ::group::Post task execution logs
[2024-12-05T07:20:31.028+0000] {taskinstance.py:2905} ERROR - Task failed with exception
Traceback (most recent call last):
  File "/home/airflow/.local/lib/python3.12/site-packages/airflow/models/taskinstance.py", line 465, in _execute_task
    result = _execute_callable(context=context, **execute_callable_kwargs)
             ^^^^^^^^^^^^^^^^^^^^^^^^^^^^^^^^^^^^^^^^^^^^^^^^^^^^^^^^^^^^^
  File "/home/airflow/.local/lib/python3.12/site-packages/airflow/models/taskinstance.py", line 432, in _execute_callable
    return execute_callable(context=context, **execute_callable_kwargs)
           ^^^^^^^^^^^^^^^^^^^^^^^^^^^^^^^^^^^^^^^^^^^^^^^^^^^^^^^^^^^^
  File "/home/airflow/.local/lib/python3.12/site-packages/airflow/models/baseoperator.py", line 400, in wrapper
    return func(self, *args, **kwargs)
           ^^^^^^^^^^^^^^^^^^^^^^^^^^^
  File "/home/airflow/.local/lib/python3.12/site-packages/airflow/operators/bash.py", line 243, in execute
    raise AirflowException(
airflow.exceptions.AirflowException: Bash command failed. The command returned a non-zero exit code 1.
[2024-12-05T07:20:31.036+0000] {taskinstance.py:1206} INFO - Marking task as FAILED. dag_id=complete-dag, task_id=dbt_snapshot, run_id=manual__2024-12-05T07:19:38.162736+00:00, execution_date=20241205T071938, start_date=20241205T072019, end_date=20241205T072031
[2024-12-05T07:20:31.060+0000] {standard_task_runner.py:110} ERROR - Failed to execute job 501 for task dbt_snapshot (Bash command failed. The command returned a non-zero exit code 1.; 756)
[2024-12-05T07:20:31.112+0000] {local_task_job_runner.py:240} INFO - Task exited with return code 1
[2024-12-05T07:20:31.128+0000] {local_task_job_runner.py:222} INFO - ::endgroup::
