[2024-12-03T01:30:34.063+0000] {local_task_job_runner.py:120} INFO - ::group::Pre task execution logs
[2024-12-03T01:30:34.105+0000] {taskinstance.py:2076} INFO - Dependencies all met for dep_context=non-requeueable deps ti=<TaskInstance: complete-dag.dbt_snapshot scheduled__2024-12-01T20:40:00+00:00 [queued]>
[2024-12-03T01:30:34.115+0000] {taskinstance.py:2076} INFO - Dependencies all met for dep_context=requeueable deps ti=<TaskInstance: complete-dag.dbt_snapshot scheduled__2024-12-01T20:40:00+00:00 [queued]>
[2024-12-03T01:30:34.118+0000] {taskinstance.py:2306} INFO - Starting attempt 1 of 1
[2024-12-03T01:30:34.136+0000] {taskinstance.py:2330} INFO - Executing <Task(BashOperator): dbt_snapshot> on 2024-12-01 20:40:00+00:00
[2024-12-03T01:30:34.150+0000] {standard_task_runner.py:90} INFO - Running: ['***', 'tasks', 'run', 'complete-dag', 'dbt_snapshot', 'scheduled__2024-12-01T20:40:00+00:00', '--job-id', '455', '--raw', '--subdir', 'DAGS_FOLDER/complete_dag.py', '--cfg-path', '/tmp/tmpdv6sltvv']
[2024-12-03T01:30:34.153+0000] {standard_task_runner.py:91} INFO - Job 455: Subtask dbt_snapshot
[2024-12-03T01:30:34.155+0000] {logging_mixin.py:188} WARNING - /home/***/.local/lib/python3.12/site-packages/***/task/task_runner/standard_task_runner.py:61 DeprecationWarning: This process (pid=362) is multi-threaded, use of fork() may lead to deadlocks in the child.
[2024-12-03T01:30:34.157+0000] {standard_task_runner.py:63} INFO - Started process 365 to run task
[2024-12-03T01:30:34.210+0000] {task_command.py:426} INFO - Running <TaskInstance: complete-dag.dbt_snapshot scheduled__2024-12-01T20:40:00+00:00 [running]> on host e060654747dc
[2024-12-03T01:30:34.543+0000] {taskinstance.py:2648} INFO - Exporting env vars: AIRFLOW_CTX_DAG_OWNER='***' AIRFLOW_CTX_DAG_ID='complete-dag' AIRFLOW_CTX_TASK_ID='dbt_snapshot' AIRFLOW_CTX_EXECUTION_DATE='2024-12-01T20:40:00+00:00' AIRFLOW_CTX_TRY_NUMBER='1' AIRFLOW_CTX_DAG_RUN_ID='scheduled__2024-12-01T20:40:00+00:00'
[2024-12-03T01:30:34.547+0000] {taskinstance.py:430} INFO - ::endgroup::
[2024-12-03T01:30:34.549+0000] {subprocess.py:63} INFO - Tmp dir root location: /tmp
[2024-12-03T01:30:34.550+0000] {subprocess.py:75} INFO - Running command: ['/usr/bin/bash', '-c', '/home/***/.local/bin/dbt snapshot --profiles-dir /opt/***/dbt --project-dir /opt/***/dbt']
[2024-12-03T01:30:34.571+0000] {subprocess.py:86} INFO - Output:
[2024-12-03T01:30:37.350+0000] {subprocess.py:93} INFO - [0m01:30:37  Running with dbt=1.8.7
[2024-12-03T01:30:38.773+0000] {subprocess.py:93} INFO - [0m01:30:38  Registered adapter: snowflake=1.8.4
[2024-12-03T01:30:39.624+0000] {subprocess.py:93} INFO - [0m01:30:39  Found 5 models, 1 test, 4 sources, 459 macros
[2024-12-03T01:30:39.629+0000] {subprocess.py:93} INFO - [0m01:30:39
[2024-12-03T01:30:39.631+0000] {subprocess.py:93} INFO - [0m01:30:39  Nothing to do. Try checking your model configs and model specification args
[2024-12-03T01:30:40.614+0000] {subprocess.py:97} INFO - Command exited with return code 0
[2024-12-03T01:30:40.616+0000] {taskinstance.py:441} INFO - ::group::Post task execution logs
[2024-12-03T01:30:40.644+0000] {taskinstance.py:1206} INFO - Marking task as SUCCESS. dag_id=complete-dag, task_id=dbt_snapshot, run_id=scheduled__2024-12-01T20:40:00+00:00, execution_date=20241201T204000, start_date=20241203T013034, end_date=20241203T013040
[2024-12-03T01:30:40.696+0000] {local_task_job_runner.py:240} INFO - Task exited with return code 0
[2024-12-03T01:30:40.707+0000] {local_task_job_runner.py:222} INFO - ::endgroup::
