[2024-12-05T07:11:48.105+0000] {local_task_job_runner.py:120} INFO - ::group::Pre task execution logs
[2024-12-05T07:11:48.156+0000] {taskinstance.py:2076} INFO - Dependencies all met for dep_context=non-requeueable deps ti=<TaskInstance: complete-dag.load_weather_data_to_snowflake__1 scheduled__2024-12-03T20:40:00+00:00 [queued]>
[2024-12-05T07:11:48.166+0000] {taskinstance.py:2076} INFO - Dependencies all met for dep_context=requeueable deps ti=<TaskInstance: complete-dag.load_weather_data_to_snowflake__1 scheduled__2024-12-03T20:40:00+00:00 [queued]>
[2024-12-05T07:11:48.185+0000] {taskinstance.py:2306} INFO - Starting attempt 1 of 1
[2024-12-05T07:11:48.241+0000] {taskinstance.py:2330} INFO - Executing <Task(_PythonDecoratedOperator): load_weather_data_to_snowflake__1> on 2024-12-03 20:40:00+00:00
[2024-12-05T07:11:48.251+0000] {standard_task_runner.py:90} INFO - Running: ['***', 'tasks', 'run', 'complete-dag', 'load_weather_data_to_snowflake__1', 'scheduled__2024-12-03T20:40:00+00:00', '--job-id', '483', '--raw', '--subdir', 'DAGS_FOLDER/complete_dag.py', '--cfg-path', '/tmp/tmpo4wk1yds']
[2024-12-05T07:11:48.253+0000] {standard_task_runner.py:91} INFO - Job 483: Subtask load_weather_data_to_snowflake__1
[2024-12-05T07:11:48.255+0000] {logging_mixin.py:188} WARNING - /home/***/.local/lib/python3.12/site-packages/***/task/task_runner/standard_task_runner.py:61 DeprecationWarning: This process (pid=262) is multi-threaded, use of fork() may lead to deadlocks in the child.
[2024-12-05T07:11:48.256+0000] {standard_task_runner.py:63} INFO - Started process 275 to run task
[2024-12-05T07:11:48.317+0000] {task_command.py:426} INFO - Running <TaskInstance: complete-dag.load_weather_data_to_snowflake__1 scheduled__2024-12-03T20:40:00+00:00 [running]> on host e060654747dc
[2024-12-05T07:11:49.448+0000] {taskinstance.py:2648} INFO - Exporting env vars: AIRFLOW_CTX_DAG_OWNER='***' AIRFLOW_CTX_DAG_ID='complete-dag' AIRFLOW_CTX_TASK_ID='load_weather_data_to_snowflake__1' AIRFLOW_CTX_EXECUTION_DATE='2024-12-03T20:40:00+00:00' AIRFLOW_CTX_TRY_NUMBER='1' AIRFLOW_CTX_DAG_RUN_ID='scheduled__2024-12-03T20:40:00+00:00'
[2024-12-05T07:11:49.476+0000] {taskinstance.py:430} INFO - ::endgroup::
[2024-12-05T07:11:49.667+0000] {cursor.py:1149} INFO - Number of results in first chunk: 1
[2024-12-05T07:11:50.042+0000] {cursor.py:1149} INFO - Number of results in first chunk: 1
[2024-12-05T07:11:50.049+0000] {logging_mixin.py:188} WARNING - /opt/***/dags/complete_dag.py:163 FutureWarning: DataFrame.applymap has been deprecated. Use DataFrame.map instead.
[2024-12-05T07:11:50.064+0000] {logging_mixin.py:188} INFO -          Date  temperature_2m_max  ...  windspeed_10m_max  avg_temperature
0  2024-12-04                10.5  ...               17.2             4.70
1  2024-12-05                 9.3  ...               12.1             4.05
2  2024-12-06                 7.6  ...               26.8             2.85
3  2024-12-07                 4.8  ...               21.9             0.00
4  2024-12-08                 6.3  ...                8.7            -0.05

[5 rows x 7 columns]
[2024-12-05T07:11:51.070+0000] {logging_mixin.py:188} INFO - Successfully inserted 7 rows.
[2024-12-05T07:11:51.158+0000] {cursor.py:1149} INFO - Number of results in first chunk: 1
[2024-12-05T07:11:51.159+0000] {python.py:237} INFO - Done. Returned value was: None
[2024-12-05T07:11:51.161+0000] {taskinstance.py:441} INFO - ::group::Post task execution logs
[2024-12-05T07:11:51.187+0000] {taskinstance.py:1206} INFO - Marking task as SUCCESS. dag_id=complete-dag, task_id=load_weather_data_to_snowflake__1, run_id=scheduled__2024-12-03T20:40:00+00:00, execution_date=20241203T204000, start_date=20241205T071148, end_date=20241205T071151
[2024-12-05T07:11:51.243+0000] {local_task_job_runner.py:240} INFO - Task exited with return code 0
[2024-12-05T07:11:51.256+0000] {local_task_job_runner.py:222} INFO - ::endgroup::
