[2024-11-12T02:45:09.665+0000] {processor.py:161} INFO - Started process (PID=132) to work on /home/airflow/.local/lib/python3.12/site-packages/airflow/example_dags/example_latest_only_with_trigger.py
[2024-11-12T02:45:09.666+0000] {processor.py:830} INFO - Processing file /home/airflow/.local/lib/python3.12/site-packages/airflow/example_dags/example_latest_only_with_trigger.py for tasks to queue
[2024-11-12T02:45:09.669+0000] {logging_mixin.py:188} INFO - [2024-11-12T02:45:09.668+0000] {dagbag.py:545} INFO - Filling up the DagBag from /home/airflow/.local/lib/python3.12/site-packages/airflow/example_dags/example_latest_only_with_trigger.py
[2024-11-12T02:45:09.682+0000] {processor.py:840} INFO - DAG(s) 'latest_only_with_trigger' retrieved from /home/airflow/.local/lib/python3.12/site-packages/airflow/example_dags/example_latest_only_with_trigger.py
[2024-11-12T02:45:10.061+0000] {logging_mixin.py:188} INFO - [2024-11-12T02:45:10.060+0000] {dag.py:3096} INFO - Sync 1 DAGs
[2024-11-12T02:45:10.312+0000] {logging_mixin.py:188} INFO - [2024-11-12T02:45:10.311+0000] {dag.py:3954} INFO - Setting next_dagrun for latest_only_with_trigger to 2024-11-11 20:00:00+00:00, run_after=2024-11-12 00:00:00+00:00
[2024-11-12T02:45:10.345+0000] {processor.py:183} INFO - Processing /home/airflow/.local/lib/python3.12/site-packages/airflow/example_dags/example_latest_only_with_trigger.py took 0.689 seconds
[2024-11-12T02:45:40.919+0000] {processor.py:161} INFO - Started process (PID=191) to work on /home/airflow/.local/lib/python3.12/site-packages/airflow/example_dags/example_latest_only_with_trigger.py
[2024-11-12T02:45:40.920+0000] {processor.py:830} INFO - Processing file /home/airflow/.local/lib/python3.12/site-packages/airflow/example_dags/example_latest_only_with_trigger.py for tasks to queue
[2024-11-12T02:45:40.922+0000] {logging_mixin.py:188} INFO - [2024-11-12T02:45:40.922+0000] {dagbag.py:545} INFO - Filling up the DagBag from /home/airflow/.local/lib/python3.12/site-packages/airflow/example_dags/example_latest_only_with_trigger.py
[2024-11-12T02:45:40.928+0000] {processor.py:840} INFO - DAG(s) 'latest_only_with_trigger' retrieved from /home/airflow/.local/lib/python3.12/site-packages/airflow/example_dags/example_latest_only_with_trigger.py
[2024-11-12T02:45:40.947+0000] {logging_mixin.py:188} INFO - [2024-11-12T02:45:40.947+0000] {dag.py:3096} INFO - Sync 1 DAGs
[2024-11-12T02:45:40.969+0000] {logging_mixin.py:188} INFO - [2024-11-12T02:45:40.969+0000] {dag.py:3954} INFO - Setting next_dagrun for latest_only_with_trigger to 2024-11-11 20:00:00+00:00, run_after=2024-11-12 00:00:00+00:00
[2024-11-12T02:45:40.990+0000] {processor.py:183} INFO - Processing /home/airflow/.local/lib/python3.12/site-packages/airflow/example_dags/example_latest_only_with_trigger.py took 0.076 seconds
[2024-11-12T02:46:11.040+0000] {processor.py:161} INFO - Started process (PID=250) to work on /home/airflow/.local/lib/python3.12/site-packages/airflow/example_dags/example_latest_only_with_trigger.py
[2024-11-12T02:46:11.041+0000] {processor.py:830} INFO - Processing file /home/airflow/.local/lib/python3.12/site-packages/airflow/example_dags/example_latest_only_with_trigger.py for tasks to queue
[2024-11-12T02:46:11.044+0000] {logging_mixin.py:188} INFO - [2024-11-12T02:46:11.043+0000] {dagbag.py:545} INFO - Filling up the DagBag from /home/airflow/.local/lib/python3.12/site-packages/airflow/example_dags/example_latest_only_with_trigger.py
[2024-11-12T02:46:11.052+0000] {processor.py:840} INFO - DAG(s) 'latest_only_with_trigger' retrieved from /home/airflow/.local/lib/python3.12/site-packages/airflow/example_dags/example_latest_only_with_trigger.py
[2024-11-12T02:46:11.088+0000] {logging_mixin.py:188} INFO - [2024-11-12T02:46:11.087+0000] {dag.py:3096} INFO - Sync 1 DAGs
[2024-11-12T02:46:11.134+0000] {logging_mixin.py:188} INFO - [2024-11-12T02:46:11.133+0000] {dag.py:3954} INFO - Setting next_dagrun for latest_only_with_trigger to 2024-11-11 20:00:00+00:00, run_after=2024-11-12 00:00:00+00:00
[2024-11-12T02:46:11.171+0000] {processor.py:183} INFO - Processing /home/airflow/.local/lib/python3.12/site-packages/airflow/example_dags/example_latest_only_with_trigger.py took 0.138 seconds
[2024-11-12T02:46:41.905+0000] {processor.py:161} INFO - Started process (PID=309) to work on /home/airflow/.local/lib/python3.12/site-packages/airflow/example_dags/example_latest_only_with_trigger.py
[2024-11-12T02:46:41.907+0000] {processor.py:830} INFO - Processing file /home/airflow/.local/lib/python3.12/site-packages/airflow/example_dags/example_latest_only_with_trigger.py for tasks to queue
[2024-11-12T02:46:41.909+0000] {logging_mixin.py:188} INFO - [2024-11-12T02:46:41.909+0000] {dagbag.py:545} INFO - Filling up the DagBag from /home/airflow/.local/lib/python3.12/site-packages/airflow/example_dags/example_latest_only_with_trigger.py
[2024-11-12T02:46:41.918+0000] {processor.py:840} INFO - DAG(s) 'latest_only_with_trigger' retrieved from /home/airflow/.local/lib/python3.12/site-packages/airflow/example_dags/example_latest_only_with_trigger.py
[2024-11-12T02:46:41.968+0000] {logging_mixin.py:188} INFO - [2024-11-12T02:46:41.967+0000] {dag.py:3096} INFO - Sync 1 DAGs
[2024-11-12T02:46:42.028+0000] {logging_mixin.py:188} INFO - [2024-11-12T02:46:42.028+0000] {dag.py:3954} INFO - Setting next_dagrun for latest_only_with_trigger to 2024-11-11 20:00:00+00:00, run_after=2024-11-12 00:00:00+00:00
[2024-11-12T02:46:42.072+0000] {processor.py:183} INFO - Processing /home/airflow/.local/lib/python3.12/site-packages/airflow/example_dags/example_latest_only_with_trigger.py took 0.173 seconds
[2024-11-12T02:47:56.102+0000] {processor.py:161} INFO - Started process (PID=330) to work on /home/airflow/.local/lib/python3.12/site-packages/airflow/example_dags/example_latest_only_with_trigger.py
[2024-11-12T02:47:56.104+0000] {processor.py:830} INFO - Processing file /home/airflow/.local/lib/python3.12/site-packages/airflow/example_dags/example_latest_only_with_trigger.py for tasks to queue
[2024-11-12T02:47:56.107+0000] {logging_mixin.py:188} INFO - [2024-11-12T02:47:56.106+0000] {dagbag.py:545} INFO - Filling up the DagBag from /home/airflow/.local/lib/python3.12/site-packages/airflow/example_dags/example_latest_only_with_trigger.py
[2024-11-12T02:47:56.115+0000] {processor.py:840} INFO - DAG(s) 'latest_only_with_trigger' retrieved from /home/airflow/.local/lib/python3.12/site-packages/airflow/example_dags/example_latest_only_with_trigger.py
