[2024-11-12T02:45:16.434+0000] {processor.py:161} INFO - Started process (PID=154) to work on /home/airflow/.local/lib/python3.12/site-packages/airflow/example_dags/example_external_task_marker_dag.py
[2024-11-12T02:45:16.435+0000] {processor.py:830} INFO - Processing file /home/airflow/.local/lib/python3.12/site-packages/airflow/example_dags/example_external_task_marker_dag.py for tasks to queue
[2024-11-12T02:45:16.441+0000] {logging_mixin.py:188} INFO - [2024-11-12T02:45:16.440+0000] {dagbag.py:545} INFO - Filling up the DagBag from /home/airflow/.local/lib/python3.12/site-packages/airflow/example_dags/example_external_task_marker_dag.py
[2024-11-12T02:45:16.450+0000] {processor.py:840} INFO - DAG(s) 'example_external_task_marker_child', 'example_external_task_marker_parent' retrieved from /home/airflow/.local/lib/python3.12/site-packages/airflow/example_dags/example_external_task_marker_dag.py
[2024-11-12T02:45:16.603+0000] {logging_mixin.py:188} INFO - [2024-11-12T02:45:16.602+0000] {dag.py:3096} INFO - Sync 2 DAGs
[2024-11-12T02:45:16.618+0000] {logging_mixin.py:188} INFO - [2024-11-12T02:45:16.618+0000] {dag.py:3954} INFO - Setting next_dagrun for example_external_task_marker_child to None, run_after=None
[2024-11-12T02:45:16.623+0000] {logging_mixin.py:188} INFO - [2024-11-12T02:45:16.622+0000] {dag.py:3954} INFO - Setting next_dagrun for example_external_task_marker_parent to None, run_after=None
[2024-11-12T02:45:16.647+0000] {processor.py:183} INFO - Processing /home/airflow/.local/lib/python3.12/site-packages/airflow/example_dags/example_external_task_marker_dag.py took 0.224 seconds
[2024-11-12T02:45:47.451+0000] {processor.py:161} INFO - Started process (PID=213) to work on /home/airflow/.local/lib/python3.12/site-packages/airflow/example_dags/example_external_task_marker_dag.py
[2024-11-12T02:45:47.452+0000] {processor.py:830} INFO - Processing file /home/airflow/.local/lib/python3.12/site-packages/airflow/example_dags/example_external_task_marker_dag.py for tasks to queue
[2024-11-12T02:45:47.454+0000] {logging_mixin.py:188} INFO - [2024-11-12T02:45:47.453+0000] {dagbag.py:545} INFO - Filling up the DagBag from /home/airflow/.local/lib/python3.12/site-packages/airflow/example_dags/example_external_task_marker_dag.py
[2024-11-12T02:45:47.460+0000] {processor.py:840} INFO - DAG(s) 'example_external_task_marker_child', 'example_external_task_marker_parent' retrieved from /home/airflow/.local/lib/python3.12/site-packages/airflow/example_dags/example_external_task_marker_dag.py
[2024-11-12T02:45:47.481+0000] {logging_mixin.py:188} INFO - [2024-11-12T02:45:47.480+0000] {dag.py:3096} INFO - Sync 2 DAGs
[2024-11-12T02:45:47.492+0000] {logging_mixin.py:188} INFO - [2024-11-12T02:45:47.492+0000] {dag.py:3954} INFO - Setting next_dagrun for example_external_task_marker_child to None, run_after=None
[2024-11-12T02:45:47.496+0000] {logging_mixin.py:188} INFO - [2024-11-12T02:45:47.496+0000] {dag.py:3954} INFO - Setting next_dagrun for example_external_task_marker_parent to None, run_after=None
[2024-11-12T02:45:47.514+0000] {processor.py:183} INFO - Processing /home/airflow/.local/lib/python3.12/site-packages/airflow/example_dags/example_external_task_marker_dag.py took 0.067 seconds
[2024-11-12T02:46:17.629+0000] {processor.py:161} INFO - Started process (PID=272) to work on /home/airflow/.local/lib/python3.12/site-packages/airflow/example_dags/example_external_task_marker_dag.py
[2024-11-12T02:46:17.630+0000] {processor.py:830} INFO - Processing file /home/airflow/.local/lib/python3.12/site-packages/airflow/example_dags/example_external_task_marker_dag.py for tasks to queue
[2024-11-12T02:46:17.633+0000] {logging_mixin.py:188} INFO - [2024-11-12T02:46:17.633+0000] {dagbag.py:545} INFO - Filling up the DagBag from /home/airflow/.local/lib/python3.12/site-packages/airflow/example_dags/example_external_task_marker_dag.py
[2024-11-12T02:46:17.641+0000] {processor.py:840} INFO - DAG(s) 'example_external_task_marker_parent', 'example_external_task_marker_child' retrieved from /home/airflow/.local/lib/python3.12/site-packages/airflow/example_dags/example_external_task_marker_dag.py
[2024-11-12T02:46:17.673+0000] {logging_mixin.py:188} INFO - [2024-11-12T02:46:17.672+0000] {dag.py:3096} INFO - Sync 2 DAGs
[2024-11-12T02:46:17.691+0000] {logging_mixin.py:188} INFO - [2024-11-12T02:46:17.691+0000] {dag.py:3954} INFO - Setting next_dagrun for example_external_task_marker_child to None, run_after=None
[2024-11-12T02:46:17.697+0000] {logging_mixin.py:188} INFO - [2024-11-12T02:46:17.697+0000] {dag.py:3954} INFO - Setting next_dagrun for example_external_task_marker_parent to None, run_after=None
[2024-11-12T02:46:17.724+0000] {processor.py:183} INFO - Processing /home/airflow/.local/lib/python3.12/site-packages/airflow/example_dags/example_external_task_marker_dag.py took 0.102 seconds
