[2024-11-12T02:45:14.295+0000] {processor.py:161} INFO - Started process (PID=146) to work on /home/airflow/.local/lib/python3.12/site-packages/airflow/example_dags/example_setup_teardown.py
[2024-11-12T02:45:14.296+0000] {processor.py:830} INFO - Processing file /home/airflow/.local/lib/python3.12/site-packages/airflow/example_dags/example_setup_teardown.py for tasks to queue
[2024-11-12T02:45:14.297+0000] {logging_mixin.py:188} INFO - [2024-11-12T02:45:14.297+0000] {dagbag.py:545} INFO - Filling up the DagBag from /home/airflow/.local/lib/python3.12/site-packages/airflow/example_dags/example_setup_teardown.py
[2024-11-12T02:45:14.333+0000] {processor.py:840} INFO - DAG(s) 'example_setup_teardown' retrieved from /home/airflow/.local/lib/python3.12/site-packages/airflow/example_dags/example_setup_teardown.py
[2024-11-12T02:45:14.459+0000] {logging_mixin.py:188} INFO - [2024-11-12T02:45:14.459+0000] {dag.py:3096} INFO - Sync 1 DAGs
[2024-11-12T02:45:14.478+0000] {logging_mixin.py:188} INFO - [2024-11-12T02:45:14.477+0000] {dag.py:3954} INFO - Setting next_dagrun for example_setup_teardown to 2024-11-11 00:00:00+00:00, run_after=2024-11-12 00:00:00+00:00
[2024-11-12T02:45:14.515+0000] {processor.py:183} INFO - Processing /home/airflow/.local/lib/python3.12/site-packages/airflow/example_dags/example_setup_teardown.py took 0.225 seconds
[2024-11-12T02:45:44.803+0000] {processor.py:161} INFO - Started process (PID=204) to work on /home/airflow/.local/lib/python3.12/site-packages/airflow/example_dags/example_setup_teardown.py
[2024-11-12T02:45:44.804+0000] {processor.py:830} INFO - Processing file /home/airflow/.local/lib/python3.12/site-packages/airflow/example_dags/example_setup_teardown.py for tasks to queue
[2024-11-12T02:45:44.805+0000] {logging_mixin.py:188} INFO - [2024-11-12T02:45:44.805+0000] {dagbag.py:545} INFO - Filling up the DagBag from /home/airflow/.local/lib/python3.12/site-packages/airflow/example_dags/example_setup_teardown.py
[2024-11-12T02:45:44.812+0000] {processor.py:840} INFO - DAG(s) 'example_setup_teardown' retrieved from /home/airflow/.local/lib/python3.12/site-packages/airflow/example_dags/example_setup_teardown.py
[2024-11-12T02:45:44.832+0000] {logging_mixin.py:188} INFO - [2024-11-12T02:45:44.831+0000] {dag.py:3096} INFO - Sync 1 DAGs
[2024-11-12T02:45:44.852+0000] {logging_mixin.py:188} INFO - [2024-11-12T02:45:44.852+0000] {dag.py:3954} INFO - Setting next_dagrun for example_setup_teardown to 2024-11-11 00:00:00+00:00, run_after=2024-11-12 00:00:00+00:00
[2024-11-12T02:45:44.870+0000] {processor.py:183} INFO - Processing /home/airflow/.local/lib/python3.12/site-packages/airflow/example_dags/example_setup_teardown.py took 0.072 seconds
[2024-11-12T02:46:15.727+0000] {processor.py:161} INFO - Started process (PID=263) to work on /home/airflow/.local/lib/python3.12/site-packages/airflow/example_dags/example_setup_teardown.py
[2024-11-12T02:46:15.729+0000] {processor.py:830} INFO - Processing file /home/airflow/.local/lib/python3.12/site-packages/airflow/example_dags/example_setup_teardown.py for tasks to queue
[2024-11-12T02:46:15.733+0000] {logging_mixin.py:188} INFO - [2024-11-12T02:46:15.733+0000] {dagbag.py:545} INFO - Filling up the DagBag from /home/airflow/.local/lib/python3.12/site-packages/airflow/example_dags/example_setup_teardown.py
[2024-11-12T02:46:15.754+0000] {processor.py:840} INFO - DAG(s) 'example_setup_teardown' retrieved from /home/airflow/.local/lib/python3.12/site-packages/airflow/example_dags/example_setup_teardown.py
[2024-11-12T02:46:15.817+0000] {logging_mixin.py:188} INFO - [2024-11-12T02:46:15.817+0000] {dag.py:3096} INFO - Sync 1 DAGs
[2024-11-12T02:46:15.869+0000] {logging_mixin.py:188} INFO - [2024-11-12T02:46:15.869+0000] {dag.py:3954} INFO - Setting next_dagrun for example_setup_teardown to 2024-11-11 00:00:00+00:00, run_after=2024-11-12 00:00:00+00:00
[2024-11-12T02:46:15.911+0000] {processor.py:183} INFO - Processing /home/airflow/.local/lib/python3.12/site-packages/airflow/example_dags/example_setup_teardown.py took 0.202 seconds
