[2024-11-12T02:45:16.446+0000] {processor.py:161} INFO - Started process (PID=155) to work on /home/airflow/.local/lib/python3.12/site-packages/airflow/example_dags/example_branch_day_of_week_operator.py
[2024-11-12T02:45:16.448+0000] {processor.py:830} INFO - Processing file /home/airflow/.local/lib/python3.12/site-packages/airflow/example_dags/example_branch_day_of_week_operator.py for tasks to queue
[2024-11-12T02:45:16.451+0000] {logging_mixin.py:188} INFO - [2024-11-12T02:45:16.451+0000] {dagbag.py:545} INFO - Filling up the DagBag from /home/airflow/.local/lib/python3.12/site-packages/airflow/example_dags/example_branch_day_of_week_operator.py
[2024-11-12T02:45:16.463+0000] {processor.py:840} INFO - DAG(s) 'example_weekday_branch_operator' retrieved from /home/airflow/.local/lib/python3.12/site-packages/airflow/example_dags/example_branch_day_of_week_operator.py
[2024-11-12T02:45:16.596+0000] {logging_mixin.py:188} INFO - [2024-11-12T02:45:16.595+0000] {dag.py:3096} INFO - Sync 1 DAGs
[2024-11-12T02:45:16.624+0000] {logging_mixin.py:188} INFO - [2024-11-12T02:45:16.624+0000] {dag.py:3954} INFO - Setting next_dagrun for example_weekday_branch_operator to 2024-11-11 00:00:00+00:00, run_after=2024-11-12 00:00:00+00:00
[2024-11-12T02:45:16.650+0000] {processor.py:183} INFO - Processing /home/airflow/.local/lib/python3.12/site-packages/airflow/example_dags/example_branch_day_of_week_operator.py took 0.212 seconds
[2024-11-12T02:45:47.455+0000] {processor.py:161} INFO - Started process (PID=214) to work on /home/airflow/.local/lib/python3.12/site-packages/airflow/example_dags/example_branch_day_of_week_operator.py
[2024-11-12T02:45:47.455+0000] {processor.py:830} INFO - Processing file /home/airflow/.local/lib/python3.12/site-packages/airflow/example_dags/example_branch_day_of_week_operator.py for tasks to queue
[2024-11-12T02:45:47.457+0000] {logging_mixin.py:188} INFO - [2024-11-12T02:45:47.457+0000] {dagbag.py:545} INFO - Filling up the DagBag from /home/airflow/.local/lib/python3.12/site-packages/airflow/example_dags/example_branch_day_of_week_operator.py
[2024-11-12T02:45:47.465+0000] {processor.py:840} INFO - DAG(s) 'example_weekday_branch_operator' retrieved from /home/airflow/.local/lib/python3.12/site-packages/airflow/example_dags/example_branch_day_of_week_operator.py
[2024-11-12T02:45:47.485+0000] {logging_mixin.py:188} INFO - [2024-11-12T02:45:47.484+0000] {dag.py:3096} INFO - Sync 1 DAGs
[2024-11-12T02:45:47.504+0000] {logging_mixin.py:188} INFO - [2024-11-12T02:45:47.504+0000] {dag.py:3954} INFO - Setting next_dagrun for example_weekday_branch_operator to 2024-11-11 00:00:00+00:00, run_after=2024-11-12 00:00:00+00:00
[2024-11-12T02:45:47.523+0000] {processor.py:183} INFO - Processing /home/airflow/.local/lib/python3.12/site-packages/airflow/example_dags/example_branch_day_of_week_operator.py took 0.073 seconds
[2024-11-12T02:46:17.781+0000] {processor.py:161} INFO - Started process (PID=273) to work on /home/airflow/.local/lib/python3.12/site-packages/airflow/example_dags/example_branch_day_of_week_operator.py
[2024-11-12T02:46:17.782+0000] {processor.py:830} INFO - Processing file /home/airflow/.local/lib/python3.12/site-packages/airflow/example_dags/example_branch_day_of_week_operator.py for tasks to queue
[2024-11-12T02:46:17.785+0000] {logging_mixin.py:188} INFO - [2024-11-12T02:46:17.784+0000] {dagbag.py:545} INFO - Filling up the DagBag from /home/airflow/.local/lib/python3.12/site-packages/airflow/example_dags/example_branch_day_of_week_operator.py
[2024-11-12T02:46:17.794+0000] {processor.py:840} INFO - DAG(s) 'example_weekday_branch_operator' retrieved from /home/airflow/.local/lib/python3.12/site-packages/airflow/example_dags/example_branch_day_of_week_operator.py
[2024-11-12T02:46:17.823+0000] {logging_mixin.py:188} INFO - [2024-11-12T02:46:17.822+0000] {dag.py:3096} INFO - Sync 1 DAGs
[2024-11-12T02:46:17.852+0000] {logging_mixin.py:188} INFO - [2024-11-12T02:46:17.851+0000] {dag.py:3954} INFO - Setting next_dagrun for example_weekday_branch_operator to 2024-11-11 00:00:00+00:00, run_after=2024-11-12 00:00:00+00:00
[2024-11-12T02:46:17.879+0000] {processor.py:183} INFO - Processing /home/airflow/.local/lib/python3.12/site-packages/airflow/example_dags/example_branch_day_of_week_operator.py took 0.105 seconds
