[2024-11-12T02:45:16.696+0000] {processor.py:161} INFO - Started process (PID=156) to work on /home/airflow/.local/lib/python3.12/site-packages/airflow/example_dags/example_display_name.py
[2024-11-12T02:45:16.698+0000] {processor.py:830} INFO - Processing file /home/airflow/.local/lib/python3.12/site-packages/airflow/example_dags/example_display_name.py for tasks to queue
[2024-11-12T02:45:16.700+0000] {logging_mixin.py:188} INFO - [2024-11-12T02:45:16.699+0000] {dagbag.py:545} INFO - Filling up the DagBag from /home/airflow/.local/lib/python3.12/site-packages/airflow/example_dags/example_display_name.py
[2024-11-12T02:45:16.707+0000] {processor.py:840} INFO - DAG(s) 'example_display_name' retrieved from /home/airflow/.local/lib/python3.12/site-packages/airflow/example_dags/example_display_name.py
[2024-11-12T02:45:16.818+0000] {logging_mixin.py:188} INFO - [2024-11-12T02:45:16.818+0000] {dag.py:3096} INFO - Sync 1 DAGs
[2024-11-12T02:45:16.833+0000] {logging_mixin.py:188} INFO - [2024-11-12T02:45:16.833+0000] {dag.py:3954} INFO - Setting next_dagrun for example_display_name to None, run_after=None
[2024-11-12T02:45:16.855+0000] {processor.py:183} INFO - Processing /home/airflow/.local/lib/python3.12/site-packages/airflow/example_dags/example_display_name.py took 0.165 seconds
[2024-11-12T02:45:47.549+0000] {processor.py:161} INFO - Started process (PID=215) to work on /home/airflow/.local/lib/python3.12/site-packages/airflow/example_dags/example_display_name.py
[2024-11-12T02:45:47.551+0000] {processor.py:830} INFO - Processing file /home/airflow/.local/lib/python3.12/site-packages/airflow/example_dags/example_display_name.py for tasks to queue
[2024-11-12T02:45:47.552+0000] {logging_mixin.py:188} INFO - [2024-11-12T02:45:47.552+0000] {dagbag.py:545} INFO - Filling up the DagBag from /home/airflow/.local/lib/python3.12/site-packages/airflow/example_dags/example_display_name.py
[2024-11-12T02:45:47.558+0000] {processor.py:840} INFO - DAG(s) 'example_display_name' retrieved from /home/airflow/.local/lib/python3.12/site-packages/airflow/example_dags/example_display_name.py
[2024-11-12T02:45:47.582+0000] {logging_mixin.py:188} INFO - [2024-11-12T02:45:47.581+0000] {dag.py:3096} INFO - Sync 1 DAGs
[2024-11-12T02:45:47.594+0000] {logging_mixin.py:188} INFO - [2024-11-12T02:45:47.594+0000] {dag.py:3954} INFO - Setting next_dagrun for example_display_name to None, run_after=None
[2024-11-12T02:45:47.613+0000] {processor.py:183} INFO - Processing /home/airflow/.local/lib/python3.12/site-packages/airflow/example_dags/example_display_name.py took 0.068 seconds
[2024-11-12T02:46:17.930+0000] {processor.py:161} INFO - Started process (PID=274) to work on /home/airflow/.local/lib/python3.12/site-packages/airflow/example_dags/example_display_name.py
[2024-11-12T02:46:17.932+0000] {processor.py:830} INFO - Processing file /home/airflow/.local/lib/python3.12/site-packages/airflow/example_dags/example_display_name.py for tasks to queue
[2024-11-12T02:46:17.934+0000] {logging_mixin.py:188} INFO - [2024-11-12T02:46:17.934+0000] {dagbag.py:545} INFO - Filling up the DagBag from /home/airflow/.local/lib/python3.12/site-packages/airflow/example_dags/example_display_name.py
[2024-11-12T02:46:17.941+0000] {processor.py:840} INFO - DAG(s) 'example_display_name' retrieved from /home/airflow/.local/lib/python3.12/site-packages/airflow/example_dags/example_display_name.py
[2024-11-12T02:46:17.964+0000] {logging_mixin.py:188} INFO - [2024-11-12T02:46:17.964+0000] {dag.py:3096} INFO - Sync 1 DAGs
[2024-11-12T02:46:17.981+0000] {logging_mixin.py:188} INFO - [2024-11-12T02:46:17.980+0000] {dag.py:3954} INFO - Setting next_dagrun for example_display_name to None, run_after=None
[2024-11-12T02:46:18.006+0000] {processor.py:183} INFO - Processing /home/airflow/.local/lib/python3.12/site-packages/airflow/example_dags/example_display_name.py took 0.082 seconds
