[2024-11-12T02:45:10.817+0000] {processor.py:161} INFO - Started process (PID=136) to work on /home/airflow/.local/lib/python3.12/site-packages/airflow/example_dags/example_task_group_decorator.py
[2024-11-12T02:45:10.818+0000] {processor.py:830} INFO - Processing file /home/airflow/.local/lib/python3.12/site-packages/airflow/example_dags/example_task_group_decorator.py for tasks to queue
[2024-11-12T02:45:10.821+0000] {logging_mixin.py:188} INFO - [2024-11-12T02:45:10.820+0000] {dagbag.py:545} INFO - Filling up the DagBag from /home/airflow/.local/lib/python3.12/site-packages/airflow/example_dags/example_task_group_decorator.py
[2024-11-12T02:45:10.850+0000] {processor.py:840} INFO - DAG(s) 'example_task_group_decorator' retrieved from /home/airflow/.local/lib/python3.12/site-packages/airflow/example_dags/example_task_group_decorator.py
[2024-11-12T02:45:11.064+0000] {logging_mixin.py:188} INFO - [2024-11-12T02:45:11.063+0000] {dag.py:3096} INFO - Sync 1 DAGs
[2024-11-12T02:45:11.117+0000] {logging_mixin.py:188} INFO - [2024-11-12T02:45:11.117+0000] {dag.py:3954} INFO - Setting next_dagrun for example_task_group_decorator to 2024-11-11 00:00:00+00:00, run_after=2024-11-12 00:00:00+00:00
[2024-11-12T02:45:11.189+0000] {processor.py:183} INFO - Processing /home/airflow/.local/lib/python3.12/site-packages/airflow/example_dags/example_task_group_decorator.py took 0.380 seconds
[2024-11-12T02:45:42.161+0000] {processor.py:161} INFO - Started process (PID=195) to work on /home/airflow/.local/lib/python3.12/site-packages/airflow/example_dags/example_task_group_decorator.py
[2024-11-12T02:45:42.162+0000] {processor.py:830} INFO - Processing file /home/airflow/.local/lib/python3.12/site-packages/airflow/example_dags/example_task_group_decorator.py for tasks to queue
[2024-11-12T02:45:42.164+0000] {logging_mixin.py:188} INFO - [2024-11-12T02:45:42.164+0000] {dagbag.py:545} INFO - Filling up the DagBag from /home/airflow/.local/lib/python3.12/site-packages/airflow/example_dags/example_task_group_decorator.py
[2024-11-12T02:45:42.177+0000] {processor.py:840} INFO - DAG(s) 'example_task_group_decorator' retrieved from /home/airflow/.local/lib/python3.12/site-packages/airflow/example_dags/example_task_group_decorator.py
[2024-11-12T02:45:42.203+0000] {logging_mixin.py:188} INFO - [2024-11-12T02:45:42.203+0000] {dag.py:3096} INFO - Sync 1 DAGs
[2024-11-12T02:45:42.225+0000] {logging_mixin.py:188} INFO - [2024-11-12T02:45:42.225+0000] {dag.py:3954} INFO - Setting next_dagrun for example_task_group_decorator to 2024-11-11 00:00:00+00:00, run_after=2024-11-12 00:00:00+00:00
[2024-11-12T02:45:42.244+0000] {processor.py:183} INFO - Processing /home/airflow/.local/lib/python3.12/site-packages/airflow/example_dags/example_task_group_decorator.py took 0.087 seconds
[2024-11-12T02:46:12.410+0000] {processor.py:161} INFO - Started process (PID=254) to work on /home/airflow/.local/lib/python3.12/site-packages/airflow/example_dags/example_task_group_decorator.py
[2024-11-12T02:46:12.413+0000] {processor.py:830} INFO - Processing file /home/airflow/.local/lib/python3.12/site-packages/airflow/example_dags/example_task_group_decorator.py for tasks to queue
[2024-11-12T02:46:12.418+0000] {logging_mixin.py:188} INFO - [2024-11-12T02:46:12.417+0000] {dagbag.py:545} INFO - Filling up the DagBag from /home/airflow/.local/lib/python3.12/site-packages/airflow/example_dags/example_task_group_decorator.py
[2024-11-12T02:46:12.462+0000] {processor.py:840} INFO - DAG(s) 'example_task_group_decorator' retrieved from /home/airflow/.local/lib/python3.12/site-packages/airflow/example_dags/example_task_group_decorator.py
[2024-11-12T02:46:12.537+0000] {logging_mixin.py:188} INFO - [2024-11-12T02:46:12.537+0000] {dag.py:3096} INFO - Sync 1 DAGs
[2024-11-12T02:46:12.624+0000] {logging_mixin.py:188} INFO - [2024-11-12T02:46:12.623+0000] {dag.py:3954} INFO - Setting next_dagrun for example_task_group_decorator to 2024-11-11 00:00:00+00:00, run_after=2024-11-12 00:00:00+00:00
[2024-11-12T02:46:12.727+0000] {processor.py:183} INFO - Processing /home/airflow/.local/lib/python3.12/site-packages/airflow/example_dags/example_task_group_decorator.py took 0.328 seconds
[2024-11-12T02:46:43.522+0000] {processor.py:161} INFO - Started process (PID=313) to work on /home/airflow/.local/lib/python3.12/site-packages/airflow/example_dags/example_task_group_decorator.py
[2024-11-12T02:46:43.524+0000] {processor.py:830} INFO - Processing file /home/airflow/.local/lib/python3.12/site-packages/airflow/example_dags/example_task_group_decorator.py for tasks to queue
[2024-11-12T02:46:43.528+0000] {logging_mixin.py:188} INFO - [2024-11-12T02:46:43.526+0000] {dagbag.py:545} INFO - Filling up the DagBag from /home/airflow/.local/lib/python3.12/site-packages/airflow/example_dags/example_task_group_decorator.py
[2024-11-12T02:46:43.555+0000] {processor.py:840} INFO - DAG(s) 'example_task_group_decorator' retrieved from /home/airflow/.local/lib/python3.12/site-packages/airflow/example_dags/example_task_group_decorator.py
[2024-11-12T02:46:43.972+0000] {logging_mixin.py:188} INFO - [2024-11-12T02:46:43.966+0000] {dag.py:3096} INFO - Sync 1 DAGs
[2024-11-12T02:46:44.017+0000] {logging_mixin.py:188} INFO - [2024-11-12T02:46:44.016+0000] {dag.py:3954} INFO - Setting next_dagrun for example_task_group_decorator to 2024-11-11 00:00:00+00:00, run_after=2024-11-12 00:00:00+00:00
[2024-11-12T02:46:44.048+0000] {processor.py:183} INFO - Processing /home/airflow/.local/lib/python3.12/site-packages/airflow/example_dags/example_task_group_decorator.py took 0.540 seconds
