[2024-11-12T02:45:08.925+0000] {processor.py:161} INFO - Started process (PID=129) to work on /home/airflow/.local/lib/python3.12/site-packages/airflow/example_dags/example_python_decorator.py
[2024-11-12T02:45:08.926+0000] {processor.py:830} INFO - Processing file /home/airflow/.local/lib/python3.12/site-packages/airflow/example_dags/example_python_decorator.py for tasks to queue
[2024-11-12T02:45:08.929+0000] {logging_mixin.py:188} INFO - [2024-11-12T02:45:08.929+0000] {dagbag.py:545} INFO - Filling up the DagBag from /home/airflow/.local/lib/python3.12/site-packages/airflow/example_dags/example_python_decorator.py
[2024-11-12T02:45:08.962+0000] {processor.py:840} INFO - DAG(s) 'example_python_decorator' retrieved from /home/airflow/.local/lib/python3.12/site-packages/airflow/example_dags/example_python_decorator.py
[2024-11-12T02:45:09.151+0000] {logging_mixin.py:188} INFO - [2024-11-12T02:45:09.150+0000] {dag.py:3096} INFO - Sync 1 DAGs
[2024-11-12T02:45:09.173+0000] {logging_mixin.py:188} INFO - [2024-11-12T02:45:09.172+0000] {dag.py:3954} INFO - Setting next_dagrun for example_python_decorator to None, run_after=None
[2024-11-12T02:45:09.207+0000] {processor.py:183} INFO - Processing /home/airflow/.local/lib/python3.12/site-packages/airflow/example_dags/example_python_decorator.py took 0.290 seconds
[2024-11-12T02:45:39.561+0000] {processor.py:161} INFO - Started process (PID=188) to work on /home/airflow/.local/lib/python3.12/site-packages/airflow/example_dags/example_python_decorator.py
[2024-11-12T02:45:39.562+0000] {processor.py:830} INFO - Processing file /home/airflow/.local/lib/python3.12/site-packages/airflow/example_dags/example_python_decorator.py for tasks to queue
[2024-11-12T02:45:39.564+0000] {logging_mixin.py:188} INFO - [2024-11-12T02:45:39.563+0000] {dagbag.py:545} INFO - Filling up the DagBag from /home/airflow/.local/lib/python3.12/site-packages/airflow/example_dags/example_python_decorator.py
[2024-11-12T02:45:39.577+0000] {processor.py:840} INFO - DAG(s) 'example_python_decorator' retrieved from /home/airflow/.local/lib/python3.12/site-packages/airflow/example_dags/example_python_decorator.py
[2024-11-12T02:45:39.603+0000] {logging_mixin.py:188} INFO - [2024-11-12T02:45:39.602+0000] {dag.py:3096} INFO - Sync 1 DAGs
[2024-11-12T02:45:39.617+0000] {logging_mixin.py:188} INFO - [2024-11-12T02:45:39.616+0000] {dag.py:3954} INFO - Setting next_dagrun for example_python_decorator to None, run_after=None
[2024-11-12T02:45:39.639+0000] {processor.py:183} INFO - Processing /home/airflow/.local/lib/python3.12/site-packages/airflow/example_dags/example_python_decorator.py took 0.084 seconds
[2024-11-12T02:46:10.582+0000] {processor.py:161} INFO - Started process (PID=247) to work on /home/airflow/.local/lib/python3.12/site-packages/airflow/example_dags/example_python_decorator.py
[2024-11-12T02:46:10.584+0000] {processor.py:830} INFO - Processing file /home/airflow/.local/lib/python3.12/site-packages/airflow/example_dags/example_python_decorator.py for tasks to queue
[2024-11-12T02:46:10.586+0000] {logging_mixin.py:188} INFO - [2024-11-12T02:46:10.585+0000] {dagbag.py:545} INFO - Filling up the DagBag from /home/airflow/.local/lib/python3.12/site-packages/airflow/example_dags/example_python_decorator.py
[2024-11-12T02:46:10.599+0000] {processor.py:840} INFO - DAG(s) 'example_python_decorator' retrieved from /home/airflow/.local/lib/python3.12/site-packages/airflow/example_dags/example_python_decorator.py
[2024-11-12T02:46:10.625+0000] {logging_mixin.py:188} INFO - [2024-11-12T02:46:10.625+0000] {dag.py:3096} INFO - Sync 1 DAGs
[2024-11-12T02:46:10.639+0000] {logging_mixin.py:188} INFO - [2024-11-12T02:46:10.638+0000] {dag.py:3954} INFO - Setting next_dagrun for example_python_decorator to None, run_after=None
[2024-11-12T02:46:10.663+0000] {processor.py:183} INFO - Processing /home/airflow/.local/lib/python3.12/site-packages/airflow/example_dags/example_python_decorator.py took 0.087 seconds
[2024-11-12T02:46:41.072+0000] {processor.py:161} INFO - Started process (PID=305) to work on /home/airflow/.local/lib/python3.12/site-packages/airflow/example_dags/example_python_decorator.py
[2024-11-12T02:46:41.074+0000] {processor.py:830} INFO - Processing file /home/airflow/.local/lib/python3.12/site-packages/airflow/example_dags/example_python_decorator.py for tasks to queue
[2024-11-12T02:46:41.078+0000] {logging_mixin.py:188} INFO - [2024-11-12T02:46:41.077+0000] {dagbag.py:545} INFO - Filling up the DagBag from /home/airflow/.local/lib/python3.12/site-packages/airflow/example_dags/example_python_decorator.py
[2024-11-12T02:46:41.122+0000] {processor.py:840} INFO - DAG(s) 'example_python_decorator' retrieved from /home/airflow/.local/lib/python3.12/site-packages/airflow/example_dags/example_python_decorator.py
[2024-11-12T02:46:41.291+0000] {logging_mixin.py:188} INFO - [2024-11-12T02:46:41.290+0000] {dag.py:3096} INFO - Sync 1 DAGs
[2024-11-12T02:46:41.312+0000] {logging_mixin.py:188} INFO - [2024-11-12T02:46:41.312+0000] {dag.py:3954} INFO - Setting next_dagrun for example_python_decorator to None, run_after=None
[2024-11-12T02:46:41.345+0000] {processor.py:183} INFO - Processing /home/airflow/.local/lib/python3.12/site-packages/airflow/example_dags/example_python_decorator.py took 0.295 seconds
[2024-11-12T02:47:37.397+0000] {processor.py:161} INFO - Started process (PID=327) to work on /home/airflow/.local/lib/python3.12/site-packages/airflow/example_dags/example_python_decorator.py
[2024-11-12T02:47:37.400+0000] {processor.py:830} INFO - Processing file /home/airflow/.local/lib/python3.12/site-packages/airflow/example_dags/example_python_decorator.py for tasks to queue
[2024-11-12T02:47:37.404+0000] {logging_mixin.py:188} INFO - [2024-11-12T02:47:37.403+0000] {dagbag.py:545} INFO - Filling up the DagBag from /home/airflow/.local/lib/python3.12/site-packages/airflow/example_dags/example_python_decorator.py
[2024-11-12T02:47:37.451+0000] {processor.py:840} INFO - DAG(s) 'example_python_decorator' retrieved from /home/airflow/.local/lib/python3.12/site-packages/airflow/example_dags/example_python_decorator.py
[2024-11-12T02:47:38.291+0000] {logging_mixin.py:188} INFO - [2024-11-12T02:47:38.285+0000] {dag.py:3096} INFO - Sync 1 DAGs
[2024-11-12T02:47:38.310+0000] {logging_mixin.py:188} INFO - [2024-11-12T02:47:38.309+0000] {dag.py:3954} INFO - Setting next_dagrun for example_python_decorator to None, run_after=None
[2024-11-12T02:47:38.349+0000] {processor.py:183} INFO - Processing /home/airflow/.local/lib/python3.12/site-packages/airflow/example_dags/example_python_decorator.py took 0.967 seconds
