[2024-11-12T02:45:10.930+0000] {processor.py:161} INFO - Started process (PID=137) to work on /home/airflow/.local/lib/python3.12/site-packages/airflow/example_dags/example_complex.py
[2024-11-12T02:45:10.933+0000] {processor.py:830} INFO - Processing file /home/airflow/.local/lib/python3.12/site-packages/airflow/example_dags/example_complex.py for tasks to queue
[2024-11-12T02:45:10.937+0000] {logging_mixin.py:188} INFO - [2024-11-12T02:45:10.937+0000] {dagbag.py:545} INFO - Filling up the DagBag from /home/airflow/.local/lib/python3.12/site-packages/airflow/example_dags/example_complex.py
[2024-11-12T02:45:10.968+0000] {processor.py:840} INFO - DAG(s) 'example_complex' retrieved from /home/airflow/.local/lib/python3.12/site-packages/airflow/example_dags/example_complex.py
[2024-11-12T02:45:11.320+0000] {logging_mixin.py:188} INFO - [2024-11-12T02:45:11.320+0000] {dag.py:3096} INFO - Sync 1 DAGs
[2024-11-12T02:45:11.334+0000] {logging_mixin.py:188} INFO - [2024-11-12T02:45:11.333+0000] {dag.py:3954} INFO - Setting next_dagrun for example_complex to None, run_after=None
[2024-11-12T02:45:11.420+0000] {processor.py:183} INFO - Processing /home/airflow/.local/lib/python3.12/site-packages/airflow/example_dags/example_complex.py took 0.503 seconds
[2024-11-12T02:45:42.169+0000] {processor.py:161} INFO - Started process (PID=196) to work on /home/airflow/.local/lib/python3.12/site-packages/airflow/example_dags/example_complex.py
[2024-11-12T02:45:42.170+0000] {processor.py:830} INFO - Processing file /home/airflow/.local/lib/python3.12/site-packages/airflow/example_dags/example_complex.py for tasks to queue
[2024-11-12T02:45:42.172+0000] {logging_mixin.py:188} INFO - [2024-11-12T02:45:42.172+0000] {dagbag.py:545} INFO - Filling up the DagBag from /home/airflow/.local/lib/python3.12/site-packages/airflow/example_dags/example_complex.py
[2024-11-12T02:45:42.181+0000] {processor.py:840} INFO - DAG(s) 'example_complex' retrieved from /home/airflow/.local/lib/python3.12/site-packages/airflow/example_dags/example_complex.py
[2024-11-12T02:45:42.244+0000] {logging_mixin.py:188} INFO - [2024-11-12T02:45:42.244+0000] {dag.py:3096} INFO - Sync 1 DAGs
[2024-11-12T02:45:42.258+0000] {logging_mixin.py:188} INFO - [2024-11-12T02:45:42.257+0000] {dag.py:3954} INFO - Setting next_dagrun for example_complex to None, run_after=None
[2024-11-12T02:45:42.314+0000] {processor.py:183} INFO - Processing /home/airflow/.local/lib/python3.12/site-packages/airflow/example_dags/example_complex.py took 0.150 seconds
[2024-11-12T02:46:12.443+0000] {processor.py:161} INFO - Started process (PID=255) to work on /home/airflow/.local/lib/python3.12/site-packages/airflow/example_dags/example_complex.py
[2024-11-12T02:46:12.446+0000] {processor.py:830} INFO - Processing file /home/airflow/.local/lib/python3.12/site-packages/airflow/example_dags/example_complex.py for tasks to queue
[2024-11-12T02:46:12.456+0000] {logging_mixin.py:188} INFO - [2024-11-12T02:46:12.456+0000] {dagbag.py:545} INFO - Filling up the DagBag from /home/airflow/.local/lib/python3.12/site-packages/airflow/example_dags/example_complex.py
[2024-11-12T02:46:12.500+0000] {processor.py:840} INFO - DAG(s) 'example_complex' retrieved from /home/airflow/.local/lib/python3.12/site-packages/airflow/example_dags/example_complex.py
[2024-11-12T02:46:12.557+0000] {logging_mixin.py:188} INFO - [2024-11-12T02:46:12.557+0000] {dag.py:3096} INFO - Sync 1 DAGs
[2024-11-12T02:46:12.594+0000] {logging_mixin.py:188} INFO - [2024-11-12T02:46:12.594+0000] {dag.py:3954} INFO - Setting next_dagrun for example_complex to None, run_after=None
[2024-11-12T02:46:12.637+0000] {processor.py:183} INFO - Processing /home/airflow/.local/lib/python3.12/site-packages/airflow/example_dags/example_complex.py took 0.213 seconds
[2024-11-12T02:46:43.524+0000] {processor.py:161} INFO - Started process (PID=314) to work on /home/airflow/.local/lib/python3.12/site-packages/airflow/example_dags/example_complex.py
[2024-11-12T02:46:43.526+0000] {processor.py:830} INFO - Processing file /home/airflow/.local/lib/python3.12/site-packages/airflow/example_dags/example_complex.py for tasks to queue
[2024-11-12T02:46:43.529+0000] {logging_mixin.py:188} INFO - [2024-11-12T02:46:43.529+0000] {dagbag.py:545} INFO - Filling up the DagBag from /home/airflow/.local/lib/python3.12/site-packages/airflow/example_dags/example_complex.py
[2024-11-12T02:46:43.546+0000] {processor.py:840} INFO - DAG(s) 'example_complex' retrieved from /home/airflow/.local/lib/python3.12/site-packages/airflow/example_dags/example_complex.py
[2024-11-12T02:46:43.972+0000] {logging_mixin.py:188} INFO - [2024-11-12T02:46:43.965+0000] {dag.py:3096} INFO - Sync 1 DAGs
[2024-11-12T02:46:43.994+0000] {logging_mixin.py:188} INFO - [2024-11-12T02:46:43.993+0000] {dag.py:3954} INFO - Setting next_dagrun for example_complex to None, run_after=None
[2024-11-12T02:46:44.032+0000] {processor.py:183} INFO - Processing /home/airflow/.local/lib/python3.12/site-packages/airflow/example_dags/example_complex.py took 0.516 seconds
