[2024-11-12T02:45:10.372+0000] {processor.py:161} INFO - Started process (PID=134) to work on /home/airflow/.local/lib/python3.12/site-packages/airflow/example_dags/example_branch_operator.py
[2024-11-12T02:45:10.373+0000] {processor.py:830} INFO - Processing file /home/airflow/.local/lib/python3.12/site-packages/airflow/example_dags/example_branch_operator.py for tasks to queue
[2024-11-12T02:45:10.375+0000] {logging_mixin.py:188} INFO - [2024-11-12T02:45:10.375+0000] {dagbag.py:545} INFO - Filling up the DagBag from /home/airflow/.local/lib/python3.12/site-packages/airflow/example_dags/example_branch_operator.py
[2024-11-12T02:45:10.399+0000] {processor.py:840} INFO - DAG(s) 'example_branch_operator' retrieved from /home/airflow/.local/lib/python3.12/site-packages/airflow/example_dags/example_branch_operator.py
[2024-11-12T02:45:10.529+0000] {logging_mixin.py:188} INFO - [2024-11-12T02:45:10.529+0000] {dag.py:3096} INFO - Sync 1 DAGs
[2024-11-12T02:45:10.548+0000] {logging_mixin.py:188} INFO - [2024-11-12T02:45:10.548+0000] {dag.py:3954} INFO - Setting next_dagrun for example_branch_operator to 2024-11-11 00:00:00+00:00, run_after=2024-11-12 00:00:00+00:00
[2024-11-12T02:45:10.774+0000] {processor.py:183} INFO - Processing /home/airflow/.local/lib/python3.12/site-packages/airflow/example_dags/example_branch_operator.py took 0.407 seconds
[2024-11-12T02:45:41.032+0000] {processor.py:161} INFO - Started process (PID=193) to work on /home/airflow/.local/lib/python3.12/site-packages/airflow/example_dags/example_branch_operator.py
[2024-11-12T02:45:41.033+0000] {processor.py:830} INFO - Processing file /home/airflow/.local/lib/python3.12/site-packages/airflow/example_dags/example_branch_operator.py for tasks to queue
[2024-11-12T02:45:41.035+0000] {logging_mixin.py:188} INFO - [2024-11-12T02:45:41.035+0000] {dagbag.py:545} INFO - Filling up the DagBag from /home/airflow/.local/lib/python3.12/site-packages/airflow/example_dags/example_branch_operator.py
[2024-11-12T02:45:41.052+0000] {processor.py:840} INFO - DAG(s) 'example_branch_operator' retrieved from /home/airflow/.local/lib/python3.12/site-packages/airflow/example_dags/example_branch_operator.py
[2024-11-12T02:45:41.082+0000] {logging_mixin.py:188} INFO - [2024-11-12T02:45:41.082+0000] {dag.py:3096} INFO - Sync 1 DAGs
[2024-11-12T02:45:41.106+0000] {logging_mixin.py:188} INFO - [2024-11-12T02:45:41.106+0000] {dag.py:3954} INFO - Setting next_dagrun for example_branch_operator to 2024-11-11 00:00:00+00:00, run_after=2024-11-12 00:00:00+00:00
[2024-11-12T02:45:41.128+0000] {processor.py:183} INFO - Processing /home/airflow/.local/lib/python3.12/site-packages/airflow/example_dags/example_branch_operator.py took 0.101 seconds
[2024-11-12T02:46:11.226+0000] {processor.py:161} INFO - Started process (PID=252) to work on /home/airflow/.local/lib/python3.12/site-packages/airflow/example_dags/example_branch_operator.py
[2024-11-12T02:46:11.228+0000] {processor.py:830} INFO - Processing file /home/airflow/.local/lib/python3.12/site-packages/airflow/example_dags/example_branch_operator.py for tasks to queue
[2024-11-12T02:46:11.230+0000] {logging_mixin.py:188} INFO - [2024-11-12T02:46:11.230+0000] {dagbag.py:545} INFO - Filling up the DagBag from /home/airflow/.local/lib/python3.12/site-packages/airflow/example_dags/example_branch_operator.py
[2024-11-12T02:46:11.251+0000] {processor.py:840} INFO - DAG(s) 'example_branch_operator' retrieved from /home/airflow/.local/lib/python3.12/site-packages/airflow/example_dags/example_branch_operator.py
[2024-11-12T02:46:11.287+0000] {logging_mixin.py:188} INFO - [2024-11-12T02:46:11.287+0000] {dag.py:3096} INFO - Sync 1 DAGs
[2024-11-12T02:46:11.314+0000] {logging_mixin.py:188} INFO - [2024-11-12T02:46:11.314+0000] {dag.py:3954} INFO - Setting next_dagrun for example_branch_operator to 2024-11-11 00:00:00+00:00, run_after=2024-11-12 00:00:00+00:00
[2024-11-12T02:46:11.339+0000] {processor.py:183} INFO - Processing /home/airflow/.local/lib/python3.12/site-packages/airflow/example_dags/example_branch_operator.py took 0.119 seconds
[2024-11-12T02:46:42.328+0000] {processor.py:161} INFO - Started process (PID=311) to work on /home/airflow/.local/lib/python3.12/site-packages/airflow/example_dags/example_branch_operator.py
[2024-11-12T02:46:42.330+0000] {processor.py:830} INFO - Processing file /home/airflow/.local/lib/python3.12/site-packages/airflow/example_dags/example_branch_operator.py for tasks to queue
[2024-11-12T02:46:42.332+0000] {logging_mixin.py:188} INFO - [2024-11-12T02:46:42.332+0000] {dagbag.py:545} INFO - Filling up the DagBag from /home/airflow/.local/lib/python3.12/site-packages/airflow/example_dags/example_branch_operator.py
[2024-11-12T02:46:42.365+0000] {processor.py:840} INFO - DAG(s) 'example_branch_operator' retrieved from /home/airflow/.local/lib/python3.12/site-packages/airflow/example_dags/example_branch_operator.py
[2024-11-12T02:46:42.411+0000] {logging_mixin.py:188} INFO - [2024-11-12T02:46:42.410+0000] {dag.py:3096} INFO - Sync 1 DAGs
[2024-11-12T02:46:42.449+0000] {logging_mixin.py:188} INFO - [2024-11-12T02:46:42.448+0000] {dag.py:3954} INFO - Setting next_dagrun for example_branch_operator to 2024-11-11 00:00:00+00:00, run_after=2024-11-12 00:00:00+00:00
[2024-11-12T02:46:42.476+0000] {processor.py:183} INFO - Processing /home/airflow/.local/lib/python3.12/site-packages/airflow/example_dags/example_branch_operator.py took 0.154 seconds
