[2024-11-12T02:45:18.466+0000] {processor.py:161} INFO - Started process (PID=167) to work on /home/airflow/.local/lib/python3.12/site-packages/airflow/example_dags/example_xcomargs.py
[2024-11-12T02:45:18.467+0000] {processor.py:830} INFO - Processing file /home/airflow/.local/lib/python3.12/site-packages/airflow/example_dags/example_xcomargs.py for tasks to queue
[2024-11-12T02:45:18.469+0000] {logging_mixin.py:188} INFO - [2024-11-12T02:45:18.469+0000] {dagbag.py:545} INFO - Filling up the DagBag from /home/airflow/.local/lib/python3.12/site-packages/airflow/example_dags/example_xcomargs.py
[2024-11-12T02:45:18.480+0000] {processor.py:840} INFO - DAG(s) 'example_xcom_args', 'example_xcom_args_with_operators' retrieved from /home/airflow/.local/lib/python3.12/site-packages/airflow/example_dags/example_xcomargs.py
[2024-11-12T02:45:18.708+0000] {logging_mixin.py:188} INFO - [2024-11-12T02:45:18.708+0000] {dag.py:3096} INFO - Sync 2 DAGs
[2024-11-12T02:45:18.723+0000] {logging_mixin.py:188} INFO - [2024-11-12T02:45:18.723+0000] {dag.py:3954} INFO - Setting next_dagrun for example_xcom_args to None, run_after=None
[2024-11-12T02:45:18.727+0000] {logging_mixin.py:188} INFO - [2024-11-12T02:45:18.727+0000] {dag.py:3954} INFO - Setting next_dagrun for example_xcom_args_with_operators to None, run_after=None
[2024-11-12T02:45:18.751+0000] {processor.py:183} INFO - Processing /home/airflow/.local/lib/python3.12/site-packages/airflow/example_dags/example_xcomargs.py took 0.291 seconds
[2024-11-12T02:45:49.211+0000] {processor.py:161} INFO - Started process (PID=226) to work on /home/airflow/.local/lib/python3.12/site-packages/airflow/example_dags/example_xcomargs.py
[2024-11-12T02:45:49.216+0000] {processor.py:830} INFO - Processing file /home/airflow/.local/lib/python3.12/site-packages/airflow/example_dags/example_xcomargs.py for tasks to queue
[2024-11-12T02:45:49.219+0000] {logging_mixin.py:188} INFO - [2024-11-12T02:45:49.218+0000] {dagbag.py:545} INFO - Filling up the DagBag from /home/airflow/.local/lib/python3.12/site-packages/airflow/example_dags/example_xcomargs.py
[2024-11-12T02:45:49.232+0000] {processor.py:840} INFO - DAG(s) 'example_xcom_args_with_operators', 'example_xcom_args' retrieved from /home/airflow/.local/lib/python3.12/site-packages/airflow/example_dags/example_xcomargs.py
[2024-11-12T02:45:49.266+0000] {logging_mixin.py:188} INFO - [2024-11-12T02:45:49.266+0000] {dag.py:3096} INFO - Sync 2 DAGs
[2024-11-12T02:45:49.282+0000] {logging_mixin.py:188} INFO - [2024-11-12T02:45:49.282+0000] {dag.py:3954} INFO - Setting next_dagrun for example_xcom_args to None, run_after=None
[2024-11-12T02:45:49.286+0000] {logging_mixin.py:188} INFO - [2024-11-12T02:45:49.286+0000] {dag.py:3954} INFO - Setting next_dagrun for example_xcom_args_with_operators to None, run_after=None
[2024-11-12T02:45:49.347+0000] {processor.py:183} INFO - Processing /home/airflow/.local/lib/python3.12/site-packages/airflow/example_dags/example_xcomargs.py took 0.144 seconds
[2024-11-12T02:46:19.956+0000] {processor.py:161} INFO - Started process (PID=285) to work on /home/airflow/.local/lib/python3.12/site-packages/airflow/example_dags/example_xcomargs.py
[2024-11-12T02:46:19.957+0000] {processor.py:830} INFO - Processing file /home/airflow/.local/lib/python3.12/site-packages/airflow/example_dags/example_xcomargs.py for tasks to queue
[2024-11-12T02:46:19.959+0000] {logging_mixin.py:188} INFO - [2024-11-12T02:46:19.959+0000] {dagbag.py:545} INFO - Filling up the DagBag from /home/airflow/.local/lib/python3.12/site-packages/airflow/example_dags/example_xcomargs.py
[2024-11-12T02:46:19.968+0000] {processor.py:840} INFO - DAG(s) 'example_xcom_args', 'example_xcom_args_with_operators' retrieved from /home/airflow/.local/lib/python3.12/site-packages/airflow/example_dags/example_xcomargs.py
[2024-11-12T02:46:19.997+0000] {logging_mixin.py:188} INFO - [2024-11-12T02:46:19.997+0000] {dag.py:3096} INFO - Sync 2 DAGs
[2024-11-12T02:46:20.012+0000] {logging_mixin.py:188} INFO - [2024-11-12T02:46:20.012+0000] {dag.py:3954} INFO - Setting next_dagrun for example_xcom_args to None, run_after=None
[2024-11-12T02:46:20.017+0000] {logging_mixin.py:188} INFO - [2024-11-12T02:46:20.017+0000] {dag.py:3954} INFO - Setting next_dagrun for example_xcom_args_with_operators to None, run_after=None
[2024-11-12T02:46:20.039+0000] {processor.py:183} INFO - Processing /home/airflow/.local/lib/python3.12/site-packages/airflow/example_dags/example_xcomargs.py took 0.089 seconds
