[2024-11-12T02:45:18.435+0000] {processor.py:161} INFO - Started process (PID=166) to work on /home/airflow/.local/lib/python3.12/site-packages/airflow/example_dags/tutorial_objectstorage.py
[2024-11-12T02:45:18.436+0000] {processor.py:830} INFO - Processing file /home/airflow/.local/lib/python3.12/site-packages/airflow/example_dags/tutorial_objectstorage.py for tasks to queue
[2024-11-12T02:45:18.438+0000] {logging_mixin.py:188} INFO - [2024-11-12T02:45:18.438+0000] {dagbag.py:545} INFO - Filling up the DagBag from /home/airflow/.local/lib/python3.12/site-packages/airflow/example_dags/tutorial_objectstorage.py
[2024-11-12T02:45:18.448+0000] {processor.py:840} INFO - DAG(s) 'tutorial_objectstorage' retrieved from /home/airflow/.local/lib/python3.12/site-packages/airflow/example_dags/tutorial_objectstorage.py
[2024-11-12T02:45:18.578+0000] {logging_mixin.py:188} INFO - [2024-11-12T02:45:18.578+0000] {dag.py:3096} INFO - Sync 1 DAGs
[2024-11-12T02:45:18.609+0000] {logging_mixin.py:188} INFO - [2024-11-12T02:45:18.608+0000] {dag.py:3954} INFO - Setting next_dagrun for tutorial_objectstorage to None, run_after=None
[2024-11-12T02:45:18.685+0000] {processor.py:183} INFO - Processing /home/airflow/.local/lib/python3.12/site-packages/airflow/example_dags/tutorial_objectstorage.py took 0.257 seconds
[2024-11-12T02:45:49.182+0000] {processor.py:161} INFO - Started process (PID=225) to work on /home/airflow/.local/lib/python3.12/site-packages/airflow/example_dags/tutorial_objectstorage.py
[2024-11-12T02:45:49.185+0000] {processor.py:830} INFO - Processing file /home/airflow/.local/lib/python3.12/site-packages/airflow/example_dags/tutorial_objectstorage.py for tasks to queue
[2024-11-12T02:45:49.187+0000] {logging_mixin.py:188} INFO - [2024-11-12T02:45:49.187+0000] {dagbag.py:545} INFO - Filling up the DagBag from /home/airflow/.local/lib/python3.12/site-packages/airflow/example_dags/tutorial_objectstorage.py
[2024-11-12T02:45:49.197+0000] {processor.py:840} INFO - DAG(s) 'tutorial_objectstorage' retrieved from /home/airflow/.local/lib/python3.12/site-packages/airflow/example_dags/tutorial_objectstorage.py
[2024-11-12T02:45:49.223+0000] {logging_mixin.py:188} INFO - [2024-11-12T02:45:49.222+0000] {dag.py:3096} INFO - Sync 1 DAGs
[2024-11-12T02:45:49.239+0000] {logging_mixin.py:188} INFO - [2024-11-12T02:45:49.239+0000] {dag.py:3954} INFO - Setting next_dagrun for tutorial_objectstorage to None, run_after=None
[2024-11-12T02:45:49.344+0000] {processor.py:183} INFO - Processing /home/airflow/.local/lib/python3.12/site-packages/airflow/example_dags/tutorial_objectstorage.py took 0.168 seconds
[2024-11-12T02:46:19.835+0000] {processor.py:161} INFO - Started process (PID=284) to work on /home/airflow/.local/lib/python3.12/site-packages/airflow/example_dags/tutorial_objectstorage.py
[2024-11-12T02:46:19.836+0000] {processor.py:830} INFO - Processing file /home/airflow/.local/lib/python3.12/site-packages/airflow/example_dags/tutorial_objectstorage.py for tasks to queue
[2024-11-12T02:46:19.840+0000] {logging_mixin.py:188} INFO - [2024-11-12T02:46:19.839+0000] {dagbag.py:545} INFO - Filling up the DagBag from /home/airflow/.local/lib/python3.12/site-packages/airflow/example_dags/tutorial_objectstorage.py
[2024-11-12T02:46:19.849+0000] {processor.py:840} INFO - DAG(s) 'tutorial_objectstorage' retrieved from /home/airflow/.local/lib/python3.12/site-packages/airflow/example_dags/tutorial_objectstorage.py
[2024-11-12T02:46:19.872+0000] {logging_mixin.py:188} INFO - [2024-11-12T02:46:19.871+0000] {dag.py:3096} INFO - Sync 1 DAGs
[2024-11-12T02:46:19.886+0000] {logging_mixin.py:188} INFO - [2024-11-12T02:46:19.886+0000] {dag.py:3954} INFO - Setting next_dagrun for tutorial_objectstorage to None, run_after=None
[2024-11-12T02:46:19.909+0000] {processor.py:183} INFO - Processing /home/airflow/.local/lib/python3.12/site-packages/airflow/example_dags/tutorial_objectstorage.py took 0.082 seconds
