[2024-12-05T20:31:52.951+0000] {local_task_job_runner.py:120} INFO - ::group::Pre task execution logs
[2024-12-05T20:31:52.984+0000] {taskinstance.py:2076} INFO - Dependencies all met for dep_context=non-requeueable deps ti=<TaskInstance: complete-dag.dbt_snapshot_2 manual__2024-12-05T20:24:34.702673+00:00 [queued]>
[2024-12-05T20:31:52.993+0000] {taskinstance.py:2076} INFO - Dependencies all met for dep_context=requeueable deps ti=<TaskInstance: complete-dag.dbt_snapshot_2 manual__2024-12-05T20:24:34.702673+00:00 [queued]>
[2024-12-05T20:31:52.993+0000] {taskinstance.py:2306} INFO - Starting attempt 1 of 1
[2024-12-05T20:31:53.007+0000] {taskinstance.py:2330} INFO - Executing <Task(BashOperator): dbt_snapshot_2> on 2024-12-05 20:24:34.702673+00:00
[2024-12-05T20:31:53.020+0000] {standard_task_runner.py:90} INFO - Running: ['***', 'tasks', 'run', 'complete-dag', 'dbt_snapshot_2', 'manual__2024-12-05T20:24:34.702673+00:00', '--job-id', '565', '--raw', '--subdir', 'DAGS_FOLDER/complete_dag.py', '--cfg-path', '/tmp/tmpm49ywt6q']
[2024-12-05T20:31:53.021+0000] {standard_task_runner.py:91} INFO - Job 565: Subtask dbt_snapshot_2
[2024-12-05T20:31:53.025+0000] {logging_mixin.py:188} WARNING - /home/***/.local/lib/python3.12/site-packages/***/task/task_runner/standard_task_runner.py:61 DeprecationWarning: This process (pid=662) is multi-threaded, use of fork() may lead to deadlocks in the child.
[2024-12-05T20:31:53.026+0000] {standard_task_runner.py:63} INFO - Started process 665 to run task
[2024-12-05T20:31:53.074+0000] {task_command.py:426} INFO - Running <TaskInstance: complete-dag.dbt_snapshot_2 manual__2024-12-05T20:24:34.702673+00:00 [running]> on host e060654747dc
[2024-12-05T20:31:53.222+0000] {taskinstance.py:2648} INFO - Exporting env vars: AIRFLOW_CTX_DAG_OWNER='***' AIRFLOW_CTX_DAG_ID='complete-dag' AIRFLOW_CTX_TASK_ID='dbt_snapshot_2' AIRFLOW_CTX_EXECUTION_DATE='2024-12-05T20:24:34.702673+00:00' AIRFLOW_CTX_TRY_NUMBER='1' AIRFLOW_CTX_DAG_RUN_ID='manual__2024-12-05T20:24:34.702673+00:00'
[2024-12-05T20:31:53.223+0000] {taskinstance.py:430} INFO - ::endgroup::
[2024-12-05T20:31:53.225+0000] {subprocess.py:63} INFO - Tmp dir root location: /tmp
[2024-12-05T20:31:53.227+0000] {subprocess.py:75} INFO - Running command: ['/usr/bin/bash', '-c', '/home/***/.local/bin/dbt snapshot --profiles-dir /opt/***/dbt_viz --project-dir /opt/***/dbt_viz']
[2024-12-05T20:31:53.241+0000] {subprocess.py:86} INFO - Output:
[2024-12-05T20:31:55.753+0000] {subprocess.py:93} INFO - [0m20:31:55  Running with dbt=1.8.7
[2024-12-05T20:31:56.985+0000] {subprocess.py:93} INFO - [0m20:31:56  Registered adapter: snowflake=1.8.4
[2024-12-05T20:31:57.645+0000] {subprocess.py:93} INFO - [0m20:31:57  Found 4 models, 1 snapshot, 1 test, 3 sources, 459 macros
[2024-12-05T20:31:57.650+0000] {subprocess.py:93} INFO - [0m20:31:57
[2024-12-05T20:31:59.557+0000] {subprocess.py:93} INFO - [0m20:31:59  Concurrency: 1 threads (target='dev')
[2024-12-05T20:31:59.558+0000] {subprocess.py:93} INFO - [0m20:31:59
[2024-12-05T20:31:59.570+0000] {subprocess.py:93} INFO - [0m20:31:59  1 of 1 START snapshot snapshot.energy_demand_final_snapshot .................... [RUN]
[2024-12-05T20:32:04.720+0000] {subprocess.py:93} INFO - [0m20:32:04  1 of 1 OK snapshotted snapshot.energy_demand_final_snapshot .................... [[32mSUCCESS 60[0m in 5.15s]
[2024-12-05T20:32:04.725+0000] {subprocess.py:93} INFO - [0m20:32:04
[2024-12-05T20:32:04.726+0000] {subprocess.py:93} INFO - [0m20:32:04  Finished running 1 snapshot in 0 hours 0 minutes and 7.07 seconds (7.07s).
[2024-12-05T20:32:04.779+0000] {subprocess.py:93} INFO - [0m20:32:04
[2024-12-05T20:32:04.780+0000] {subprocess.py:93} INFO - [0m20:32:04  [32mCompleted successfully[0m
[2024-12-05T20:32:04.781+0000] {subprocess.py:93} INFO - [0m20:32:04
[2024-12-05T20:32:04.782+0000] {subprocess.py:93} INFO - [0m20:32:04  Done. PASS=1 WARN=0 ERROR=0 SKIP=0 TOTAL=1
[2024-12-05T20:32:05.547+0000] {subprocess.py:97} INFO - Command exited with return code 0
[2024-12-05T20:32:05.548+0000] {taskinstance.py:441} INFO - ::group::Post task execution logs
[2024-12-05T20:32:05.570+0000] {taskinstance.py:1206} INFO - Marking task as SUCCESS. dag_id=complete-dag, task_id=dbt_snapshot_2, run_id=manual__2024-12-05T20:24:34.702673+00:00, execution_date=20241205T202434, start_date=20241205T203152, end_date=20241205T203205
[2024-12-05T20:32:05.615+0000] {local_task_job_runner.py:240} INFO - Task exited with return code 0
[2024-12-05T20:32:05.631+0000] {taskinstance.py:3498} INFO - 0 downstream tasks scheduled from follow-on schedule check
[2024-12-05T20:32:05.634+0000] {local_task_job_runner.py:222} INFO - ::endgroup::
