[2024-11-30T06:37:21.397+0000] {local_task_job_runner.py:120} INFO - ::group::Pre task execution logs
[2024-11-30T06:37:21.427+0000] {taskinstance.py:2076} INFO - Dependencies all met for dep_context=non-requeueable deps ti=<TaskInstance: complete-dag.train manual__2024-11-30T06:36:41.008481+00:00 [queued]>
[2024-11-30T06:37:21.435+0000] {taskinstance.py:2076} INFO - Dependencies all met for dep_context=requeueable deps ti=<TaskInstance: complete-dag.train manual__2024-11-30T06:36:41.008481+00:00 [queued]>
[2024-11-30T06:37:21.436+0000] {taskinstance.py:2306} INFO - Starting attempt 1 of 1
[2024-11-30T06:37:21.451+0000] {taskinstance.py:2330} INFO - Executing <Task(_PythonDecoratedOperator): train> on 2024-11-30 06:36:41.008481+00:00
[2024-11-30T06:37:21.464+0000] {logging_mixin.py:188} WARNING - /home/***/.local/lib/python3.12/site-packages/***/task/task_runner/standard_task_runner.py:61 DeprecationWarning: This process (pid=10715) is multi-threaded, use of fork() may lead to deadlocks in the child.
[2024-11-30T06:37:21.463+0000] {standard_task_runner.py:90} INFO - Running: ['***', 'tasks', 'run', 'complete-dag', 'train', 'manual__2024-11-30T06:36:41.008481+00:00', '--job-id', '390', '--raw', '--subdir', 'DAGS_FOLDER/complete_dag.py', '--cfg-path', '/tmp/tmpc7rikm15']
[2024-11-30T06:37:21.465+0000] {standard_task_runner.py:63} INFO - Started process 10729 to run task
[2024-11-30T06:37:21.465+0000] {standard_task_runner.py:91} INFO - Job 390: Subtask train
[2024-11-30T06:37:21.514+0000] {task_command.py:426} INFO - Running <TaskInstance: complete-dag.train manual__2024-11-30T06:36:41.008481+00:00 [running]> on host b09a94790db6
[2024-11-30T06:37:21.603+0000] {taskinstance.py:2648} INFO - Exporting env vars: AIRFLOW_CTX_DAG_OWNER='***' AIRFLOW_CTX_DAG_ID='complete-dag' AIRFLOW_CTX_TASK_ID='train' AIRFLOW_CTX_EXECUTION_DATE='2024-11-30T06:36:41.008481+00:00' AIRFLOW_CTX_TRY_NUMBER='1' AIRFLOW_CTX_DAG_RUN_ID='manual__2024-11-30T06:36:41.008481+00:00'
[2024-11-30T06:37:21.605+0000] {taskinstance.py:430} INFO - ::endgroup::
[2024-11-30T06:37:22.093+0000] {cursor.py:1149} INFO - Number of results in first chunk: 1
[2024-11-30T06:37:22.094+0000] {complete_dag.py:260} INFO - View created
[2024-11-30T06:40:49.246+0000] {cursor.py:1149} INFO - Number of results in first chunk: 1
[2024-11-30T06:40:49.293+0000] {complete_dag.py:262} INFO - Model for training created
[2024-11-30T06:40:50.941+0000] {cursor.py:1149} INFO - Number of results in first chunk: 28
[2024-11-30T06:40:50.962+0000] {python.py:237} INFO - Done. Returned value was: True
[2024-11-30T06:40:50.972+0000] {taskinstance.py:441} INFO - ::group::Post task execution logs
[2024-11-30T06:40:51.202+0000] {taskinstance.py:1206} INFO - Marking task as SUCCESS. dag_id=complete-dag, task_id=train, run_id=manual__2024-11-30T06:36:41.008481+00:00, execution_date=20241130T063641, start_date=20241130T063721, end_date=20241130T064051
[2024-11-30T06:40:51.278+0000] {local_task_job_runner.py:240} INFO - Task exited with return code 0
[2024-11-30T06:40:51.329+0000] {local_task_job_runner.py:222} INFO - ::endgroup::
