[2024-12-05T07:22:13.435+0000] {local_task_job_runner.py:120} INFO - ::group::Pre task execution logs
[2024-12-05T07:22:13.480+0000] {taskinstance.py:2076} INFO - Dependencies all met for dep_context=non-requeueable deps ti=<TaskInstance: complete-dag.load_weather_data_to_snowflake__1 manual__2024-12-05T07:22:06.354169+00:00 [queued]>
[2024-12-05T07:22:13.494+0000] {taskinstance.py:2076} INFO - Dependencies all met for dep_context=requeueable deps ti=<TaskInstance: complete-dag.load_weather_data_to_snowflake__1 manual__2024-12-05T07:22:06.354169+00:00 [queued]>
[2024-12-05T07:22:13.496+0000] {taskinstance.py:2306} INFO - Starting attempt 1 of 1
[2024-12-05T07:22:13.516+0000] {taskinstance.py:2330} INFO - Executing <Task(_PythonDecoratedOperator): load_weather_data_to_snowflake__1> on 2024-12-05 07:22:06.354169+00:00
[2024-12-05T07:22:13.529+0000] {standard_task_runner.py:90} INFO - Running: ['***', 'tasks', 'run', 'complete-dag', 'load_weather_data_to_snowflake__1', 'manual__2024-12-05T07:22:06.354169+00:00', '--job-id', '505', '--raw', '--subdir', 'DAGS_FOLDER/complete_dag.py', '--cfg-path', '/tmp/tmpmw1m045p']
[2024-12-05T07:22:13.532+0000] {standard_task_runner.py:91} INFO - Job 505: Subtask load_weather_data_to_snowflake__1
[2024-12-05T07:22:13.535+0000] {logging_mixin.py:188} WARNING - /home/***/.local/lib/python3.12/site-packages/***/task/task_runner/standard_task_runner.py:61 DeprecationWarning: This process (pid=837) is multi-threaded, use of fork() may lead to deadlocks in the child.
[2024-12-05T07:22:13.536+0000] {standard_task_runner.py:63} INFO - Started process 844 to run task
[2024-12-05T07:22:13.596+0000] {task_command.py:426} INFO - Running <TaskInstance: complete-dag.load_weather_data_to_snowflake__1 manual__2024-12-05T07:22:06.354169+00:00 [running]> on host e060654747dc
[2024-12-05T07:22:13.994+0000] {taskinstance.py:2648} INFO - Exporting env vars: AIRFLOW_CTX_DAG_OWNER='***' AIRFLOW_CTX_DAG_ID='complete-dag' AIRFLOW_CTX_TASK_ID='load_weather_data_to_snowflake__1' AIRFLOW_CTX_EXECUTION_DATE='2024-12-05T07:22:06.354169+00:00' AIRFLOW_CTX_TRY_NUMBER='1' AIRFLOW_CTX_DAG_RUN_ID='manual__2024-12-05T07:22:06.354169+00:00'
[2024-12-05T07:22:13.997+0000] {taskinstance.py:430} INFO - ::endgroup::
[2024-12-05T07:22:14.224+0000] {cursor.py:1149} INFO - Number of results in first chunk: 1
[2024-12-05T07:22:14.512+0000] {cursor.py:1149} INFO - Number of results in first chunk: 1
[2024-12-05T07:22:14.523+0000] {logging_mixin.py:188} WARNING - /opt/***/dags/complete_dag.py:163 FutureWarning: DataFrame.applymap has been deprecated. Use DataFrame.map instead.
[2024-12-05T07:22:14.546+0000] {logging_mixin.py:188} INFO -          Date  temperature_2m_max  ...  windspeed_10m_max  avg_temperature
0  2024-12-04                10.5  ...               17.2             4.70
1  2024-12-05                 9.3  ...               12.1             4.05
2  2024-12-06                 7.6  ...               26.8             2.85
3  2024-12-07                 4.8  ...               21.9             0.00
4  2024-12-08                 6.3  ...                8.7            -0.05

[5 rows x 7 columns]
[2024-12-05T07:22:14.976+0000] {logging_mixin.py:188} INFO - Successfully inserted 7 rows.
[2024-12-05T07:22:15.067+0000] {cursor.py:1149} INFO - Number of results in first chunk: 1
[2024-12-05T07:22:15.068+0000] {python.py:237} INFO - Done. Returned value was: None
[2024-12-05T07:22:15.068+0000] {taskinstance.py:441} INFO - ::group::Post task execution logs
[2024-12-05T07:22:15.087+0000] {taskinstance.py:1206} INFO - Marking task as SUCCESS. dag_id=complete-dag, task_id=load_weather_data_to_snowflake__1, run_id=manual__2024-12-05T07:22:06.354169+00:00, execution_date=20241205T072206, start_date=20241205T072213, end_date=20241205T072215
[2024-12-05T07:22:15.157+0000] {local_task_job_runner.py:240} INFO - Task exited with return code 0
[2024-12-05T07:22:15.172+0000] {local_task_job_runner.py:222} INFO - ::endgroup::
