[2024-11-28T20:09:38.262+0000] {local_task_job_runner.py:120} INFO - ::group::Pre task execution logs
[2024-11-28T20:09:38.301+0000] {taskinstance.py:2076} INFO - Dependencies all met for dep_context=non-requeueable deps ti=<TaskInstance: Electricity-Fetch-Load.load_electricity_data manual__2024-11-28T20:09:29.429602+00:00 [queued]>
[2024-11-28T20:09:38.311+0000] {taskinstance.py:2076} INFO - Dependencies all met for dep_context=requeueable deps ti=<TaskInstance: Electricity-Fetch-Load.load_electricity_data manual__2024-11-28T20:09:29.429602+00:00 [queued]>
[2024-11-28T20:09:38.313+0000] {taskinstance.py:2306} INFO - Starting attempt 1 of 1
[2024-11-28T20:09:38.330+0000] {taskinstance.py:2330} INFO - Executing <Task(_PythonDecoratedOperator): load_electricity_data> on 2024-11-28 20:09:29.429602+00:00
[2024-11-28T20:09:38.348+0000] {standard_task_runner.py:90} INFO - Running: ['***', 'tasks', 'run', 'Electricity-Fetch-Load', 'load_electricity_data', 'manual__2024-11-28T20:09:29.429602+00:00', '--job-id', '232', '--raw', '--subdir', 'DAGS_FOLDER/electricity-dag.py', '--cfg-path', '/tmp/tmpvrdsrao1']
[2024-11-28T20:09:38.350+0000] {standard_task_runner.py:91} INFO - Job 232: Subtask load_electricity_data
[2024-11-28T20:09:38.354+0000] {logging_mixin.py:188} WARNING - /home/***/.local/lib/python3.12/site-packages/***/task/task_runner/standard_task_runner.py:61 DeprecationWarning: This process (pid=314) is multi-threaded, use of fork() may lead to deadlocks in the child.
[2024-11-28T20:09:38.355+0000] {standard_task_runner.py:63} INFO - Started process 317 to run task
[2024-11-28T20:09:38.408+0000] {task_command.py:426} INFO - Running <TaskInstance: Electricity-Fetch-Load.load_electricity_data manual__2024-11-28T20:09:29.429602+00:00 [running]> on host fd43cd87157f
[2024-11-28T20:09:38.617+0000] {taskinstance.py:2648} INFO - Exporting env vars: AIRFLOW_CTX_DAG_OWNER='***' AIRFLOW_CTX_DAG_ID='Electricity-Fetch-Load' AIRFLOW_CTX_TASK_ID='load_electricity_data' AIRFLOW_CTX_EXECUTION_DATE='2024-11-28T20:09:29.429602+00:00' AIRFLOW_CTX_TRY_NUMBER='1' AIRFLOW_CTX_DAG_RUN_ID='manual__2024-11-28T20:09:29.429602+00:00'
[2024-11-28T20:09:38.618+0000] {taskinstance.py:430} INFO - ::endgroup::
[2024-11-28T20:09:38.767+0000] {cursor.py:1149} INFO - Number of results in first chunk: 1
[2024-11-28T20:09:39.159+0000] {cursor.py:1149} INFO - Number of results in first chunk: 1
[2024-11-28T20:09:40.904+0000] {cursor.py:1149} INFO - Number of results in first chunk: 1
[2024-11-28T20:09:40.905+0000] {python.py:237} INFO - Done. Returned value was: None
[2024-11-28T20:09:40.905+0000] {taskinstance.py:441} INFO - ::group::Post task execution logs
[2024-11-28T20:09:40.915+0000] {taskinstance.py:1206} INFO - Marking task as SUCCESS. dag_id=Electricity-Fetch-Load, task_id=load_electricity_data, run_id=manual__2024-11-28T20:09:29.429602+00:00, execution_date=20241128T200929, start_date=20241128T200938, end_date=20241128T200940
[2024-11-28T20:09:40.940+0000] {local_task_job_runner.py:240} INFO - Task exited with return code 0
[2024-11-28T20:09:40.957+0000] {taskinstance.py:3498} INFO - 0 downstream tasks scheduled from follow-on schedule check
[2024-11-28T20:09:40.961+0000] {local_task_job_runner.py:222} INFO - ::endgroup::
