[2024-11-28T19:25:35.720+0000] {local_task_job_runner.py:120} INFO - ::group::Pre task execution logs
[2024-11-28T19:25:35.753+0000] {taskinstance.py:2076} INFO - Dependencies all met for dep_context=non-requeueable deps ti=<TaskInstance: Weather_Forecast.fetch_forecast_weather manual__2024-11-28T19:25:32.997164+00:00 [queued]>
[2024-11-28T19:25:35.760+0000] {taskinstance.py:2076} INFO - Dependencies all met for dep_context=requeueable deps ti=<TaskInstance: Weather_Forecast.fetch_forecast_weather manual__2024-11-28T19:25:32.997164+00:00 [queued]>
[2024-11-28T19:25:35.761+0000] {taskinstance.py:2306} INFO - Starting attempt 1 of 1
[2024-11-28T19:25:35.773+0000] {taskinstance.py:2330} INFO - Executing <Task(_PythonDecoratedOperator): fetch_forecast_weather> on 2024-11-28 19:25:32.997164+00:00
[2024-11-28T19:25:35.784+0000] {standard_task_runner.py:90} INFO - Running: ['***', 'tasks', 'run', 'Weather_Forecast', 'fetch_forecast_weather', 'manual__2024-11-28T19:25:32.997164+00:00', '--job-id', '225', '--raw', '--subdir', 'DAGS_FOLDER/weather_forecast_dag.py', '--cfg-path', '/tmp/tmp7ppgq8qv']
[2024-11-28T19:25:35.789+0000] {standard_task_runner.py:91} INFO - Job 225: Subtask fetch_forecast_weather
[2024-11-28T19:25:35.791+0000] {logging_mixin.py:188} WARNING - /home/***/.local/lib/python3.12/site-packages/***/task/task_runner/standard_task_runner.py:61 DeprecationWarning: This process (pid=772) is multi-threaded, use of fork() may lead to deadlocks in the child.
[2024-11-28T19:25:35.791+0000] {standard_task_runner.py:63} INFO - Started process 775 to run task
[2024-11-28T19:25:35.852+0000] {task_command.py:426} INFO - Running <TaskInstance: Weather_Forecast.fetch_forecast_weather manual__2024-11-28T19:25:32.997164+00:00 [running]> on host fd43cd87157f
[2024-11-28T19:25:35.942+0000] {taskinstance.py:2648} INFO - Exporting env vars: AIRFLOW_CTX_DAG_OWNER='***' AIRFLOW_CTX_DAG_ID='Weather_Forecast' AIRFLOW_CTX_TASK_ID='fetch_forecast_weather' AIRFLOW_CTX_EXECUTION_DATE='2024-11-28T19:25:32.997164+00:00' AIRFLOW_CTX_TRY_NUMBER='1' AIRFLOW_CTX_DAG_RUN_ID='manual__2024-11-28T19:25:32.997164+00:00'
[2024-11-28T19:25:35.944+0000] {taskinstance.py:430} INFO - ::endgroup::
[2024-11-28T19:25:36.559+0000] {taskinstance.py:441} INFO - ::group::Post task execution logs
[2024-11-28T19:25:36.560+0000] {taskinstance.py:2905} ERROR - Task failed with exception
Traceback (most recent call last):
  File "/home/airflow/.local/lib/python3.12/site-packages/airflow/models/taskinstance.py", line 465, in _execute_task
    result = _execute_callable(context=context, **execute_callable_kwargs)
             ^^^^^^^^^^^^^^^^^^^^^^^^^^^^^^^^^^^^^^^^^^^^^^^^^^^^^^^^^^^^^
  File "/home/airflow/.local/lib/python3.12/site-packages/airflow/models/taskinstance.py", line 432, in _execute_callable
    return execute_callable(context=context, **execute_callable_kwargs)
           ^^^^^^^^^^^^^^^^^^^^^^^^^^^^^^^^^^^^^^^^^^^^^^^^^^^^^^^^^^^^
  File "/home/airflow/.local/lib/python3.12/site-packages/airflow/models/baseoperator.py", line 400, in wrapper
    return func(self, *args, **kwargs)
           ^^^^^^^^^^^^^^^^^^^^^^^^^^^
  File "/home/airflow/.local/lib/python3.12/site-packages/airflow/decorators/base.py", line 265, in execute
    return_value = super().execute(context)
                   ^^^^^^^^^^^^^^^^^^^^^^^^
  File "/home/airflow/.local/lib/python3.12/site-packages/airflow/models/baseoperator.py", line 400, in wrapper
    return func(self, *args, **kwargs)
           ^^^^^^^^^^^^^^^^^^^^^^^^^^^
  File "/home/airflow/.local/lib/python3.12/site-packages/airflow/operators/python.py", line 235, in execute
    return_value = self.execute_callable()
                   ^^^^^^^^^^^^^^^^^^^^^^^
  File "/home/airflow/.local/lib/python3.12/site-packages/airflow/operators/python.py", line 252, in execute_callable
    return self.python_callable(*self.op_args, **self.op_kwargs)
           ^^^^^^^^^^^^^^^^^^^^^^^^^^^^^^^^^^^^^^^^^^^^^^^^^^^^^
  File "/opt/airflow/dags/weather_forecast_dag.py", line 41, in fetch_forecast_weather
    raise ValueError(f"Failed to fetch data. HTTP status code: {response.status_code}")
ValueError: Failed to fetch data. HTTP status code: 400
[2024-11-28T19:25:36.592+0000] {taskinstance.py:1206} INFO - Marking task as FAILED. dag_id=Weather_Forecast, task_id=fetch_forecast_weather, run_id=manual__2024-11-28T19:25:32.997164+00:00, execution_date=20241128T192532, start_date=20241128T192535, end_date=20241128T192536
[2024-11-28T19:25:36.615+0000] {standard_task_runner.py:110} ERROR - Failed to execute job 225 for task fetch_forecast_weather (Failed to fetch data. HTTP status code: 400; 775)
[2024-11-28T19:25:36.649+0000] {local_task_job_runner.py:240} INFO - Task exited with return code 1
[2024-11-28T19:25:36.676+0000] {taskinstance.py:3498} INFO - 0 downstream tasks scheduled from follow-on schedule check
[2024-11-28T19:25:36.682+0000] {local_task_job_runner.py:222} INFO - ::endgroup::
