[2024-12-05T20:25:39.236+0000] {local_task_job_runner.py:120} INFO - ::group::Pre task execution logs
[2024-12-05T20:25:39.266+0000] {taskinstance.py:2076} INFO - Dependencies all met for dep_context=non-requeueable deps ti=<TaskInstance: complete-dag.train manual__2024-12-05T20:24:34.702673+00:00 [queued]>
[2024-12-05T20:25:39.275+0000] {taskinstance.py:2076} INFO - Dependencies all met for dep_context=requeueable deps ti=<TaskInstance: complete-dag.train manual__2024-12-05T20:24:34.702673+00:00 [queued]>
[2024-12-05T20:25:39.288+0000] {taskinstance.py:2306} INFO - Starting attempt 1 of 1
[2024-12-05T20:25:39.394+0000] {taskinstance.py:2330} INFO - Executing <Task(_PythonDecoratedOperator): train> on 2024-12-05 20:24:34.702673+00:00
[2024-12-05T20:25:39.405+0000] {standard_task_runner.py:90} INFO - Running: ['***', 'tasks', 'run', 'complete-dag', 'train', 'manual__2024-12-05T20:24:34.702673+00:00', '--job-id', '561', '--raw', '--subdir', 'DAGS_FOLDER/complete_dag.py', '--cfg-path', '/tmp/tmpz90zils9']
[2024-12-05T20:25:39.407+0000] {standard_task_runner.py:91} INFO - Job 561: Subtask train
[2024-12-05T20:25:39.409+0000] {logging_mixin.py:188} WARNING - /home/***/.local/lib/python3.12/site-packages/***/task/task_runner/standard_task_runner.py:61 DeprecationWarning: This process (pid=466) is multi-threaded, use of fork() may lead to deadlocks in the child.
[2024-12-05T20:25:39.410+0000] {standard_task_runner.py:63} INFO - Started process 469 to run task
[2024-12-05T20:25:39.474+0000] {task_command.py:426} INFO - Running <TaskInstance: complete-dag.train manual__2024-12-05T20:24:34.702673+00:00 [running]> on host e060654747dc
[2024-12-05T20:25:39.657+0000] {taskinstance.py:2648} INFO - Exporting env vars: AIRFLOW_CTX_DAG_OWNER='***' AIRFLOW_CTX_DAG_ID='complete-dag' AIRFLOW_CTX_TASK_ID='train' AIRFLOW_CTX_EXECUTION_DATE='2024-12-05T20:24:34.702673+00:00' AIRFLOW_CTX_TRY_NUMBER='1' AIRFLOW_CTX_DAG_RUN_ID='manual__2024-12-05T20:24:34.702673+00:00'
[2024-12-05T20:25:39.658+0000] {taskinstance.py:430} INFO - ::endgroup::
[2024-12-05T20:25:39.984+0000] {cursor.py:1149} INFO - Number of results in first chunk: 1
[2024-12-05T20:25:39.985+0000] {complete_dag.py:258} INFO - View created
[2024-12-05T20:30:53.405+0000] {cursor.py:1149} INFO - Number of results in first chunk: 1
[2024-12-05T20:30:53.420+0000] {complete_dag.py:260} INFO - Model for training created
[2024-12-05T20:30:54.905+0000] {cursor.py:1149} INFO - Number of results in first chunk: 28
[2024-12-05T20:30:54.921+0000] {python.py:237} INFO - Done. Returned value was: True
[2024-12-05T20:30:54.923+0000] {taskinstance.py:441} INFO - ::group::Post task execution logs
[2024-12-05T20:30:55.009+0000] {taskinstance.py:1206} INFO - Marking task as SUCCESS. dag_id=complete-dag, task_id=train, run_id=manual__2024-12-05T20:24:34.702673+00:00, execution_date=20241205T202434, start_date=20241205T202539, end_date=20241205T203055
[2024-12-05T20:30:55.080+0000] {local_task_job_runner.py:240} INFO - Task exited with return code 0
[2024-12-05T20:30:55.111+0000] {local_task_job_runner.py:222} INFO - ::endgroup::
