[2024-11-12T02:55:45.326+0000] {local_task_job_runner.py:120} INFO - ::group::Pre task execution logs
[2024-11-12T02:55:45.363+0000] {taskinstance.py:2076} INFO - Dependencies all met for dep_context=non-requeueable deps ti=<TaskInstance: BuildELT_dbt.dbt_snapshot manual__2024-11-12T02:55:22.009200+00:00 [queued]>
[2024-11-12T02:55:45.371+0000] {taskinstance.py:2076} INFO - Dependencies all met for dep_context=requeueable deps ti=<TaskInstance: BuildELT_dbt.dbt_snapshot manual__2024-11-12T02:55:22.009200+00:00 [queued]>
[2024-11-12T02:55:45.372+0000] {taskinstance.py:2306} INFO - Starting attempt 1 of 1
[2024-11-12T02:55:45.388+0000] {taskinstance.py:2330} INFO - Executing <Task(BashOperator): dbt_snapshot> on 2024-11-12 02:55:22.009200+00:00
[2024-11-12T02:55:45.397+0000] {standard_task_runner.py:90} INFO - Running: ['***', 'tasks', 'run', 'BuildELT_dbt', 'dbt_snapshot', 'manual__2024-11-12T02:55:22.009200+00:00', '--job-id', '134', '--raw', '--subdir', 'DAGS_FOLDER/build_elt_with_dbt.py', '--cfg-path', '/tmp/tmp3lm0460o']
[2024-11-12T02:55:45.400+0000] {standard_task_runner.py:91} INFO - Job 134: Subtask dbt_snapshot
[2024-11-12T02:55:45.400+0000] {logging_mixin.py:188} WARNING - /home/***/.local/lib/python3.12/site-packages/***/task/task_runner/standard_task_runner.py:61 DeprecationWarning: This process (pid=679) is multi-threaded, use of fork() may lead to deadlocks in the child.
[2024-11-12T02:55:45.401+0000] {standard_task_runner.py:63} INFO - Started process 680 to run task
[2024-11-12T02:55:45.444+0000] {task_command.py:426} INFO - Running <TaskInstance: BuildELT_dbt.dbt_snapshot manual__2024-11-12T02:55:22.009200+00:00 [running]> on host e9e87141c083
[2024-11-12T02:55:45.591+0000] {taskinstance.py:2648} INFO - Exporting env vars: AIRFLOW_CTX_DAG_OWNER='***' AIRFLOW_CTX_DAG_ID='BuildELT_dbt' AIRFLOW_CTX_TASK_ID='dbt_snapshot' AIRFLOW_CTX_EXECUTION_DATE='2024-11-12T02:55:22.009200+00:00' AIRFLOW_CTX_TRY_NUMBER='1' AIRFLOW_CTX_DAG_RUN_ID='manual__2024-11-12T02:55:22.009200+00:00'
[2024-11-12T02:55:45.592+0000] {taskinstance.py:430} INFO - ::endgroup::
[2024-11-12T02:55:45.606+0000] {subprocess.py:63} INFO - Tmp dir root location: /tmp
[2024-11-12T02:55:45.608+0000] {subprocess.py:75} INFO - Running command: ['/usr/bin/bash', '-c', '/home/***/.local/bin/dbt snapshot --profiles-dir /opt/***/dbt --project-dir /opt/***/dbt']
[2024-11-12T02:55:45.630+0000] {subprocess.py:86} INFO - Output:
[2024-11-12T02:55:48.117+0000] {subprocess.py:93} INFO - [0m02:55:48  Running with dbt=1.8.7
[2024-11-12T02:55:49.520+0000] {subprocess.py:93} INFO - [0m02:55:49  Registered adapter: snowflake=1.8.4
[2024-11-12T02:55:50.311+0000] {subprocess.py:93} INFO - [0m02:55:50  Found 2 models, 1 snapshot, 2 data tests, 2 sources, 459 macros
[2024-11-12T02:55:50.316+0000] {subprocess.py:93} INFO - [0m02:55:50
[2024-11-12T02:55:52.604+0000] {subprocess.py:93} INFO - [0m02:55:52  Concurrency: 1 threads (target='dev')
[2024-11-12T02:55:52.605+0000] {subprocess.py:93} INFO - [0m02:55:52
[2024-11-12T02:55:52.617+0000] {subprocess.py:93} INFO - [0m02:55:52  1 of 1 START snapshot snapshot.snapshot_moving_avg ............................. [RUN]
[2024-11-12T02:55:56.674+0000] {subprocess.py:93} INFO - [0m02:55:56  1 of 1 OK snapshotted snapshot.snapshot_moving_avg ............................. [[32mSUCCESS 0[0m in 4.05s]
[2024-11-12T02:55:56.679+0000] {subprocess.py:93} INFO - [0m02:55:56
[2024-11-12T02:55:56.680+0000] {subprocess.py:93} INFO - [0m02:55:56  Finished running 1 snapshot in 0 hours 0 minutes and 6.36 seconds (6.36s).
[2024-11-12T02:55:56.750+0000] {subprocess.py:93} INFO - [0m02:55:56
[2024-11-12T02:55:56.752+0000] {subprocess.py:93} INFO - [0m02:55:56  [32mCompleted successfully[0m
[2024-11-12T02:55:56.755+0000] {subprocess.py:93} INFO - [0m02:55:56
[2024-11-12T02:55:56.756+0000] {subprocess.py:93} INFO - [0m02:55:56  Done. PASS=1 WARN=0 ERROR=0 SKIP=0 TOTAL=1
[2024-11-12T02:55:57.696+0000] {subprocess.py:97} INFO - Command exited with return code 0
[2024-11-12T02:55:57.698+0000] {taskinstance.py:441} INFO - ::group::Post task execution logs
[2024-11-12T02:55:57.728+0000] {taskinstance.py:1206} INFO - Marking task as SUCCESS. dag_id=BuildELT_dbt, task_id=dbt_snapshot, run_id=manual__2024-11-12T02:55:22.009200+00:00, execution_date=20241112T025522, start_date=20241112T025545, end_date=20241112T025557
[2024-11-12T02:55:57.782+0000] {local_task_job_runner.py:240} INFO - Task exited with return code 0
[2024-11-12T02:55:57.802+0000] {taskinstance.py:3498} INFO - 0 downstream tasks scheduled from follow-on schedule check
[2024-11-12T02:55:57.806+0000] {local_task_job_runner.py:222} INFO - ::endgroup::
