[2024-11-30T08:39:14.419+0000] {local_task_job_runner.py:120} INFO - ::group::Pre task execution logs
[2024-11-30T08:39:14.446+0000] {taskinstance.py:2076} INFO - Dependencies all met for dep_context=non-requeueable deps ti=<TaskInstance: complete-dag.dbt_run_2 manual__2024-11-30T08:33:53.025918+00:00 [queued]>
[2024-11-30T08:39:14.454+0000] {taskinstance.py:2076} INFO - Dependencies all met for dep_context=requeueable deps ti=<TaskInstance: complete-dag.dbt_run_2 manual__2024-11-30T08:33:53.025918+00:00 [queued]>
[2024-11-30T08:39:14.455+0000] {taskinstance.py:2306} INFO - Starting attempt 1 of 1
[2024-11-30T08:39:14.467+0000] {taskinstance.py:2330} INFO - Executing <Task(BashOperator): dbt_run_2> on 2024-11-30 08:33:53.025918+00:00
[2024-11-30T08:39:14.478+0000] {standard_task_runner.py:90} INFO - Running: ['***', 'tasks', 'run', 'complete-dag', 'dbt_run_2', 'manual__2024-11-30T08:33:53.025918+00:00', '--job-id', '425', '--raw', '--subdir', 'DAGS_FOLDER/complete_dag.py', '--cfg-path', '/tmp/tmp2d82z0eg']
[2024-11-30T08:39:14.480+0000] {standard_task_runner.py:91} INFO - Job 425: Subtask dbt_run_2
[2024-11-30T08:39:14.484+0000] {logging_mixin.py:188} WARNING - /home/***/.local/lib/python3.12/site-packages/***/task/task_runner/standard_task_runner.py:61 DeprecationWarning: This process (pid=2811) is multi-threaded, use of fork() may lead to deadlocks in the child.
[2024-11-30T08:39:14.485+0000] {standard_task_runner.py:63} INFO - Started process 2814 to run task
[2024-11-30T08:39:14.525+0000] {task_command.py:426} INFO - Running <TaskInstance: complete-dag.dbt_run_2 manual__2024-11-30T08:33:53.025918+00:00 [running]> on host e060654747dc
[2024-11-30T08:39:14.653+0000] {taskinstance.py:2648} INFO - Exporting env vars: AIRFLOW_CTX_DAG_OWNER='***' AIRFLOW_CTX_DAG_ID='complete-dag' AIRFLOW_CTX_TASK_ID='dbt_run_2' AIRFLOW_CTX_EXECUTION_DATE='2024-11-30T08:33:53.025918+00:00' AIRFLOW_CTX_TRY_NUMBER='1' AIRFLOW_CTX_DAG_RUN_ID='manual__2024-11-30T08:33:53.025918+00:00'
[2024-11-30T08:39:14.654+0000] {taskinstance.py:430} INFO - ::endgroup::
[2024-11-30T08:39:14.655+0000] {subprocess.py:63} INFO - Tmp dir root location: /tmp
[2024-11-30T08:39:14.657+0000] {subprocess.py:75} INFO - Running command: ['/usr/bin/bash', '-c', '/home/***/.local/bin/dbt run --profiles-dir /opt/***/dbt_viz --project-dir /opt/***/dbt_viz']
[2024-11-30T08:39:14.673+0000] {subprocess.py:86} INFO - Output:
[2024-11-30T08:39:17.532+0000] {subprocess.py:93} INFO - [0m08:39:17  Running with dbt=1.8.7
[2024-11-30T08:39:19.175+0000] {subprocess.py:93} INFO - [0m08:39:19  Registered adapter: snowflake=1.8.4
[2024-11-30T08:39:19.902+0000] {subprocess.py:93} INFO - [0m08:39:19  Found 4 models, 1 test, 3 sources, 459 macros
[2024-11-30T08:39:19.907+0000] {subprocess.py:93} INFO - [0m08:39:19
[2024-11-30T08:39:21.772+0000] {subprocess.py:93} INFO - [0m08:39:21  Concurrency: 1 threads (target='dev')
[2024-11-30T08:39:21.773+0000] {subprocess.py:93} INFO - [0m08:39:21
[2024-11-30T08:39:21.826+0000] {subprocess.py:93} INFO - [0m08:39:21  1 of 2 START sql table model analytics.energy_historical_forecast_data ......... [RUN]
[2024-11-30T08:39:23.616+0000] {subprocess.py:93} INFO - [0m08:39:23  1 of 2 OK created sql table model analytics.energy_historical_forecast_data .... [[32mSUCCESS 1[0m in 1.79s]
[2024-11-30T08:39:23.620+0000] {subprocess.py:93} INFO - [0m08:39:23  2 of 2 START sql table model analytics.energy_demand_final_data ................ [RUN]
[2024-11-30T08:39:25.011+0000] {subprocess.py:93} INFO - [0m08:39:25  2 of 2 OK created sql table model analytics.energy_demand_final_data ........... [[32mSUCCESS 1[0m in 1.39s]
[2024-11-30T08:39:25.019+0000] {subprocess.py:93} INFO - [0m08:39:25
[2024-11-30T08:39:25.020+0000] {subprocess.py:93} INFO - [0m08:39:25  Finished running 2 table models in 0 hours 0 minutes and 5.11 seconds (5.11s).
[2024-11-30T08:39:25.113+0000] {subprocess.py:93} INFO - [0m08:39:25
[2024-11-30T08:39:25.116+0000] {subprocess.py:93} INFO - [0m08:39:25  [32mCompleted successfully[0m
[2024-11-30T08:39:25.118+0000] {subprocess.py:93} INFO - [0m08:39:25
[2024-11-30T08:39:25.119+0000] {subprocess.py:93} INFO - [0m08:39:25  Done. PASS=2 WARN=0 ERROR=0 SKIP=0 TOTAL=2
[2024-11-30T08:39:26.027+0000] {subprocess.py:97} INFO - Command exited with return code 0
[2024-11-30T08:39:26.030+0000] {taskinstance.py:441} INFO - ::group::Post task execution logs
[2024-11-30T08:39:26.061+0000] {taskinstance.py:1206} INFO - Marking task as SUCCESS. dag_id=complete-dag, task_id=dbt_run_2, run_id=manual__2024-11-30T08:33:53.025918+00:00, execution_date=20241130T083353, start_date=20241130T083914, end_date=20241130T083926
[2024-11-30T08:39:26.116+0000] {local_task_job_runner.py:240} INFO - Task exited with return code 0
[2024-11-30T08:39:26.142+0000] {taskinstance.py:3498} INFO - 1 downstream tasks scheduled from follow-on schedule check
[2024-11-30T08:39:26.146+0000] {local_task_job_runner.py:222} INFO - ::endgroup::
