[2024-11-12T06:35:59.811+0000] {local_task_job_runner.py:120} INFO - ::group::Pre task execution logs
[2024-11-12T06:36:00.379+0000] {taskinstance.py:2076} INFO - Dependencies all met for dep_context=non-requeueable deps ti=<TaskInstance: BuildELT_dbt.dbt_run manual__2024-11-12T06:35:52.914328+00:00 [queued]>
[2024-11-12T06:36:00.423+0000] {taskinstance.py:2076} INFO - Dependencies all met for dep_context=requeueable deps ti=<TaskInstance: BuildELT_dbt.dbt_run manual__2024-11-12T06:35:52.914328+00:00 [queued]>
[2024-11-12T06:36:00.424+0000] {taskinstance.py:2306} INFO - Starting attempt 1 of 1
[2024-11-12T06:36:00.493+0000] {taskinstance.py:2330} INFO - Executing <Task(BashOperator): dbt_run> on 2024-11-12 06:35:52.914328+00:00
[2024-11-12T06:36:00.640+0000] {standard_task_runner.py:90} INFO - Running: ['***', 'tasks', 'run', 'BuildELT_dbt', 'dbt_run', 'manual__2024-11-12T06:35:52.914328+00:00', '--job-id', '159', '--raw', '--subdir', 'DAGS_FOLDER/build_elt_with_dbt.py', '--cfg-path', '/tmp/tmpewxqcf36']
[2024-11-12T06:36:00.644+0000] {standard_task_runner.py:91} INFO - Job 159: Subtask dbt_run
[2024-11-12T06:36:00.675+0000] {logging_mixin.py:188} WARNING - /home/***/.local/lib/python3.12/site-packages/***/task/task_runner/standard_task_runner.py:61 DeprecationWarning: This process (pid=5696) is multi-threaded, use of fork() may lead to deadlocks in the child.
[2024-11-12T06:36:00.677+0000] {standard_task_runner.py:63} INFO - Started process 5697 to run task
[2024-11-12T06:36:01.021+0000] {task_command.py:426} INFO - Running <TaskInstance: BuildELT_dbt.dbt_run manual__2024-11-12T06:35:52.914328+00:00 [running]> on host e9e87141c083
[2024-11-12T06:36:01.449+0000] {taskinstance.py:2648} INFO - Exporting env vars: AIRFLOW_CTX_DAG_OWNER='***' AIRFLOW_CTX_DAG_ID='BuildELT_dbt' AIRFLOW_CTX_TASK_ID='dbt_run' AIRFLOW_CTX_EXECUTION_DATE='2024-11-12T06:35:52.914328+00:00' AIRFLOW_CTX_TRY_NUMBER='1' AIRFLOW_CTX_DAG_RUN_ID='manual__2024-11-12T06:35:52.914328+00:00'
[2024-11-12T06:36:01.452+0000] {taskinstance.py:430} INFO - ::endgroup::
[2024-11-12T06:36:01.564+0000] {subprocess.py:63} INFO - Tmp dir root location: /tmp
[2024-11-12T06:36:01.589+0000] {subprocess.py:75} INFO - Running command: ['/usr/bin/bash', '-c', '/home/***/.local/bin/dbt run --profiles-dir /opt/***/dbt --project-dir /opt/***/dbt']
[2024-11-12T06:36:01.621+0000] {subprocess.py:86} INFO - Output:
[2024-11-12T06:36:06.689+0000] {subprocess.py:93} INFO - [0m06:36:06  Running with dbt=1.8.7
[2024-11-12T06:36:09.080+0000] {subprocess.py:93} INFO - [0m06:36:09  Registered adapter: snowflake=1.8.4
[2024-11-12T06:36:09.283+0000] {subprocess.py:93} INFO - [0m06:36:09  Unable to do partial parsing because saved manifest not found. Starting full parse.
[2024-11-12T06:36:12.512+0000] {subprocess.py:93} INFO - [0m06:36:12  Found 5 models, 1 snapshot, 2 data tests, 2 sources, 459 macros
[2024-11-12T06:36:12.517+0000] {subprocess.py:93} INFO - [0m06:36:12
[2024-11-12T06:36:14.541+0000] {subprocess.py:93} INFO - [0m06:36:14  Concurrency: 1 threads (target='dev')
[2024-11-12T06:36:14.542+0000] {subprocess.py:93} INFO - [0m06:36:14
[2024-11-12T06:36:14.557+0000] {subprocess.py:93} INFO - [0m06:36:14  1 of 5 START sql view model analytics.stock_table .............................. [RUN]
[2024-11-12T06:36:15.554+0000] {subprocess.py:93} INFO - [0m06:36:15  1 of 5 OK created sql view model analytics.stock_table ......................... [[32mSUCCESS 1[0m in 0.99s]
[2024-11-12T06:36:15.559+0000] {subprocess.py:93} INFO - [0m06:36:15  2 of 5 START sql view model analytics.daily_price_return ....................... [RUN]
[2024-11-12T06:36:16.427+0000] {subprocess.py:93} INFO - [0m06:36:16  2 of 5 OK created sql view model analytics.daily_price_return .................. [[32mSUCCESS 1[0m in 0.86s]
[2024-11-12T06:36:16.430+0000] {subprocess.py:93} INFO - [0m06:36:16  3 of 5 START sql view model analytics.stock_summary ............................ [RUN]
[2024-11-12T06:36:17.269+0000] {subprocess.py:93} INFO - [0m06:36:17  3 of 5 OK created sql view model analytics.stock_summary ....................... [[32mSUCCESS 1[0m in 0.84s]
[2024-11-12T06:36:17.273+0000] {subprocess.py:93} INFO - [0m06:36:17  4 of 5 START sql view model analytics.stock_trend .............................. [RUN]
[2024-11-12T06:36:18.123+0000] {subprocess.py:93} INFO - [0m06:36:18  4 of 5 OK created sql view model analytics.stock_trend ......................... [[32mSUCCESS 1[0m in 0.85s]
[2024-11-12T06:36:18.128+0000] {subprocess.py:93} INFO - [0m06:36:18  5 of 5 START sql table model analytics.stock_indicators ........................ [RUN]
[2024-11-12T06:36:19.559+0000] {subprocess.py:93} INFO - [0m06:36:19  5 of 5 OK created sql table model analytics.stock_indicators ................... [[32mSUCCESS 1[0m in 1.43s]
[2024-11-12T06:36:19.564+0000] {subprocess.py:93} INFO - [0m06:36:19
[2024-11-12T06:36:19.565+0000] {subprocess.py:93} INFO - [0m06:36:19  Finished running 4 view models, 1 table model in 0 hours 0 minutes and 7.05 seconds (7.05s).
[2024-11-12T06:36:19.629+0000] {subprocess.py:93} INFO - [0m06:36:19
[2024-11-12T06:36:19.630+0000] {subprocess.py:93} INFO - [0m06:36:19  [32mCompleted successfully[0m
[2024-11-12T06:36:19.631+0000] {subprocess.py:93} INFO - [0m06:36:19
[2024-11-12T06:36:19.632+0000] {subprocess.py:93} INFO - [0m06:36:19  Done. PASS=5 WARN=0 ERROR=0 SKIP=0 TOTAL=5
[2024-11-12T06:36:20.551+0000] {subprocess.py:97} INFO - Command exited with return code 0
[2024-11-12T06:36:20.564+0000] {taskinstance.py:441} INFO - ::group::Post task execution logs
[2024-11-12T06:36:20.673+0000] {taskinstance.py:1206} INFO - Marking task as SUCCESS. dag_id=BuildELT_dbt, task_id=dbt_run, run_id=manual__2024-11-12T06:35:52.914328+00:00, execution_date=20241112T063552, start_date=20241112T063600, end_date=20241112T063620
[2024-11-12T06:36:20.756+0000] {local_task_job_runner.py:240} INFO - Task exited with return code 0
[2024-11-12T06:36:20.812+0000] {taskinstance.py:3498} INFO - 0 downstream tasks scheduled from follow-on schedule check
[2024-11-12T06:36:20.816+0000] {local_task_job_runner.py:222} INFO - ::endgroup::
