[2024-12-05T07:44:26.566+0000] {local_task_job_runner.py:120} INFO - ::group::Pre task execution logs
[2024-12-05T07:44:26.621+0000] {taskinstance.py:2076} INFO - Dependencies all met for dep_context=non-requeueable deps ti=<TaskInstance: complete-dag.dbt_snapshot manual__2024-12-05T07:43:36.332444+00:00 [queued]>
[2024-12-05T07:44:26.636+0000] {taskinstance.py:2076} INFO - Dependencies all met for dep_context=requeueable deps ti=<TaskInstance: complete-dag.dbt_snapshot manual__2024-12-05T07:43:36.332444+00:00 [queued]>
[2024-12-05T07:44:26.638+0000] {taskinstance.py:2306} INFO - Starting attempt 1 of 1
[2024-12-05T07:44:26.662+0000] {taskinstance.py:2330} INFO - Executing <Task(BashOperator): dbt_snapshot> on 2024-12-05 07:43:36.332444+00:00
[2024-12-05T07:44:26.677+0000] {logging_mixin.py:188} WARNING - /home/***/.local/lib/python3.12/site-packages/***/task/task_runner/standard_task_runner.py:61 DeprecationWarning: This process (pid=1906) is multi-threaded, use of fork() may lead to deadlocks in the child.
[2024-12-05T07:44:26.677+0000] {standard_task_runner.py:90} INFO - Running: ['***', 'tasks', 'run', 'complete-dag', 'dbt_snapshot', 'manual__2024-12-05T07:43:36.332444+00:00', '--job-id', '531', '--raw', '--subdir', 'DAGS_FOLDER/complete_dag.py', '--cfg-path', '/tmp/tmpjdshz2_q']
[2024-12-05T07:44:26.678+0000] {standard_task_runner.py:63} INFO - Started process 1909 to run task
[2024-12-05T07:44:26.679+0000] {standard_task_runner.py:91} INFO - Job 531: Subtask dbt_snapshot
[2024-12-05T07:44:26.758+0000] {task_command.py:426} INFO - Running <TaskInstance: complete-dag.dbt_snapshot manual__2024-12-05T07:43:36.332444+00:00 [running]> on host e060654747dc
[2024-12-05T07:44:26.981+0000] {taskinstance.py:2648} INFO - Exporting env vars: AIRFLOW_CTX_DAG_OWNER='***' AIRFLOW_CTX_DAG_ID='complete-dag' AIRFLOW_CTX_TASK_ID='dbt_snapshot' AIRFLOW_CTX_EXECUTION_DATE='2024-12-05T07:43:36.332444+00:00' AIRFLOW_CTX_TRY_NUMBER='1' AIRFLOW_CTX_DAG_RUN_ID='manual__2024-12-05T07:43:36.332444+00:00'
[2024-12-05T07:44:26.983+0000] {taskinstance.py:430} INFO - ::endgroup::
[2024-12-05T07:44:26.985+0000] {subprocess.py:63} INFO - Tmp dir root location: /tmp
[2024-12-05T07:44:26.989+0000] {subprocess.py:75} INFO - Running command: ['/usr/bin/bash', '-c', '/home/***/.local/bin/dbt snapshot --profiles-dir /opt/***/dbt --project-dir /opt/***/dbt']
[2024-12-05T07:44:27.010+0000] {subprocess.py:86} INFO - Output:
[2024-12-05T07:44:30.694+0000] {subprocess.py:93} INFO - [0m07:44:30  Running with dbt=1.8.7
[2024-12-05T07:44:32.090+0000] {subprocess.py:93} INFO - [0m07:44:32  Registered adapter: snowflake=1.8.4
[2024-12-05T07:44:32.999+0000] {subprocess.py:93} INFO - [0m07:44:32  Found 5 models, 1 test, 2 snapshots, 4 sources, 459 macros
[2024-12-05T07:44:33.003+0000] {subprocess.py:93} INFO - [0m07:44:33
[2024-12-05T07:44:34.838+0000] {subprocess.py:93} INFO - [0m07:44:34  Concurrency: 1 threads (target='dev')
[2024-12-05T07:44:34.839+0000] {subprocess.py:93} INFO - [0m07:44:34
[2024-12-05T07:44:34.853+0000] {subprocess.py:93} INFO - [0m07:44:34  1 of 2 START snapshot snapshot.electricity_weather_historical_snapshot ......... [RUN]
[2024-12-05T07:44:38.777+0000] {subprocess.py:93} INFO - [0m07:44:38  1 of 2 OK snapshotted snapshot.electricity_weather_historical_snapshot ......... [[32mSUCCESS 0[0m in 3.91s]
[2024-12-05T07:44:38.784+0000] {subprocess.py:93} INFO - [0m07:44:38  2 of 2 START snapshot snapshot.weather_forecast_snapshot ....................... [RUN]
[2024-12-05T07:44:42.340+0000] {subprocess.py:93} INFO - [0m07:44:42  2 of 2 OK snapshotted snapshot.weather_forecast_snapshot ....................... [[32mSUCCESS 0[0m in 3.55s]
[2024-12-05T07:44:42.351+0000] {subprocess.py:93} INFO - [0m07:44:42
[2024-12-05T07:44:42.352+0000] {subprocess.py:93} INFO - [0m07:44:42  Finished running 2 snapshots in 0 hours 0 minutes and 9.35 seconds (9.35s).
[2024-12-05T07:44:42.464+0000] {subprocess.py:93} INFO - [0m07:44:42
[2024-12-05T07:44:42.466+0000] {subprocess.py:93} INFO - [0m07:44:42  [32mCompleted successfully[0m
[2024-12-05T07:44:42.468+0000] {subprocess.py:93} INFO - [0m07:44:42
[2024-12-05T07:44:42.470+0000] {subprocess.py:93} INFO - [0m07:44:42  Done. PASS=2 WARN=0 ERROR=0 SKIP=0 TOTAL=2
[2024-12-05T07:44:43.424+0000] {subprocess.py:97} INFO - Command exited with return code 0
[2024-12-05T07:44:43.426+0000] {taskinstance.py:441} INFO - ::group::Post task execution logs
[2024-12-05T07:44:43.467+0000] {taskinstance.py:1206} INFO - Marking task as SUCCESS. dag_id=complete-dag, task_id=dbt_snapshot, run_id=manual__2024-12-05T07:43:36.332444+00:00, execution_date=20241205T074336, start_date=20241205T074426, end_date=20241205T074443
[2024-12-05T07:44:43.510+0000] {local_task_job_runner.py:240} INFO - Task exited with return code 0
[2024-12-05T07:44:43.533+0000] {local_task_job_runner.py:222} INFO - ::endgroup::
