[2024-12-05T07:40:06.301+0000] {local_task_job_runner.py:120} INFO - ::group::Pre task execution logs
[2024-12-05T07:40:06.366+0000] {taskinstance.py:2076} INFO - Dependencies all met for dep_context=non-requeueable deps ti=<TaskInstance: dbt-viz-dag.dbt_run manual__2024-12-05T07:40:05.189154+00:00 [queued]>
[2024-12-05T07:40:06.379+0000] {taskinstance.py:2076} INFO - Dependencies all met for dep_context=requeueable deps ti=<TaskInstance: dbt-viz-dag.dbt_run manual__2024-12-05T07:40:05.189154+00:00 [queued]>
[2024-12-05T07:40:06.380+0000] {taskinstance.py:2306} INFO - Starting attempt 1 of 1
[2024-12-05T07:40:06.407+0000] {taskinstance.py:2330} INFO - Executing <Task(BashOperator): dbt_run> on 2024-12-05 07:40:05.189154+00:00
[2024-12-05T07:40:06.418+0000] {standard_task_runner.py:90} INFO - Running: ['***', 'tasks', 'run', 'dbt-viz-dag', 'dbt_run', 'manual__2024-12-05T07:40:05.189154+00:00', '--job-id', '520', '--raw', '--subdir', 'DAGS_FOLDER/dbt-viz-dag.py', '--cfg-path', '/tmp/tmp1lqzbgj0']
[2024-12-05T07:40:06.422+0000] {standard_task_runner.py:91} INFO - Job 520: Subtask dbt_run
[2024-12-05T07:40:06.428+0000] {logging_mixin.py:188} WARNING - /home/***/.local/lib/python3.12/site-packages/***/task/task_runner/standard_task_runner.py:61 DeprecationWarning: This process (pid=1577) is multi-threaded, use of fork() may lead to deadlocks in the child.
[2024-12-05T07:40:06.430+0000] {standard_task_runner.py:63} INFO - Started process 1578 to run task
[2024-12-05T07:40:06.485+0000] {task_command.py:426} INFO - Running <TaskInstance: dbt-viz-dag.dbt_run manual__2024-12-05T07:40:05.189154+00:00 [running]> on host e060654747dc
[2024-12-05T07:40:06.741+0000] {taskinstance.py:2648} INFO - Exporting env vars: AIRFLOW_CTX_DAG_OWNER='***' AIRFLOW_CTX_DAG_ID='dbt-viz-dag' AIRFLOW_CTX_TASK_ID='dbt_run' AIRFLOW_CTX_EXECUTION_DATE='2024-12-05T07:40:05.189154+00:00' AIRFLOW_CTX_TRY_NUMBER='1' AIRFLOW_CTX_DAG_RUN_ID='manual__2024-12-05T07:40:05.189154+00:00'
[2024-12-05T07:40:06.742+0000] {taskinstance.py:430} INFO - ::endgroup::
[2024-12-05T07:40:06.771+0000] {subprocess.py:63} INFO - Tmp dir root location: /tmp
[2024-12-05T07:40:06.774+0000] {subprocess.py:75} INFO - Running command: ['/usr/bin/bash', '-c', '/home/***/.local/bin/dbt run --profiles-dir /opt/***/dbt_viz --project-dir /opt/***/dbt_viz']
[2024-12-05T07:40:06.791+0000] {subprocess.py:86} INFO - Output:
[2024-12-05T07:40:10.328+0000] {subprocess.py:93} INFO - [0m07:40:10  Running with dbt=1.8.7
[2024-12-05T07:40:12.086+0000] {subprocess.py:93} INFO - [0m07:40:12  Registered adapter: snowflake=1.8.4
[2024-12-05T07:40:13.270+0000] {subprocess.py:93} INFO - [0m07:40:13  [[33mWARNING[0m]: Deprecated functionality
[2024-12-05T07:40:13.270+0000] {subprocess.py:93} INFO - The `tests` config has been renamed to `data_tests`. Please see
[2024-12-05T07:40:13.271+0000] {subprocess.py:93} INFO - https://docs.getdbt.com/docs/build/data-tests#new-data_tests-syntax for more
[2024-12-05T07:40:13.272+0000] {subprocess.py:93} INFO - information.
[2024-12-05T07:40:13.789+0000] {subprocess.py:93} INFO - [0m07:40:13  Found 4 models, 1 snapshot, 1 test, 3 sources, 459 macros
[2024-12-05T07:40:13.795+0000] {subprocess.py:93} INFO - [0m07:40:13
[2024-12-05T07:40:16.108+0000] {subprocess.py:93} INFO - [0m07:40:16  Concurrency: 1 threads (target='dev')
[2024-12-05T07:40:16.110+0000] {subprocess.py:93} INFO - [0m07:40:16
[2024-12-05T07:40:16.217+0000] {subprocess.py:93} INFO - [0m07:40:16  1 of 2 START sql table model analytics.energy_historical_forecast_data ......... [RUN]
[2024-12-05T07:40:17.662+0000] {subprocess.py:93} INFO - [0m07:40:17  1 of 2 OK created sql table model analytics.energy_historical_forecast_data .... [[32mSUCCESS 1[0m in 1.44s]
[2024-12-05T07:40:17.670+0000] {subprocess.py:93} INFO - [0m07:40:17  2 of 2 START sql table model analytics.energy_demand_final_data ................ [RUN]
[2024-12-05T07:40:18.859+0000] {subprocess.py:93} INFO - [0m07:40:18  2 of 2 OK created sql table model analytics.energy_demand_final_data ........... [[32mSUCCESS 1[0m in 1.18s]
[2024-12-05T07:40:18.882+0000] {subprocess.py:93} INFO - [0m07:40:18
[2024-12-05T07:40:18.885+0000] {subprocess.py:93} INFO - [0m07:40:18  Finished running 2 table models in 0 hours 0 minutes and 5.08 seconds (5.08s).
[2024-12-05T07:40:19.004+0000] {subprocess.py:93} INFO - [0m07:40:19
[2024-12-05T07:40:19.006+0000] {subprocess.py:93} INFO - [0m07:40:19  [32mCompleted successfully[0m
[2024-12-05T07:40:19.008+0000] {subprocess.py:93} INFO - [0m07:40:19
[2024-12-05T07:40:19.009+0000] {subprocess.py:93} INFO - [0m07:40:19  Done. PASS=2 WARN=0 ERROR=0 SKIP=0 TOTAL=2
[2024-12-05T07:40:20.068+0000] {subprocess.py:97} INFO - Command exited with return code 0
[2024-12-05T07:40:20.094+0000] {taskinstance.py:441} INFO - ::group::Post task execution logs
[2024-12-05T07:40:20.155+0000] {taskinstance.py:1206} INFO - Marking task as SUCCESS. dag_id=dbt-viz-dag, task_id=dbt_run, run_id=manual__2024-12-05T07:40:05.189154+00:00, execution_date=20241205T074005, start_date=20241205T074006, end_date=20241205T074020
[2024-12-05T07:40:20.216+0000] {local_task_job_runner.py:240} INFO - Task exited with return code 0
[2024-12-05T07:40:20.261+0000] {taskinstance.py:3498} INFO - 1 downstream tasks scheduled from follow-on schedule check
[2024-12-05T07:40:20.266+0000] {local_task_job_runner.py:222} INFO - ::endgroup::
