[2024-11-30T05:25:38.622+0000] {local_task_job_runner.py:120} INFO - ::group::Pre task execution logs
[2024-11-30T05:25:38.718+0000] {taskinstance.py:2076} INFO - Dependencies all met for dep_context=non-requeueable deps ti=<TaskInstance: dbt-dag.dbt_run manual__2024-11-30T05:25:37.353140+00:00 [queued]>
[2024-11-30T05:25:38.733+0000] {taskinstance.py:2076} INFO - Dependencies all met for dep_context=requeueable deps ti=<TaskInstance: dbt-dag.dbt_run manual__2024-11-30T05:25:37.353140+00:00 [queued]>
[2024-11-30T05:25:38.734+0000] {taskinstance.py:2306} INFO - Starting attempt 1 of 1
[2024-11-30T05:25:38.755+0000] {taskinstance.py:2330} INFO - Executing <Task(BashOperator): dbt_run> on 2024-11-30 05:25:37.353140+00:00
[2024-11-30T05:25:38.765+0000] {standard_task_runner.py:90} INFO - Running: ['***', 'tasks', 'run', 'dbt-dag', 'dbt_run', 'manual__2024-11-30T05:25:37.353140+00:00', '--job-id', '324', '--raw', '--subdir', 'DAGS_FOLDER/dbt-dag.py', '--cfg-path', '/tmp/tmpke1w2_wk']
[2024-11-30T05:25:38.767+0000] {standard_task_runner.py:91} INFO - Job 324: Subtask dbt_run
[2024-11-30T05:25:38.772+0000] {logging_mixin.py:188} WARNING - /home/***/.local/lib/python3.12/site-packages/***/task/task_runner/standard_task_runner.py:61 DeprecationWarning: This process (pid=3925) is multi-threaded, use of fork() may lead to deadlocks in the child.
[2024-11-30T05:25:38.773+0000] {standard_task_runner.py:63} INFO - Started process 3926 to run task
[2024-11-30T05:25:38.812+0000] {task_command.py:426} INFO - Running <TaskInstance: dbt-dag.dbt_run manual__2024-11-30T05:25:37.353140+00:00 [running]> on host b09a94790db6
[2024-11-30T05:25:38.975+0000] {taskinstance.py:2648} INFO - Exporting env vars: AIRFLOW_CTX_DAG_OWNER='***' AIRFLOW_CTX_DAG_ID='dbt-dag' AIRFLOW_CTX_TASK_ID='dbt_run' AIRFLOW_CTX_EXECUTION_DATE='2024-11-30T05:25:37.353140+00:00' AIRFLOW_CTX_TRY_NUMBER='1' AIRFLOW_CTX_DAG_RUN_ID='manual__2024-11-30T05:25:37.353140+00:00'
[2024-11-30T05:25:38.976+0000] {taskinstance.py:430} INFO - ::endgroup::
[2024-11-30T05:25:39.002+0000] {subprocess.py:63} INFO - Tmp dir root location: /tmp
[2024-11-30T05:25:39.004+0000] {subprocess.py:75} INFO - Running command: ['/usr/bin/bash', '-c', '/home/***/.local/bin/dbt run --profiles-dir /opt/***/dbt --project-dir /opt/***/dbt']
[2024-11-30T05:25:39.016+0000] {subprocess.py:86} INFO - Output:
[2024-11-30T05:25:42.235+0000] {subprocess.py:93} INFO - [0m05:25:42  Running with dbt=1.8.7
[2024-11-30T05:25:44.224+0000] {subprocess.py:93} INFO - [0m05:25:44  Registered adapter: snowflake=1.8.4
[2024-11-30T05:25:45.178+0000] {subprocess.py:93} INFO - [0m05:25:45  Found 7 models, 1 test, 4 sources, 459 macros
[2024-11-30T05:25:45.182+0000] {subprocess.py:93} INFO - [0m05:25:45
[2024-11-30T05:25:47.068+0000] {subprocess.py:93} INFO - [0m05:25:47  Concurrency: 1 threads (target='dev')
[2024-11-30T05:25:47.069+0000] {subprocess.py:93} INFO - [0m05:25:47
[2024-11-30T05:25:47.135+0000] {subprocess.py:93} INFO - [0m05:25:47  1 of 4 START sql table model analytics.electricity_weather_combined ............ [RUN]
[2024-11-30T05:25:48.910+0000] {subprocess.py:93} INFO - [0m05:25:48  1 of 4 OK created sql table model analytics.electricity_weather_combined ....... [[32mSUCCESS 1[0m in 1.77s]
[2024-11-30T05:25:48.914+0000] {subprocess.py:93} INFO - [0m05:25:48  2 of 4 START sql table model analytics.electricity_weather_combined_v2 ......... [RUN]
[2024-11-30T05:25:50.314+0000] {subprocess.py:93} INFO - [0m05:25:50  2 of 4 OK created sql table model analytics.electricity_weather_combined_v2 .... [[32mSUCCESS 1[0m in 1.40s]
[2024-11-30T05:25:50.317+0000] {subprocess.py:93} INFO - [0m05:25:50  3 of 4 START sql table model analytics.weather_forecast_predict_input .......... [RUN]
[2024-11-30T05:25:52.017+0000] {subprocess.py:93} INFO - [0m05:25:52  3 of 4 OK created sql table model analytics.weather_forecast_predict_input ..... [[32mSUCCESS 1[0m in 1.70s]
[2024-11-30T05:25:52.021+0000] {subprocess.py:93} INFO - [0m05:25:52  4 of 4 START sql table model analytics.electricity_weather_viz_ready ........... [RUN]
[2024-11-30T05:25:53.720+0000] {subprocess.py:93} INFO - [0m05:25:53  4 of 4 OK created sql table model analytics.electricity_weather_viz_ready ...... [[32mSUCCESS 1[0m in 1.70s]
[2024-11-30T05:25:53.725+0000] {subprocess.py:93} INFO - [0m05:25:53
[2024-11-30T05:25:53.726+0000] {subprocess.py:93} INFO - [0m05:25:53  Finished running 4 table models in 0 hours 0 minutes and 8.54 seconds (8.54s).
[2024-11-30T05:25:53.792+0000] {subprocess.py:93} INFO - [0m05:25:53
[2024-11-30T05:25:53.793+0000] {subprocess.py:93} INFO - [0m05:25:53  [32mCompleted successfully[0m
[2024-11-30T05:25:53.794+0000] {subprocess.py:93} INFO - [0m05:25:53
[2024-11-30T05:25:53.795+0000] {subprocess.py:93} INFO - [0m05:25:53  Done. PASS=4 WARN=0 ERROR=0 SKIP=0 TOTAL=4
[2024-11-30T05:25:54.602+0000] {subprocess.py:97} INFO - Command exited with return code 0
[2024-11-30T05:25:54.603+0000] {taskinstance.py:441} INFO - ::group::Post task execution logs
[2024-11-30T05:25:54.634+0000] {taskinstance.py:1206} INFO - Marking task as SUCCESS. dag_id=dbt-dag, task_id=dbt_run, run_id=manual__2024-11-30T05:25:37.353140+00:00, execution_date=20241130T052537, start_date=20241130T052538, end_date=20241130T052554
[2024-11-30T05:25:54.681+0000] {local_task_job_runner.py:240} INFO - Task exited with return code 0
[2024-11-30T05:25:54.710+0000] {taskinstance.py:3498} INFO - 1 downstream tasks scheduled from follow-on schedule check
[2024-11-30T05:25:54.714+0000] {local_task_job_runner.py:222} INFO - ::endgroup::
