[2024-11-13T18:32:07.443+0000] {local_task_job_runner.py:120} INFO - ::group::Pre task execution logs
[2024-11-13T18:32:07.473+0000] {taskinstance.py:2076} INFO - Dependencies all met for dep_context=non-requeueable deps ti=<TaskInstance: Load_Stock_Data_ETL.load_data manual__2024-11-13T18:31:48.170250+00:00 [queued]>
[2024-11-13T18:32:07.481+0000] {taskinstance.py:2076} INFO - Dependencies all met for dep_context=requeueable deps ti=<TaskInstance: Load_Stock_Data_ETL.load_data manual__2024-11-13T18:31:48.170250+00:00 [queued]>
[2024-11-13T18:32:07.482+0000] {taskinstance.py:2306} INFO - Starting attempt 1 of 1
[2024-11-13T18:32:07.495+0000] {taskinstance.py:2330} INFO - Executing <Task(_PythonDecoratedOperator): load_data> on 2024-11-13 18:31:48.170250+00:00
[2024-11-13T18:32:07.512+0000] {standard_task_runner.py:90} INFO - Running: ['***', 'tasks', 'run', 'Load_Stock_Data_ETL', 'load_data', 'manual__2024-11-13T18:31:48.170250+00:00', '--job-id', '174', '--raw', '--subdir', 'DAGS_FOLDER/load_stock_data_ETL.py', '--cfg-path', '/tmp/tmpruzzzycf']
[2024-11-13T18:32:07.518+0000] {standard_task_runner.py:91} INFO - Job 174: Subtask load_data
[2024-11-13T18:32:07.519+0000] {logging_mixin.py:188} WARNING - /home/***/.local/lib/python3.12/site-packages/***/task/task_runner/standard_task_runner.py:61 DeprecationWarning: This process (pid=664) is multi-threaded, use of fork() may lead to deadlocks in the child.
[2024-11-13T18:32:07.519+0000] {standard_task_runner.py:63} INFO - Started process 667 to run task
[2024-11-13T18:32:07.566+0000] {task_command.py:426} INFO - Running <TaskInstance: Load_Stock_Data_ETL.load_data manual__2024-11-13T18:31:48.170250+00:00 [running]> on host d7a7afbedfaf
[2024-11-13T18:32:07.676+0000] {taskinstance.py:2648} INFO - Exporting env vars: AIRFLOW_CTX_DAG_OWNER='***' AIRFLOW_CTX_DAG_ID='Load_Stock_Data_ETL' AIRFLOW_CTX_TASK_ID='load_data' AIRFLOW_CTX_EXECUTION_DATE='2024-11-13T18:31:48.170250+00:00' AIRFLOW_CTX_TRY_NUMBER='1' AIRFLOW_CTX_DAG_RUN_ID='manual__2024-11-13T18:31:48.170250+00:00'
[2024-11-13T18:32:07.677+0000] {taskinstance.py:430} INFO - ::endgroup::
[2024-11-13T18:32:07.987+0000] {cursor.py:1149} INFO - Number of results in first chunk: 1
[2024-11-13T18:32:08.738+0000] {cursor.py:1149} INFO - Number of results in first chunk: 1
[2024-11-13T18:34:20.207+0000] {cursor.py:1149} INFO - Number of results in first chunk: 1
[2024-11-13T18:34:20.208+0000] {python.py:237} INFO - Done. Returned value was: True
[2024-11-13T18:34:20.208+0000] {taskinstance.py:441} INFO - ::group::Post task execution logs
[2024-11-13T18:34:20.237+0000] {taskinstance.py:1206} INFO - Marking task as SUCCESS. dag_id=Load_Stock_Data_ETL, task_id=load_data, run_id=manual__2024-11-13T18:31:48.170250+00:00, execution_date=20241113T183148, start_date=20241113T183207, end_date=20241113T183420
[2024-11-13T18:34:20.287+0000] {local_task_job_runner.py:240} INFO - Task exited with return code 0
[2024-11-13T18:34:20.308+0000] {taskinstance.py:3498} INFO - 0 downstream tasks scheduled from follow-on schedule check
[2024-11-13T18:34:20.314+0000] {local_task_job_runner.py:222} INFO - ::endgroup::
