[2024-11-28T19:15:50.805+0000] {local_task_job_runner.py:120} INFO - ::group::Pre task execution logs
[2024-11-28T19:15:50.852+0000] {taskinstance.py:2076} INFO - Dependencies all met for dep_context=non-requeueable deps ti=<TaskInstance: Weather_Fetch_Load.fetch_historical_weather scheduled__2024-11-26T20:30:00+00:00 [queued]>
[2024-11-28T19:15:50.862+0000] {taskinstance.py:2076} INFO - Dependencies all met for dep_context=requeueable deps ti=<TaskInstance: Weather_Fetch_Load.fetch_historical_weather scheduled__2024-11-26T20:30:00+00:00 [queued]>
[2024-11-28T19:15:50.863+0000] {taskinstance.py:2306} INFO - Starting attempt 1 of 1
[2024-11-28T19:15:50.880+0000] {taskinstance.py:2330} INFO - Executing <Task(_PythonDecoratedOperator): fetch_historical_weather> on 2024-11-26 20:30:00+00:00
[2024-11-28T19:15:50.903+0000] {standard_task_runner.py:90} INFO - Running: ['***', 'tasks', 'run', 'Weather_Fetch_Load', 'fetch_historical_weather', 'scheduled__2024-11-26T20:30:00+00:00', '--job-id', '215', '--raw', '--subdir', 'DAGS_FOLDER/weather-dag.py', '--cfg-path', '/tmp/tmpuhpkk_xk']
[2024-11-28T19:15:50.906+0000] {standard_task_runner.py:91} INFO - Job 215: Subtask fetch_historical_weather
[2024-11-28T19:15:50.907+0000] {logging_mixin.py:188} WARNING - /home/***/.local/lib/python3.12/site-packages/***/task/task_runner/standard_task_runner.py:61 DeprecationWarning: This process (pid=222) is multi-threaded, use of fork() may lead to deadlocks in the child.
[2024-11-28T19:15:50.908+0000] {standard_task_runner.py:63} INFO - Started process 246 to run task
[2024-11-28T19:15:50.968+0000] {task_command.py:426} INFO - Running <TaskInstance: Weather_Fetch_Load.fetch_historical_weather scheduled__2024-11-26T20:30:00+00:00 [running]> on host fd43cd87157f
[2024-11-28T19:15:51.098+0000] {taskinstance.py:2648} INFO - Exporting env vars: AIRFLOW_CTX_DAG_OWNER='***' AIRFLOW_CTX_DAG_ID='Weather_Fetch_Load' AIRFLOW_CTX_TASK_ID='fetch_historical_weather' AIRFLOW_CTX_EXECUTION_DATE='2024-11-26T20:30:00+00:00' AIRFLOW_CTX_TRY_NUMBER='1' AIRFLOW_CTX_DAG_RUN_ID='scheduled__2024-11-26T20:30:00+00:00'
[2024-11-28T19:15:51.099+0000] {taskinstance.py:430} INFO - ::endgroup::
[2024-11-28T19:15:51.823+0000] {python.py:237} INFO - Done. Returned value was:             Date  temperature_2m_max  ...  windspeed_10m_max  avg_temperature
0     2022-01-01                 8.0  ...               18.0             2.55
1     2022-01-02                 7.0  ...               11.8             1.35
2     2022-01-03                 5.5  ...               11.4             0.55
3     2022-01-04                 4.1  ...               11.7             1.30
4     2022-01-05                 4.8  ...               11.2             0.15
...          ...                 ...  ...                ...              ...
1058  2024-11-24                11.1  ...               15.2             9.10
1059  2024-11-25                 7.7  ...               24.5             2.80
1060  2024-11-26                 2.8  ...               26.4            -0.40
1061  2024-11-27                 NaN  ...                NaN              NaN
1062  2024-11-28                 NaN  ...                NaN              NaN

[1063 rows x 7 columns]
[2024-11-28T19:15:51.864+0000] {taskinstance.py:441} INFO - ::group::Post task execution logs
[2024-11-28T19:15:51.984+0000] {taskinstance.py:1206} INFO - Marking task as SUCCESS. dag_id=Weather_Fetch_Load, task_id=fetch_historical_weather, run_id=scheduled__2024-11-26T20:30:00+00:00, execution_date=20241126T203000, start_date=20241128T191550, end_date=20241128T191551
[2024-11-28T19:15:52.047+0000] {local_task_job_runner.py:240} INFO - Task exited with return code 0
[2024-11-28T19:15:52.068+0000] {taskinstance.py:3498} INFO - 1 downstream tasks scheduled from follow-on schedule check
[2024-11-28T19:15:52.071+0000] {local_task_job_runner.py:222} INFO - ::endgroup::
