[2024-11-30T05:02:05.037+0000] {local_task_job_runner.py:120} INFO - ::group::Pre task execution logs
[2024-11-30T05:02:05.074+0000] {taskinstance.py:2076} INFO - Dependencies all met for dep_context=non-requeueable deps ti=<TaskInstance: complete-dag.dbt_run manual__2024-11-30T05:01:46.054413+00:00 [queued]>
[2024-11-30T05:02:05.084+0000] {taskinstance.py:2076} INFO - Dependencies all met for dep_context=requeueable deps ti=<TaskInstance: complete-dag.dbt_run manual__2024-11-30T05:01:46.054413+00:00 [queued]>
[2024-11-30T05:02:05.085+0000] {taskinstance.py:2306} INFO - Starting attempt 1 of 1
[2024-11-30T05:02:05.099+0000] {taskinstance.py:2330} INFO - Executing <Task(BashOperator): dbt_run> on 2024-11-30 05:01:46.054413+00:00
[2024-11-30T05:02:05.109+0000] {standard_task_runner.py:90} INFO - Running: ['***', 'tasks', 'run', 'complete-dag', 'dbt_run', 'manual__2024-11-30T05:01:46.054413+00:00', '--job-id', '310', '--raw', '--subdir', 'DAGS_FOLDER/complete_dag.py', '--cfg-path', '/tmp/tmp0h2qx1nf']
[2024-11-30T05:02:05.111+0000] {standard_task_runner.py:91} INFO - Job 310: Subtask dbt_run
[2024-11-30T05:02:05.112+0000] {logging_mixin.py:188} WARNING - /home/***/.local/lib/python3.12/site-packages/***/task/task_runner/standard_task_runner.py:61 DeprecationWarning: This process (pid=1824) is multi-threaded, use of fork() may lead to deadlocks in the child.
[2024-11-30T05:02:05.113+0000] {standard_task_runner.py:63} INFO - Started process 1827 to run task
[2024-11-30T05:02:05.156+0000] {task_command.py:426} INFO - Running <TaskInstance: complete-dag.dbt_run manual__2024-11-30T05:01:46.054413+00:00 [running]> on host b09a94790db6
[2024-11-30T05:02:05.281+0000] {taskinstance.py:2648} INFO - Exporting env vars: AIRFLOW_CTX_DAG_OWNER='***' AIRFLOW_CTX_DAG_ID='complete-dag' AIRFLOW_CTX_TASK_ID='dbt_run' AIRFLOW_CTX_EXECUTION_DATE='2024-11-30T05:01:46.054413+00:00' AIRFLOW_CTX_TRY_NUMBER='1' AIRFLOW_CTX_DAG_RUN_ID='manual__2024-11-30T05:01:46.054413+00:00'
[2024-11-30T05:02:05.282+0000] {taskinstance.py:430} INFO - ::endgroup::
[2024-11-30T05:02:05.284+0000] {subprocess.py:63} INFO - Tmp dir root location: /tmp
[2024-11-30T05:02:05.286+0000] {subprocess.py:75} INFO - Running command: ['/usr/bin/bash', '-c', '/home/***/.local/bin/dbt run --profiles-dir /opt/***/dbt --project-dir /opt/***/dbt']
[2024-11-30T05:02:05.301+0000] {subprocess.py:86} INFO - Output:
[2024-11-30T05:02:08.826+0000] {subprocess.py:93} INFO - [0m05:02:08  Running with dbt=1.8.7
[2024-11-30T05:02:10.294+0000] {subprocess.py:93} INFO - [0m05:02:10  Registered adapter: snowflake=1.8.4
[2024-11-30T05:02:10.956+0000] {subprocess.py:93} INFO - [0m05:02:10  Found 7 models, 1 test, 4 sources, 459 macros
[2024-11-30T05:02:10.960+0000] {subprocess.py:93} INFO - [0m05:02:10
[2024-11-30T05:02:12.793+0000] {subprocess.py:93} INFO - [0m05:02:12  Concurrency: 1 threads (target='dev')
[2024-11-30T05:02:12.794+0000] {subprocess.py:93} INFO - [0m05:02:12
[2024-11-30T05:02:12.858+0000] {subprocess.py:93} INFO - [0m05:02:12  1 of 4 START sql table model analytics.electricity_weather_combined ............ [RUN]
[2024-11-30T05:02:14.970+0000] {subprocess.py:93} INFO - [0m05:02:14  1 of 4 OK created sql table model analytics.electricity_weather_combined ....... [[32mSUCCESS 1[0m in 2.11s]
[2024-11-30T05:02:14.974+0000] {subprocess.py:93} INFO - [0m05:02:14  2 of 4 START sql table model analytics.electricity_weather_combined_v2 ......... [RUN]
[2024-11-30T05:02:16.916+0000] {subprocess.py:93} INFO - [0m05:02:16  2 of 4 OK created sql table model analytics.electricity_weather_combined_v2 .... [[32mSUCCESS 1[0m in 1.94s]
[2024-11-30T05:02:16.918+0000] {subprocess.py:93} INFO - [0m05:02:16  3 of 4 START sql table model analytics.weather_forecast_predict_input .......... [RUN]
[2024-11-30T05:02:18.990+0000] {subprocess.py:93} INFO - [0m05:02:18  3 of 4 OK created sql table model analytics.weather_forecast_predict_input ..... [[32mSUCCESS 1[0m in 2.07s]
[2024-11-30T05:02:18.993+0000] {subprocess.py:93} INFO - [0m05:02:18  4 of 4 START sql table model analytics.electricity_weather_viz_ready ........... [RUN]
[2024-11-30T05:02:20.920+0000] {subprocess.py:93} INFO - [0m05:02:20  4 of 4 OK created sql table model analytics.electricity_weather_viz_ready ...... [[32mSUCCESS 1[0m in 1.92s]
[2024-11-30T05:02:20.926+0000] {subprocess.py:93} INFO - [0m05:02:20
[2024-11-30T05:02:20.927+0000] {subprocess.py:93} INFO - [0m05:02:20  Finished running 4 table models in 0 hours 0 minutes and 9.97 seconds (9.97s).
[2024-11-30T05:02:20.982+0000] {subprocess.py:93} INFO - [0m05:02:20
[2024-11-30T05:02:20.983+0000] {subprocess.py:93} INFO - [0m05:02:20  [32mCompleted successfully[0m
[2024-11-30T05:02:20.984+0000] {subprocess.py:93} INFO - [0m05:02:20
[2024-11-30T05:02:20.984+0000] {subprocess.py:93} INFO - [0m05:02:20  Done. PASS=4 WARN=0 ERROR=0 SKIP=0 TOTAL=4
[2024-11-30T05:02:21.735+0000] {subprocess.py:97} INFO - Command exited with return code 0
[2024-11-30T05:02:21.738+0000] {taskinstance.py:441} INFO - ::group::Post task execution logs
[2024-11-30T05:02:21.763+0000] {taskinstance.py:1206} INFO - Marking task as SUCCESS. dag_id=complete-dag, task_id=dbt_run, run_id=manual__2024-11-30T05:01:46.054413+00:00, execution_date=20241130T050146, start_date=20241130T050205, end_date=20241130T050221
[2024-11-30T05:02:21.787+0000] {local_task_job_runner.py:240} INFO - Task exited with return code 0
[2024-11-30T05:02:21.808+0000] {taskinstance.py:3498} INFO - 1 downstream tasks scheduled from follow-on schedule check
[2024-11-30T05:02:21.812+0000] {local_task_job_runner.py:222} INFO - ::endgroup::
