[2024-11-30T08:34:11.278+0000] {local_task_job_runner.py:120} INFO - ::group::Pre task execution logs
[2024-11-30T08:34:11.364+0000] {taskinstance.py:2076} INFO - Dependencies all met for dep_context=non-requeueable deps ti=<TaskInstance: complete-dag.load_electricity_data manual__2024-11-30T08:33:53.025918+00:00 [queued]>
[2024-11-30T08:34:11.377+0000] {taskinstance.py:2076} INFO - Dependencies all met for dep_context=requeueable deps ti=<TaskInstance: complete-dag.load_electricity_data manual__2024-11-30T08:33:53.025918+00:00 [queued]>
[2024-11-30T08:34:11.379+0000] {taskinstance.py:2306} INFO - Starting attempt 1 of 1
[2024-11-30T08:34:11.409+0000] {taskinstance.py:2330} INFO - Executing <Task(_PythonDecoratedOperator): load_electricity_data> on 2024-11-30 08:33:53.025918+00:00
[2024-11-30T08:34:11.422+0000] {standard_task_runner.py:90} INFO - Running: ['***', 'tasks', 'run', 'complete-dag', 'load_electricity_data', 'manual__2024-11-30T08:33:53.025918+00:00', '--job-id', '419', '--raw', '--subdir', 'DAGS_FOLDER/complete_dag.py', '--cfg-path', '/tmp/tmp388l6v9r']
[2024-11-30T08:34:11.424+0000] {standard_task_runner.py:91} INFO - Job 419: Subtask load_electricity_data
[2024-11-30T08:34:11.449+0000] {logging_mixin.py:188} WARNING - /home/***/.local/lib/python3.12/site-packages/***/task/task_runner/standard_task_runner.py:61 DeprecationWarning: This process (pid=2288) is multi-threaded, use of fork() may lead to deadlocks in the child.
[2024-11-30T08:34:11.451+0000] {standard_task_runner.py:63} INFO - Started process 2308 to run task
[2024-11-30T08:34:11.515+0000] {task_command.py:426} INFO - Running <TaskInstance: complete-dag.load_electricity_data manual__2024-11-30T08:33:53.025918+00:00 [running]> on host e060654747dc
[2024-11-30T08:34:12.070+0000] {taskinstance.py:2648} INFO - Exporting env vars: AIRFLOW_CTX_DAG_OWNER='***' AIRFLOW_CTX_DAG_ID='complete-dag' AIRFLOW_CTX_TASK_ID='load_electricity_data' AIRFLOW_CTX_EXECUTION_DATE='2024-11-30T08:33:53.025918+00:00' AIRFLOW_CTX_TRY_NUMBER='1' AIRFLOW_CTX_DAG_RUN_ID='manual__2024-11-30T08:33:53.025918+00:00'
[2024-11-30T08:34:12.074+0000] {taskinstance.py:430} INFO - ::endgroup::
[2024-11-30T08:34:12.208+0000] {cursor.py:1149} INFO - Number of results in first chunk: 1
[2024-11-30T08:34:12.522+0000] {cursor.py:1149} INFO - Number of results in first chunk: 1
[2024-11-30T08:34:14.760+0000] {cursor.py:1149} INFO - Number of results in first chunk: 1
[2024-11-30T08:34:14.761+0000] {python.py:237} INFO - Done. Returned value was: None
[2024-11-30T08:34:14.761+0000] {taskinstance.py:441} INFO - ::group::Post task execution logs
[2024-11-30T08:34:14.773+0000] {taskinstance.py:1206} INFO - Marking task as SUCCESS. dag_id=complete-dag, task_id=load_electricity_data, run_id=manual__2024-11-30T08:33:53.025918+00:00, execution_date=20241130T083353, start_date=20241130T083411, end_date=20241130T083414
[2024-11-30T08:34:14.920+0000] {local_task_job_runner.py:240} INFO - Task exited with return code 0
[2024-11-30T08:34:14.935+0000] {local_task_job_runner.py:222} INFO - ::endgroup::
