[2024-12-05T20:40:02.529+0000] {local_task_job_runner.py:120} INFO - ::group::Pre task execution logs
[2024-12-05T20:40:02.564+0000] {taskinstance.py:2076} INFO - Dependencies all met for dep_context=non-requeueable deps ti=<TaskInstance: complete-dag.fetch_forecast_weather scheduled__2024-12-04T20:40:00+00:00 [queued]>
[2024-12-05T20:40:02.574+0000] {taskinstance.py:2076} INFO - Dependencies all met for dep_context=requeueable deps ti=<TaskInstance: complete-dag.fetch_forecast_weather scheduled__2024-12-04T20:40:00+00:00 [queued]>
[2024-12-05T20:40:02.574+0000] {taskinstance.py:2306} INFO - Starting attempt 1 of 1
[2024-12-05T20:40:02.590+0000] {taskinstance.py:2330} INFO - Executing <Task(_PythonDecoratedOperator): fetch_forecast_weather> on 2024-12-04 20:40:00+00:00
[2024-12-05T20:40:02.601+0000] {standard_task_runner.py:90} INFO - Running: ['***', 'tasks', 'run', 'complete-dag', 'fetch_forecast_weather', 'scheduled__2024-12-04T20:40:00+00:00', '--job-id', '568', '--raw', '--subdir', 'DAGS_FOLDER/complete_dag.py', '--cfg-path', '/tmp/tmpx83zh4bc']
[2024-12-05T20:40:02.603+0000] {standard_task_runner.py:91} INFO - Job 568: Subtask fetch_forecast_weather
[2024-12-05T20:40:02.604+0000] {logging_mixin.py:188} WARNING - /home/***/.local/lib/python3.12/site-packages/***/task/task_runner/standard_task_runner.py:61 DeprecationWarning: This process (pid=864) is multi-threaded, use of fork() may lead to deadlocks in the child.
[2024-12-05T20:40:02.605+0000] {standard_task_runner.py:63} INFO - Started process 873 to run task
[2024-12-05T20:40:02.658+0000] {task_command.py:426} INFO - Running <TaskInstance: complete-dag.fetch_forecast_weather scheduled__2024-12-04T20:40:00+00:00 [running]> on host e060654747dc
[2024-12-05T20:40:02.779+0000] {taskinstance.py:2648} INFO - Exporting env vars: AIRFLOW_CTX_DAG_OWNER='***' AIRFLOW_CTX_DAG_ID='complete-dag' AIRFLOW_CTX_TASK_ID='fetch_forecast_weather' AIRFLOW_CTX_EXECUTION_DATE='2024-12-04T20:40:00+00:00' AIRFLOW_CTX_TRY_NUMBER='1' AIRFLOW_CTX_DAG_RUN_ID='scheduled__2024-12-04T20:40:00+00:00'
[2024-12-05T20:40:02.780+0000] {taskinstance.py:430} INFO - ::endgroup::
[2024-12-05T20:40:03.572+0000] {python.py:237} INFO - Done. Returned value was:          Date  temperature_2m_max  ...  windspeed_10m_max  avg_temperature
0  2024-12-05                 9.9  ...                9.9             4.45
1  2024-12-06                 9.4  ...               30.5             4.75
2  2024-12-07                 5.1  ...               26.3             0.30
3  2024-12-08                 5.8  ...               10.7             0.05
4  2024-12-09                 5.3  ...               10.1             0.60
5  2024-12-10                 4.8  ...               13.9             2.20
6  2024-12-11                 4.9  ...               12.1             0.55

[7 rows x 7 columns]
[2024-12-05T20:40:03.598+0000] {taskinstance.py:441} INFO - ::group::Post task execution logs
[2024-12-05T20:40:03.689+0000] {taskinstance.py:1206} INFO - Marking task as SUCCESS. dag_id=complete-dag, task_id=fetch_forecast_weather, run_id=scheduled__2024-12-04T20:40:00+00:00, execution_date=20241204T204000, start_date=20241205T204002, end_date=20241205T204003
[2024-12-05T20:40:03.743+0000] {local_task_job_runner.py:240} INFO - Task exited with return code 0
[2024-12-05T20:40:03.758+0000] {local_task_job_runner.py:222} INFO - ::endgroup::
