[2024-11-30T20:43:04.419+0000] {local_task_job_runner.py:120} INFO - ::group::Pre task execution logs
[2024-11-30T20:43:04.556+0000] {taskinstance.py:2076} INFO - Dependencies all met for dep_context=non-requeueable deps ti=<TaskInstance: complete-dag.load_weather_data_to_snowflake__1 scheduled__2024-11-29T20:40:00+00:00 [queued]>
[2024-11-30T20:43:04.567+0000] {taskinstance.py:2076} INFO - Dependencies all met for dep_context=requeueable deps ti=<TaskInstance: complete-dag.load_weather_data_to_snowflake__1 scheduled__2024-11-29T20:40:00+00:00 [queued]>
[2024-11-30T20:43:04.568+0000] {taskinstance.py:2306} INFO - Starting attempt 1 of 1
[2024-11-30T20:43:04.584+0000] {taskinstance.py:2330} INFO - Executing <Task(_PythonDecoratedOperator): load_weather_data_to_snowflake__1> on 2024-11-29 20:40:00+00:00
[2024-11-30T20:43:04.600+0000] {standard_task_runner.py:90} INFO - Running: ['***', 'tasks', 'run', 'complete-dag', 'load_weather_data_to_snowflake__1', 'scheduled__2024-11-29T20:40:00+00:00', '--job-id', '432', '--raw', '--subdir', 'DAGS_FOLDER/complete_dag.py', '--cfg-path', '/tmp/tmpenp9kape']
[2024-11-30T20:43:04.607+0000] {standard_task_runner.py:91} INFO - Job 432: Subtask load_weather_data_to_snowflake__1
[2024-11-30T20:43:04.610+0000] {logging_mixin.py:188} WARNING - /home/***/.local/lib/python3.12/site-packages/***/task/task_runner/standard_task_runner.py:61 DeprecationWarning: This process (pid=3585) is multi-threaded, use of fork() may lead to deadlocks in the child.
[2024-11-30T20:43:04.611+0000] {standard_task_runner.py:63} INFO - Started process 3633 to run task
[2024-11-30T20:43:04.702+0000] {task_command.py:426} INFO - Running <TaskInstance: complete-dag.load_weather_data_to_snowflake__1 scheduled__2024-11-29T20:40:00+00:00 [running]> on host e060654747dc
[2024-11-30T20:43:05.226+0000] {taskinstance.py:2648} INFO - Exporting env vars: AIRFLOW_CTX_DAG_OWNER='***' AIRFLOW_CTX_DAG_ID='complete-dag' AIRFLOW_CTX_TASK_ID='load_weather_data_to_snowflake__1' AIRFLOW_CTX_EXECUTION_DATE='2024-11-29T20:40:00+00:00' AIRFLOW_CTX_TRY_NUMBER='1' AIRFLOW_CTX_DAG_RUN_ID='scheduled__2024-11-29T20:40:00+00:00'
[2024-11-30T20:43:05.227+0000] {taskinstance.py:430} INFO - ::endgroup::
[2024-11-30T20:43:05.396+0000] {cursor.py:1149} INFO - Number of results in first chunk: 1
[2024-11-30T20:43:05.964+0000] {cursor.py:1149} INFO - Number of results in first chunk: 1
[2024-11-30T20:43:05.968+0000] {logging_mixin.py:188} WARNING - /opt/***/dags/complete_dag.py:163 FutureWarning: DataFrame.applymap has been deprecated. Use DataFrame.map instead.
[2024-11-30T20:43:05.977+0000] {logging_mixin.py:188} INFO -          Date  temperature_2m_max  ...  windspeed_10m_max  avg_temperature
0  2024-11-30                16.2  ...               11.6            11.25
1  2024-12-01                15.6  ...               24.7             9.85
2  2024-12-02                 6.2  ...               19.1             2.05
3  2024-12-03                 7.6  ...               11.5             2.45
4  2024-12-04                 8.1  ...               13.8             3.10

[5 rows x 7 columns]
[2024-11-30T20:43:06.705+0000] {logging_mixin.py:188} INFO - Successfully inserted 7 rows.
[2024-11-30T20:43:06.824+0000] {cursor.py:1149} INFO - Number of results in first chunk: 1
[2024-11-30T20:43:06.825+0000] {python.py:237} INFO - Done. Returned value was: None
[2024-11-30T20:43:06.825+0000] {taskinstance.py:441} INFO - ::group::Post task execution logs
[2024-11-30T20:43:06.836+0000] {taskinstance.py:1206} INFO - Marking task as SUCCESS. dag_id=complete-dag, task_id=load_weather_data_to_snowflake__1, run_id=scheduled__2024-11-29T20:40:00+00:00, execution_date=20241129T204000, start_date=20241130T204304, end_date=20241130T204306
[2024-11-30T20:43:06.879+0000] {local_task_job_runner.py:240} INFO - Task exited with return code 0
[2024-11-30T20:43:06.890+0000] {local_task_job_runner.py:222} INFO - ::endgroup::
