[2024-11-29T20:44:30.059+0000] {local_task_job_runner.py:120} INFO - ::group::Pre task execution logs
[2024-11-29T20:44:30.157+0000] {taskinstance.py:2076} INFO - Dependencies all met for dep_context=non-requeueable deps ti=<TaskInstance: Weather_Fetch_Load.fetch_historical_weather scheduled__2024-11-28T20:30:00+00:00 [queued]>
[2024-11-29T20:44:30.170+0000] {taskinstance.py:2076} INFO - Dependencies all met for dep_context=requeueable deps ti=<TaskInstance: Weather_Fetch_Load.fetch_historical_weather scheduled__2024-11-28T20:30:00+00:00 [queued]>
[2024-11-29T20:44:30.171+0000] {taskinstance.py:2306} INFO - Starting attempt 1 of 1
[2024-11-29T20:44:30.192+0000] {taskinstance.py:2330} INFO - Executing <Task(_PythonDecoratedOperator): fetch_historical_weather> on 2024-11-28 20:30:00+00:00
[2024-11-29T20:44:30.245+0000] {standard_task_runner.py:90} INFO - Running: ['***', 'tasks', 'run', 'Weather_Fetch_Load', 'fetch_historical_weather', 'scheduled__2024-11-28T20:30:00+00:00', '--job-id', '278', '--raw', '--subdir', 'DAGS_FOLDER/weather-dag.py', '--cfg-path', '/tmp/tmph5j15qwe']
[2024-11-29T20:44:30.249+0000] {standard_task_runner.py:91} INFO - Job 278: Subtask fetch_historical_weather
[2024-11-29T20:44:30.263+0000] {logging_mixin.py:188} WARNING - /home/***/.local/lib/python3.12/site-packages/***/task/task_runner/standard_task_runner.py:61 DeprecationWarning: This process (pid=16276) is multi-threaded, use of fork() may lead to deadlocks in the child.
[2024-11-29T20:44:30.265+0000] {standard_task_runner.py:63} INFO - Started process 16301 to run task
[2024-11-29T20:44:32.643+0000] {task_command.py:426} INFO - Running <TaskInstance: Weather_Fetch_Load.fetch_historical_weather scheduled__2024-11-28T20:30:00+00:00 [running]> on host fd43cd87157f
[2024-11-29T20:44:33.476+0000] {taskinstance.py:2648} INFO - Exporting env vars: AIRFLOW_CTX_DAG_OWNER='***' AIRFLOW_CTX_DAG_ID='Weather_Fetch_Load' AIRFLOW_CTX_TASK_ID='fetch_historical_weather' AIRFLOW_CTX_EXECUTION_DATE='2024-11-28T20:30:00+00:00' AIRFLOW_CTX_TRY_NUMBER='1' AIRFLOW_CTX_DAG_RUN_ID='scheduled__2024-11-28T20:30:00+00:00'
[2024-11-29T20:44:33.479+0000] {taskinstance.py:430} INFO - ::endgroup::
[2024-11-29T20:44:35.551+0000] {python.py:237} INFO - Done. Returned value was:             Date  temperature_2m_max  ...  windspeed_10m_max  avg_temperature
0     2022-01-01                 8.0  ...               18.0             2.55
1     2022-01-02                 7.0  ...               11.8             1.35
2     2022-01-03                 5.5  ...               11.4             0.55
3     2022-01-04                 4.1  ...               11.7             1.30
4     2022-01-05                 4.8  ...               11.2             0.15
...          ...                 ...  ...                ...              ...
1059  2024-11-25                 7.7  ...               24.5             2.80
1060  2024-11-26                 2.8  ...               29.0            -0.40
1061  2024-11-27                 2.9  ...               20.7             1.15
1062  2024-11-28                 NaN  ...                NaN              NaN
1063  2024-11-29                 NaN  ...                NaN              NaN

[1064 rows x 7 columns]
[2024-11-29T20:44:35.597+0000] {taskinstance.py:441} INFO - ::group::Post task execution logs
[2024-11-29T20:44:35.839+0000] {taskinstance.py:1206} INFO - Marking task as SUCCESS. dag_id=Weather_Fetch_Load, task_id=fetch_historical_weather, run_id=scheduled__2024-11-28T20:30:00+00:00, execution_date=20241128T203000, start_date=20241129T204430, end_date=20241129T204435
[2024-11-29T20:44:35.986+0000] {local_task_job_runner.py:240} INFO - Task exited with return code 0
[2024-11-29T20:44:36.033+0000] {taskinstance.py:3498} INFO - 1 downstream tasks scheduled from follow-on schedule check
[2024-11-29T20:44:36.045+0000] {local_task_job_runner.py:222} INFO - ::endgroup::
