[2024-11-30T05:11:58.979+0000] {local_task_job_runner.py:120} INFO - ::group::Pre task execution logs
[2024-11-30T05:11:59.012+0000] {taskinstance.py:2076} INFO - Dependencies all met for dep_context=non-requeueable deps ti=<TaskInstance: complete-dag.train manual__2024-11-30T05:11:03.411452+00:00 [queued]>
[2024-11-30T05:11:59.021+0000] {taskinstance.py:2076} INFO - Dependencies all met for dep_context=requeueable deps ti=<TaskInstance: complete-dag.train manual__2024-11-30T05:11:03.411452+00:00 [queued]>
[2024-11-30T05:11:59.023+0000] {taskinstance.py:2306} INFO - Starting attempt 1 of 1
[2024-11-30T05:11:59.035+0000] {taskinstance.py:2330} INFO - Executing <Task(_PythonDecoratedOperator): train> on 2024-11-30 05:11:03.411452+00:00
[2024-11-30T05:11:59.045+0000] {standard_task_runner.py:90} INFO - Running: ['***', 'tasks', 'run', 'complete-dag', 'train', 'manual__2024-11-30T05:11:03.411452+00:00', '--job-id', '322', '--raw', '--subdir', 'DAGS_FOLDER/complete_dag.py', '--cfg-path', '/tmp/tmpiy4j4rf9']
[2024-11-30T05:11:59.047+0000] {standard_task_runner.py:91} INFO - Job 322: Subtask train
[2024-11-30T05:11:59.051+0000] {logging_mixin.py:188} WARNING - /home/***/.local/lib/python3.12/site-packages/***/task/task_runner/standard_task_runner.py:61 DeprecationWarning: This process (pid=2820) is multi-threaded, use of fork() may lead to deadlocks in the child.
[2024-11-30T05:11:59.052+0000] {standard_task_runner.py:63} INFO - Started process 2823 to run task
[2024-11-30T05:11:59.093+0000] {task_command.py:426} INFO - Running <TaskInstance: complete-dag.train manual__2024-11-30T05:11:03.411452+00:00 [running]> on host b09a94790db6
[2024-11-30T05:11:59.174+0000] {taskinstance.py:2648} INFO - Exporting env vars: AIRFLOW_CTX_DAG_OWNER='***' AIRFLOW_CTX_DAG_ID='complete-dag' AIRFLOW_CTX_TASK_ID='train' AIRFLOW_CTX_EXECUTION_DATE='2024-11-30T05:11:03.411452+00:00' AIRFLOW_CTX_TRY_NUMBER='1' AIRFLOW_CTX_DAG_RUN_ID='manual__2024-11-30T05:11:03.411452+00:00'
[2024-11-30T05:11:59.175+0000] {taskinstance.py:430} INFO - ::endgroup::
[2024-11-30T05:11:59.687+0000] {cursor.py:1149} INFO - Number of results in first chunk: 1
[2024-11-30T05:11:59.688+0000] {complete_dag.py:258} INFO - View created
[2024-11-30T05:15:31.348+0000] {cursor.py:1149} INFO - Number of results in first chunk: 1
[2024-11-30T05:15:31.362+0000] {complete_dag.py:260} INFO - Model for training created
[2024-11-30T05:15:32.798+0000] {cursor.py:1149} INFO - Number of results in first chunk: 28
[2024-11-30T05:15:32.800+0000] {python.py:237} INFO - Done. Returned value was: True
[2024-11-30T05:15:32.805+0000] {taskinstance.py:441} INFO - ::group::Post task execution logs
[2024-11-30T05:15:32.923+0000] {taskinstance.py:1206} INFO - Marking task as SUCCESS. dag_id=complete-dag, task_id=train, run_id=manual__2024-11-30T05:11:03.411452+00:00, execution_date=20241130T051103, start_date=20241130T051159, end_date=20241130T051532
[2024-11-30T05:15:32.982+0000] {local_task_job_runner.py:240} INFO - Task exited with return code 0
[2024-11-30T05:15:33.013+0000] {local_task_job_runner.py:222} INFO - ::endgroup::
