[2024-12-04T02:48:49.800+0000] {local_task_job_runner.py:120} INFO - ::group::Pre task execution logs
[2024-12-04T02:48:49.835+0000] {taskinstance.py:2076} INFO - Dependencies all met for dep_context=non-requeueable deps ti=<TaskInstance: complete-dag.dbt_snapshot_2 scheduled__2024-12-02T20:40:00+00:00 [queued]>
[2024-12-04T02:48:49.847+0000] {taskinstance.py:2076} INFO - Dependencies all met for dep_context=requeueable deps ti=<TaskInstance: complete-dag.dbt_snapshot_2 scheduled__2024-12-02T20:40:00+00:00 [queued]>
[2024-12-04T02:48:49.848+0000] {taskinstance.py:2306} INFO - Starting attempt 1 of 1
[2024-12-04T02:48:49.868+0000] {taskinstance.py:2330} INFO - Executing <Task(BashOperator): dbt_snapshot_2> on 2024-12-02 20:40:00+00:00
[2024-12-04T02:48:49.880+0000] {standard_task_runner.py:90} INFO - Running: ['***', 'tasks', 'run', 'complete-dag', 'dbt_snapshot_2', 'scheduled__2024-12-02T20:40:00+00:00', '--job-id', '477', '--raw', '--subdir', 'DAGS_FOLDER/complete_dag.py', '--cfg-path', '/tmp/tmphirphp_4']
[2024-12-04T02:48:49.882+0000] {standard_task_runner.py:91} INFO - Job 477: Subtask dbt_snapshot_2
[2024-12-04T02:48:49.885+0000] {logging_mixin.py:188} WARNING - /home/***/.local/lib/python3.12/site-packages/***/task/task_runner/standard_task_runner.py:61 DeprecationWarning: This process (pid=573) is multi-threaded, use of fork() may lead to deadlocks in the child.
[2024-12-04T02:48:49.886+0000] {standard_task_runner.py:63} INFO - Started process 576 to run task
[2024-12-04T02:48:49.935+0000] {task_command.py:426} INFO - Running <TaskInstance: complete-dag.dbt_snapshot_2 scheduled__2024-12-02T20:40:00+00:00 [running]> on host e060654747dc
[2024-12-04T02:48:50.088+0000] {taskinstance.py:2648} INFO - Exporting env vars: AIRFLOW_CTX_DAG_OWNER='***' AIRFLOW_CTX_DAG_ID='complete-dag' AIRFLOW_CTX_TASK_ID='dbt_snapshot_2' AIRFLOW_CTX_EXECUTION_DATE='2024-12-02T20:40:00+00:00' AIRFLOW_CTX_TRY_NUMBER='1' AIRFLOW_CTX_DAG_RUN_ID='scheduled__2024-12-02T20:40:00+00:00'
[2024-12-04T02:48:50.089+0000] {taskinstance.py:430} INFO - ::endgroup::
[2024-12-04T02:48:50.090+0000] {subprocess.py:63} INFO - Tmp dir root location: /tmp
[2024-12-04T02:48:50.092+0000] {subprocess.py:75} INFO - Running command: ['/usr/bin/bash', '-c', '/home/***/.local/bin/dbt snapshot --profiles-dir /opt/***/dbt_viz --project-dir /opt/***/dbt_viz']
[2024-12-04T02:48:50.112+0000] {subprocess.py:86} INFO - Output:
[2024-12-04T02:48:52.951+0000] {subprocess.py:93} INFO - [0m02:48:52  Running with dbt=1.8.7
[2024-12-04T02:48:54.202+0000] {subprocess.py:93} INFO - [0m02:48:54  Registered adapter: snowflake=1.8.4
[2024-12-04T02:48:54.887+0000] {subprocess.py:93} INFO - [0m02:48:54  Found 4 models, 1 test, 3 sources, 459 macros
[2024-12-04T02:48:54.891+0000] {subprocess.py:93} INFO - [0m02:48:54
[2024-12-04T02:48:54.892+0000] {subprocess.py:93} INFO - [0m02:48:54  Nothing to do. Try checking your model configs and model specification args
[2024-12-04T02:48:55.812+0000] {subprocess.py:97} INFO - Command exited with return code 0
[2024-12-04T02:48:55.814+0000] {taskinstance.py:441} INFO - ::group::Post task execution logs
[2024-12-04T02:48:55.838+0000] {taskinstance.py:1206} INFO - Marking task as SUCCESS. dag_id=complete-dag, task_id=dbt_snapshot_2, run_id=scheduled__2024-12-02T20:40:00+00:00, execution_date=20241202T204000, start_date=20241204T024849, end_date=20241204T024855
[2024-12-04T02:48:55.884+0000] {local_task_job_runner.py:240} INFO - Task exited with return code 0
[2024-12-04T02:48:55.899+0000] {taskinstance.py:3498} INFO - 0 downstream tasks scheduled from follow-on schedule check
[2024-12-04T02:48:55.902+0000] {local_task_job_runner.py:222} INFO - ::endgroup::
