[2024-11-30T05:27:20.033+0000] {local_task_job_runner.py:120} INFO - ::group::Pre task execution logs
[2024-11-30T05:27:20.068+0000] {taskinstance.py:2076} INFO - Dependencies all met for dep_context=non-requeueable deps ti=<TaskInstance: dbt-dag.dbt_run manual__2024-11-30T05:27:18.121775+00:00 [queued]>
[2024-11-30T05:27:20.077+0000] {taskinstance.py:2076} INFO - Dependencies all met for dep_context=requeueable deps ti=<TaskInstance: dbt-dag.dbt_run manual__2024-11-30T05:27:18.121775+00:00 [queued]>
[2024-11-30T05:27:20.078+0000] {taskinstance.py:2306} INFO - Starting attempt 1 of 1
[2024-11-30T05:27:20.093+0000] {taskinstance.py:2330} INFO - Executing <Task(BashOperator): dbt_run> on 2024-11-30 05:27:18.121775+00:00
[2024-11-30T05:27:20.102+0000] {standard_task_runner.py:90} INFO - Running: ['***', 'tasks', 'run', 'dbt-dag', 'dbt_run', 'manual__2024-11-30T05:27:18.121775+00:00', '--job-id', '327', '--raw', '--subdir', 'DAGS_FOLDER/dbt-dag.py', '--cfg-path', '/tmp/tmp7veeszos']
[2024-11-30T05:27:20.104+0000] {standard_task_runner.py:91} INFO - Job 327: Subtask dbt_run
[2024-11-30T05:27:20.117+0000] {logging_mixin.py:188} WARNING - /home/***/.local/lib/python3.12/site-packages/***/task/task_runner/standard_task_runner.py:61 DeprecationWarning: This process (pid=4137) is multi-threaded, use of fork() may lead to deadlocks in the child.
[2024-11-30T05:27:20.119+0000] {standard_task_runner.py:63} INFO - Started process 4138 to run task
[2024-11-30T05:27:20.155+0000] {task_command.py:426} INFO - Running <TaskInstance: dbt-dag.dbt_run manual__2024-11-30T05:27:18.121775+00:00 [running]> on host b09a94790db6
[2024-11-30T05:27:20.320+0000] {taskinstance.py:2648} INFO - Exporting env vars: AIRFLOW_CTX_DAG_OWNER='***' AIRFLOW_CTX_DAG_ID='dbt-dag' AIRFLOW_CTX_TASK_ID='dbt_run' AIRFLOW_CTX_EXECUTION_DATE='2024-11-30T05:27:18.121775+00:00' AIRFLOW_CTX_TRY_NUMBER='1' AIRFLOW_CTX_DAG_RUN_ID='manual__2024-11-30T05:27:18.121775+00:00'
[2024-11-30T05:27:20.326+0000] {taskinstance.py:430} INFO - ::endgroup::
[2024-11-30T05:27:20.351+0000] {subprocess.py:63} INFO - Tmp dir root location: /tmp
[2024-11-30T05:27:20.354+0000] {subprocess.py:75} INFO - Running command: ['/usr/bin/bash', '-c', '/home/***/.local/bin/dbt run --profiles-dir /opt/***/dbt --project-dir /opt/***/dbt']
[2024-11-30T05:27:20.369+0000] {subprocess.py:86} INFO - Output:
[2024-11-30T05:27:22.818+0000] {subprocess.py:93} INFO - [0m05:27:22  Running with dbt=1.8.7
[2024-11-30T05:27:24.045+0000] {subprocess.py:93} INFO - [0m05:27:24  Registered adapter: snowflake=1.8.4
[2024-11-30T05:27:24.874+0000] {subprocess.py:93} INFO - [0m05:27:24  Found 7 models, 1 test, 4 sources, 459 macros
[2024-11-30T05:27:24.879+0000] {subprocess.py:93} INFO - [0m05:27:24
[2024-11-30T05:27:26.650+0000] {subprocess.py:93} INFO - [0m05:27:26  Concurrency: 1 threads (target='dev')
[2024-11-30T05:27:26.651+0000] {subprocess.py:93} INFO - [0m05:27:26
[2024-11-30T05:27:26.726+0000] {subprocess.py:93} INFO - [0m05:27:26  1 of 4 START sql table model analytics.electricity_weather_combined ............ [RUN]
[2024-11-30T05:27:28.275+0000] {subprocess.py:93} INFO - [0m05:27:28  1 of 4 OK created sql table model analytics.electricity_weather_combined ....... [[32mSUCCESS 1[0m in 1.54s]
[2024-11-30T05:27:28.278+0000] {subprocess.py:93} INFO - [0m05:27:28  2 of 4 START sql table model analytics.electricity_weather_combined_v2 ......... [RUN]
[2024-11-30T05:27:29.596+0000] {subprocess.py:93} INFO - [0m05:27:29  2 of 4 OK created sql table model analytics.electricity_weather_combined_v2 .... [[32mSUCCESS 1[0m in 1.31s]
[2024-11-30T05:27:29.601+0000] {subprocess.py:93} INFO - [0m05:27:29  3 of 4 START sql table model analytics.weather_forecast_predict_input .......... [RUN]
[2024-11-30T05:27:31.157+0000] {subprocess.py:93} INFO - [0m05:27:31  3 of 4 OK created sql table model analytics.weather_forecast_predict_input ..... [[32mSUCCESS 1[0m in 1.55s]
[2024-11-30T05:27:31.160+0000] {subprocess.py:93} INFO - [0m05:27:31  4 of 4 START sql table model analytics.electricity_weather_viz_ready ........... [RUN]
[2024-11-30T05:27:32.705+0000] {subprocess.py:93} INFO - [0m05:27:32  4 of 4 OK created sql table model analytics.electricity_weather_viz_ready ...... [[32mSUCCESS 1[0m in 1.54s]
[2024-11-30T05:27:32.713+0000] {subprocess.py:93} INFO - [0m05:27:32
[2024-11-30T05:27:32.717+0000] {subprocess.py:93} INFO - [0m05:27:32  Finished running 4 table models in 0 hours 0 minutes and 7.83 seconds (7.83s).
[2024-11-30T05:27:32.823+0000] {subprocess.py:93} INFO - [0m05:27:32
[2024-11-30T05:27:32.825+0000] {subprocess.py:93} INFO - [0m05:27:32  [32mCompleted successfully[0m
[2024-11-30T05:27:32.826+0000] {subprocess.py:93} INFO - [0m05:27:32
[2024-11-30T05:27:32.828+0000] {subprocess.py:93} INFO - [0m05:27:32  Done. PASS=4 WARN=0 ERROR=0 SKIP=0 TOTAL=4
[2024-11-30T05:27:33.718+0000] {subprocess.py:97} INFO - Command exited with return code 0
[2024-11-30T05:27:33.721+0000] {taskinstance.py:441} INFO - ::group::Post task execution logs
[2024-11-30T05:27:33.751+0000] {taskinstance.py:1206} INFO - Marking task as SUCCESS. dag_id=dbt-dag, task_id=dbt_run, run_id=manual__2024-11-30T05:27:18.121775+00:00, execution_date=20241130T052718, start_date=20241130T052720, end_date=20241130T052733
[2024-11-30T05:27:33.789+0000] {local_task_job_runner.py:240} INFO - Task exited with return code 0
[2024-11-30T05:27:33.817+0000] {taskinstance.py:3498} INFO - 1 downstream tasks scheduled from follow-on schedule check
[2024-11-30T05:27:33.821+0000] {local_task_job_runner.py:222} INFO - ::endgroup::
