[2024-11-13T17:56:19.336+0000] {local_task_job_runner.py:120} INFO - ::group::Pre task execution logs
[2024-11-13T17:56:19.396+0000] {taskinstance.py:2076} INFO - Dependencies all met for dep_context=non-requeueable deps ti=<TaskInstance: BuildELT_dbt.dbt_snapshot scheduled__2024-11-11T20:40:00+00:00 [queued]>
[2024-11-13T17:56:19.405+0000] {taskinstance.py:2076} INFO - Dependencies all met for dep_context=requeueable deps ti=<TaskInstance: BuildELT_dbt.dbt_snapshot scheduled__2024-11-11T20:40:00+00:00 [queued]>
[2024-11-13T17:56:19.406+0000] {taskinstance.py:2306} INFO - Starting attempt 1 of 1
[2024-11-13T17:56:19.421+0000] {taskinstance.py:2330} INFO - Executing <Task(BashOperator): dbt_snapshot> on 2024-11-11 20:40:00+00:00
[2024-11-13T17:56:19.431+0000] {standard_task_runner.py:90} INFO - Running: ['***', 'tasks', 'run', 'BuildELT_dbt', 'dbt_snapshot', 'scheduled__2024-11-11T20:40:00+00:00', '--job-id', '170', '--raw', '--subdir', 'DAGS_FOLDER/build_elt_with_dbt.py', '--cfg-path', '/tmp/tmpi6ks4jyj']
[2024-11-13T17:56:19.433+0000] {standard_task_runner.py:91} INFO - Job 170: Subtask dbt_snapshot
[2024-11-13T17:56:19.434+0000] {logging_mixin.py:188} WARNING - /home/***/.local/lib/python3.12/site-packages/***/task/task_runner/standard_task_runner.py:61 DeprecationWarning: This process (pid=349) is multi-threaded, use of fork() may lead to deadlocks in the child.
[2024-11-13T17:56:19.435+0000] {standard_task_runner.py:63} INFO - Started process 350 to run task
[2024-11-13T17:56:19.494+0000] {task_command.py:426} INFO - Running <TaskInstance: BuildELT_dbt.dbt_snapshot scheduled__2024-11-11T20:40:00+00:00 [running]> on host e9e87141c083
[2024-11-13T17:56:19.680+0000] {taskinstance.py:2648} INFO - Exporting env vars: AIRFLOW_CTX_DAG_OWNER='***' AIRFLOW_CTX_DAG_ID='BuildELT_dbt' AIRFLOW_CTX_TASK_ID='dbt_snapshot' AIRFLOW_CTX_EXECUTION_DATE='2024-11-11T20:40:00+00:00' AIRFLOW_CTX_TRY_NUMBER='1' AIRFLOW_CTX_DAG_RUN_ID='scheduled__2024-11-11T20:40:00+00:00'
[2024-11-13T17:56:19.714+0000] {taskinstance.py:430} INFO - ::endgroup::
[2024-11-13T17:56:20.161+0000] {subprocess.py:63} INFO - Tmp dir root location: /tmp
[2024-11-13T17:56:20.194+0000] {subprocess.py:75} INFO - Running command: ['/usr/bin/bash', '-c', '/home/***/.local/bin/dbt snapshot --profiles-dir /opt/***/dbt --project-dir /opt/***/dbt']
[2024-11-13T17:56:20.230+0000] {subprocess.py:86} INFO - Output:
[2024-11-13T17:56:25.203+0000] {subprocess.py:93} INFO - [0m17:56:25  Running with dbt=1.8.7
[2024-11-13T17:56:27.214+0000] {subprocess.py:93} INFO - [0m17:56:27  Registered adapter: snowflake=1.8.4
[2024-11-13T17:56:28.145+0000] {subprocess.py:93} INFO - [0m17:56:28  Found 5 models, 1 snapshot, 2 data tests, 2 sources, 459 macros
[2024-11-13T17:56:28.150+0000] {subprocess.py:93} INFO - [0m17:56:28
[2024-11-13T17:56:30.403+0000] {subprocess.py:93} INFO - [0m17:56:30  Concurrency: 1 threads (target='dev')
[2024-11-13T17:56:30.404+0000] {subprocess.py:93} INFO - [0m17:56:30
[2024-11-13T17:56:30.416+0000] {subprocess.py:93} INFO - [0m17:56:30  1 of 1 START snapshot snapshot.snapshot_stock_indicators ....................... [RUN]
[2024-11-13T17:56:35.680+0000] {subprocess.py:93} INFO - [0m17:56:35  1 of 1 OK snapshotted snapshot.snapshot_stock_indicators ....................... [[32mSUCCESS 0[0m in 5.26s]
[2024-11-13T17:56:35.689+0000] {subprocess.py:93} INFO - [0m17:56:35
[2024-11-13T17:56:35.690+0000] {subprocess.py:93} INFO - [0m17:56:35  Finished running 1 snapshot in 0 hours 0 minutes and 7.54 seconds (7.54s).
[2024-11-13T17:56:35.811+0000] {subprocess.py:93} INFO - [0m17:56:35
[2024-11-13T17:56:35.814+0000] {subprocess.py:93} INFO - [0m17:56:35  [32mCompleted successfully[0m
[2024-11-13T17:56:35.817+0000] {subprocess.py:93} INFO - [0m17:56:35
[2024-11-13T17:56:35.819+0000] {subprocess.py:93} INFO - [0m17:56:35  Done. PASS=1 WARN=0 ERROR=0 SKIP=0 TOTAL=1
[2024-11-13T17:56:36.769+0000] {subprocess.py:97} INFO - Command exited with return code 0
[2024-11-13T17:56:36.771+0000] {taskinstance.py:441} INFO - ::group::Post task execution logs
[2024-11-13T17:56:36.806+0000] {taskinstance.py:1206} INFO - Marking task as SUCCESS. dag_id=BuildELT_dbt, task_id=dbt_snapshot, run_id=scheduled__2024-11-11T20:40:00+00:00, execution_date=20241111T204000, start_date=20241113T175619, end_date=20241113T175636
[2024-11-13T17:56:36.870+0000] {local_task_job_runner.py:240} INFO - Task exited with return code 0
[2024-11-13T17:56:36.889+0000] {taskinstance.py:3498} INFO - 0 downstream tasks scheduled from follow-on schedule check
[2024-11-13T17:56:36.893+0000] {local_task_job_runner.py:222} INFO - ::endgroup::
