[2024-12-05T20:46:13.203+0000] {local_task_job_runner.py:120} INFO - ::group::Pre task execution logs
[2024-12-05T20:46:13.228+0000] {taskinstance.py:2076} INFO - Dependencies all met for dep_context=non-requeueable deps ti=<TaskInstance: complete-dag.dbt_run_2 scheduled__2024-12-04T20:40:00+00:00 [queued]>
[2024-12-05T20:46:13.235+0000] {taskinstance.py:2076} INFO - Dependencies all met for dep_context=requeueable deps ti=<TaskInstance: complete-dag.dbt_run_2 scheduled__2024-12-04T20:40:00+00:00 [queued]>
[2024-12-05T20:46:13.236+0000] {taskinstance.py:2306} INFO - Starting attempt 1 of 1
[2024-12-05T20:46:13.248+0000] {taskinstance.py:2330} INFO - Executing <Task(BashOperator): dbt_run_2> on 2024-12-04 20:40:00+00:00
[2024-12-05T20:46:13.257+0000] {standard_task_runner.py:90} INFO - Running: ['***', 'tasks', 'run', 'complete-dag', 'dbt_run_2', 'scheduled__2024-12-04T20:40:00+00:00', '--job-id', '577', '--raw', '--subdir', 'DAGS_FOLDER/complete_dag.py', '--cfg-path', '/tmp/tmpnhij42_n']
[2024-12-05T20:46:13.259+0000] {standard_task_runner.py:91} INFO - Job 577: Subtask dbt_run_2
[2024-12-05T20:46:13.260+0000] {logging_mixin.py:188} WARNING - /home/***/.local/lib/python3.12/site-packages/***/task/task_runner/standard_task_runner.py:61 DeprecationWarning: This process (pid=1136) is multi-threaded, use of fork() may lead to deadlocks in the child.
[2024-12-05T20:46:13.261+0000] {standard_task_runner.py:63} INFO - Started process 1139 to run task
[2024-12-05T20:46:13.298+0000] {task_command.py:426} INFO - Running <TaskInstance: complete-dag.dbt_run_2 scheduled__2024-12-04T20:40:00+00:00 [running]> on host e060654747dc
[2024-12-05T20:46:13.406+0000] {taskinstance.py:2648} INFO - Exporting env vars: AIRFLOW_CTX_DAG_OWNER='***' AIRFLOW_CTX_DAG_ID='complete-dag' AIRFLOW_CTX_TASK_ID='dbt_run_2' AIRFLOW_CTX_EXECUTION_DATE='2024-12-04T20:40:00+00:00' AIRFLOW_CTX_TRY_NUMBER='1' AIRFLOW_CTX_DAG_RUN_ID='scheduled__2024-12-04T20:40:00+00:00'
[2024-12-05T20:46:13.407+0000] {taskinstance.py:430} INFO - ::endgroup::
[2024-12-05T20:46:13.408+0000] {subprocess.py:63} INFO - Tmp dir root location: /tmp
[2024-12-05T20:46:13.411+0000] {subprocess.py:75} INFO - Running command: ['/usr/bin/bash', '-c', '/home/***/.local/bin/dbt run --profiles-dir /opt/***/dbt_viz --project-dir /opt/***/dbt_viz']
[2024-12-05T20:46:13.423+0000] {subprocess.py:86} INFO - Output:
[2024-12-05T20:46:15.322+0000] {subprocess.py:93} INFO - [0m20:46:15  Running with dbt=1.8.7
[2024-12-05T20:46:16.312+0000] {subprocess.py:93} INFO - [0m20:46:16  Registered adapter: snowflake=1.8.4
[2024-12-05T20:46:16.905+0000] {subprocess.py:93} INFO - [0m20:46:16  Found 4 models, 1 snapshot, 1 test, 3 sources, 459 macros
[2024-12-05T20:46:16.909+0000] {subprocess.py:93} INFO - [0m20:46:16
[2024-12-05T20:46:18.860+0000] {subprocess.py:93} INFO - [0m20:46:18  Concurrency: 1 threads (target='dev')
[2024-12-05T20:46:18.861+0000] {subprocess.py:93} INFO - [0m20:46:18
[2024-12-05T20:46:18.905+0000] {subprocess.py:93} INFO - [0m20:46:18  1 of 2 START sql table model analytics.energy_historical_forecast_data ......... [RUN]
[2024-12-05T20:46:20.498+0000] {subprocess.py:93} INFO - [0m20:46:20  1 of 2 OK created sql table model analytics.energy_historical_forecast_data .... [[32mSUCCESS 1[0m in 1.59s]
[2024-12-05T20:46:20.501+0000] {subprocess.py:93} INFO - [0m20:46:20  2 of 2 START sql table model analytics.energy_demand_final_data ................ [RUN]
[2024-12-05T20:46:21.741+0000] {subprocess.py:93} INFO - [0m20:46:21  2 of 2 OK created sql table model analytics.energy_demand_final_data ........... [[32mSUCCESS 1[0m in 1.24s]
[2024-12-05T20:46:21.746+0000] {subprocess.py:93} INFO - [0m20:46:21
[2024-12-05T20:46:21.747+0000] {subprocess.py:93} INFO - [0m20:46:21  Finished running 2 table models in 0 hours 0 minutes and 4.84 seconds (4.84s).
[2024-12-05T20:46:21.800+0000] {subprocess.py:93} INFO - [0m20:46:21
[2024-12-05T20:46:21.801+0000] {subprocess.py:93} INFO - [0m20:46:21  [32mCompleted successfully[0m
[2024-12-05T20:46:21.802+0000] {subprocess.py:93} INFO - [0m20:46:21
[2024-12-05T20:46:21.803+0000] {subprocess.py:93} INFO - [0m20:46:21  Done. PASS=2 WARN=0 ERROR=0 SKIP=0 TOTAL=2
[2024-12-05T20:46:22.535+0000] {subprocess.py:97} INFO - Command exited with return code 0
[2024-12-05T20:46:22.536+0000] {taskinstance.py:441} INFO - ::group::Post task execution logs
[2024-12-05T20:46:22.559+0000] {taskinstance.py:1206} INFO - Marking task as SUCCESS. dag_id=complete-dag, task_id=dbt_run_2, run_id=scheduled__2024-12-04T20:40:00+00:00, execution_date=20241204T204000, start_date=20241205T204613, end_date=20241205T204622
[2024-12-05T20:46:22.595+0000] {local_task_job_runner.py:240} INFO - Task exited with return code 0
[2024-12-05T20:46:22.616+0000] {taskinstance.py:3498} INFO - 1 downstream tasks scheduled from follow-on schedule check
[2024-12-05T20:46:22.620+0000] {local_task_job_runner.py:222} INFO - ::endgroup::
