[2024-11-12T03:35:48.963+0000] {local_task_job_runner.py:120} INFO - ::group::Pre task execution logs
[2024-11-12T03:35:49.209+0000] {taskinstance.py:2076} INFO - Dependencies all met for dep_context=non-requeueable deps ti=<TaskInstance: BuildELT_dbt.dbt_run manual__2024-11-12T03:35:43.110185+00:00 [queued]>
[2024-11-12T03:35:49.231+0000] {taskinstance.py:2076} INFO - Dependencies all met for dep_context=requeueable deps ti=<TaskInstance: BuildELT_dbt.dbt_run manual__2024-11-12T03:35:43.110185+00:00 [queued]>
[2024-11-12T03:35:49.233+0000] {taskinstance.py:2306} INFO - Starting attempt 1 of 1
[2024-11-12T03:35:49.273+0000] {taskinstance.py:2330} INFO - Executing <Task(BashOperator): dbt_run> on 2024-11-12 03:35:43.110185+00:00
[2024-11-12T03:35:49.291+0000] {standard_task_runner.py:90} INFO - Running: ['***', 'tasks', 'run', 'BuildELT_dbt', 'dbt_run', 'manual__2024-11-12T03:35:43.110185+00:00', '--job-id', '145', '--raw', '--subdir', 'DAGS_FOLDER/build_elt_with_dbt.py', '--cfg-path', '/tmp/tmp_me7nnqw']
[2024-11-12T03:35:49.296+0000] {standard_task_runner.py:91} INFO - Job 145: Subtask dbt_run
[2024-11-12T03:35:49.300+0000] {logging_mixin.py:188} WARNING - /home/***/.local/lib/python3.12/site-packages/***/task/task_runner/standard_task_runner.py:61 DeprecationWarning: This process (pid=2263) is multi-threaded, use of fork() may lead to deadlocks in the child.
[2024-11-12T03:35:49.301+0000] {standard_task_runner.py:63} INFO - Started process 2264 to run task
[2024-11-12T03:35:49.380+0000] {task_command.py:426} INFO - Running <TaskInstance: BuildELT_dbt.dbt_run manual__2024-11-12T03:35:43.110185+00:00 [running]> on host e9e87141c083
[2024-11-12T03:35:49.698+0000] {taskinstance.py:2648} INFO - Exporting env vars: AIRFLOW_CTX_DAG_OWNER='***' AIRFLOW_CTX_DAG_ID='BuildELT_dbt' AIRFLOW_CTX_TASK_ID='dbt_run' AIRFLOW_CTX_EXECUTION_DATE='2024-11-12T03:35:43.110185+00:00' AIRFLOW_CTX_TRY_NUMBER='1' AIRFLOW_CTX_DAG_RUN_ID='manual__2024-11-12T03:35:43.110185+00:00'
[2024-11-12T03:35:49.700+0000] {taskinstance.py:430} INFO - ::endgroup::
[2024-11-12T03:35:49.777+0000] {subprocess.py:63} INFO - Tmp dir root location: /tmp
[2024-11-12T03:35:49.786+0000] {subprocess.py:75} INFO - Running command: ['/usr/bin/bash', '-c', '/home/***/.local/bin/dbt run --profiles-dir /opt/***/dbt --project-dir /opt/***/dbt']
[2024-11-12T03:35:49.810+0000] {subprocess.py:86} INFO - Output:
[2024-11-12T03:35:54.760+0000] {subprocess.py:93} INFO - [0m03:35:54  Running with dbt=1.8.7
[2024-11-12T03:35:59.452+0000] {subprocess.py:93} INFO - [0m03:35:59  Registered adapter: snowflake=1.8.4
[2024-11-12T03:36:00.531+0000] {subprocess.py:93} INFO - [0m03:36:00  Found 5 models, 1 snapshot, 2 data tests, 2 sources, 459 macros
[2024-11-12T03:36:00.535+0000] {subprocess.py:93} INFO - [0m03:36:00
[2024-11-12T03:36:02.603+0000] {subprocess.py:93} INFO - [0m03:36:02  Concurrency: 1 threads (target='dev')
[2024-11-12T03:36:02.604+0000] {subprocess.py:93} INFO - [0m03:36:02
[2024-11-12T03:36:03.455+0000] {subprocess.py:93} INFO - [0m03:36:03  1 of 1 START sql table model analytics.stock_indicators ........................ [RUN]
[2024-11-12T03:36:05.854+0000] {subprocess.py:93} INFO - [0m03:36:05  1 of 1 OK created sql table model analytics.stock_indicators ................... [[32mSUCCESS 1[0m in 2.39s]
[2024-11-12T03:36:05.865+0000] {subprocess.py:93} INFO - [0m03:36:05
[2024-11-12T03:36:05.867+0000] {subprocess.py:93} INFO - [0m03:36:05  Finished running 1 table model in 0 hours 0 minutes and 5.33 seconds (5.33s).
[2024-11-12T03:36:05.972+0000] {subprocess.py:93} INFO - [0m03:36:05
[2024-11-12T03:36:05.974+0000] {subprocess.py:93} INFO - [0m03:36:05  [32mCompleted successfully[0m
[2024-11-12T03:36:05.976+0000] {subprocess.py:93} INFO - [0m03:36:05
[2024-11-12T03:36:05.977+0000] {subprocess.py:93} INFO - [0m03:36:05  Done. PASS=1 WARN=0 ERROR=0 SKIP=0 TOTAL=1
[2024-11-12T03:36:06.951+0000] {subprocess.py:97} INFO - Command exited with return code 0
[2024-11-12T03:36:06.964+0000] {taskinstance.py:441} INFO - ::group::Post task execution logs
[2024-11-12T03:36:07.063+0000] {taskinstance.py:1206} INFO - Marking task as SUCCESS. dag_id=BuildELT_dbt, task_id=dbt_run, run_id=manual__2024-11-12T03:35:43.110185+00:00, execution_date=20241112T033543, start_date=20241112T033549, end_date=20241112T033607
[2024-11-12T03:36:07.105+0000] {local_task_job_runner.py:240} INFO - Task exited with return code 0
[2024-11-12T03:36:07.141+0000] {taskinstance.py:3498} INFO - 1 downstream tasks scheduled from follow-on schedule check
[2024-11-12T03:36:07.145+0000] {local_task_job_runner.py:222} INFO - ::endgroup::
