[2024-11-12T06:39:35.565+0000] {local_task_job_runner.py:120} INFO - ::group::Pre task execution logs
[2024-11-12T06:39:35.610+0000] {taskinstance.py:2076} INFO - Dependencies all met for dep_context=non-requeueable deps ti=<TaskInstance: BuildELT_dbt.dbt_snapshot manual__2024-11-12T06:38:59.470351+00:00 [queued]>
[2024-11-12T06:39:35.620+0000] {taskinstance.py:2076} INFO - Dependencies all met for dep_context=requeueable deps ti=<TaskInstance: BuildELT_dbt.dbt_snapshot manual__2024-11-12T06:38:59.470351+00:00 [queued]>
[2024-11-12T06:39:35.621+0000] {taskinstance.py:2306} INFO - Starting attempt 1 of 1
[2024-11-12T06:39:35.639+0000] {taskinstance.py:2330} INFO - Executing <Task(BashOperator): dbt_snapshot> on 2024-11-12 06:38:59.470351+00:00
[2024-11-12T06:39:35.652+0000] {standard_task_runner.py:90} INFO - Running: ['***', 'tasks', 'run', 'BuildELT_dbt', 'dbt_snapshot', 'manual__2024-11-12T06:38:59.470351+00:00', '--job-id', '164', '--raw', '--subdir', 'DAGS_FOLDER/build_elt_with_dbt.py', '--cfg-path', '/tmp/tmpognhep2e']
[2024-11-12T06:39:35.657+0000] {standard_task_runner.py:91} INFO - Job 164: Subtask dbt_snapshot
[2024-11-12T06:39:35.691+0000] {logging_mixin.py:188} WARNING - /home/***/.local/lib/python3.12/site-packages/***/task/task_runner/standard_task_runner.py:61 DeprecationWarning: This process (pid=5933) is multi-threaded, use of fork() may lead to deadlocks in the child.
[2024-11-12T06:39:35.693+0000] {standard_task_runner.py:63} INFO - Started process 5934 to run task
[2024-11-12T06:39:35.787+0000] {task_command.py:426} INFO - Running <TaskInstance: BuildELT_dbt.dbt_snapshot manual__2024-11-12T06:38:59.470351+00:00 [running]> on host e9e87141c083
[2024-11-12T06:39:36.027+0000] {taskinstance.py:2648} INFO - Exporting env vars: AIRFLOW_CTX_DAG_OWNER='***' AIRFLOW_CTX_DAG_ID='BuildELT_dbt' AIRFLOW_CTX_TASK_ID='dbt_snapshot' AIRFLOW_CTX_EXECUTION_DATE='2024-11-12T06:38:59.470351+00:00' AIRFLOW_CTX_TRY_NUMBER='1' AIRFLOW_CTX_DAG_RUN_ID='manual__2024-11-12T06:38:59.470351+00:00'
[2024-11-12T06:39:36.028+0000] {taskinstance.py:430} INFO - ::endgroup::
[2024-11-12T06:39:36.046+0000] {subprocess.py:63} INFO - Tmp dir root location: /tmp
[2024-11-12T06:39:36.049+0000] {subprocess.py:75} INFO - Running command: ['/usr/bin/bash', '-c', '/home/***/.local/bin/dbt snapshot --profiles-dir /opt/***/dbt --project-dir /opt/***/dbt']
[2024-11-12T06:39:36.071+0000] {subprocess.py:86} INFO - Output:
[2024-11-12T06:39:39.485+0000] {subprocess.py:93} INFO - [0m06:39:39  Running with dbt=1.8.7
[2024-11-12T06:39:40.939+0000] {subprocess.py:93} INFO - [0m06:39:40  Registered adapter: snowflake=1.8.4
[2024-11-12T06:39:41.980+0000] {subprocess.py:93} INFO - [0m06:39:41  Found 5 models, 2 data tests, 1 snapshot, 2 sources, 459 macros
[2024-11-12T06:39:41.985+0000] {subprocess.py:93} INFO - [0m06:39:41
[2024-11-12T06:39:44.772+0000] {subprocess.py:93} INFO - [0m06:39:44  Concurrency: 1 threads (target='dev')
[2024-11-12T06:39:44.774+0000] {subprocess.py:93} INFO - [0m06:39:44
[2024-11-12T06:39:44.796+0000] {subprocess.py:93} INFO - [0m06:39:44  1 of 1 START snapshot snapshot.snapshot_stock_indicators ....................... [RUN]
[2024-11-12T06:39:50.318+0000] {subprocess.py:93} INFO - [0m06:39:50  1 of 1 OK snapshotted snapshot.snapshot_stock_indicators ....................... [[32mSUCCESS 0[0m in 5.51s]
[2024-11-12T06:39:50.336+0000] {subprocess.py:93} INFO - [0m06:39:50
[2024-11-12T06:39:50.338+0000] {subprocess.py:93} INFO - [0m06:39:50  Finished running 1 snapshot in 0 hours 0 minutes and 8.35 seconds (8.35s).
[2024-11-12T06:39:50.450+0000] {subprocess.py:93} INFO - [0m06:39:50
[2024-11-12T06:39:50.453+0000] {subprocess.py:93} INFO - [0m06:39:50  [32mCompleted successfully[0m
[2024-11-12T06:39:50.455+0000] {subprocess.py:93} INFO - [0m06:39:50
[2024-11-12T06:39:50.459+0000] {subprocess.py:93} INFO - [0m06:39:50  Done. PASS=1 WARN=0 ERROR=0 SKIP=0 TOTAL=1
[2024-11-12T06:39:51.537+0000] {subprocess.py:97} INFO - Command exited with return code 0
[2024-11-12T06:39:51.540+0000] {taskinstance.py:441} INFO - ::group::Post task execution logs
[2024-11-12T06:39:51.584+0000] {taskinstance.py:1206} INFO - Marking task as SUCCESS. dag_id=BuildELT_dbt, task_id=dbt_snapshot, run_id=manual__2024-11-12T06:38:59.470351+00:00, execution_date=20241112T063859, start_date=20241112T063935, end_date=20241112T063951
[2024-11-12T06:39:51.636+0000] {local_task_job_runner.py:240} INFO - Task exited with return code 0
[2024-11-12T06:39:51.683+0000] {local_task_job_runner.py:222} INFO - ::endgroup::
