[2024-11-26T18:01:27.025+0000] {local_task_job_runner.py:120} INFO - ::group::Pre task execution logs
[2024-11-26T18:01:27.068+0000] {taskinstance.py:2076} INFO - Dependencies all met for dep_context=non-requeueable deps ti=<TaskInstance: Electricity-Fetch-Load.fetch_electricity_data scheduled__2024-11-24T20:30:00+00:00 [queued]>
[2024-11-26T18:01:27.078+0000] {taskinstance.py:2076} INFO - Dependencies all met for dep_context=requeueable deps ti=<TaskInstance: Electricity-Fetch-Load.fetch_electricity_data scheduled__2024-11-24T20:30:00+00:00 [queued]>
[2024-11-26T18:01:27.079+0000] {taskinstance.py:2306} INFO - Starting attempt 1 of 1
[2024-11-26T18:01:27.101+0000] {taskinstance.py:2330} INFO - Executing <Task(_PythonDecoratedOperator): fetch_electricity_data> on 2024-11-24 20:30:00+00:00
[2024-11-26T18:01:27.122+0000] {standard_task_runner.py:90} INFO - Running: ['***', 'tasks', 'run', 'Electricity-Fetch-Load', 'fetch_electricity_data', 'scheduled__2024-11-24T20:30:00+00:00', '--job-id', '196', '--raw', '--subdir', 'DAGS_FOLDER/electricity-dag.py', '--cfg-path', '/tmp/tmp5mouu_u1']
[2024-11-26T18:01:27.130+0000] {standard_task_runner.py:91} INFO - Job 196: Subtask fetch_electricity_data
[2024-11-26T18:01:27.138+0000] {logging_mixin.py:188} WARNING - /home/***/.local/lib/python3.12/site-packages/***/task/task_runner/standard_task_runner.py:61 DeprecationWarning: This process (pid=426) is multi-threaded, use of fork() may lead to deadlocks in the child.
[2024-11-26T18:01:27.140+0000] {standard_task_runner.py:63} INFO - Started process 440 to run task
[2024-11-26T18:01:27.332+0000] {task_command.py:426} INFO - Running <TaskInstance: Electricity-Fetch-Load.fetch_electricity_data scheduled__2024-11-24T20:30:00+00:00 [running]> on host fd43cd87157f
[2024-11-26T18:01:27.611+0000] {taskinstance.py:2648} INFO - Exporting env vars: AIRFLOW_CTX_DAG_OWNER='***' AIRFLOW_CTX_DAG_ID='Electricity-Fetch-Load' AIRFLOW_CTX_TASK_ID='fetch_electricity_data' AIRFLOW_CTX_EXECUTION_DATE='2024-11-24T20:30:00+00:00' AIRFLOW_CTX_TRY_NUMBER='1' AIRFLOW_CTX_DAG_RUN_ID='scheduled__2024-11-24T20:30:00+00:00'
[2024-11-26T18:01:27.612+0000] {taskinstance.py:430} INFO - ::endgroup::
[2024-11-26T18:01:43.744+0000] {logging_mixin.py:188} INFO -        period subba  ...   value    value-units
0  2024-11-25  PGAE  ...  274826  megawatthours
1  2024-11-25   SCE  ...  277857  megawatthours
2  2024-11-25  SDGE  ...   50358  megawatthours
3  2024-11-25   VEA  ...    2067  megawatthours
4  2024-11-24  PGAE  ...  239345  megawatthours

[5 rows x 8 columns]
[2024-11-26T18:01:43.747+0000] {python.py:237} INFO - Done. Returned value was:           period subba  ...   value    value-units
0     2024-11-25  PGAE  ...  274826  megawatthours
1     2024-11-25   SCE  ...  277857  megawatthours
2     2024-11-25  SDGE  ...   50358  megawatthours
3     2024-11-25   VEA  ...    2067  megawatthours
4     2024-11-24  PGAE  ...  239345  megawatthours
...          ...   ...  ...     ...            ...
4225  2022-01-02   VEA  ...    2332  megawatthours
4226  2022-01-01  PGAE  ...  249179  megawatthours
4227  2022-01-01   SCE  ...  234915  megawatthours
4228  2022-01-01  SDGE  ...   44717  megawatthours
4229  2022-01-01   VEA  ...    2228  megawatthours

[4230 rows x 8 columns]
[2024-11-26T18:01:43.757+0000] {taskinstance.py:441} INFO - ::group::Post task execution logs
[2024-11-26T18:01:44.043+0000] {taskinstance.py:1206} INFO - Marking task as SUCCESS. dag_id=Electricity-Fetch-Load, task_id=fetch_electricity_data, run_id=scheduled__2024-11-24T20:30:00+00:00, execution_date=20241124T203000, start_date=20241126T180127, end_date=20241126T180144
[2024-11-26T18:01:44.104+0000] {local_task_job_runner.py:240} INFO - Task exited with return code 0
[2024-11-26T18:01:44.114+0000] {local_task_job_runner.py:222} INFO - ::endgroup::
