[2024-11-12T02:57:31.184+0000] {local_task_job_runner.py:120} INFO - ::group::Pre task execution logs
[2024-11-12T02:57:31.250+0000] {taskinstance.py:2076} INFO - Dependencies all met for dep_context=non-requeueable deps ti=<TaskInstance: BuildELT_dbt.dbt_snapshot scheduled__2024-11-10T20:40:00+00:00 [queued]>
[2024-11-12T02:57:31.267+0000] {taskinstance.py:2076} INFO - Dependencies all met for dep_context=requeueable deps ti=<TaskInstance: BuildELT_dbt.dbt_snapshot scheduled__2024-11-10T20:40:00+00:00 [queued]>
[2024-11-12T02:57:31.269+0000] {taskinstance.py:2306} INFO - Starting attempt 1 of 1
[2024-11-12T02:57:31.291+0000] {taskinstance.py:2330} INFO - Executing <Task(BashOperator): dbt_snapshot> on 2024-11-10 20:40:00+00:00
[2024-11-12T02:57:31.304+0000] {standard_task_runner.py:90} INFO - Running: ['***', 'tasks', 'run', 'BuildELT_dbt', 'dbt_snapshot', 'scheduled__2024-11-10T20:40:00+00:00', '--job-id', '137', '--raw', '--subdir', 'DAGS_FOLDER/build_elt_with_dbt.py', '--cfg-path', '/tmp/tmprgs5wt4a']
[2024-11-12T02:57:31.307+0000] {standard_task_runner.py:91} INFO - Job 137: Subtask dbt_snapshot
[2024-11-12T02:57:31.308+0000] {logging_mixin.py:188} WARNING - /home/***/.local/lib/python3.12/site-packages/***/task/task_runner/standard_task_runner.py:61 DeprecationWarning: This process (pid=800) is multi-threaded, use of fork() may lead to deadlocks in the child.
[2024-11-12T02:57:31.309+0000] {standard_task_runner.py:63} INFO - Started process 801 to run task
[2024-11-12T02:57:31.374+0000] {task_command.py:426} INFO - Running <TaskInstance: BuildELT_dbt.dbt_snapshot scheduled__2024-11-10T20:40:00+00:00 [running]> on host e9e87141c083
[2024-11-12T02:57:31.541+0000] {taskinstance.py:2648} INFO - Exporting env vars: AIRFLOW_CTX_DAG_OWNER='***' AIRFLOW_CTX_DAG_ID='BuildELT_dbt' AIRFLOW_CTX_TASK_ID='dbt_snapshot' AIRFLOW_CTX_EXECUTION_DATE='2024-11-10T20:40:00+00:00' AIRFLOW_CTX_TRY_NUMBER='1' AIRFLOW_CTX_DAG_RUN_ID='scheduled__2024-11-10T20:40:00+00:00'
[2024-11-12T02:57:31.542+0000] {taskinstance.py:430} INFO - ::endgroup::
[2024-11-12T02:57:31.557+0000] {subprocess.py:63} INFO - Tmp dir root location: /tmp
[2024-11-12T02:57:31.558+0000] {subprocess.py:75} INFO - Running command: ['/usr/bin/bash', '-c', '/home/***/.local/bin/dbt snapshot --profiles-dir /opt/***/dbt --project-dir /opt/***/dbt']
[2024-11-12T02:57:31.571+0000] {subprocess.py:86} INFO - Output:
[2024-11-12T02:57:33.920+0000] {subprocess.py:93} INFO - [0m02:57:33  Running with dbt=1.8.7
[2024-11-12T02:57:35.067+0000] {subprocess.py:93} INFO - [0m02:57:35  Registered adapter: snowflake=1.8.4
[2024-11-12T02:57:35.670+0000] {subprocess.py:93} INFO - [0m02:57:35  Found 2 models, 1 snapshot, 2 data tests, 2 sources, 459 macros
[2024-11-12T02:57:35.674+0000] {subprocess.py:93} INFO - [0m02:57:35
[2024-11-12T02:57:37.702+0000] {subprocess.py:93} INFO - [0m02:57:37  Concurrency: 1 threads (target='dev')
[2024-11-12T02:57:37.703+0000] {subprocess.py:93} INFO - [0m02:57:37
[2024-11-12T02:57:37.714+0000] {subprocess.py:93} INFO - [0m02:57:37  1 of 1 START snapshot snapshot.snapshot_moving_avg ............................. [RUN]
[2024-11-12T02:57:42.063+0000] {subprocess.py:93} INFO - [0m02:57:42  1 of 1 OK snapshotted snapshot.snapshot_moving_avg ............................. [[32mSUCCESS 0[0m in 4.34s]
[2024-11-12T02:57:42.068+0000] {subprocess.py:93} INFO - [0m02:57:42
[2024-11-12T02:57:42.069+0000] {subprocess.py:93} INFO - [0m02:57:42  Finished running 1 snapshot in 0 hours 0 minutes and 6.39 seconds (6.39s).
[2024-11-12T02:57:42.119+0000] {subprocess.py:93} INFO - [0m02:57:42
[2024-11-12T02:57:42.120+0000] {subprocess.py:93} INFO - [0m02:57:42  [32mCompleted successfully[0m
[2024-11-12T02:57:42.121+0000] {subprocess.py:93} INFO - [0m02:57:42
[2024-11-12T02:57:42.122+0000] {subprocess.py:93} INFO - [0m02:57:42  Done. PASS=1 WARN=0 ERROR=0 SKIP=0 TOTAL=1
[2024-11-12T02:57:42.903+0000] {subprocess.py:97} INFO - Command exited with return code 0
[2024-11-12T02:57:42.904+0000] {taskinstance.py:441} INFO - ::group::Post task execution logs
[2024-11-12T02:57:42.930+0000] {taskinstance.py:1206} INFO - Marking task as SUCCESS. dag_id=BuildELT_dbt, task_id=dbt_snapshot, run_id=scheduled__2024-11-10T20:40:00+00:00, execution_date=20241110T204000, start_date=20241112T025731, end_date=20241112T025742
[2024-11-12T02:57:42.976+0000] {local_task_job_runner.py:240} INFO - Task exited with return code 0
[2024-11-12T02:57:42.994+0000] {taskinstance.py:3498} INFO - 0 downstream tasks scheduled from follow-on schedule check
[2024-11-12T02:57:42.997+0000] {local_task_job_runner.py:222} INFO - ::endgroup::
