[2024-11-28T19:19:34.038+0000] {local_task_job_runner.py:120} INFO - ::group::Pre task execution logs
[2024-11-28T19:19:34.068+0000] {taskinstance.py:2076} INFO - Dependencies all met for dep_context=non-requeueable deps ti=<TaskInstance: Weather_Forecast.fetch_historical_weather scheduled__2024-11-26T20:30:00+00:00 [queued]>
[2024-11-28T19:19:34.074+0000] {taskinstance.py:2076} INFO - Dependencies all met for dep_context=requeueable deps ti=<TaskInstance: Weather_Forecast.fetch_historical_weather scheduled__2024-11-26T20:30:00+00:00 [queued]>
[2024-11-28T19:19:34.075+0000] {taskinstance.py:2306} INFO - Starting attempt 1 of 1
[2024-11-28T19:19:34.086+0000] {taskinstance.py:2330} INFO - Executing <Task(_PythonDecoratedOperator): fetch_historical_weather> on 2024-11-26 20:30:00+00:00
[2024-11-28T19:19:34.097+0000] {standard_task_runner.py:90} INFO - Running: ['***', 'tasks', 'run', 'Weather_Forecast', 'fetch_historical_weather', 'scheduled__2024-11-26T20:30:00+00:00', '--job-id', '219', '--raw', '--subdir', 'DAGS_FOLDER/weather_forecast_dag.py', '--cfg-path', '/tmp/tmpk8tlbyx1']
[2024-11-28T19:19:34.100+0000] {standard_task_runner.py:91} INFO - Job 219: Subtask fetch_historical_weather
[2024-11-28T19:19:34.102+0000] {logging_mixin.py:188} WARNING - /home/***/.local/lib/python3.12/site-packages/***/task/task_runner/standard_task_runner.py:61 DeprecationWarning: This process (pid=460) is multi-threaded, use of fork() may lead to deadlocks in the child.
[2024-11-28T19:19:34.102+0000] {standard_task_runner.py:63} INFO - Started process 463 to run task
[2024-11-28T19:19:34.148+0000] {task_command.py:426} INFO - Running <TaskInstance: Weather_Forecast.fetch_historical_weather scheduled__2024-11-26T20:30:00+00:00 [running]> on host fd43cd87157f
[2024-11-28T19:19:34.230+0000] {taskinstance.py:2648} INFO - Exporting env vars: AIRFLOW_CTX_DAG_OWNER='***' AIRFLOW_CTX_DAG_ID='Weather_Forecast' AIRFLOW_CTX_TASK_ID='fetch_historical_weather' AIRFLOW_CTX_EXECUTION_DATE='2024-11-26T20:30:00+00:00' AIRFLOW_CTX_TRY_NUMBER='1' AIRFLOW_CTX_DAG_RUN_ID='scheduled__2024-11-26T20:30:00+00:00'
[2024-11-28T19:19:34.233+0000] {taskinstance.py:430} INFO - ::endgroup::
[2024-11-28T19:19:34.920+0000] {python.py:237} INFO - Done. Returned value was:          Date  temperature_2m_max  ...  windspeed_10m_max  avg_temperature
0  2024-11-28                12.2  ...               23.7              6.5

[1 rows x 7 columns]
[2024-11-28T19:19:34.953+0000] {taskinstance.py:441} INFO - ::group::Post task execution logs
[2024-11-28T19:19:35.094+0000] {taskinstance.py:1206} INFO - Marking task as SUCCESS. dag_id=Weather_Forecast, task_id=fetch_historical_weather, run_id=scheduled__2024-11-26T20:30:00+00:00, execution_date=20241126T203000, start_date=20241128T191934, end_date=20241128T191935
[2024-11-28T19:19:35.160+0000] {local_task_job_runner.py:240} INFO - Task exited with return code 0
[2024-11-28T19:19:35.187+0000] {taskinstance.py:3498} INFO - 1 downstream tasks scheduled from follow-on schedule check
[2024-11-28T19:19:35.190+0000] {local_task_job_runner.py:222} INFO - ::endgroup::
