[2024-11-30T08:00:05.650+0000] {local_task_job_runner.py:120} INFO - ::group::Pre task execution logs
[2024-11-30T08:00:05.707+0000] {taskinstance.py:2076} INFO - Dependencies all met for dep_context=non-requeueable deps ti=<TaskInstance: dbt-viz-dag.dbt_snapshot manual__2024-11-30T07:59:26.251973+00:00 [queued]>
[2024-11-30T08:00:05.720+0000] {taskinstance.py:2076} INFO - Dependencies all met for dep_context=requeueable deps ti=<TaskInstance: dbt-viz-dag.dbt_snapshot manual__2024-11-30T07:59:26.251973+00:00 [queued]>
[2024-11-30T08:00:05.748+0000] {taskinstance.py:2306} INFO - Starting attempt 1 of 1
[2024-11-30T08:00:05.852+0000] {taskinstance.py:2330} INFO - Executing <Task(BashOperator): dbt_snapshot> on 2024-11-30 07:59:26.251973+00:00
[2024-11-30T08:00:05.864+0000] {standard_task_runner.py:90} INFO - Running: ['***', 'tasks', 'run', 'dbt-viz-dag', 'dbt_snapshot', 'manual__2024-11-30T07:59:26.251973+00:00', '--job-id', '396', '--raw', '--subdir', 'DAGS_FOLDER/dbt-viz-dag.py', '--cfg-path', '/tmp/tmpmfnq7i3m']
[2024-11-30T08:00:05.867+0000] {standard_task_runner.py:91} INFO - Job 396: Subtask dbt_snapshot
[2024-11-30T08:00:06.009+0000] {task_command.py:426} INFO - Running <TaskInstance: dbt-viz-dag.dbt_snapshot manual__2024-11-30T07:59:26.251973+00:00 [running]> on host b09a94790db6
[2024-11-30T08:00:06.074+0000] {logging_mixin.py:188} WARNING - /home/***/.local/lib/python3.12/site-packages/***/task/task_runner/standard_task_runner.py:61 DeprecationWarning: This process (pid=15534) is multi-threaded, use of fork() may lead to deadlocks in the child.
[2024-11-30T08:00:06.076+0000] {standard_task_runner.py:63} INFO - Started process 15535 to run task
[2024-11-30T08:00:06.344+0000] {taskinstance.py:2648} INFO - Exporting env vars: AIRFLOW_CTX_DAG_OWNER='***' AIRFLOW_CTX_DAG_ID='dbt-viz-dag' AIRFLOW_CTX_TASK_ID='dbt_snapshot' AIRFLOW_CTX_EXECUTION_DATE='2024-11-30T07:59:26.251973+00:00' AIRFLOW_CTX_TRY_NUMBER='1' AIRFLOW_CTX_DAG_RUN_ID='manual__2024-11-30T07:59:26.251973+00:00'
[2024-11-30T08:00:06.346+0000] {taskinstance.py:430} INFO - ::endgroup::
[2024-11-30T08:00:06.379+0000] {subprocess.py:63} INFO - Tmp dir root location: /tmp
[2024-11-30T08:00:06.386+0000] {subprocess.py:75} INFO - Running command: ['/usr/bin/bash', '-c', '/home/***/.local/bin/dbt snapshot --profiles-dir /opt/***/dbt_viz --project-dir /opt/***/dbt_viz']
[2024-11-30T08:00:06.403+0000] {subprocess.py:86} INFO - Output:
[2024-11-30T08:00:10.036+0000] {subprocess.py:93} INFO - [0m08:00:10  Running with dbt=1.8.7
[2024-11-30T08:00:11.427+0000] {subprocess.py:93} INFO - [0m08:00:11  Registered adapter: snowflake=1.8.4
[2024-11-30T08:00:12.311+0000] {subprocess.py:93} INFO - [0m08:00:12  Found 5 models, 1 test, 4 sources, 459 macros
[2024-11-30T08:00:12.317+0000] {subprocess.py:93} INFO - [0m08:00:12
[2024-11-30T08:00:12.319+0000] {subprocess.py:93} INFO - [0m08:00:12  Nothing to do. Try checking your model configs and model specification args
[2024-11-30T08:00:13.553+0000] {subprocess.py:97} INFO - Command exited with return code 0
[2024-11-30T08:00:13.557+0000] {taskinstance.py:441} INFO - ::group::Post task execution logs
[2024-11-30T08:00:13.611+0000] {taskinstance.py:1206} INFO - Marking task as SUCCESS. dag_id=dbt-viz-dag, task_id=dbt_snapshot, run_id=manual__2024-11-30T07:59:26.251973+00:00, execution_date=20241130T075926, start_date=20241130T080005, end_date=20241130T080013
[2024-11-30T08:00:13.668+0000] {local_task_job_runner.py:240} INFO - Task exited with return code 0
[2024-11-30T08:00:13.690+0000] {taskinstance.py:3498} INFO - 0 downstream tasks scheduled from follow-on schedule check
[2024-11-30T08:00:13.694+0000] {local_task_job_runner.py:222} INFO - ::endgroup::
