[2024-11-30T08:15:27.516+0000] {local_task_job_runner.py:120} INFO - ::group::Pre task execution logs
[2024-11-30T08:15:28.133+0000] {taskinstance.py:2076} INFO - Dependencies all met for dep_context=non-requeueable deps ti=<TaskInstance: dbt-viz-dag.dbt_run manual__2024-11-30T08:15:13.636886+00:00 [queued]>
[2024-11-30T08:15:28.184+0000] {taskinstance.py:2076} INFO - Dependencies all met for dep_context=requeueable deps ti=<TaskInstance: dbt-viz-dag.dbt_run manual__2024-11-30T08:15:13.636886+00:00 [queued]>
[2024-11-30T08:15:28.186+0000] {taskinstance.py:2306} INFO - Starting attempt 1 of 1
[2024-11-30T08:15:28.237+0000] {taskinstance.py:2330} INFO - Executing <Task(BashOperator): dbt_run> on 2024-11-30 08:15:13.636886+00:00
[2024-11-30T08:15:28.300+0000] {standard_task_runner.py:90} INFO - Running: ['***', 'tasks', 'run', 'dbt-viz-dag', 'dbt_run', 'manual__2024-11-30T08:15:13.636886+00:00', '--job-id', '402', '--raw', '--subdir', 'DAGS_FOLDER/dbt-viz-dag.py', '--cfg-path', '/tmp/tmp59pdxqqf']
[2024-11-30T08:15:28.358+0000] {logging_mixin.py:188} WARNING - /home/***/.local/lib/python3.12/site-packages/***/task/task_runner/standard_task_runner.py:61 DeprecationWarning: This process (pid=498) is multi-threaded, use of fork() may lead to deadlocks in the child.
[2024-11-30T08:15:28.369+0000] {standard_task_runner.py:63} INFO - Started process 499 to run task
[2024-11-30T08:15:28.369+0000] {standard_task_runner.py:91} INFO - Job 402: Subtask dbt_run
[2024-11-30T08:15:28.665+0000] {task_command.py:426} INFO - Running <TaskInstance: dbt-viz-dag.dbt_run manual__2024-11-30T08:15:13.636886+00:00 [running]> on host e060654747dc
[2024-11-30T08:15:29.461+0000] {taskinstance.py:2648} INFO - Exporting env vars: AIRFLOW_CTX_DAG_OWNER='***' AIRFLOW_CTX_DAG_ID='dbt-viz-dag' AIRFLOW_CTX_TASK_ID='dbt_run' AIRFLOW_CTX_EXECUTION_DATE='2024-11-30T08:15:13.636886+00:00' AIRFLOW_CTX_TRY_NUMBER='1' AIRFLOW_CTX_DAG_RUN_ID='manual__2024-11-30T08:15:13.636886+00:00'
[2024-11-30T08:15:29.463+0000] {taskinstance.py:430} INFO - ::endgroup::
[2024-11-30T08:15:29.581+0000] {subprocess.py:63} INFO - Tmp dir root location: /tmp
[2024-11-30T08:15:29.597+0000] {subprocess.py:75} INFO - Running command: ['/usr/bin/bash', '-c', '/home/***/.local/bin/dbt run --profiles-dir /opt/***/dbt_viz --project-dir /opt/***/dbt_viz']
[2024-11-30T08:15:29.619+0000] {subprocess.py:86} INFO - Output:
[2024-11-30T08:15:38.127+0000] {subprocess.py:93} INFO - [0m08:15:38  Running with dbt=1.8.7
[2024-11-30T08:15:44.684+0000] {subprocess.py:93} INFO - [0m08:15:44  Registered adapter: snowflake=1.8.4
[2024-11-30T08:15:45.340+0000] {subprocess.py:93} INFO - [0m08:15:45  Unable to do partial parsing because a project dependency has been added
[2024-11-30T08:15:47.283+0000] {subprocess.py:93} INFO - [0m08:15:47  [[33mWARNING[0m]: Deprecated functionality
[2024-11-30T08:15:47.285+0000] {subprocess.py:93} INFO - The `tests` config has been renamed to `data_tests`. Please see
[2024-11-30T08:15:47.285+0000] {subprocess.py:93} INFO - https://docs.getdbt.com/docs/build/data-tests#new-data_tests-syntax for more
[2024-11-30T08:15:47.286+0000] {subprocess.py:93} INFO - information.
[2024-11-30T08:15:47.593+0000] {subprocess.py:93} INFO - [0m08:15:47  Encountered an error:
[2024-11-30T08:15:47.594+0000] {subprocess.py:93} INFO - Compilation Error
[2024-11-30T08:15:47.594+0000] {subprocess.py:93} INFO -   Model 'model.project.electricity_weather_forecast' (models/input/electricity_weather_forecast.sql) depends on a source named 'analytics.weather_forecast_processed' which was not found
[2024-11-30T08:15:48.984+0000] {subprocess.py:97} INFO - Command exited with return code 2
[2024-11-30T08:15:48.989+0000] {taskinstance.py:441} INFO - ::group::Post task execution logs
[2024-11-30T08:15:49.036+0000] {taskinstance.py:2905} ERROR - Task failed with exception
Traceback (most recent call last):
  File "/home/airflow/.local/lib/python3.12/site-packages/airflow/models/taskinstance.py", line 465, in _execute_task
    result = _execute_callable(context=context, **execute_callable_kwargs)
             ^^^^^^^^^^^^^^^^^^^^^^^^^^^^^^^^^^^^^^^^^^^^^^^^^^^^^^^^^^^^^
  File "/home/airflow/.local/lib/python3.12/site-packages/airflow/models/taskinstance.py", line 432, in _execute_callable
    return execute_callable(context=context, **execute_callable_kwargs)
           ^^^^^^^^^^^^^^^^^^^^^^^^^^^^^^^^^^^^^^^^^^^^^^^^^^^^^^^^^^^^
  File "/home/airflow/.local/lib/python3.12/site-packages/airflow/models/baseoperator.py", line 400, in wrapper
    return func(self, *args, **kwargs)
           ^^^^^^^^^^^^^^^^^^^^^^^^^^^
  File "/home/airflow/.local/lib/python3.12/site-packages/airflow/operators/bash.py", line 243, in execute
    raise AirflowException(
airflow.exceptions.AirflowException: Bash command failed. The command returned a non-zero exit code 2.
[2024-11-30T08:15:49.069+0000] {taskinstance.py:1206} INFO - Marking task as FAILED. dag_id=dbt-viz-dag, task_id=dbt_run, run_id=manual__2024-11-30T08:15:13.636886+00:00, execution_date=20241130T081513, start_date=20241130T081528, end_date=20241130T081549
[2024-11-30T08:15:49.111+0000] {standard_task_runner.py:110} ERROR - Failed to execute job 402 for task dbt_run (Bash command failed. The command returned a non-zero exit code 2.; 499)
[2024-11-30T08:15:49.130+0000] {local_task_job_runner.py:240} INFO - Task exited with return code 1
[2024-11-30T08:15:49.175+0000] {taskinstance.py:3498} INFO - 0 downstream tasks scheduled from follow-on schedule check
[2024-11-30T08:15:49.184+0000] {local_task_job_runner.py:222} INFO - ::endgroup::
