[2024-11-30T20:42:52.215+0000] {local_task_job_runner.py:120} INFO - ::group::Pre task execution logs
[2024-11-30T20:42:52.612+0000] {taskinstance.py:2076} INFO - Dependencies all met for dep_context=non-requeueable deps ti=<TaskInstance: complete-dag.fetch_electricity_data scheduled__2024-11-29T20:40:00+00:00 [queued]>
[2024-11-30T20:42:52.632+0000] {taskinstance.py:2076} INFO - Dependencies all met for dep_context=requeueable deps ti=<TaskInstance: complete-dag.fetch_electricity_data scheduled__2024-11-29T20:40:00+00:00 [queued]>
[2024-11-30T20:42:52.664+0000] {taskinstance.py:2306} INFO - Starting attempt 1 of 1
[2024-11-30T20:42:52.825+0000] {taskinstance.py:2330} INFO - Executing <Task(_PythonDecoratedOperator): fetch_electricity_data> on 2024-11-29 20:40:00+00:00
[2024-11-30T20:42:52.867+0000] {standard_task_runner.py:90} INFO - Running: ['***', 'tasks', 'run', 'complete-dag', 'fetch_electricity_data', 'scheduled__2024-11-29T20:40:00+00:00', '--job-id', '431', '--raw', '--subdir', 'DAGS_FOLDER/complete_dag.py', '--cfg-path', '/tmp/tmpuc39mujj']
[2024-11-30T20:42:52.906+0000] {standard_task_runner.py:91} INFO - Job 431: Subtask fetch_electricity_data
[2024-11-30T20:42:52.925+0000] {logging_mixin.py:188} WARNING - /home/***/.local/lib/python3.12/site-packages/***/task/task_runner/standard_task_runner.py:61 DeprecationWarning: This process (pid=3517) is multi-threaded, use of fork() may lead to deadlocks in the child.
[2024-11-30T20:42:52.926+0000] {standard_task_runner.py:63} INFO - Started process 3562 to run task
[2024-11-30T20:42:53.185+0000] {task_command.py:426} INFO - Running <TaskInstance: complete-dag.fetch_electricity_data scheduled__2024-11-29T20:40:00+00:00 [running]> on host e060654747dc
[2024-11-30T20:42:53.727+0000] {taskinstance.py:2648} INFO - Exporting env vars: AIRFLOW_CTX_DAG_OWNER='***' AIRFLOW_CTX_DAG_ID='complete-dag' AIRFLOW_CTX_TASK_ID='fetch_electricity_data' AIRFLOW_CTX_EXECUTION_DATE='2024-11-29T20:40:00+00:00' AIRFLOW_CTX_TRY_NUMBER='1' AIRFLOW_CTX_DAG_RUN_ID='scheduled__2024-11-29T20:40:00+00:00'
[2024-11-30T20:42:53.745+0000] {taskinstance.py:430} INFO - ::endgroup::
[2024-11-30T20:42:56.245+0000] {logging_mixin.py:188} INFO -        period subba  ...   value    value-units
0  2024-11-29  PGAE  ...  251950  megawatthours
1  2024-11-29   SCE  ...  250593  megawatthours
2  2024-11-29  SDGE  ...   49620  megawatthours
3  2024-11-29   VEA  ...    2416  megawatthours
4  2024-11-28  PGAE  ...  248403  megawatthours

[5 rows x 8 columns]
[2024-11-30T20:42:56.252+0000] {python.py:237} INFO - Done. Returned value was:           period subba  ...   value    value-units
0     2024-11-29  PGAE  ...  251950  megawatthours
1     2024-11-29   SCE  ...  250593  megawatthours
2     2024-11-29  SDGE  ...   49620  megawatthours
3     2024-11-29   VEA  ...    2416  megawatthours
4     2024-11-28  PGAE  ...  248403  megawatthours
...          ...   ...  ...     ...            ...
4241  2022-01-02   VEA  ...    2332  megawatthours
4242  2022-01-01  PGAE  ...  249179  megawatthours
4243  2022-01-01   SCE  ...  234915  megawatthours
4244  2022-01-01  SDGE  ...   44717  megawatthours
4245  2022-01-01   VEA  ...    2228  megawatthours

[4246 rows x 8 columns]
[2024-11-30T20:42:56.269+0000] {taskinstance.py:441} INFO - ::group::Post task execution logs
[2024-11-30T20:42:56.418+0000] {taskinstance.py:1206} INFO - Marking task as SUCCESS. dag_id=complete-dag, task_id=fetch_electricity_data, run_id=scheduled__2024-11-29T20:40:00+00:00, execution_date=20241129T204000, start_date=20241130T204252, end_date=20241130T204256
[2024-11-30T20:42:56.487+0000] {local_task_job_runner.py:240} INFO - Task exited with return code 0
[2024-11-30T20:42:56.541+0000] {local_task_job_runner.py:222} INFO - ::endgroup::
