[2024-11-30T06:36:52.740+0000] {local_task_job_runner.py:120} INFO - ::group::Pre task execution logs
[2024-11-30T06:36:52.766+0000] {taskinstance.py:2076} INFO - Dependencies all met for dep_context=non-requeueable deps ti=<TaskInstance: complete-dag.dbt_run manual__2024-11-30T06:36:41.008481+00:00 [queued]>
[2024-11-30T06:36:52.773+0000] {taskinstance.py:2076} INFO - Dependencies all met for dep_context=requeueable deps ti=<TaskInstance: complete-dag.dbt_run manual__2024-11-30T06:36:41.008481+00:00 [queued]>
[2024-11-30T06:36:52.773+0000] {taskinstance.py:2306} INFO - Starting attempt 1 of 1
[2024-11-30T06:36:52.785+0000] {taskinstance.py:2330} INFO - Executing <Task(BashOperator): dbt_run> on 2024-11-30 06:36:41.008481+00:00
[2024-11-30T06:36:52.795+0000] {logging_mixin.py:188} WARNING - /home/***/.local/lib/python3.12/site-packages/***/task/task_runner/standard_task_runner.py:61 DeprecationWarning: This process (pid=10619) is multi-threaded, use of fork() may lead to deadlocks in the child.
[2024-11-30T06:36:52.795+0000] {standard_task_runner.py:90} INFO - Running: ['***', 'tasks', 'run', 'complete-dag', 'dbt_run', 'manual__2024-11-30T06:36:41.008481+00:00', '--job-id', '387', '--raw', '--subdir', 'DAGS_FOLDER/complete_dag.py', '--cfg-path', '/tmp/tmpgjvjrpsl']
[2024-11-30T06:36:52.796+0000] {standard_task_runner.py:63} INFO - Started process 10622 to run task
[2024-11-30T06:36:52.796+0000] {standard_task_runner.py:91} INFO - Job 387: Subtask dbt_run
[2024-11-30T06:36:52.837+0000] {task_command.py:426} INFO - Running <TaskInstance: complete-dag.dbt_run manual__2024-11-30T06:36:41.008481+00:00 [running]> on host b09a94790db6
[2024-11-30T06:36:52.961+0000] {taskinstance.py:2648} INFO - Exporting env vars: AIRFLOW_CTX_DAG_OWNER='***' AIRFLOW_CTX_DAG_ID='complete-dag' AIRFLOW_CTX_TASK_ID='dbt_run' AIRFLOW_CTX_EXECUTION_DATE='2024-11-30T06:36:41.008481+00:00' AIRFLOW_CTX_TRY_NUMBER='1' AIRFLOW_CTX_DAG_RUN_ID='manual__2024-11-30T06:36:41.008481+00:00'
[2024-11-30T06:36:52.962+0000] {taskinstance.py:430} INFO - ::endgroup::
[2024-11-30T06:36:52.963+0000] {subprocess.py:63} INFO - Tmp dir root location: /tmp
[2024-11-30T06:36:52.971+0000] {subprocess.py:75} INFO - Running command: ['/usr/bin/bash', '-c', '/home/***/.local/bin/dbt run --profiles-dir /opt/***/dbt --project-dir /opt/***/dbt']
[2024-11-30T06:36:52.985+0000] {subprocess.py:86} INFO - Output:
[2024-11-30T06:36:55.071+0000] {subprocess.py:93} INFO - [0m06:36:55  Running with dbt=1.8.7
[2024-11-30T06:36:56.095+0000] {subprocess.py:93} INFO - [0m06:36:56  Registered adapter: snowflake=1.8.4
[2024-11-30T06:36:56.699+0000] {subprocess.py:93} INFO - [0m06:36:56  [[33mWARNING[0m]: Deprecated functionality
[2024-11-30T06:36:56.700+0000] {subprocess.py:93} INFO - The `tests` config has been renamed to `data_tests`. Please see
[2024-11-30T06:36:56.700+0000] {subprocess.py:93} INFO - https://docs.getdbt.com/docs/build/data-tests#new-data_tests-syntax for more
[2024-11-30T06:36:56.700+0000] {subprocess.py:93} INFO - information.
[2024-11-30T06:36:57.027+0000] {subprocess.py:93} INFO - [0m06:36:57  Found 5 models, 1 test, 4 sources, 459 macros
[2024-11-30T06:36:57.031+0000] {subprocess.py:93} INFO - [0m06:36:57
[2024-11-30T06:36:58.846+0000] {subprocess.py:93} INFO - [0m06:36:58  Concurrency: 1 threads (target='dev')
[2024-11-30T06:36:58.847+0000] {subprocess.py:93} INFO - [0m06:36:58
[2024-11-30T06:36:58.902+0000] {subprocess.py:93} INFO - [0m06:36:58  1 of 2 START sql table model analytics.weather_forecast_processed .............. [RUN]
[2024-11-30T06:37:00.614+0000] {subprocess.py:93} INFO - [0m06:37:00  1 of 2 OK created sql table model analytics.weather_forecast_processed ......... [[32mSUCCESS 1[0m in 1.71s]
[2024-11-30T06:37:00.617+0000] {subprocess.py:93} INFO - [0m06:37:00  2 of 2 START sql table model analytics.electricity_weather_historical .......... [RUN]
[2024-11-30T06:37:02.124+0000] {subprocess.py:93} INFO - [0m06:37:02  2 of 2 OK created sql table model analytics.electricity_weather_historical ..... [[32mSUCCESS 1[0m in 1.50s]
[2024-11-30T06:37:02.129+0000] {subprocess.py:93} INFO - [0m06:37:02
[2024-11-30T06:37:02.130+0000] {subprocess.py:93} INFO - [0m06:37:02  Finished running 2 table models in 0 hours 0 minutes and 5.10 seconds (5.10s).
[2024-11-30T06:37:02.181+0000] {subprocess.py:93} INFO - [0m06:37:02
[2024-11-30T06:37:02.182+0000] {subprocess.py:93} INFO - [0m06:37:02  [32mCompleted successfully[0m
[2024-11-30T06:37:02.183+0000] {subprocess.py:93} INFO - [0m06:37:02
[2024-11-30T06:37:02.184+0000] {subprocess.py:93} INFO - [0m06:37:02  Done. PASS=2 WARN=0 ERROR=0 SKIP=0 TOTAL=2
[2024-11-30T06:37:02.921+0000] {subprocess.py:97} INFO - Command exited with return code 0
[2024-11-30T06:37:02.923+0000] {taskinstance.py:441} INFO - ::group::Post task execution logs
[2024-11-30T06:37:02.947+0000] {taskinstance.py:1206} INFO - Marking task as SUCCESS. dag_id=complete-dag, task_id=dbt_run, run_id=manual__2024-11-30T06:36:41.008481+00:00, execution_date=20241130T063641, start_date=20241130T063652, end_date=20241130T063702
[2024-11-30T06:37:02.972+0000] {local_task_job_runner.py:240} INFO - Task exited with return code 0
[2024-11-30T06:37:02.982+0000] {local_task_job_runner.py:222} INFO - ::endgroup::
