[2024-11-30T06:32:25.681+0000] {local_task_job_runner.py:120} INFO - ::group::Pre task execution logs
[2024-11-30T06:32:25.709+0000] {taskinstance.py:2076} INFO - Dependencies all met for dep_context=non-requeueable deps ti=<TaskInstance: complete-dag.load_weather_data_to_snowflake manual__2024-11-30T06:32:15.946815+00:00 [queued]>
[2024-11-30T06:32:25.717+0000] {taskinstance.py:2076} INFO - Dependencies all met for dep_context=requeueable deps ti=<TaskInstance: complete-dag.load_weather_data_to_snowflake manual__2024-11-30T06:32:15.946815+00:00 [queued]>
[2024-11-30T06:32:25.718+0000] {taskinstance.py:2306} INFO - Starting attempt 1 of 1
[2024-11-30T06:32:25.732+0000] {taskinstance.py:2330} INFO - Executing <Task(_PythonDecoratedOperator): load_weather_data_to_snowflake> on 2024-11-30 06:32:15.946815+00:00
[2024-11-30T06:32:25.747+0000] {standard_task_runner.py:90} INFO - Running: ['***', 'tasks', 'run', 'complete-dag', 'load_weather_data_to_snowflake', 'manual__2024-11-30T06:32:15.946815+00:00', '--job-id', '363', '--raw', '--subdir', 'DAGS_FOLDER/complete_dag.py', '--cfg-path', '/tmp/tmp1lj4h1ev']
[2024-11-30T06:32:25.747+0000] {logging_mixin.py:188} WARNING - /home/***/.local/lib/python3.12/site-packages/***/task/task_runner/standard_task_runner.py:61 DeprecationWarning: This process (pid=9929) is multi-threaded, use of fork() may lead to deadlocks in the child.
[2024-11-30T06:32:25.749+0000] {standard_task_runner.py:91} INFO - Job 363: Subtask load_weather_data_to_snowflake
[2024-11-30T06:32:25.749+0000] {standard_task_runner.py:63} INFO - Started process 9937 to run task
[2024-11-30T06:32:25.806+0000] {task_command.py:426} INFO - Running <TaskInstance: complete-dag.load_weather_data_to_snowflake manual__2024-11-30T06:32:15.946815+00:00 [running]> on host b09a94790db6
[2024-11-30T06:32:26.028+0000] {taskinstance.py:2648} INFO - Exporting env vars: AIRFLOW_CTX_DAG_OWNER='***' AIRFLOW_CTX_DAG_ID='complete-dag' AIRFLOW_CTX_TASK_ID='load_weather_data_to_snowflake' AIRFLOW_CTX_EXECUTION_DATE='2024-11-30T06:32:15.946815+00:00' AIRFLOW_CTX_TRY_NUMBER='1' AIRFLOW_CTX_DAG_RUN_ID='manual__2024-11-30T06:32:15.946815+00:00'
[2024-11-30T06:32:26.029+0000] {taskinstance.py:430} INFO - ::endgroup::
[2024-11-30T06:32:26.192+0000] {cursor.py:1149} INFO - Number of results in first chunk: 1
[2024-11-30T06:32:26.491+0000] {cursor.py:1149} INFO - Number of results in first chunk: 1
[2024-11-30T06:32:26.504+0000] {logging_mixin.py:188} WARNING - /opt/***/dags/complete_dag.py:163 FutureWarning: DataFrame.applymap has been deprecated. Use DataFrame.map instead.
[2024-11-30T06:32:26.548+0000] {logging_mixin.py:188} INFO -          Date  temperature_2m_max  ...  windspeed_10m_max  avg_temperature
0  2022-01-01                 8.0  ...               18.0             2.55
1  2022-01-02                 7.0  ...               11.8             1.35
2  2022-01-03                 5.5  ...               11.4             0.55
3  2022-01-04                 4.1  ...               11.7             1.30
4  2022-01-05                 4.8  ...               11.2             0.15

[5 rows x 7 columns]
[2024-11-30T06:32:27.266+0000] {logging_mixin.py:188} INFO - Successfully inserted 1065 rows.
[2024-11-30T06:32:27.374+0000] {cursor.py:1149} INFO - Number of results in first chunk: 1
[2024-11-30T06:32:27.375+0000] {python.py:237} INFO - Done. Returned value was: None
[2024-11-30T06:32:27.375+0000] {taskinstance.py:441} INFO - ::group::Post task execution logs
[2024-11-30T06:32:27.383+0000] {taskinstance.py:1206} INFO - Marking task as SUCCESS. dag_id=complete-dag, task_id=load_weather_data_to_snowflake, run_id=manual__2024-11-30T06:32:15.946815+00:00, execution_date=20241130T063215, start_date=20241130T063225, end_date=20241130T063227
[2024-11-30T06:32:27.449+0000] {local_task_job_runner.py:240} INFO - Task exited with return code 0
[2024-11-30T06:32:27.466+0000] {local_task_job_runner.py:222} INFO - ::endgroup::
