[2024-11-13T19:02:53.896+0000] {local_task_job_runner.py:120} INFO - ::group::Pre task execution logs
[2024-11-13T19:02:53.948+0000] {taskinstance.py:2076} INFO - Dependencies all met for dep_context=non-requeueable deps ti=<TaskInstance: BuildELT_dbt.dbt_run manual__2024-11-13T19:02:52.930284+00:00 [queued]>
[2024-11-13T19:02:53.961+0000] {taskinstance.py:2076} INFO - Dependencies all met for dep_context=requeueable deps ti=<TaskInstance: BuildELT_dbt.dbt_run manual__2024-11-13T19:02:52.930284+00:00 [queued]>
[2024-11-13T19:02:53.962+0000] {taskinstance.py:2306} INFO - Starting attempt 1 of 1
[2024-11-13T19:02:53.980+0000] {taskinstance.py:2330} INFO - Executing <Task(BashOperator): dbt_run> on 2024-11-13 19:02:52.930284+00:00
[2024-11-13T19:02:53.989+0000] {standard_task_runner.py:90} INFO - Running: ['***', 'tasks', 'run', 'BuildELT_dbt', 'dbt_run', 'manual__2024-11-13T19:02:52.930284+00:00', '--job-id', '185', '--raw', '--subdir', 'DAGS_FOLDER/build_elt_with_dbt.py', '--cfg-path', '/tmp/tmpb2jt4y96']
[2024-11-13T19:02:53.993+0000] {standard_task_runner.py:91} INFO - Job 185: Subtask dbt_run
[2024-11-13T19:02:53.994+0000] {logging_mixin.py:188} WARNING - /home/***/.local/lib/python3.12/site-packages/***/task/task_runner/standard_task_runner.py:61 DeprecationWarning: This process (pid=1981) is multi-threaded, use of fork() may lead to deadlocks in the child.
[2024-11-13T19:02:53.995+0000] {standard_task_runner.py:63} INFO - Started process 1982 to run task
[2024-11-13T19:02:54.053+0000] {task_command.py:426} INFO - Running <TaskInstance: BuildELT_dbt.dbt_run manual__2024-11-13T19:02:52.930284+00:00 [running]> on host d7a7afbedfaf
[2024-11-13T19:02:54.200+0000] {taskinstance.py:2648} INFO - Exporting env vars: AIRFLOW_CTX_DAG_OWNER='***' AIRFLOW_CTX_DAG_ID='BuildELT_dbt' AIRFLOW_CTX_TASK_ID='dbt_run' AIRFLOW_CTX_EXECUTION_DATE='2024-11-13T19:02:52.930284+00:00' AIRFLOW_CTX_TRY_NUMBER='1' AIRFLOW_CTX_DAG_RUN_ID='manual__2024-11-13T19:02:52.930284+00:00'
[2024-11-13T19:02:54.201+0000] {taskinstance.py:430} INFO - ::endgroup::
[2024-11-13T19:02:54.214+0000] {subprocess.py:63} INFO - Tmp dir root location: /tmp
[2024-11-13T19:02:54.215+0000] {subprocess.py:75} INFO - Running command: ['/usr/bin/bash', '-c', '/home/***/.local/bin/dbt run --profiles-dir /opt/***/dbt --project-dir /opt/***/dbt']
[2024-11-13T19:02:54.225+0000] {subprocess.py:86} INFO - Output:
[2024-11-13T19:02:56.475+0000] {subprocess.py:93} INFO - [0m19:02:56  Running with dbt=1.8.7
[2024-11-13T19:02:57.527+0000] {subprocess.py:93} INFO - [0m19:02:57  Registered adapter: snowflake=1.8.4
[2024-11-13T19:02:58.249+0000] {subprocess.py:93} INFO - [0m19:02:58  Found 6 models, 1 snapshot, 2 data tests, 2 sources, 459 macros
[2024-11-13T19:02:58.254+0000] {subprocess.py:93} INFO - [0m19:02:58
[2024-11-13T19:03:00.419+0000] {subprocess.py:93} INFO - [0m19:03:00  Concurrency: 1 threads (target='dev')
[2024-11-13T19:03:00.419+0000] {subprocess.py:93} INFO - [0m19:03:00
[2024-11-13T19:03:00.459+0000] {subprocess.py:93} INFO - [0m19:03:00  1 of 5 START sql table model analytics.daily_price_return ...................... [RUN]
[2024-11-13T19:03:02.265+0000] {subprocess.py:93} INFO - [0m19:03:02  1 of 5 OK created sql table model analytics.daily_price_return ................. [[32mSUCCESS 1[0m in 1.80s]
[2024-11-13T19:03:02.269+0000] {subprocess.py:93} INFO - [0m19:03:02  2 of 5 START sql table model analytics.stock_ma ................................ [RUN]
[2024-11-13T19:03:03.709+0000] {subprocess.py:93} INFO - [0m19:03:03  2 of 5 OK created sql table model analytics.stock_ma ........................... [[32mSUCCESS 1[0m in 1.44s]
[2024-11-13T19:03:03.712+0000] {subprocess.py:93} INFO - [0m19:03:03  3 of 5 START sql table model analytics.stock_rsi ............................... [RUN]
[2024-11-13T19:03:05.609+0000] {subprocess.py:93} INFO - [0m19:03:05  3 of 5 OK created sql table model analytics.stock_rsi .......................... [[32mSUCCESS 1[0m in 1.89s]
[2024-11-13T19:03:05.613+0000] {subprocess.py:93} INFO - [0m19:03:05  4 of 5 START sql table model analytics.stock_trend ............................. [RUN]
[2024-11-13T19:03:07.020+0000] {subprocess.py:93} INFO - [0m19:03:07  4 of 5 OK created sql table model analytics.stock_trend ........................ [[32mSUCCESS 1[0m in 1.40s]
[2024-11-13T19:03:07.024+0000] {subprocess.py:93} INFO - [0m19:03:07  5 of 5 START sql table model analytics.stock_indicators ........................ [RUN]
[2024-11-13T19:03:08.811+0000] {subprocess.py:93} INFO - [0m19:03:08  5 of 5 OK created sql table model analytics.stock_indicators ................... [[32mSUCCESS 1[0m in 1.78s]
[2024-11-13T19:03:08.816+0000] {subprocess.py:93} INFO - [0m19:03:08
[2024-11-13T19:03:08.816+0000] {subprocess.py:93} INFO - [0m19:03:08  Finished running 5 table models in 0 hours 0 minutes and 10.56 seconds (10.56s).
[2024-11-13T19:03:08.868+0000] {subprocess.py:93} INFO - [0m19:03:08
[2024-11-13T19:03:08.869+0000] {subprocess.py:93} INFO - [0m19:03:08  [32mCompleted successfully[0m
[2024-11-13T19:03:08.870+0000] {subprocess.py:93} INFO - [0m19:03:08
[2024-11-13T19:03:08.871+0000] {subprocess.py:93} INFO - [0m19:03:08  Done. PASS=5 WARN=0 ERROR=0 SKIP=0 TOTAL=5
[2024-11-13T19:03:09.693+0000] {subprocess.py:97} INFO - Command exited with return code 0
[2024-11-13T19:03:09.694+0000] {taskinstance.py:441} INFO - ::group::Post task execution logs
[2024-11-13T19:03:09.737+0000] {taskinstance.py:1206} INFO - Marking task as SUCCESS. dag_id=BuildELT_dbt, task_id=dbt_run, run_id=manual__2024-11-13T19:02:52.930284+00:00, execution_date=20241113T190252, start_date=20241113T190253, end_date=20241113T190309
[2024-11-13T19:03:09.788+0000] {local_task_job_runner.py:240} INFO - Task exited with return code 0
[2024-11-13T19:03:09.823+0000] {taskinstance.py:3498} INFO - 1 downstream tasks scheduled from follow-on schedule check
[2024-11-13T19:03:09.826+0000] {local_task_job_runner.py:222} INFO - ::endgroup::
