[2024-11-12T02:45:16.902+0000] {processor.py:161} INFO - Started process (PID=157) to work on /home/airflow/.local/lib/python3.12/site-packages/airflow/example_dags/example_xcom.py
[2024-11-12T02:45:16.903+0000] {processor.py:830} INFO - Processing file /home/airflow/.local/lib/python3.12/site-packages/airflow/example_dags/example_xcom.py for tasks to queue
[2024-11-12T02:45:16.905+0000] {logging_mixin.py:188} INFO - [2024-11-12T02:45:16.905+0000] {dagbag.py:545} INFO - Filling up the DagBag from /home/airflow/.local/lib/python3.12/site-packages/airflow/example_dags/example_xcom.py
[2024-11-12T02:45:16.917+0000] {processor.py:840} INFO - DAG(s) 'example_xcom' retrieved from /home/airflow/.local/lib/python3.12/site-packages/airflow/example_dags/example_xcom.py
[2024-11-12T02:45:17.060+0000] {logging_mixin.py:188} INFO - [2024-11-12T02:45:17.059+0000] {dag.py:3096} INFO - Sync 1 DAGs
[2024-11-12T02:45:17.099+0000] {logging_mixin.py:188} INFO - [2024-11-12T02:45:17.098+0000] {dag.py:3954} INFO - Setting next_dagrun for example_xcom to 2021-01-01 00:00:00+00:00, run_after=2021-01-01 00:00:00+00:00
[2024-11-12T02:45:17.131+0000] {processor.py:183} INFO - Processing /home/airflow/.local/lib/python3.12/site-packages/airflow/example_dags/example_xcom.py took 0.237 seconds
[2024-11-12T02:45:47.559+0000] {processor.py:161} INFO - Started process (PID=216) to work on /home/airflow/.local/lib/python3.12/site-packages/airflow/example_dags/example_xcom.py
[2024-11-12T02:45:47.561+0000] {processor.py:830} INFO - Processing file /home/airflow/.local/lib/python3.12/site-packages/airflow/example_dags/example_xcom.py for tasks to queue
[2024-11-12T02:45:47.563+0000] {logging_mixin.py:188} INFO - [2024-11-12T02:45:47.563+0000] {dagbag.py:545} INFO - Filling up the DagBag from /home/airflow/.local/lib/python3.12/site-packages/airflow/example_dags/example_xcom.py
[2024-11-12T02:45:47.572+0000] {processor.py:840} INFO - DAG(s) 'example_xcom' retrieved from /home/airflow/.local/lib/python3.12/site-packages/airflow/example_dags/example_xcom.py
[2024-11-12T02:45:47.598+0000] {logging_mixin.py:188} INFO - [2024-11-12T02:45:47.597+0000] {dag.py:3096} INFO - Sync 1 DAGs
[2024-11-12T02:45:47.620+0000] {logging_mixin.py:188} INFO - [2024-11-12T02:45:47.620+0000] {dag.py:3954} INFO - Setting next_dagrun for example_xcom to 2021-01-01 00:00:00+00:00, run_after=2021-01-01 00:00:00+00:00
[2024-11-12T02:45:47.642+0000] {processor.py:183} INFO - Processing /home/airflow/.local/lib/python3.12/site-packages/airflow/example_dags/example_xcom.py took 0.088 seconds
[2024-11-12T02:46:17.935+0000] {processor.py:161} INFO - Started process (PID=275) to work on /home/airflow/.local/lib/python3.12/site-packages/airflow/example_dags/example_xcom.py
[2024-11-12T02:46:17.936+0000] {processor.py:830} INFO - Processing file /home/airflow/.local/lib/python3.12/site-packages/airflow/example_dags/example_xcom.py for tasks to queue
[2024-11-12T02:46:17.938+0000] {logging_mixin.py:188} INFO - [2024-11-12T02:46:17.938+0000] {dagbag.py:545} INFO - Filling up the DagBag from /home/airflow/.local/lib/python3.12/site-packages/airflow/example_dags/example_xcom.py
[2024-11-12T02:46:17.948+0000] {processor.py:840} INFO - DAG(s) 'example_xcom' retrieved from /home/airflow/.local/lib/python3.12/site-packages/airflow/example_dags/example_xcom.py
[2024-11-12T02:46:17.973+0000] {logging_mixin.py:188} INFO - [2024-11-12T02:46:17.972+0000] {dag.py:3096} INFO - Sync 1 DAGs
[2024-11-12T02:46:18.002+0000] {logging_mixin.py:188} INFO - [2024-11-12T02:46:18.002+0000] {dag.py:3954} INFO - Setting next_dagrun for example_xcom to 2021-01-01 00:00:00+00:00, run_after=2021-01-01 00:00:00+00:00
[2024-11-12T02:46:18.024+0000] {processor.py:183} INFO - Processing /home/airflow/.local/lib/python3.12/site-packages/airflow/example_dags/example_xcom.py took 0.095 seconds
