[2024-11-12T02:45:14.294+0000] {processor.py:161} INFO - Started process (PID=145) to work on /home/airflow/.local/lib/python3.12/site-packages/airflow/example_dags/example_datasets.py
[2024-11-12T02:45:14.295+0000] {processor.py:830} INFO - Processing file /home/airflow/.local/lib/python3.12/site-packages/airflow/example_dags/example_datasets.py for tasks to queue
[2024-11-12T02:45:14.297+0000] {logging_mixin.py:188} INFO - [2024-11-12T02:45:14.297+0000] {dagbag.py:545} INFO - Filling up the DagBag from /home/airflow/.local/lib/python3.12/site-packages/airflow/example_dags/example_datasets.py
[2024-11-12T02:45:14.581+0000] {processor.py:840} INFO - DAG(s) 'dataset_consumes_1_never_scheduled', 'dataset_consumes_unknown_never_scheduled', 'consume_1_and_2_with_dataset_expressions', 'dataset_produces_1', 'consume_1_or_2_with_dataset_expressions', 'conditional_dataset_and_time_based_timetable', 'dataset_produces_2', 'consume_1_or_both_2_and_3_with_dataset_expressions', 'dataset_consumes_1', 'dataset_consumes_1_and_2' retrieved from /home/airflow/.local/lib/python3.12/site-packages/airflow/example_dags/example_datasets.py
[2024-11-12T02:45:14.833+0000] {logging_mixin.py:188} INFO - [2024-11-12T02:45:14.832+0000] {dag.py:3096} INFO - Sync 10 DAGs
[2024-11-12T02:45:14.865+0000] {logging_mixin.py:188} INFO - [2024-11-12T02:45:14.865+0000] {dag.py:3954} INFO - Setting next_dagrun for conditional_dataset_and_time_based_timetable to 2024-11-06 01:00:00+00:00, run_after=2024-11-06 01:00:00+00:00
[2024-11-12T02:45:14.869+0000] {logging_mixin.py:188} INFO - [2024-11-12T02:45:14.868+0000] {dag.py:3954} INFO - Setting next_dagrun for consume_1_and_2_with_dataset_expressions to None, run_after=None
[2024-11-12T02:45:14.870+0000] {logging_mixin.py:188} INFO - [2024-11-12T02:45:14.870+0000] {dag.py:3954} INFO - Setting next_dagrun for consume_1_or_2_with_dataset_expressions to None, run_after=None
[2024-11-12T02:45:14.871+0000] {logging_mixin.py:188} INFO - [2024-11-12T02:45:14.871+0000] {dag.py:3954} INFO - Setting next_dagrun for consume_1_or_both_2_and_3_with_dataset_expressions to None, run_after=None
[2024-11-12T02:45:14.873+0000] {logging_mixin.py:188} INFO - [2024-11-12T02:45:14.873+0000] {dag.py:3954} INFO - Setting next_dagrun for dataset_consumes_1 to None, run_after=None
[2024-11-12T02:45:14.874+0000] {logging_mixin.py:188} INFO - [2024-11-12T02:45:14.874+0000] {dag.py:3954} INFO - Setting next_dagrun for dataset_consumes_1_and_2 to None, run_after=None
[2024-11-12T02:45:14.875+0000] {logging_mixin.py:188} INFO - [2024-11-12T02:45:14.875+0000] {dag.py:3954} INFO - Setting next_dagrun for dataset_consumes_1_never_scheduled to None, run_after=None
[2024-11-12T02:45:14.876+0000] {logging_mixin.py:188} INFO - [2024-11-12T02:45:14.876+0000] {dag.py:3954} INFO - Setting next_dagrun for dataset_consumes_unknown_never_scheduled to None, run_after=None
[2024-11-12T02:45:14.879+0000] {logging_mixin.py:188} INFO - [2024-11-12T02:45:14.879+0000] {dag.py:3954} INFO - Setting next_dagrun for dataset_produces_1 to 2024-11-11 00:00:00+00:00, run_after=2024-11-12 00:00:00+00:00
[2024-11-12T02:45:14.881+0000] {logging_mixin.py:188} INFO - [2024-11-12T02:45:14.881+0000] {dag.py:3954} INFO - Setting next_dagrun for dataset_produces_2 to None, run_after=None
[2024-11-12T02:45:15.137+0000] {processor.py:183} INFO - Processing /home/airflow/.local/lib/python3.12/site-packages/airflow/example_dags/example_datasets.py took 0.848 seconds
[2024-11-12T02:45:45.926+0000] {processor.py:161} INFO - Started process (PID=206) to work on /home/airflow/.local/lib/python3.12/site-packages/airflow/example_dags/example_datasets.py
[2024-11-12T02:45:45.927+0000] {processor.py:830} INFO - Processing file /home/airflow/.local/lib/python3.12/site-packages/airflow/example_dags/example_datasets.py for tasks to queue
[2024-11-12T02:45:45.930+0000] {logging_mixin.py:188} INFO - [2024-11-12T02:45:45.929+0000] {dagbag.py:545} INFO - Filling up the DagBag from /home/airflow/.local/lib/python3.12/site-packages/airflow/example_dags/example_datasets.py
[2024-11-12T02:45:45.951+0000] {processor.py:840} INFO - DAG(s) 'conditional_dataset_and_time_based_timetable', 'dataset_consumes_1_never_scheduled', 'dataset_produces_2', 'consume_1_or_2_with_dataset_expressions', 'dataset_consumes_1_and_2', 'dataset_consumes_1', 'consume_1_and_2_with_dataset_expressions', 'dataset_consumes_unknown_never_scheduled', 'consume_1_or_both_2_and_3_with_dataset_expressions', 'dataset_produces_1' retrieved from /home/airflow/.local/lib/python3.12/site-packages/airflow/example_dags/example_datasets.py
[2024-11-12T02:45:46.031+0000] {logging_mixin.py:188} INFO - [2024-11-12T02:45:46.031+0000] {dag.py:3096} INFO - Sync 10 DAGs
[2024-11-12T02:45:46.066+0000] {logging_mixin.py:188} INFO - [2024-11-12T02:45:46.066+0000] {dag.py:3954} INFO - Setting next_dagrun for conditional_dataset_and_time_based_timetable to 2024-11-06 01:00:00+00:00, run_after=2024-11-06 01:00:00+00:00
[2024-11-12T02:45:46.071+0000] {logging_mixin.py:188} INFO - [2024-11-12T02:45:46.071+0000] {dag.py:3954} INFO - Setting next_dagrun for consume_1_and_2_with_dataset_expressions to None, run_after=None
[2024-11-12T02:45:46.073+0000] {logging_mixin.py:188} INFO - [2024-11-12T02:45:46.073+0000] {dag.py:3954} INFO - Setting next_dagrun for consume_1_or_2_with_dataset_expressions to None, run_after=None
[2024-11-12T02:45:46.075+0000] {logging_mixin.py:188} INFO - [2024-11-12T02:45:46.075+0000] {dag.py:3954} INFO - Setting next_dagrun for consume_1_or_both_2_and_3_with_dataset_expressions to None, run_after=None
[2024-11-12T02:45:46.077+0000] {logging_mixin.py:188} INFO - [2024-11-12T02:45:46.077+0000] {dag.py:3954} INFO - Setting next_dagrun for dataset_consumes_1 to None, run_after=None
[2024-11-12T02:45:46.078+0000] {logging_mixin.py:188} INFO - [2024-11-12T02:45:46.078+0000] {dag.py:3954} INFO - Setting next_dagrun for dataset_consumes_1_and_2 to None, run_after=None
[2024-11-12T02:45:46.080+0000] {logging_mixin.py:188} INFO - [2024-11-12T02:45:46.080+0000] {dag.py:3954} INFO - Setting next_dagrun for dataset_consumes_1_never_scheduled to None, run_after=None
[2024-11-12T02:45:46.081+0000] {logging_mixin.py:188} INFO - [2024-11-12T02:45:46.081+0000] {dag.py:3954} INFO - Setting next_dagrun for dataset_consumes_unknown_never_scheduled to None, run_after=None
[2024-11-12T02:45:46.084+0000] {logging_mixin.py:188} INFO - [2024-11-12T02:45:46.084+0000] {dag.py:3954} INFO - Setting next_dagrun for dataset_produces_1 to 2024-11-11 00:00:00+00:00, run_after=2024-11-12 00:00:00+00:00
[2024-11-12T02:45:46.086+0000] {logging_mixin.py:188} INFO - [2024-11-12T02:45:46.085+0000] {dag.py:3954} INFO - Setting next_dagrun for dataset_produces_2 to None, run_after=None
[2024-11-12T02:45:46.148+0000] {processor.py:183} INFO - Processing /home/airflow/.local/lib/python3.12/site-packages/airflow/example_dags/example_datasets.py took 0.228 seconds
[2024-11-12T02:46:16.956+0000] {processor.py:161} INFO - Started process (PID=265) to work on /home/airflow/.local/lib/python3.12/site-packages/airflow/example_dags/example_datasets.py
[2024-11-12T02:46:16.959+0000] {processor.py:830} INFO - Processing file /home/airflow/.local/lib/python3.12/site-packages/airflow/example_dags/example_datasets.py for tasks to queue
[2024-11-12T02:46:16.963+0000] {logging_mixin.py:188} INFO - [2024-11-12T02:46:16.963+0000] {dagbag.py:545} INFO - Filling up the DagBag from /home/airflow/.local/lib/python3.12/site-packages/airflow/example_dags/example_datasets.py
[2024-11-12T02:46:16.998+0000] {processor.py:840} INFO - DAG(s) 'consume_1_and_2_with_dataset_expressions', 'conditional_dataset_and_time_based_timetable', 'dataset_produces_2', 'consume_1_or_2_with_dataset_expressions', 'dataset_consumes_1_and_2', 'dataset_consumes_unknown_never_scheduled', 'dataset_consumes_1', 'dataset_consumes_1_never_scheduled', 'consume_1_or_both_2_and_3_with_dataset_expressions', 'dataset_produces_1' retrieved from /home/airflow/.local/lib/python3.12/site-packages/airflow/example_dags/example_datasets.py
[2024-11-12T02:46:17.086+0000] {logging_mixin.py:188} INFO - [2024-11-12T02:46:17.085+0000] {dag.py:3096} INFO - Sync 10 DAGs
[2024-11-12T02:46:17.134+0000] {logging_mixin.py:188} INFO - [2024-11-12T02:46:17.134+0000] {dag.py:3954} INFO - Setting next_dagrun for conditional_dataset_and_time_based_timetable to 2024-11-06 01:00:00+00:00, run_after=2024-11-06 01:00:00+00:00
[2024-11-12T02:46:17.143+0000] {logging_mixin.py:188} INFO - [2024-11-12T02:46:17.143+0000] {dag.py:3954} INFO - Setting next_dagrun for consume_1_and_2_with_dataset_expressions to None, run_after=None
[2024-11-12T02:46:17.147+0000] {logging_mixin.py:188} INFO - [2024-11-12T02:46:17.146+0000] {dag.py:3954} INFO - Setting next_dagrun for consume_1_or_2_with_dataset_expressions to None, run_after=None
[2024-11-12T02:46:17.149+0000] {logging_mixin.py:188} INFO - [2024-11-12T02:46:17.149+0000] {dag.py:3954} INFO - Setting next_dagrun for consume_1_or_both_2_and_3_with_dataset_expressions to None, run_after=None
[2024-11-12T02:46:17.152+0000] {logging_mixin.py:188} INFO - [2024-11-12T02:46:17.152+0000] {dag.py:3954} INFO - Setting next_dagrun for dataset_consumes_1 to None, run_after=None
[2024-11-12T02:46:17.154+0000] {logging_mixin.py:188} INFO - [2024-11-12T02:46:17.154+0000] {dag.py:3954} INFO - Setting next_dagrun for dataset_consumes_1_and_2 to None, run_after=None
[2024-11-12T02:46:17.157+0000] {logging_mixin.py:188} INFO - [2024-11-12T02:46:17.157+0000] {dag.py:3954} INFO - Setting next_dagrun for dataset_consumes_1_never_scheduled to None, run_after=None
[2024-11-12T02:46:17.160+0000] {logging_mixin.py:188} INFO - [2024-11-12T02:46:17.159+0000] {dag.py:3954} INFO - Setting next_dagrun for dataset_consumes_unknown_never_scheduled to None, run_after=None
[2024-11-12T02:46:17.164+0000] {logging_mixin.py:188} INFO - [2024-11-12T02:46:17.163+0000] {dag.py:3954} INFO - Setting next_dagrun for dataset_produces_1 to 2024-11-11 00:00:00+00:00, run_after=2024-11-12 00:00:00+00:00
[2024-11-12T02:46:17.166+0000] {logging_mixin.py:188} INFO - [2024-11-12T02:46:17.166+0000] {dag.py:3954} INFO - Setting next_dagrun for dataset_produces_2 to None, run_after=None
[2024-11-12T02:46:17.224+0000] {processor.py:183} INFO - Processing /home/airflow/.local/lib/python3.12/site-packages/airflow/example_dags/example_datasets.py took 0.281 seconds
