[2024-11-12T02:45:15.629+0000] {processor.py:161} INFO - Started process (PID=149) to work on /home/airflow/.local/lib/python3.12/site-packages/airflow/example_dags/example_python_operator.py
[2024-11-12T02:45:15.630+0000] {processor.py:830} INFO - Processing file /home/airflow/.local/lib/python3.12/site-packages/airflow/example_dags/example_python_operator.py for tasks to queue
[2024-11-12T02:45:15.632+0000] {logging_mixin.py:188} INFO - [2024-11-12T02:45:15.632+0000] {dagbag.py:545} INFO - Filling up the DagBag from /home/airflow/.local/lib/python3.12/site-packages/airflow/example_dags/example_python_operator.py
[2024-11-12T02:45:15.644+0000] {processor.py:840} INFO - DAG(s) 'example_python_operator' retrieved from /home/airflow/.local/lib/python3.12/site-packages/airflow/example_dags/example_python_operator.py
[2024-11-12T02:45:15.772+0000] {logging_mixin.py:188} INFO - [2024-11-12T02:45:15.771+0000] {dag.py:3096} INFO - Sync 1 DAGs
[2024-11-12T02:45:15.786+0000] {logging_mixin.py:188} INFO - [2024-11-12T02:45:15.786+0000] {dag.py:3954} INFO - Setting next_dagrun for example_python_operator to None, run_after=None
[2024-11-12T02:45:15.813+0000] {processor.py:183} INFO - Processing /home/airflow/.local/lib/python3.12/site-packages/airflow/example_dags/example_python_operator.py took 0.191 seconds
[2024-11-12T02:45:46.126+0000] {processor.py:161} INFO - Started process (PID=208) to work on /home/airflow/.local/lib/python3.12/site-packages/airflow/example_dags/example_python_operator.py
[2024-11-12T02:45:46.128+0000] {processor.py:830} INFO - Processing file /home/airflow/.local/lib/python3.12/site-packages/airflow/example_dags/example_python_operator.py for tasks to queue
[2024-11-12T02:45:46.131+0000] {logging_mixin.py:188} INFO - [2024-11-12T02:45:46.130+0000] {dagbag.py:545} INFO - Filling up the DagBag from /home/airflow/.local/lib/python3.12/site-packages/airflow/example_dags/example_python_operator.py
[2024-11-12T02:45:46.145+0000] {processor.py:840} INFO - DAG(s) 'example_python_operator' retrieved from /home/airflow/.local/lib/python3.12/site-packages/airflow/example_dags/example_python_operator.py
[2024-11-12T02:45:46.179+0000] {logging_mixin.py:188} INFO - [2024-11-12T02:45:46.176+0000] {dag.py:3096} INFO - Sync 1 DAGs
[2024-11-12T02:45:46.198+0000] {logging_mixin.py:188} INFO - [2024-11-12T02:45:46.198+0000] {dag.py:3954} INFO - Setting next_dagrun for example_python_operator to None, run_after=None
[2024-11-12T02:45:46.225+0000] {processor.py:183} INFO - Processing /home/airflow/.local/lib/python3.12/site-packages/airflow/example_dags/example_python_operator.py took 0.109 seconds
[2024-11-12T02:46:17.194+0000] {processor.py:161} INFO - Started process (PID=267) to work on /home/airflow/.local/lib/python3.12/site-packages/airflow/example_dags/example_python_operator.py
[2024-11-12T02:46:17.196+0000] {processor.py:830} INFO - Processing file /home/airflow/.local/lib/python3.12/site-packages/airflow/example_dags/example_python_operator.py for tasks to queue
[2024-11-12T02:46:17.200+0000] {logging_mixin.py:188} INFO - [2024-11-12T02:46:17.199+0000] {dagbag.py:545} INFO - Filling up the DagBag from /home/airflow/.local/lib/python3.12/site-packages/airflow/example_dags/example_python_operator.py
[2024-11-12T02:46:17.219+0000] {processor.py:840} INFO - DAG(s) 'example_python_operator' retrieved from /home/airflow/.local/lib/python3.12/site-packages/airflow/example_dags/example_python_operator.py
[2024-11-12T02:46:17.262+0000] {logging_mixin.py:188} INFO - [2024-11-12T02:46:17.260+0000] {dag.py:3096} INFO - Sync 1 DAGs
[2024-11-12T02:46:17.289+0000] {logging_mixin.py:188} INFO - [2024-11-12T02:46:17.288+0000] {dag.py:3954} INFO - Setting next_dagrun for example_python_operator to None, run_after=None
[2024-11-12T02:46:17.339+0000] {processor.py:183} INFO - Processing /home/airflow/.local/lib/python3.12/site-packages/airflow/example_dags/example_python_operator.py took 0.153 seconds
