[2024-11-12T02:45:17.622+0000] {processor.py:161} INFO - Started process (PID=162) to work on /home/airflow/.local/lib/python3.12/site-packages/airflow/example_dags/example_sla_dag.py
[2024-11-12T02:45:17.623+0000] {processor.py:830} INFO - Processing file /home/airflow/.local/lib/python3.12/site-packages/airflow/example_dags/example_sla_dag.py for tasks to queue
[2024-11-12T02:45:17.625+0000] {logging_mixin.py:188} INFO - [2024-11-12T02:45:17.625+0000] {dagbag.py:545} INFO - Filling up the DagBag from /home/airflow/.local/lib/python3.12/site-packages/airflow/example_dags/example_sla_dag.py
[2024-11-12T02:45:17.635+0000] {processor.py:840} INFO - DAG(s) 'example_sla_dag' retrieved from /home/airflow/.local/lib/python3.12/site-packages/airflow/example_dags/example_sla_dag.py
[2024-11-12T02:45:17.751+0000] {logging_mixin.py:188} INFO - [2024-11-12T02:45:17.750+0000] {dag.py:3096} INFO - Sync 1 DAGs
[2024-11-12T02:45:17.775+0000] {logging_mixin.py:188} INFO - [2024-11-12T02:45:17.775+0000] {dag.py:3954} INFO - Setting next_dagrun for example_sla_dag to 2024-11-12 02:42:00+00:00, run_after=2024-11-12 02:44:00+00:00
[2024-11-12T02:45:17.796+0000] {processor.py:183} INFO - Processing /home/airflow/.local/lib/python3.12/site-packages/airflow/example_dags/example_sla_dag.py took 0.180 seconds
[2024-11-12T02:45:47.879+0000] {processor.py:161} INFO - Started process (PID=221) to work on /home/airflow/.local/lib/python3.12/site-packages/airflow/example_dags/example_sla_dag.py
[2024-11-12T02:45:47.881+0000] {processor.py:830} INFO - Processing file /home/airflow/.local/lib/python3.12/site-packages/airflow/example_dags/example_sla_dag.py for tasks to queue
[2024-11-12T02:45:47.883+0000] {logging_mixin.py:188} INFO - [2024-11-12T02:45:47.883+0000] {dagbag.py:545} INFO - Filling up the DagBag from /home/airflow/.local/lib/python3.12/site-packages/airflow/example_dags/example_sla_dag.py
[2024-11-12T02:45:47.892+0000] {processor.py:840} INFO - DAG(s) 'example_sla_dag' retrieved from /home/airflow/.local/lib/python3.12/site-packages/airflow/example_dags/example_sla_dag.py
[2024-11-12T02:45:47.914+0000] {logging_mixin.py:188} INFO - [2024-11-12T02:45:47.913+0000] {dag.py:3096} INFO - Sync 1 DAGs
[2024-11-12T02:45:47.938+0000] {logging_mixin.py:188} INFO - [2024-11-12T02:45:47.938+0000] {dag.py:3954} INFO - Setting next_dagrun for example_sla_dag to 2024-11-12 02:42:00+00:00, run_after=2024-11-12 02:44:00+00:00
[2024-11-12T02:45:47.960+0000] {processor.py:183} INFO - Processing /home/airflow/.local/lib/python3.12/site-packages/airflow/example_dags/example_sla_dag.py took 0.087 seconds
[2024-11-12T02:46:18.466+0000] {processor.py:161} INFO - Started process (PID=280) to work on /home/airflow/.local/lib/python3.12/site-packages/airflow/example_dags/example_sla_dag.py
[2024-11-12T02:46:18.468+0000] {processor.py:830} INFO - Processing file /home/airflow/.local/lib/python3.12/site-packages/airflow/example_dags/example_sla_dag.py for tasks to queue
[2024-11-12T02:46:18.470+0000] {logging_mixin.py:188} INFO - [2024-11-12T02:46:18.469+0000] {dagbag.py:545} INFO - Filling up the DagBag from /home/airflow/.local/lib/python3.12/site-packages/airflow/example_dags/example_sla_dag.py
[2024-11-12T02:46:18.479+0000] {processor.py:840} INFO - DAG(s) 'example_sla_dag' retrieved from /home/airflow/.local/lib/python3.12/site-packages/airflow/example_dags/example_sla_dag.py
[2024-11-12T02:46:18.504+0000] {logging_mixin.py:188} INFO - [2024-11-12T02:46:18.503+0000] {dag.py:3096} INFO - Sync 1 DAGs
[2024-11-12T02:46:18.533+0000] {logging_mixin.py:188} INFO - [2024-11-12T02:46:18.533+0000] {dag.py:3954} INFO - Setting next_dagrun for example_sla_dag to 2024-11-12 02:44:00+00:00, run_after=2024-11-12 02:46:00+00:00
[2024-11-12T02:46:18.554+0000] {processor.py:183} INFO - Processing /home/airflow/.local/lib/python3.12/site-packages/airflow/example_dags/example_sla_dag.py took 0.094 seconds
