[2024-11-12T02:45:05.511+0000] {processor.py:161} INFO - Started process (PID=125) to work on /home/airflow/.local/lib/python3.12/site-packages/airflow/example_dags/example_latest_only.py
[2024-11-12T02:45:05.513+0000] {processor.py:830} INFO - Processing file /home/airflow/.local/lib/python3.12/site-packages/airflow/example_dags/example_latest_only.py for tasks to queue
[2024-11-12T02:45:05.523+0000] {logging_mixin.py:188} INFO - [2024-11-12T02:45:05.522+0000] {dagbag.py:545} INFO - Filling up the DagBag from /home/airflow/.local/lib/python3.12/site-packages/airflow/example_dags/example_latest_only.py
[2024-11-12T02:45:05.586+0000] {processor.py:840} INFO - DAG(s) 'latest_only' retrieved from /home/airflow/.local/lib/python3.12/site-packages/airflow/example_dags/example_latest_only.py
[2024-11-12T02:45:06.548+0000] {logging_mixin.py:188} INFO - [2024-11-12T02:45:06.547+0000] {dag.py:3096} INFO - Sync 1 DAGs
[2024-11-12T02:45:06.610+0000] {logging_mixin.py:188} INFO - [2024-11-12T02:45:06.609+0000] {dag.py:3954} INFO - Setting next_dagrun for latest_only to 2024-11-11 20:00:00+00:00, run_after=2024-11-12 00:00:00+00:00
[2024-11-12T02:45:06.648+0000] {processor.py:183} INFO - Processing /home/airflow/.local/lib/python3.12/site-packages/airflow/example_dags/example_latest_only.py took 1.165 seconds
[2024-11-12T02:45:37.139+0000] {processor.py:161} INFO - Started process (PID=183) to work on /home/airflow/.local/lib/python3.12/site-packages/airflow/example_dags/example_latest_only.py
[2024-11-12T02:45:37.142+0000] {processor.py:830} INFO - Processing file /home/airflow/.local/lib/python3.12/site-packages/airflow/example_dags/example_latest_only.py for tasks to queue
[2024-11-12T02:45:37.149+0000] {logging_mixin.py:188} INFO - [2024-11-12T02:45:37.147+0000] {dagbag.py:545} INFO - Filling up the DagBag from /home/airflow/.local/lib/python3.12/site-packages/airflow/example_dags/example_latest_only.py
[2024-11-12T02:45:37.161+0000] {processor.py:840} INFO - DAG(s) 'latest_only' retrieved from /home/airflow/.local/lib/python3.12/site-packages/airflow/example_dags/example_latest_only.py
[2024-11-12T02:45:37.201+0000] {logging_mixin.py:188} INFO - [2024-11-12T02:45:37.200+0000] {dag.py:3096} INFO - Sync 1 DAGs
[2024-11-12T02:45:37.234+0000] {logging_mixin.py:188} INFO - [2024-11-12T02:45:37.233+0000] {dag.py:3954} INFO - Setting next_dagrun for latest_only to 2024-11-11 20:00:00+00:00, run_after=2024-11-12 00:00:00+00:00
[2024-11-12T02:45:37.275+0000] {processor.py:183} INFO - Processing /home/airflow/.local/lib/python3.12/site-packages/airflow/example_dags/example_latest_only.py took 0.150 seconds
[2024-11-12T02:46:07.924+0000] {processor.py:161} INFO - Started process (PID=242) to work on /home/airflow/.local/lib/python3.12/site-packages/airflow/example_dags/example_latest_only.py
[2024-11-12T02:46:07.926+0000] {processor.py:830} INFO - Processing file /home/airflow/.local/lib/python3.12/site-packages/airflow/example_dags/example_latest_only.py for tasks to queue
[2024-11-12T02:46:07.928+0000] {logging_mixin.py:188} INFO - [2024-11-12T02:46:07.928+0000] {dagbag.py:545} INFO - Filling up the DagBag from /home/airflow/.local/lib/python3.12/site-packages/airflow/example_dags/example_latest_only.py
[2024-11-12T02:46:07.933+0000] {processor.py:840} INFO - DAG(s) 'latest_only' retrieved from /home/airflow/.local/lib/python3.12/site-packages/airflow/example_dags/example_latest_only.py
[2024-11-12T02:46:07.957+0000] {logging_mixin.py:188} INFO - [2024-11-12T02:46:07.956+0000] {dag.py:3096} INFO - Sync 1 DAGs
[2024-11-12T02:46:07.979+0000] {logging_mixin.py:188} INFO - [2024-11-12T02:46:07.978+0000] {dag.py:3954} INFO - Setting next_dagrun for latest_only to 2024-11-11 20:00:00+00:00, run_after=2024-11-12 00:00:00+00:00
[2024-11-12T02:46:07.999+0000] {processor.py:183} INFO - Processing /home/airflow/.local/lib/python3.12/site-packages/airflow/example_dags/example_latest_only.py took 0.081 seconds
[2024-11-12T02:46:38.500+0000] {processor.py:161} INFO - Started process (PID=301) to work on /home/airflow/.local/lib/python3.12/site-packages/airflow/example_dags/example_latest_only.py
[2024-11-12T02:46:38.505+0000] {processor.py:830} INFO - Processing file /home/airflow/.local/lib/python3.12/site-packages/airflow/example_dags/example_latest_only.py for tasks to queue
[2024-11-12T02:46:38.516+0000] {logging_mixin.py:188} INFO - [2024-11-12T02:46:38.516+0000] {dagbag.py:545} INFO - Filling up the DagBag from /home/airflow/.local/lib/python3.12/site-packages/airflow/example_dags/example_latest_only.py
[2024-11-12T02:46:38.536+0000] {processor.py:840} INFO - DAG(s) 'latest_only' retrieved from /home/airflow/.local/lib/python3.12/site-packages/airflow/example_dags/example_latest_only.py
[2024-11-12T02:46:38.714+0000] {logging_mixin.py:188} INFO - [2024-11-12T02:46:38.713+0000] {dag.py:3096} INFO - Sync 1 DAGs
[2024-11-12T02:46:38.811+0000] {logging_mixin.py:188} INFO - [2024-11-12T02:46:38.811+0000] {dag.py:3954} INFO - Setting next_dagrun for latest_only to 2024-11-11 20:00:00+00:00, run_after=2024-11-12 00:00:00+00:00
[2024-11-12T02:46:38.849+0000] {processor.py:183} INFO - Processing /home/airflow/.local/lib/python3.12/site-packages/airflow/example_dags/example_latest_only.py took 0.404 seconds
[2024-11-12T02:47:35.061+0000] {processor.py:161} INFO - Started process (PID=323) to work on /home/airflow/.local/lib/python3.12/site-packages/airflow/example_dags/example_latest_only.py
[2024-11-12T02:47:35.063+0000] {processor.py:830} INFO - Processing file /home/airflow/.local/lib/python3.12/site-packages/airflow/example_dags/example_latest_only.py for tasks to queue
[2024-11-12T02:47:35.066+0000] {logging_mixin.py:188} INFO - [2024-11-12T02:47:35.066+0000] {dagbag.py:545} INFO - Filling up the DagBag from /home/airflow/.local/lib/python3.12/site-packages/airflow/example_dags/example_latest_only.py
[2024-11-12T02:47:35.078+0000] {processor.py:840} INFO - DAG(s) 'latest_only' retrieved from /home/airflow/.local/lib/python3.12/site-packages/airflow/example_dags/example_latest_only.py
[2024-11-12T02:47:35.240+0000] {logging_mixin.py:188} INFO - [2024-11-12T02:47:35.239+0000] {dag.py:3096} INFO - Sync 1 DAGs
[2024-11-12T02:47:35.279+0000] {logging_mixin.py:188} INFO - [2024-11-12T02:47:35.278+0000] {dag.py:3954} INFO - Setting next_dagrun for latest_only to 2024-11-11 20:00:00+00:00, run_after=2024-11-12 00:00:00+00:00
[2024-11-12T02:47:35.312+0000] {processor.py:183} INFO - Processing /home/airflow/.local/lib/python3.12/site-packages/airflow/example_dags/example_latest_only.py took 0.262 seconds
