[2024-11-12T02:45:13.137+0000] {processor.py:161} INFO - Started process (PID=143) to work on /home/airflow/.local/lib/python3.12/site-packages/airflow/example_dags/tutorial.py
[2024-11-12T02:45:13.138+0000] {processor.py:830} INFO - Processing file /home/airflow/.local/lib/python3.12/site-packages/airflow/example_dags/tutorial.py for tasks to queue
[2024-11-12T02:45:13.142+0000] {logging_mixin.py:188} INFO - [2024-11-12T02:45:13.142+0000] {dagbag.py:545} INFO - Filling up the DagBag from /home/airflow/.local/lib/python3.12/site-packages/airflow/example_dags/tutorial.py
[2024-11-12T02:45:13.171+0000] {processor.py:840} INFO - DAG(s) 'tutorial' retrieved from /home/airflow/.local/lib/python3.12/site-packages/airflow/example_dags/tutorial.py
[2024-11-12T02:45:13.364+0000] {logging_mixin.py:188} INFO - [2024-11-12T02:45:13.363+0000] {dag.py:3096} INFO - Sync 1 DAGs
[2024-11-12T02:45:13.391+0000] {logging_mixin.py:188} INFO - [2024-11-12T02:45:13.390+0000] {dag.py:3954} INFO - Setting next_dagrun for tutorial to 2024-11-11 00:00:00+00:00, run_after=2024-11-12 00:00:00+00:00
[2024-11-12T02:45:13.585+0000] {processor.py:183} INFO - Processing /home/airflow/.local/lib/python3.12/site-packages/airflow/example_dags/tutorial.py took 0.457 seconds
[2024-11-12T02:45:43.682+0000] {processor.py:161} INFO - Started process (PID=202) to work on /home/airflow/.local/lib/python3.12/site-packages/airflow/example_dags/tutorial.py
[2024-11-12T02:45:43.683+0000] {processor.py:830} INFO - Processing file /home/airflow/.local/lib/python3.12/site-packages/airflow/example_dags/tutorial.py for tasks to queue
[2024-11-12T02:45:43.685+0000] {logging_mixin.py:188} INFO - [2024-11-12T02:45:43.684+0000] {dagbag.py:545} INFO - Filling up the DagBag from /home/airflow/.local/lib/python3.12/site-packages/airflow/example_dags/tutorial.py
[2024-11-12T02:45:43.692+0000] {processor.py:840} INFO - DAG(s) 'tutorial' retrieved from /home/airflow/.local/lib/python3.12/site-packages/airflow/example_dags/tutorial.py
[2024-11-12T02:45:43.713+0000] {logging_mixin.py:188} INFO - [2024-11-12T02:45:43.713+0000] {dag.py:3096} INFO - Sync 1 DAGs
[2024-11-12T02:45:43.737+0000] {logging_mixin.py:188} INFO - [2024-11-12T02:45:43.736+0000] {dag.py:3954} INFO - Setting next_dagrun for tutorial to 2024-11-11 00:00:00+00:00, run_after=2024-11-12 00:00:00+00:00
[2024-11-12T02:45:43.758+0000] {processor.py:183} INFO - Processing /home/airflow/.local/lib/python3.12/site-packages/airflow/example_dags/tutorial.py took 0.082 seconds
[2024-11-12T02:46:14.483+0000] {processor.py:161} INFO - Started process (PID=261) to work on /home/airflow/.local/lib/python3.12/site-packages/airflow/example_dags/tutorial.py
[2024-11-12T02:46:14.486+0000] {processor.py:830} INFO - Processing file /home/airflow/.local/lib/python3.12/site-packages/airflow/example_dags/tutorial.py for tasks to queue
[2024-11-12T02:46:14.489+0000] {logging_mixin.py:188} INFO - [2024-11-12T02:46:14.489+0000] {dagbag.py:545} INFO - Filling up the DagBag from /home/airflow/.local/lib/python3.12/site-packages/airflow/example_dags/tutorial.py
[2024-11-12T02:46:14.500+0000] {processor.py:840} INFO - DAG(s) 'tutorial' retrieved from /home/airflow/.local/lib/python3.12/site-packages/airflow/example_dags/tutorial.py
[2024-11-12T02:46:14.540+0000] {logging_mixin.py:188} INFO - [2024-11-12T02:46:14.539+0000] {dag.py:3096} INFO - Sync 1 DAGs
[2024-11-12T02:46:14.586+0000] {logging_mixin.py:188} INFO - [2024-11-12T02:46:14.586+0000] {dag.py:3954} INFO - Setting next_dagrun for tutorial to 2024-11-11 00:00:00+00:00, run_after=2024-11-12 00:00:00+00:00
[2024-11-12T02:46:14.622+0000] {processor.py:183} INFO - Processing /home/airflow/.local/lib/python3.12/site-packages/airflow/example_dags/tutorial.py took 0.148 seconds
[2024-11-12T02:47:34.356+0000] {processor.py:161} INFO - Started process (PID=320) to work on /home/airflow/.local/lib/python3.12/site-packages/airflow/example_dags/tutorial.py
[2024-11-12T02:47:34.358+0000] {processor.py:830} INFO - Processing file /home/airflow/.local/lib/python3.12/site-packages/airflow/example_dags/tutorial.py for tasks to queue
[2024-11-12T02:47:34.362+0000] {logging_mixin.py:188} INFO - [2024-11-12T02:47:34.361+0000] {dagbag.py:545} INFO - Filling up the DagBag from /home/airflow/.local/lib/python3.12/site-packages/airflow/example_dags/tutorial.py
[2024-11-12T02:47:34.376+0000] {processor.py:840} INFO - DAG(s) 'tutorial' retrieved from /home/airflow/.local/lib/python3.12/site-packages/airflow/example_dags/tutorial.py
[2024-11-12T02:47:34.872+0000] {logging_mixin.py:188} INFO - [2024-11-12T02:47:34.871+0000] {dag.py:3096} INFO - Sync 1 DAGs
[2024-11-12T02:47:34.942+0000] {logging_mixin.py:188} INFO - [2024-11-12T02:47:34.942+0000] {dag.py:3954} INFO - Setting next_dagrun for tutorial to 2024-11-11 00:00:00+00:00, run_after=2024-11-12 00:00:00+00:00
[2024-11-12T02:47:34.989+0000] {processor.py:183} INFO - Processing /home/airflow/.local/lib/python3.12/site-packages/airflow/example_dags/tutorial.py took 0.648 seconds
