[2024-11-12T02:45:18.793+0000] {processor.py:161} INFO - Started process (PID=169) to work on /home/airflow/.local/lib/python3.12/site-packages/airflow/example_dags/tutorial_dag.py
[2024-11-12T02:45:18.794+0000] {processor.py:830} INFO - Processing file /home/airflow/.local/lib/python3.12/site-packages/airflow/example_dags/tutorial_dag.py for tasks to queue
[2024-11-12T02:45:18.797+0000] {logging_mixin.py:188} INFO - [2024-11-12T02:45:18.796+0000] {dagbag.py:545} INFO - Filling up the DagBag from /home/airflow/.local/lib/python3.12/site-packages/airflow/example_dags/tutorial_dag.py
[2024-11-12T02:45:18.813+0000] {processor.py:840} INFO - DAG(s) 'tutorial_dag' retrieved from /home/airflow/.local/lib/python3.12/site-packages/airflow/example_dags/tutorial_dag.py
[2024-11-12T02:45:18.950+0000] {logging_mixin.py:188} INFO - [2024-11-12T02:45:18.949+0000] {dag.py:3096} INFO - Sync 1 DAGs
[2024-11-12T02:45:18.963+0000] {logging_mixin.py:188} INFO - [2024-11-12T02:45:18.962+0000] {dag.py:3954} INFO - Setting next_dagrun for tutorial_dag to None, run_after=None
[2024-11-12T02:45:18.985+0000] {processor.py:183} INFO - Processing /home/airflow/.local/lib/python3.12/site-packages/airflow/example_dags/tutorial_dag.py took 0.198 seconds
[2024-11-12T02:45:49.503+0000] {processor.py:161} INFO - Started process (PID=228) to work on /home/airflow/.local/lib/python3.12/site-packages/airflow/example_dags/tutorial_dag.py
[2024-11-12T02:45:49.505+0000] {processor.py:830} INFO - Processing file /home/airflow/.local/lib/python3.12/site-packages/airflow/example_dags/tutorial_dag.py for tasks to queue
[2024-11-12T02:45:49.507+0000] {logging_mixin.py:188} INFO - [2024-11-12T02:45:49.506+0000] {dagbag.py:545} INFO - Filling up the DagBag from /home/airflow/.local/lib/python3.12/site-packages/airflow/example_dags/tutorial_dag.py
[2024-11-12T02:45:49.512+0000] {processor.py:840} INFO - DAG(s) 'tutorial_dag' retrieved from /home/airflow/.local/lib/python3.12/site-packages/airflow/example_dags/tutorial_dag.py
[2024-11-12T02:45:49.535+0000] {logging_mixin.py:188} INFO - [2024-11-12T02:45:49.534+0000] {dag.py:3096} INFO - Sync 1 DAGs
[2024-11-12T02:45:49.549+0000] {logging_mixin.py:188} INFO - [2024-11-12T02:45:49.548+0000] {dag.py:3954} INFO - Setting next_dagrun for tutorial_dag to None, run_after=None
[2024-11-12T02:45:49.570+0000] {processor.py:183} INFO - Processing /home/airflow/.local/lib/python3.12/site-packages/airflow/example_dags/tutorial_dag.py took 0.072 seconds
[2024-11-12T02:46:20.096+0000] {processor.py:161} INFO - Started process (PID=287) to work on /home/airflow/.local/lib/python3.12/site-packages/airflow/example_dags/tutorial_dag.py
[2024-11-12T02:46:20.097+0000] {processor.py:830} INFO - Processing file /home/airflow/.local/lib/python3.12/site-packages/airflow/example_dags/tutorial_dag.py for tasks to queue
[2024-11-12T02:46:20.099+0000] {logging_mixin.py:188} INFO - [2024-11-12T02:46:20.099+0000] {dagbag.py:545} INFO - Filling up the DagBag from /home/airflow/.local/lib/python3.12/site-packages/airflow/example_dags/tutorial_dag.py
[2024-11-12T02:46:20.105+0000] {processor.py:840} INFO - DAG(s) 'tutorial_dag' retrieved from /home/airflow/.local/lib/python3.12/site-packages/airflow/example_dags/tutorial_dag.py
[2024-11-12T02:46:20.128+0000] {logging_mixin.py:188} INFO - [2024-11-12T02:46:20.127+0000] {dag.py:3096} INFO - Sync 1 DAGs
[2024-11-12T02:46:20.143+0000] {logging_mixin.py:188} INFO - [2024-11-12T02:46:20.143+0000] {dag.py:3954} INFO - Setting next_dagrun for tutorial_dag to None, run_after=None
[2024-11-12T02:46:20.164+0000] {processor.py:183} INFO - Processing /home/airflow/.local/lib/python3.12/site-packages/airflow/example_dags/tutorial_dag.py took 0.075 seconds
