[2024-11-30T06:25:52.569+0000] {local_task_job_runner.py:120} INFO - ::group::Pre task execution logs
[2024-11-30T06:25:52.615+0000] {taskinstance.py:2076} INFO - Dependencies all met for dep_context=non-requeueable deps ti=<TaskInstance: complete-dag.fetch_electricity_data manual__2024-11-30T06:25:39.483660+00:00 [queued]>
[2024-11-30T06:25:52.624+0000] {taskinstance.py:2076} INFO - Dependencies all met for dep_context=requeueable deps ti=<TaskInstance: complete-dag.fetch_electricity_data manual__2024-11-30T06:25:39.483660+00:00 [queued]>
[2024-11-30T06:25:52.626+0000] {taskinstance.py:2306} INFO - Starting attempt 1 of 1
[2024-11-30T06:25:52.642+0000] {taskinstance.py:2330} INFO - Executing <Task(_PythonDecoratedOperator): fetch_electricity_data> on 2024-11-30 06:25:39.483660+00:00
[2024-11-30T06:25:52.677+0000] {standard_task_runner.py:90} INFO - Running: ['***', 'tasks', 'run', 'complete-dag', 'fetch_electricity_data', 'manual__2024-11-30T06:25:39.483660+00:00', '--job-id', '347', '--raw', '--subdir', 'DAGS_FOLDER/complete_dag.py', '--cfg-path', '/tmp/tmp7ds6h1le']
[2024-11-30T06:25:52.680+0000] {standard_task_runner.py:91} INFO - Job 347: Subtask fetch_electricity_data
[2024-11-30T06:25:52.680+0000] {logging_mixin.py:188} WARNING - /home/***/.local/lib/python3.12/site-packages/***/task/task_runner/standard_task_runner.py:61 DeprecationWarning: This process (pid=9200) is multi-threaded, use of fork() may lead to deadlocks in the child.
[2024-11-30T06:25:52.681+0000] {standard_task_runner.py:63} INFO - Started process 9228 to run task
[2024-11-30T06:25:52.826+0000] {task_command.py:426} INFO - Running <TaskInstance: complete-dag.fetch_electricity_data manual__2024-11-30T06:25:39.483660+00:00 [running]> on host b09a94790db6
[2024-11-30T06:25:52.997+0000] {taskinstance.py:2648} INFO - Exporting env vars: AIRFLOW_CTX_DAG_OWNER='***' AIRFLOW_CTX_DAG_ID='complete-dag' AIRFLOW_CTX_TASK_ID='fetch_electricity_data' AIRFLOW_CTX_EXECUTION_DATE='2024-11-30T06:25:39.483660+00:00' AIRFLOW_CTX_TRY_NUMBER='1' AIRFLOW_CTX_DAG_RUN_ID='manual__2024-11-30T06:25:39.483660+00:00'
[2024-11-30T06:25:53.001+0000] {taskinstance.py:430} INFO - ::endgroup::
[2024-11-30T06:25:54.734+0000] {logging_mixin.py:188} INFO -        period subba  ...   value    value-units
0  2024-11-28  PGAE  ...  248403  megawatthours
1  2024-11-28   SCE  ...  246177  megawatthours
2  2024-11-28  SDGE  ...   45686  megawatthours
3  2024-11-28   VEA  ...    2515  megawatthours
4  2024-11-27  PGAE  ...  263066  megawatthours

[5 rows x 8 columns]
[2024-11-30T06:25:54.736+0000] {python.py:237} INFO - Done. Returned value was:           period subba  ...   value    value-units
0     2024-11-28  PGAE  ...  248403  megawatthours
1     2024-11-28   SCE  ...  246177  megawatthours
2     2024-11-28  SDGE  ...   45686  megawatthours
3     2024-11-28   VEA  ...    2515  megawatthours
4     2024-11-27  PGAE  ...  263066  megawatthours
...          ...   ...  ...     ...            ...
4237  2022-01-02   VEA  ...    2332  megawatthours
4238  2022-01-01  PGAE  ...  249179  megawatthours
4239  2022-01-01   SCE  ...  234915  megawatthours
4240  2022-01-01  SDGE  ...   44717  megawatthours
4241  2022-01-01   VEA  ...    2228  megawatthours

[4242 rows x 8 columns]
[2024-11-30T06:25:54.779+0000] {taskinstance.py:441} INFO - ::group::Post task execution logs
[2024-11-30T06:25:54.877+0000] {taskinstance.py:1206} INFO - Marking task as SUCCESS. dag_id=complete-dag, task_id=fetch_electricity_data, run_id=manual__2024-11-30T06:25:39.483660+00:00, execution_date=20241130T062539, start_date=20241130T062552, end_date=20241130T062554
[2024-11-30T06:25:54.946+0000] {local_task_job_runner.py:240} INFO - Task exited with return code 0
[2024-11-30T06:25:54.978+0000] {local_task_job_runner.py:222} INFO - ::endgroup::
